;  LST file generated by mikroListExporter - v.2.0 
; Date/Time: 24/1/2019 10:14:14
;----------------------------------------------

;Address Opcode 	ASM
0x0000	0xF003EFA3  	GOTO        1862
_interrupt:
;CPComunicacion.c,258 :: 		void interrupt(void){
0x0008	0xF017C000  	MOVFF       R0, 23
0x000C	0xF016C00C  	MOVFF       R12, 22
0x0010	0xF015C00D  	MOVFF       R13, 21
;CPComunicacion.c,261 :: 		if (PIR1.SSP1IF){
0x0014	0xA69E      	BTFSS       PIR1, 3 
0x0016	0xD07B      	BRA         L_interrupt40
;CPComunicacion.c,263 :: 		PIR1.SSP1IF = 0;                                //Limpia la bandera de interrupcion por SPI
0x0018	0x969E      	BCF         PIR1, 3 
;CPComunicacion.c,265 :: 		buffer = SSPBUF;                                //Guarda el contenido del bufeer (lectura)
0x001A	0xF070CFC9  	MOVFF       SSPBUF, _buffer
;CPComunicacion.c,268 :: 		if ((buffer==0xB0)&&(banEsc==0)){               //Verifica si el primer byte es la cabecera de datos
0x001E	0x0100      	MOVLB       0
0x0020	0x5170      	MOVF        _buffer, 0, 1
0x0022	0x0AB0      	XORLW       176
0x0024	0xE106      	BNZ         L_interrupt43
0x0026	0x5171      	MOVF        _banEsc, 0, 1
0x0028	0x0A00      	XORLW       0
0x002A	0xE103      	BNZ         L_interrupt43
L__interrupt93:
;CPComunicacion.c,269 :: 		banLec = 1;                                  //Activa la bandera de lectura
0x002C	0x0E01      	MOVLW       1
0x002E	0x6F6E      	MOVWF       _banLec, 1
;CPComunicacion.c,270 :: 		i = 0;
0x0030	0x6B6F      	CLRF        _i, 1
;CPComunicacion.c,271 :: 		}
L_interrupt43:
;CPComunicacion.c,272 :: 		if ((banLec==1)&&(buffer!=0xB0)){
0x0032	0x516E      	MOVF        _banLec, 0, 1
0x0034	0x0A01      	XORLW       1
0x0036	0xE10E      	BNZ         L_interrupt46
0x0038	0x5170      	MOVF        _buffer, 0, 1
0x003A	0x0AB0      	XORLW       176
0x003C	0xE00B      	BZ          L_interrupt46
L__interrupt92:
;CPComunicacion.c,273 :: 		tramaPDU[i] = buffer;
0x003E	0x0E5C      	MOVLW       _tramaPDU
0x0040	0x6EE1      	MOVWF       FSR1L 
0x0042	0x0E00      	MOVLW       hi_addr(_tramaPDU)
0x0044	0x6EE2      	MOVWF       FSR1H 
0x0046	0x516F      	MOVF        _i, 0, 1
0x0048	0x26E1      	ADDWF       FSR1L, 1 
0x004A	0xB0D8      	BTFSC       STATUS, 0 
0x004C	0x2AE2      	INCF        FSR1H, 1 
0x004E	0xFFE6C070  	MOVFF       _buffer, POSTINC1
;CPComunicacion.c,274 :: 		i++;
0x0052	0x2B6F      	INCF        _i, 1, 1
;CPComunicacion.c,275 :: 		}
L_interrupt46:
;CPComunicacion.c,276 :: 		if ((banLec==1)&&(buffer==0xB1)){               //Si detecta el delimitador de final de trama:
0x0054	0x516E      	MOVF        _banLec, 0, 1
0x0056	0x0A01      	XORLW       1
0x0058	0xE110      	BNZ         L_interrupt49
0x005A	0x5170      	MOVF        _buffer, 0, 1
0x005C	0x0AB1      	XORLW       177
0x005E	0xE10D      	BNZ         L_interrupt49
L__interrupt91:
;CPComunicacion.c,277 :: 		banLec = 0;                                  //Limpia la bandera de medicion
0x0060	0x6B6E      	CLRF        _banLec, 1
;CPComunicacion.c,278 :: 		banResp = 0;                                 //Activa la bandera de respuesta
0x0062	0x6A5B      	CLRF        _banResp 
;CPComunicacion.c,279 :: 		pduSize = i-1;
0x0064	0x056F      	DECF        _i, 0, 1
0x0066	0x6E00      	MOVWF       R0 
0x0068	0xF05AC000  	MOVFF       R0, _pduSize
;CPComunicacion.c,280 :: 		EnviarMensajeRS485(tramaPDU,pduSize);
0x006C	0x0E5C      	MOVLW       _tramaPDU
0x006E	0x6F76      	MOVWF       FARG_EnviarMensajeRS485_PDU, 1
0x0070	0x0E00      	MOVLW       hi_addr(_tramaPDU)
0x0072	0x6F77      	MOVWF       FARG_EnviarMensajeRS485_PDU+1, 1
0x0074	0xF078C000  	MOVFF       R0, FARG_EnviarMensajeRS485_sizePDU
0x0078	0xD9DF      	RCALL       _EnviarMensajeRS485
;CPComunicacion.c,281 :: 		}
L_interrupt49:
;CPComunicacion.c,284 :: 		if ((buffer==0xC0)&&(banResp==0)){              //
0x007A	0x0100      	MOVLB       0
0x007C	0x5170      	MOVF        _buffer, 0, 1
0x007E	0x0AC0      	XORLW       192
0x0080	0xE105      	BNZ         L_interrupt52
0x0082	0x505B      	MOVF        _banResp, 0 
0x0084	0x0A00      	XORLW       0
0x0086	0xE102      	BNZ         L_interrupt52
L__interrupt90:
;CPComunicacion.c,285 :: 		banResp = 1;
0x0088	0x0E01      	MOVLW       1
0x008A	0x6E5B      	MOVWF       _banResp 
;CPComunicacion.c,286 :: 		}
L_interrupt52:
;CPComunicacion.c,287 :: 		if ((buffer==0xCC)&&(banResp==1)){              //
0x008C	0x5170      	MOVF        _buffer, 0, 1
0x008E	0x0ACC      	XORLW       204
0x0090	0xE113      	BNZ         L_interrupt55
0x0092	0x505B      	MOVF        _banResp, 0 
0x0094	0x0A01      	XORLW       1
0x0096	0xE110      	BNZ         L_interrupt55
L__interrupt89:
;CPComunicacion.c,288 :: 		banResp = 0;
0x0098	0x6A5B      	CLRF        _banResp 
;CPComunicacion.c,289 :: 		banSPI = 1;
0x009A	0x0E01      	MOVLW       1
0x009C	0x6F6B      	MOVWF       _banSPI, 1
;CPComunicacion.c,290 :: 		i = 0;
0x009E	0x6B6F      	CLRF        _i, 1
;CPComunicacion.c,291 :: 		SSPBUF = t1Size;
0x00A0	0xFFC9C020  	MOVFF       _t1Size, SSPBUF
;CPComunicacion.c,292 :: 		Delay_ms(1);
0x00A4	0x0E03      	MOVLW       3
0x00A6	0x6E0C      	MOVWF       R12, 0
0x00A8	0x0E97      	MOVLW       151
0x00AA	0x6E0D      	MOVWF       R13, 0
L_interrupt56:
0x00AC	0x2E0D      	DECFSZ      R13, 1, 0
0x00AE	0xD7FE      	BRA         L_interrupt56
0x00B0	0x2E0C      	DECFSZ      R12, 1, 0
0x00B2	0xD7FC      	BRA         L_interrupt56
0x00B4	0x0000      	NOP
0x00B6	0x0000      	NOP
;CPComunicacion.c,293 :: 		}
L_interrupt55:
;CPComunicacion.c,296 :: 		if ((buffer==0xD0)&&(banSPI==1)){
0x00B8	0x5170      	MOVF        _buffer, 0, 1
0x00BA	0x0AD0      	XORLW       208
0x00BC	0xE105      	BNZ         L_interrupt59
0x00BE	0x516B      	MOVF        _banSPI, 0, 1
0x00C0	0x0A01      	XORLW       1
0x00C2	0xE102      	BNZ         L_interrupt59
L__interrupt88:
;CPComunicacion.c,297 :: 		banSPI = 2;
0x00C4	0x0E02      	MOVLW       2
0x00C6	0x6F6B      	MOVWF       _banSPI, 1
;CPComunicacion.c,298 :: 		}
L_interrupt59:
;CPComunicacion.c,299 :: 		if ((buffer!=0xD1)&&(banSPI==2)){                     //
0x00C8	0x5170      	MOVF        _buffer, 0, 1
0x00CA	0x0AD1      	XORLW       209
0x00CC	0xE018      	BZ          L_interrupt62
0x00CE	0x516B      	MOVF        _banSPI, 0, 1
0x00D0	0x0A02      	XORLW       2
0x00D2	0xE115      	BNZ         L_interrupt62
L__interrupt87:
;CPComunicacion.c,300 :: 		SSPBUF = pduSPI[i];
0x00D4	0x0E29      	MOVLW       _pduSPI
0x00D6	0x6EE9      	MOVWF       FSR0L 
0x00D8	0x0E00      	MOVLW       hi_addr(_pduSPI)
0x00DA	0x6EEA      	MOVWF       FSR0H 
0x00DC	0x516F      	MOVF        _i, 0, 1
0x00DE	0x26E9      	ADDWF       FSR0L, 1 
0x00E0	0xB0D8      	BTFSC       STATUS, 0 
0x00E2	0x2AEA      	INCF        FSR0H, 1 
0x00E4	0xFFC9CFEE  	MOVFF       POSTINC0, SSPBUF
;CPComunicacion.c,301 :: 		Delay_ms(1);
0x00E8	0x0E03      	MOVLW       3
0x00EA	0x6E0C      	MOVWF       R12, 0
0x00EC	0x0E97      	MOVLW       151
0x00EE	0x6E0D      	MOVWF       R13, 0
L_interrupt63:
0x00F0	0x2E0D      	DECFSZ      R13, 1, 0
0x00F2	0xD7FE      	BRA         L_interrupt63
0x00F4	0x2E0C      	DECFSZ      R12, 1, 0
0x00F6	0xD7FC      	BRA         L_interrupt63
0x00F8	0x0000      	NOP
0x00FA	0x0000      	NOP
;CPComunicacion.c,302 :: 		i++;
0x00FC	0x2B6F      	INCF        _i, 1, 1
;CPComunicacion.c,303 :: 		}
L_interrupt62:
;CPComunicacion.c,304 :: 		if ((buffer==0xD1)&&(banSPI==2)){
0x00FE	0x5170      	MOVF        _buffer, 0, 1
0x0100	0x0AD1      	XORLW       209
0x0102	0xE105      	BNZ         L_interrupt66
0x0104	0x516B      	MOVF        _banSPI, 0, 1
0x0106	0x0A02      	XORLW       2
0x0108	0xE102      	BNZ         L_interrupt66
L__interrupt86:
;CPComunicacion.c,305 :: 		banSPI = 0;
0x010A	0x6B6B      	CLRF        _banSPI, 1
;CPComunicacion.c,306 :: 		i = 0;
0x010C	0x6B6F      	CLRF        _i, 1
;CPComunicacion.c,307 :: 		}
L_interrupt66:
;CPComunicacion.c,309 :: 		}
L_interrupt40:
;CPComunicacion.c,316 :: 		if(PIR1.RC1IF==1){
0x010E	0xAA9E      	BTFSS       PIR1, 5 
0x0110	0xD08E      	BRA         L_interrupt67
;CPComunicacion.c,318 :: 		IU1 = 1;                                              //Enciende el indicador de interrupcion por UART1
0x0112	0x8881      	BSF         RB4_bit, BitPos(RB4_bit+0) 
;CPComunicacion.c,319 :: 		byteTrama = UART1_Read();                             //Lee el byte de la trama de peticion
0x0114	0xDB0F      	RCALL       _UART1_Read
0x0116	0xF06DC000  	MOVFF       R0, _byteTrama
;CPComunicacion.c,321 :: 		if (banTI==0){
0x011A	0x5040      	MOVF        _banTI, 0 
0x011C	0x0A00      	XORLW       0
0x011E	0xE130      	BNZ         L_interrupt68
;CPComunicacion.c,322 :: 		if ((byteTrama==ACK)){                            //Verifica si recibio un ACK
0x0120	0x0100      	MOVLB       0
0x0122	0x516D      	MOVF        _byteTrama, 0, 1
0x0124	0x0AAA      	XORLW       170
0x0126	0xE104      	BNZ         L_interrupt69
;CPComunicacion.c,324 :: 		T1CON.TMR1ON = 0;                              //Apaga el Timer1
0x0128	0x90CD      	BCF         T1CON, 0 
;CPComunicacion.c,325 :: 		TMR1IF_bit = 0;                                //Limpia la bandera de interrupcion por desbordamiento del TMR1
0x012A	0x909E      	BCF         TMR1IF_bit, BitPos(TMR1IF_bit+0) 
;CPComunicacion.c,326 :: 		banTI=0;                                       //Limpia la bandera de inicio de trama
0x012C	0x6A40      	CLRF        _banTI 
;CPComunicacion.c,327 :: 		byteTrama=0;                                   //Limpia la variable del byte de la trama de peticion
0x012E	0x6B6D      	CLRF        _byteTrama, 1
;CPComunicacion.c,328 :: 		}
L_interrupt69:
;CPComunicacion.c,329 :: 		if ((byteTrama==NACK)){                           //Verifica si recibio un NACK
0x0130	0x516D      	MOVF        _byteTrama, 0, 1
0x0132	0x0AAF      	XORLW       175
0x0134	0xE11A      	BNZ         L_interrupt70
;CPComunicacion.c,331 :: 		T1CON.TMR1ON = 0;                              //Apaga el Timer1
0x0136	0x90CD      	BCF         T1CON, 0 
;CPComunicacion.c,332 :: 		TMR1IF_bit = 0;                                //Limpia la bandera de interrupcion por desbordamiento del TMR1
0x0138	0x909E      	BCF         TMR1IF_bit, BitPos(TMR1IF_bit+0) 
;CPComunicacion.c,333 :: 		if (contadorNACK<3){
0x013A	0x0E03      	MOVLW       3
0x013C	0x5C3F      	SUBWF       _contadorNACK, 0 
0x013E	0xE209      	BC          L_interrupt71
;CPComunicacion.c,334 :: 		EnviarMensajeRS485(tramaPDU,pduSize);       //Si recibe un NACK como respuesta, le renvia la trama
0x0140	0x0E5C      	MOVLW       _tramaPDU
0x0142	0x6F76      	MOVWF       FARG_EnviarMensajeRS485_PDU, 1
0x0144	0x0E00      	MOVLW       hi_addr(_tramaPDU)
0x0146	0x6F77      	MOVWF       FARG_EnviarMensajeRS485_PDU+1, 1
0x0148	0xF078C05A  	MOVFF       _pduSize, FARG_EnviarMensajeRS485_sizePDU
0x014C	0xD975      	RCALL       _EnviarMensajeRS485
;CPComunicacion.c,335 :: 		contadorNACK++;                             //Incrementa en una unidad el valor del contador de NACK
0x014E	0x2A3F      	INCF        _contadorNACK, 1 
;CPComunicacion.c,336 :: 		} else {
0x0150	0xD009      	BRA         L_interrupt72
L_interrupt71:
;CPComunicacion.c,337 :: 		contadorNACK = 0;                           //Limpia el contador de Time-Out-Trama
0x0152	0x6A3F      	CLRF        _contadorNACK 
;CPComunicacion.c,338 :: 		EnviarErrorSPI(tramaPDU,0xE1);              //Responde al Master notificandole del error
0x0154	0x0E5C      	MOVLW       _tramaPDU
0x0156	0x0100      	MOVLB       0
0x0158	0x6F76      	MOVWF       FARG_EnviarErrorSPI_trama, 1
0x015A	0x0E00      	MOVLW       hi_addr(_tramaPDU)
0x015C	0x6F77      	MOVWF       FARG_EnviarErrorSPI_trama+1, 1
0x015E	0x0EE1      	MOVLW       225
0x0160	0x6F78      	MOVWF       FARG_EnviarErrorSPI_codigoError, 1
0x0162	0xD92D      	RCALL       _EnviarErrorSPI
;CPComunicacion.c,339 :: 		}
L_interrupt72:
0x0164	0x0100      	MOVLB       0
;CPComunicacion.c,340 :: 		banTI=0;                                       //Limpia la bandera de inicio de trama
0x0166	0x6A40      	CLRF        _banTI 
;CPComunicacion.c,341 :: 		byteTrama=0;                                   //Limpia la variable del byte de la trama de peticion
0x0168	0x6B6D      	CLRF        _byteTrama, 1
;CPComunicacion.c,342 :: 		}
L_interrupt70:
;CPComunicacion.c,343 :: 		if ((byteTrama==HDR)){
0x016A	0x516D      	MOVF        _byteTrama, 0, 1
0x016C	0x0A3A      	XORLW       58
0x016E	0xE108      	BNZ         L_interrupt73
;CPComunicacion.c,344 :: 		banTI = 1;                                     //Activa la bandera de inicio de trama
0x0170	0x0E01      	MOVLW       1
0x0172	0x6E40      	MOVWF       _banTI 
;CPComunicacion.c,345 :: 		i1 = 0;                                        //Define en 1 el subindice de la trama de peticion
0x0174	0x6A3B      	CLRF        _i1 
;CPComunicacion.c,346 :: 		tramaOk = 9;                                   //Limpia la variable que indica si la trama ha llegado correctamente
0x0176	0x0E09      	MOVLW       9
0x0178	0x6F6C      	MOVWF       _tramaOk, 1
;CPComunicacion.c,348 :: 		T2CON.TMR2ON = 1;                              //Enciende el Timer2
0x017A	0x84BA      	BSF         T2CON, 2 
;CPComunicacion.c,349 :: 		PR2 = 249;                                     //Se carga el valor del preload correspondiente al tiempo de 2ms
0x017C	0x0EF9      	MOVLW       249
0x017E	0x6EBB      	MOVWF       PR2 
;CPComunicacion.c,350 :: 		}
L_interrupt73:
;CPComunicacion.c,351 :: 		}
L_interrupt68:
;CPComunicacion.c,355 :: 		if (banTI==1){                                        //Verifica que la bandera de inicio de trama este activa
0x0180	0x5040      	MOVF        _banTI, 0 
0x0182	0x0A01      	XORLW       1
0x0184	0xE130      	BNZ         L_interrupt74
;CPComunicacion.c,356 :: 		PIR1.TMR2IF = 0;                                   //Limpia la bandera de interrupcion por desbordamiento del TMR2
0x0186	0x0100      	MOVLB       0
0x0188	0x929E      	BCF         PIR1, 1 
;CPComunicacion.c,357 :: 		T2CON.TMR2ON = 0;                                  //Apaga el Timer2
0x018A	0x94BA      	BCF         T2CON, 2 
;CPComunicacion.c,358 :: 		if (byteTrama!=END2){                              //Verifica que el dato recibido sea diferente del primer byte del delimitador de final de trama
0x018C	0x516D      	MOVF        _byteTrama, 0, 1
0x018E	0x0A0A      	XORLW       10
0x0190	0xE010      	BZ          L_interrupt75
;CPComunicacion.c,359 :: 		tramaRS485[i1] = byteTrama;                     //Almacena el dato en la trama de respuesta
0x0192	0x0E41      	MOVLW       _tramaRS485
0x0194	0x6EE1      	MOVWF       FSR1L 
0x0196	0x0E00      	MOVLW       hi_addr(_tramaRS485)
0x0198	0x6EE2      	MOVWF       FSR1H 
0x019A	0x503B      	MOVF        _i1, 0 
0x019C	0x26E1      	ADDWF       FSR1L, 1 
0x019E	0xB0D8      	BTFSC       STATUS, 0 
0x01A0	0x2AE2      	INCF        FSR1H, 1 
0x01A2	0xFFE6C06D  	MOVFF       _byteTrama, POSTINC1
;CPComunicacion.c,360 :: 		i1++;                                           //Aumenta el subindice en una unidad para permitir almacenar el siguiente dato del mensaje
0x01A6	0x2A3B      	INCF        _i1, 1 
;CPComunicacion.c,361 :: 		banTF = 0;                                      //Limpia la bandera de final de trama
0x01A8	0x6A3E      	CLRF        _banTF 
;CPComunicacion.c,362 :: 		T2CON.TMR2ON = 1;                               //Enciende el Timer2
0x01AA	0x84BA      	BSF         T2CON, 2 
;CPComunicacion.c,363 :: 		PR2 = 249;
0x01AC	0x0EF9      	MOVLW       249
0x01AE	0x6EBB      	MOVWF       PR2 
;CPComunicacion.c,364 :: 		} else {
0x01B0	0xD00F      	BRA         L_interrupt76
L_interrupt75:
;CPComunicacion.c,365 :: 		tramaRS485[i1] = byteTrama;                     //Almacena el dato en la trama de respuesta
0x01B2	0x0E41      	MOVLW       _tramaRS485
0x01B4	0x6EE1      	MOVWF       FSR1L 
0x01B6	0x0E00      	MOVLW       hi_addr(_tramaRS485)
0x01B8	0x6EE2      	MOVWF       FSR1H 
0x01BA	0x503B      	MOVF        _i1, 0 
0x01BC	0x26E1      	ADDWF       FSR1L, 1 
0x01BE	0xB0D8      	BTFSC       STATUS, 0 
0x01C0	0x2AE2      	INCF        FSR1H, 1 
0x01C2	0xFFE6C06D  	MOVFF       _byteTrama, POSTINC1
;CPComunicacion.c,366 :: 		banTF = 1;                                      //Si el dato recibido es el primer byte de final de trama activa la bandera
0x01C6	0x0E01      	MOVLW       1
0x01C8	0x6E3E      	MOVWF       _banTF 
;CPComunicacion.c,367 :: 		T2CON.TMR2ON = 1;                               //Enciende el Timer2
0x01CA	0x84BA      	BSF         T2CON, 2 
;CPComunicacion.c,368 :: 		PR2 = 249;
0x01CC	0x0EF9      	MOVLW       249
0x01CE	0x6EBB      	MOVWF       PR2 
;CPComunicacion.c,369 :: 		}
L_interrupt76:
;CPComunicacion.c,370 :: 		if (BanTF==1){                                     //Verifica que se cumpla la condicion de final de trama
0x01D0	0x503E      	MOVF        _banTF, 0 
0x01D2	0x0A01      	XORLW       1
0x01D4	0xE108      	BNZ         L_interrupt77
;CPComunicacion.c,371 :: 		banTI = 0;                                      //Limpia la bandera de inicio de trama para no permitir que se almacene mas datos en la trama de respuesta
0x01D6	0x6A40      	CLRF        _banTI 
;CPComunicacion.c,372 :: 		banTC = 1;                                      //Activa la bandera de trama completa
0x01D8	0x0E01      	MOVLW       1
0x01DA	0x6E3D      	MOVWF       _banTC 
;CPComunicacion.c,373 :: 		t1Size = tramaRS485[4]+4;                       //calcula la longitud de la trama PDU sumando 4 al valor del campo #Datos
0x01DC	0x0E04      	MOVLW       4
0x01DE	0x2445      	ADDWF       _tramaRS485+4, 0 
0x01E0	0x6E20      	MOVWF       _t1Size 
;CPComunicacion.c,374 :: 		PIR1.TMR2IF = 0;                                //Limpia la bandera de interrupcion por desbordamiento del TMR2
0x01E2	0x929E      	BCF         PIR1, 1 
;CPComunicacion.c,375 :: 		T2CON.TMR2ON = 0;                               //Apaga el Timer2
0x01E4	0x94BA      	BCF         T2CON, 2 
;CPComunicacion.c,376 :: 		}
L_interrupt77:
;CPComunicacion.c,377 :: 		}
L_interrupt74:
;CPComunicacion.c,380 :: 		if (banTC==1){                                        //Verifica que se haya completado de llenar la trama de peticion
0x01E6	0x503D      	MOVF        _banTC, 0 
0x01E8	0x0A01      	XORLW       1
0x01EA	0xE120      	BNZ         L_interrupt78
;CPComunicacion.c,381 :: 		tramaOk = 0;
0x01EC	0x0100      	MOVLB       0
0x01EE	0x6B6C      	CLRF        _tramaOk, 1
;CPComunicacion.c,382 :: 		tramaOk = VerificarCRC(tramaRS485,t1Size);         //Calcula y verifica el CRC de la trama de peticion
0x01F0	0x0E41      	MOVLW       _tramaRS485
0x01F2	0x6F76      	MOVWF       FARG_VerificarCRC_trama, 1
0x01F4	0x0E00      	MOVLW       hi_addr(_tramaRS485)
0x01F6	0x6F77      	MOVWF       FARG_VerificarCRC_trama+1, 1
0x01F8	0xF078C020  	MOVFF       _t1Size, FARG_VerificarCRC_tramaPDUSize
0x01FC	0xDA1F      	RCALL       _VerificarCRC
0x01FE	0xF06CC000  	MOVFF       R0, _tramaOk
;CPComunicacion.c,383 :: 		if (tramaOk==1){
0x0202	0x5000      	MOVF        R0, 0 
0x0204	0x0A01      	XORLW       1
0x0206	0xE10C      	BNZ         L_interrupt79
;CPComunicacion.c,384 :: 		EnviarACK(1);                                  //Si la trama llego sin errores responde con un ACK al H/S
0x0208	0x0E01      	MOVLW       1
0x020A	0x6F76      	MOVWF       FARG_EnviarACK_puerto, 1
0x020C	0xD8FC      	RCALL       _EnviarACK
;CPComunicacion.c,385 :: 		EnviarMensajeSPI(tramaRS485,t1Size);           //Invoca esta funcion para enviar los datos a la RPi por SPI
0x020E	0x0E41      	MOVLW       _tramaRS485
0x0210	0x0100      	MOVLB       0
0x0212	0x6F76      	MOVWF       FARG_EnviarMensajeSPI_trama, 1
0x0214	0x0E00      	MOVLW       hi_addr(_tramaRS485)
0x0216	0x6F77      	MOVWF       FARG_EnviarMensajeSPI_trama+1, 1
0x0218	0xF078C020  	MOVFF       _t1Size, FARG_EnviarMensajeSPI_pduSize2
0x021C	0xD9A2      	RCALL       _EnviarMensajeSPI
;CPComunicacion.c,386 :: 		} else {
0x021E	0xD003      	BRA         L_interrupt80
L_interrupt79:
;CPComunicacion.c,387 :: 		EnviarNACK(1);                                 //Si hubo algun error en la trama se envia un NACK al H/S
0x0220	0x0E01      	MOVLW       1
0x0222	0x6F76      	MOVWF       FARG_EnviarNACK_puerto, 1
0x0224	0xDA6E      	RCALL       _EnviarNACK
;CPComunicacion.c,388 :: 		}
L_interrupt80:
;CPComunicacion.c,389 :: 		banTI = 0;                                         //Limpia la bandera de inicio de trama
0x0226	0x6A40      	CLRF        _banTI 
;CPComunicacion.c,390 :: 		banTC = 0;                                         //Limpia la bandera de trama completa
0x0228	0x6A3D      	CLRF        _banTC 
;CPComunicacion.c,391 :: 		i1 = 0;                                            //Incializa el subindice de la trama de peticion
0x022A	0x6A3B      	CLRF        _i1 
;CPComunicacion.c,392 :: 		}
L_interrupt78:
;CPComunicacion.c,394 :: 		IU1 = 0;
0x022C	0x9881      	BCF         RB4_bit, BitPos(RB4_bit+0) 
;CPComunicacion.c,396 :: 		}
L_interrupt67:
;CPComunicacion.c,401 :: 		if (TMR1IF_bit==1){
0x022E	0xA09E      	BTFSS       TMR1IF_bit, BitPos(TMR1IF_bit+0) 
0x0230	0xD018      	BRA         L_interrupt81
;CPComunicacion.c,402 :: 		TMR1IF_bit = 0;                                       //Limpia la bandera de interrupcion por desbordamiento del TMR1
0x0232	0x909E      	BCF         TMR1IF_bit, BitPos(TMR1IF_bit+0) 
;CPComunicacion.c,403 :: 		T1CON.TMR1ON = 0;                                     //Apaga el Timer1
0x0234	0x90CD      	BCF         T1CON, 0 
;CPComunicacion.c,404 :: 		if (contadorTOD<3){
0x0236	0x0E03      	MOVLW       3
0x0238	0x5C3C      	SUBWF       _contadorTOD, 0 
0x023A	0xE20A      	BC          L_interrupt82
;CPComunicacion.c,405 :: 		EnviarMensajeRS485(tramaPDU,pduSize);              //Reenvia la trama por el bus RS485
0x023C	0x0E5C      	MOVLW       _tramaPDU
0x023E	0x0100      	MOVLB       0
0x0240	0x6F76      	MOVWF       FARG_EnviarMensajeRS485_PDU, 1
0x0242	0x0E00      	MOVLW       hi_addr(_tramaPDU)
0x0244	0x6F77      	MOVWF       FARG_EnviarMensajeRS485_PDU+1, 1
0x0246	0xF078C05A  	MOVFF       _pduSize, FARG_EnviarMensajeRS485_sizePDU
0x024A	0xD8F6      	RCALL       _EnviarMensajeRS485
;CPComunicacion.c,406 :: 		contadorTOD++;                                     //Incrementa el contador de Time-Out-Dispositivo en una unidad
0x024C	0x2A3C      	INCF        _contadorTOD, 1 
;CPComunicacion.c,407 :: 		} else {
0x024E	0xD009      	BRA         L_interrupt83
L_interrupt82:
;CPComunicacion.c,408 :: 		EnviarErrorSPI(tramaPDU,0xE0);                     //Responde al Master notificandole del error
0x0250	0x0E5C      	MOVLW       _tramaPDU
0x0252	0x0100      	MOVLB       0
0x0254	0x6F76      	MOVWF       FARG_EnviarErrorSPI_trama, 1
0x0256	0x0E00      	MOVLW       hi_addr(_tramaPDU)
0x0258	0x6F77      	MOVWF       FARG_EnviarErrorSPI_trama+1, 1
0x025A	0x0EE0      	MOVLW       224
0x025C	0x6F78      	MOVWF       FARG_EnviarErrorSPI_codigoError, 1
0x025E	0xD8AF      	RCALL       _EnviarErrorSPI
;CPComunicacion.c,409 :: 		contadorTOD = 0;                                   //Limpia el contador de Time-Out-Dispositivo
0x0260	0x6A3C      	CLRF        _contadorTOD 
;CPComunicacion.c,410 :: 		}
L_interrupt83:
;CPComunicacion.c,411 :: 		}
L_interrupt81:
;CPComunicacion.c,418 :: 		if (TMR2IF_bit==1){
0x0262	0xA29E      	BTFSS       TMR2IF_bit, BitPos(TMR2IF_bit+0) 
0x0264	0xD009      	BRA         L_interrupt84
;CPComunicacion.c,419 :: 		TMR2IF_bit = 0;                                       //Limpia la bandera de interrupcion por desbordamiento del TMR2
0x0266	0x0100      	MOVLB       0
0x0268	0x929E      	BCF         TMR2IF_bit, BitPos(TMR2IF_bit+0) 
;CPComunicacion.c,420 :: 		T2CON.TMR2ON = 0;                                     //Apaga el Timer2
0x026A	0x94BA      	BCF         T2CON, 2 
;CPComunicacion.c,421 :: 		banTI = 0;                                            //Limpia la bandera de inicio de trama
0x026C	0x6A40      	CLRF        _banTI 
;CPComunicacion.c,422 :: 		i1 = 0;                                               //Limpia el subindice de la trama de peticion
0x026E	0x6A3B      	CLRF        _i1 
;CPComunicacion.c,423 :: 		banTC = 0;                                            //Limpia la bandera de trama completa(Por si acaso)
0x0270	0x6A3D      	CLRF        _banTC 
;CPComunicacion.c,424 :: 		EnviarNACK(1);
0x0272	0x0E01      	MOVLW       1
0x0274	0x6F76      	MOVWF       FARG_EnviarNACK_puerto, 1
0x0276	0xDA45      	RCALL       _EnviarNACK
;CPComunicacion.c,425 :: 		}
L_interrupt84:
;CPComunicacion.c,427 :: 		}
L_end_interrupt:
L__interrupt105:
0x0278	0xF000C017  	MOVFF       23, R0
0x027C	0xF00CC016  	MOVFF       22, R12
0x0280	0xF00DC015  	MOVFF       21, R13
0x0284	0x0011      	RETFIE      1
; end of _interrupt
_UART1_Tx_Idle:
;__Lib_UART_c67b67.c,57 :: 		
;__Lib_UART_c67b67.c,58 :: 		
0x0286	0x0E00      	MOVLW       0
0x0288	0xB2AC      	BTFSC       TXSTA, 1 
0x028A	0x0E01      	MOVLW       1
0x028C	0x6E00      	MOVWF       R0 
;__Lib_UART_c67b67.c,59 :: 		
L_end_UART1_Tx_Idle:
0x028E	0x0012      	RETURN      0
; end of _UART1_Tx_Idle
_UART2_Write:
;__Lib_UART_c67b67.c,160 :: 		
;__Lib_UART_c67b67.c,161 :: 		
L_UART2_Write19:
0x0290	0xB272      	BTFSC       TXSTA2, 1 
0x0292	0xD001      	BRA         L_UART2_Write20
;__Lib_UART_c67b67.c,162 :: 		
0x0294	0xD7FD      	BRA         L_UART2_Write19
L_UART2_Write20:
;__Lib_UART_c67b67.c,163 :: 		
0x0296	0xFF73C08F  	MOVFF       FARG_UART2_Write_data_, TXREG2
;__Lib_UART_c67b67.c,164 :: 		
L_end_UART2_Write:
0x029A	0x0012      	RETURN      0
; end of _UART2_Write
_UART1_Write:
;__Lib_UART_c67b67.c,63 :: 		
;__Lib_UART_c67b67.c,64 :: 		
L_UART1_Write3:
0x029C	0xB2AC      	BTFSC       TXSTA, 1 
0x029E	0xD002      	BRA         L_UART1_Write4
;__Lib_UART_c67b67.c,65 :: 		
0x02A0	0x0000      	NOP
0x02A2	0xD7FC      	BRA         L_UART1_Write3
L_UART1_Write4:
;__Lib_UART_c67b67.c,66 :: 		
0x02A4	0xFFADC08F  	MOVFF       FARG_UART1_Write_data_, TXREG
;__Lib_UART_c67b67.c,67 :: 		
L_end_UART1_Write:
0x02A8	0x0012      	RETURN      0
; end of _UART1_Write
_SPI1_Init_Advanced:
;__Lib_SPI_c345b123.c,43 :: 		
;__Lib_SPI_c345b123.c,44 :: 		
0x02AA	0x9AC6      	BCF         SSP1CON1, 5 
;__Lib_SPI_c345b123.c,45 :: 		
0x02AC	0x0EFF      	MOVLW       _SPI1_Read
0x02AE	0x6E21      	MOVWF       _SPI_Rd_Ptr 
0x02B0	0x0EFF      	MOVLW       hi_addr(_SPI1_Read)
0x02B2	0x6E22      	MOVWF       _SPI_Rd_Ptr+1 
0x02B4	0x0EFF      	MOVLW       FARG_SPI1_Read_buffer
0x02B6	0x6E23      	MOVWF       _SPI_Rd_Ptr+2 
0x02B8	0x0EFF      	MOVLW       hi_addr(FARG_SPI1_Read_buffer)
0x02BA	0x6E24      	MOVWF       _SPI_Rd_Ptr+3 
;__Lib_SPI_c345b123.c,46 :: 		
0x02BC	0x0EFF      	MOVLW       _SPI1_Write
0x02BE	0x6E18      	MOVWF       _SPI_Wr_Ptr 
0x02C0	0x0EFF      	MOVLW       hi_addr(_SPI1_Write)
0x02C2	0x6E19      	MOVWF       _SPI_Wr_Ptr+1 
0x02C4	0x0EFF      	MOVLW       FARG_SPI1_Write_data_
0x02C6	0x6E1A      	MOVWF       _SPI_Wr_Ptr+2 
0x02C8	0x0EFF      	MOVLW       hi_addr(FARG_SPI1_Write_data_)
0x02CA	0x6E1B      	MOVWF       _SPI_Wr_Ptr+3 
;__Lib_SPI_c345b123.c,48 :: 		
0x02CC	0x9A94      	BCF         TRISC5_bit, BitPos(TRISC5_bit+0) 
;__Lib_SPI_c345b123.c,49 :: 		
0x02CE	0x0100      	MOVLB       0
0x02D0	0x5172      	MOVF        FARG_SPI1_Init_Advanced_master, 0, 1
0x02D2	0x0A04      	XORLW       4
0x02D4	0xE102      	BNZ         L_SPI1_Init_Advanced0
0x02D6	0x8694      	BSF         TRISC3_bit, BitPos(TRISC3_bit+0) 
0x02D8	0xD001      	BRA         L_SPI1_Init_Advanced1
L_SPI1_Init_Advanced0:
;__Lib_SPI_c345b123.c,50 :: 		
0x02DA	0x9694      	BCF         TRISC3_bit, BitPos(TRISC3_bit+0) 
L_SPI1_Init_Advanced1:
;__Lib_SPI_c345b123.c,51 :: 		
0x02DC	0x8894      	BSF         TRISC4_bit, BitPos(TRISC4_bit+0) 
;__Lib_SPI_c345b123.c,53 :: 		
0x02DE	0x6AC6      	CLRF        SSP1CON1 
;__Lib_SPI_c345b123.c,54 :: 		
0x02E0	0x5172      	MOVF        FARG_SPI1_Init_Advanced_master, 0, 1
0x02E2	0x12C6      	IORWF       SSP1CON1, 1 
;__Lib_SPI_c345b123.c,55 :: 		
0x02E4	0x5174      	MOVF        FARG_SPI1_Init_Advanced_clock_idle, 0, 1
0x02E6	0x12C6      	IORWF       SSP1CON1, 1 
;__Lib_SPI_c345b123.c,56 :: 		
0x02E8	0x5173      	MOVF        FARG_SPI1_Init_Advanced_data_sample, 0, 1
0x02EA	0x12C7      	IORWF       SSP1STAT, 1 
;__Lib_SPI_c345b123.c,58 :: 		
0x02EC	0x5374      	MOVF        FARG_SPI1_Init_Advanced_clock_idle, 1, 1
0x02EE	0xE005      	BZ          L_SPI1_Init_Advanced2
;__Lib_SPI_c345b123.c,59 :: 		
0x02F0	0x5175      	MOVF        FARG_SPI1_Init_Advanced_transmit_edge, 0, 1
0x02F2	0x0A00      	XORLW       0
0x02F4	0xB4D8      	BTFSC       STATUS, 2 
;__Lib_SPI_c345b123.c,60 :: 		
0x02F6	0x8CC7      	BSF         SSP1STAT, 6 
L_SPI1_Init_Advanced3:
;__Lib_SPI_c345b123.c,61 :: 		
0x02F8	0xD003      	BRA         L_SPI1_Init_Advanced4
L_SPI1_Init_Advanced2:
;__Lib_SPI_c345b123.c,63 :: 		
0x02FA	0x5375      	MOVF        FARG_SPI1_Init_Advanced_transmit_edge, 1, 1
0x02FC	0xA4D8      	BTFSS       STATUS, 2 
;__Lib_SPI_c345b123.c,64 :: 		
0x02FE	0x8CC7      	BSF         SSP1STAT, 6 
L_SPI1_Init_Advanced5:
;__Lib_SPI_c345b123.c,65 :: 		
L_SPI1_Init_Advanced4:
;__Lib_SPI_c345b123.c,66 :: 		
0x0300	0x8AC6      	BSF         SSP1CON1, 5 
;__Lib_SPI_c345b123.c,67 :: 		
L_end_SPI1_Init_Advanced:
0x0302	0x0012      	RETURN      0
; end of _SPI1_Init_Advanced
_CalcularCRC:
;CPComunicacion.c,116 :: 		unsigned int CalcularCRC(unsigned char* trama, unsigned char tramaSize){
;CPComunicacion.c,119 :: 		for(CRC16=0xFFFF; tramaSize!=0; tramaSize--){
0x0304	0x0EFF      	MOVLW       255
0x0306	0x6E03      	MOVWF       R3 
0x0308	0x0EFF      	MOVLW       255
0x030A	0x6E04      	MOVWF       R4 
L_CalcularCRC1:
0x030C	0x0100      	MOVLB       0
0x030E	0x5191      	MOVF        FARG_CalcularCRC_tramaSize, 0, 1
0x0310	0x0A00      	XORLW       0
0x0312	0xE020      	BZ          L_CalcularCRC2
;CPComunicacion.c,120 :: 		CRC16^=*trama ++;
0x0314	0xFFD9C08F  	MOVFF       FARG_CalcularCRC_trama, FSR2L
0x0318	0xFFDAC090  	MOVFF       FARG_CalcularCRC_trama+1, FSR2H
0x031C	0x50DE      	MOVF        POSTINC2, 0 
0x031E	0x1A03      	XORWF       R3, 1 
0x0320	0x0E00      	MOVLW       0
0x0322	0x1A04      	XORWF       R4, 1 
0x0324	0x4B8F      	INFSNZ      FARG_CalcularCRC_trama, 1, 1
0x0326	0x2B90      	INCF        FARG_CalcularCRC_trama+1, 1, 1
;CPComunicacion.c,121 :: 		for(ucCounter=0; ucCounter<8; ucCounter++){
0x0328	0x6A02      	CLRF        R2 
L_CalcularCRC4:
0x032A	0x0E08      	MOVLW       8
0x032C	0x5C02      	SUBWF       R2, 0 
0x032E	0xE20F      	BC          L_CalcularCRC5
;CPComunicacion.c,122 :: 		if(CRC16 & 0x0001)
0x0330	0xA003      	BTFSS       R3, 0 
0x0332	0xD008      	BRA         L_CalcularCRC7
;CPComunicacion.c,123 :: 		CRC16 = (CRC16>>1)^POLMODBUS;
0x0334	0x3204      	RRCF        R4, 1 
0x0336	0x3203      	RRCF        R3, 1 
0x0338	0x9E04      	BCF         R4, 7 
0x033A	0x0E01      	MOVLW       1
0x033C	0x1A03      	XORWF       R3, 1 
0x033E	0x0EA0      	MOVLW       160
0x0340	0x1A04      	XORWF       R4, 1 
0x0342	0xD003      	BRA         L_CalcularCRC8
L_CalcularCRC7:
;CPComunicacion.c,125 :: 		CRC16>>=1;
0x0344	0x3204      	RRCF        R4, 1 
0x0346	0x3203      	RRCF        R3, 1 
0x0348	0x9E04      	BCF         R4, 7 
L_CalcularCRC8:
;CPComunicacion.c,121 :: 		for(ucCounter=0; ucCounter<8; ucCounter++){
0x034A	0x2A02      	INCF        R2, 1 
;CPComunicacion.c,126 :: 		}
0x034C	0xD7EE      	BRA         L_CalcularCRC4
L_CalcularCRC5:
0x034E	0x0100      	MOVLB       0
;CPComunicacion.c,119 :: 		for(CRC16=0xFFFF; tramaSize!=0; tramaSize--){
0x0350	0x0791      	DECF        FARG_CalcularCRC_tramaSize, 1, 1
;CPComunicacion.c,127 :: 		}
0x0352	0xD7DC      	BRA         L_CalcularCRC1
L_CalcularCRC2:
;CPComunicacion.c,128 :: 		return CRC16;
0x0354	0xF000C003  	MOVFF       R3, R0
0x0358	0xF001C004  	MOVFF       R4, R1
;CPComunicacion.c,129 :: 		}
L_end_CalcularCRC:
0x035C	0x0012      	RETURN      0
; end of _CalcularCRC
_UART2_Tx_Idle:
;__Lib_UART_c67b67.c,154 :: 		
;__Lib_UART_c67b67.c,155 :: 		
0x035E	0x0E00      	MOVLW       0
0x0360	0xB272      	BTFSC       TXSTA2, 1 
0x0362	0x0E01      	MOVLW       1
0x0364	0x6E00      	MOVWF       R0 
;__Lib_UART_c67b67.c,156 :: 		
L_end_UART2_Tx_Idle:
0x0366	0x0012      	RETURN      0
; end of _UART2_Tx_Idle
_UART1_Init:
;__Lib_UART_c67b67.c,20 :: 		
;__Lib_UART_c67b67.c,23 :: 		
0x0368	0x0E9C      	MOVLW       _UART1_Write
0x036A	0x6E1C      	MOVWF       _UART_Wr_Ptr 
0x036C	0x0E02      	MOVLW       hi_addr(_UART1_Write)
0x036E	0x6E1D      	MOVWF       _UART_Wr_Ptr+1 
0x0370	0x0E8F      	MOVLW       FARG_UART1_Write_data_
0x0372	0x6E1E      	MOVWF       _UART_Wr_Ptr+2 
0x0374	0x0E00      	MOVLW       hi_addr(FARG_UART1_Write_data_)
0x0376	0x6E1F      	MOVWF       _UART_Wr_Ptr+3 
;__Lib_UART_c67b67.c,24 :: 		
0x0378	0x0E34      	MOVLW       _UART1_Read
0x037A	0x6E33      	MOVWF       _UART_Rd_Ptr 
0x037C	0x0E07      	MOVLW       hi_addr(_UART1_Read)
0x037E	0x6E34      	MOVWF       _UART_Rd_Ptr+1 
0x0380	0x0E00      	MOVLW       0
0x0382	0x6E35      	MOVWF       _UART_Rd_Ptr+2 
0x0384	0x0E00      	MOVLW       0
0x0386	0x6E36      	MOVWF       _UART_Rd_Ptr+3 
;__Lib_UART_c67b67.c,25 :: 		
0x0388	0x0EFF      	MOVLW       _UART1_Data_Ready
0x038A	0x6E37      	MOVWF       _UART_Rdy_Ptr 
0x038C	0x0EFF      	MOVLW       hi_addr(_UART1_Data_Ready)
0x038E	0x6E38      	MOVWF       _UART_Rdy_Ptr+1 
0x0390	0x0E00      	MOVLW       0
0x0392	0x6E39      	MOVWF       _UART_Rdy_Ptr+2 
0x0394	0x0E00      	MOVLW       0
0x0396	0x6E3A      	MOVWF       _UART_Rdy_Ptr+3 
;__Lib_UART_c67b67.c,26 :: 		
0x0398	0x0E86      	MOVLW       _UART1_Tx_Idle
0x039A	0x6E25      	MOVWF       _UART_Tx_Idle_Ptr 
0x039C	0x0E02      	MOVLW       hi_addr(_UART1_Tx_Idle)
0x039E	0x6E26      	MOVWF       _UART_Tx_Idle_Ptr+1 
0x03A0	0x0E00      	MOVLW       0
0x03A2	0x6E27      	MOVWF       _UART_Tx_Idle_Ptr+2 
0x03A4	0x0E00      	MOVLW       0
0x03A6	0x6E28      	MOVWF       _UART_Tx_Idle_Ptr+3 
;__Lib_UART_c67b67.c,28 :: 		
0x03A8	0x8AAC      	BSF         TXSTA, 5 
;__Lib_UART_c67b67.c,29 :: 		
0x03AA	0x0E90      	MOVLW       144
0x03AC	0x6EAB      	MOVWF       RCSTA 
;__Lib_UART_c67b67.c,30 :: 		
0x03AE	0x8E94      	BSF         TRISC7_bit, BitPos(TRISC7_bit+0) 
;__Lib_UART_c67b67.c,31 :: 		
0x03B0	0x9C94      	BCF         TRISC6_bit, BitPos(TRISC6_bit+0) 
;__Lib_UART_c67b67.c,33 :: 		
L_UART1_Init0:
0x03B2	0xAA9E      	BTFSS       PIR1, 5 
0x03B4	0xD003      	BRA         L_UART1_Init1
;__Lib_UART_c67b67.c,34 :: 		
0x03B6	0xF000CFAE  	MOVFF       RCREG, R0
0x03BA	0xD7FB      	BRA         L_UART1_Init0
L_UART1_Init1:
;__Lib_UART_c67b67.c,35 :: 		
L_end_UART1_Init:
0x03BC	0x0012      	RETURN      0
; end of _UART1_Init
_EnviarErrorSPI:
;CPComunicacion.c,243 :: 		void EnviarErrorSPI(unsigned char *trama, unsigned short codigoError){
;CPComunicacion.c,244 :: 		pduSPI[0] = trama[0];                              //Guarda el identificador de la trama PDU de peticion
0x03BE	0xFFE9C076  	MOVFF       FARG_EnviarErrorSPI_trama, FSR0L
0x03C2	0xFFEAC077  	MOVFF       FARG_EnviarErrorSPI_trama+1, FSR0H
0x03C6	0xF029CFEE  	MOVFF       POSTINC0, _pduSPI
;CPComunicacion.c,245 :: 		pduSPI[1] = 0xEE;                                  //Agrega el codigo 0xEE para indicar que se trata de un mensaje de error
0x03CA	0x0EEE      	MOVLW       238
0x03CC	0x6E2A      	MOVWF       _pduSPI+1 
;CPComunicacion.c,246 :: 		pduSPI[2] = trama[2];                              //Guarda el numero de registro que se queria leer o escribir
0x03CE	0x0E02      	MOVLW       2
0x03D0	0x0100      	MOVLB       0
0x03D2	0x2576      	ADDWF       FARG_EnviarErrorSPI_trama, 0, 1
0x03D4	0x6EE9      	MOVWF       FSR0L 
0x03D6	0x0E00      	MOVLW       0
0x03D8	0x2177      	ADDWFC      FARG_EnviarErrorSPI_trama+1, 0, 1
0x03DA	0x6EEA      	MOVWF       FSR0H 
0x03DC	0xF02BCFEE  	MOVFF       POSTINC0, _pduSPI+2
;CPComunicacion.c,247 :: 		pduSPI[3] = 0x01;                                  //Indica eñ numero de bytes de pyload que se va a enviar
0x03E0	0x0E01      	MOVLW       1
0x03E2	0x6E2C      	MOVWF       _pduSPI+3 
;CPComunicacion.c,248 :: 		pduSPI[4] = codigoError;                           //Agrega el codigo de error producido
0x03E4	0xF02DC078  	MOVFF       FARG_EnviarErrorSPI_codigoError, _pduSPI+4
;CPComunicacion.c,249 :: 		t1Size = 5;
0x03E8	0x0E05      	MOVLW       5
0x03EA	0x6E20      	MOVWF       _t1Size 
;CPComunicacion.c,250 :: 		RInt = 1;                                          //Envia el pulso para generar la interrupcion externa en la RPi
0x03EC	0x8282      	BSF         RC1_bit, BitPos(RC1_bit+0) 
;CPComunicacion.c,251 :: 		Delay_ms(1);
0x03EE	0x0E03      	MOVLW       3
0x03F0	0x6E0C      	MOVWF       R12, 0
0x03F2	0x0E97      	MOVLW       151
0x03F4	0x6E0D      	MOVWF       R13, 0
L_EnviarErrorSPI39:
0x03F6	0x2E0D      	DECFSZ      R13, 1, 0
0x03F8	0xD7FE      	BRA         L_EnviarErrorSPI39
0x03FA	0x2E0C      	DECFSZ      R12, 1, 0
0x03FC	0xD7FC      	BRA         L_EnviarErrorSPI39
0x03FE	0x0000      	NOP
0x0400	0x0000      	NOP
;CPComunicacion.c,252 :: 		RInt = 0;
0x0402	0x9282      	BCF         RC1_bit, BitPos(RC1_bit+0) 
;CPComunicacion.c,253 :: 		}
L_end_EnviarErrorSPI:
0x0404	0x0012      	RETURN      0
; end of _EnviarErrorSPI
_EnviarACK:
;CPComunicacion.c,161 :: 		void EnviarACK(unsigned char puerto){
;CPComunicacion.c,162 :: 		if (puerto==1){
0x0406	0x0100      	MOVLB       0
0x0408	0x5176      	MOVF        FARG_EnviarACK_puerto, 0, 1
0x040A	0x0A01      	XORLW       1
0x040C	0xE10B      	BNZ         L_EnviarACK14
;CPComunicacion.c,163 :: 		RE_DE = 1;                                      //Establece el Max485 en modo escritura
0x040E	0x8482      	BSF         RC2_bit, BitPos(RC2_bit+0) 
;CPComunicacion.c,164 :: 		UART1_Write(ACK);                               //Envia el valor de la Cabecera de la trama ACK por el puerto UART1
0x0410	0x0EAA      	MOVLW       170
0x0412	0x6F8F      	MOVWF       FARG_UART1_Write_data_, 1
0x0414	0xDF43      	RCALL       _UART1_Write
;CPComunicacion.c,165 :: 		while(UART1_Tx_Idle()==0);                      //Espera hasta que se haya terminado de enviar todo el dato por UART antes de continuar
L_EnviarACK15:
0x0416	0xDF37      	RCALL       _UART1_Tx_Idle
0x0418	0x5000      	MOVF        R0, 0 
0x041A	0x0A00      	XORLW       0
0x041C	0xE101      	BNZ         L_EnviarACK16
0x041E	0xD7FB      	BRA         L_EnviarACK15
L_EnviarACK16:
;CPComunicacion.c,166 :: 		RE_DE = 0;                                      //Establece el Max485-2 en modo de lectura;
0x0420	0x9482      	BCF         RC2_bit, BitPos(RC2_bit+0) 
;CPComunicacion.c,167 :: 		} else {
0x0422	0xD009      	BRA         L_EnviarACK17
L_EnviarACK14:
;CPComunicacion.c,168 :: 		UART2_Write(ACK);                               //Envia el valor de la Cabecera de la trama ACK por el puerto UART2
0x0424	0x0EAA      	MOVLW       170
0x0426	0x0100      	MOVLB       0
0x0428	0x6F8F      	MOVWF       FARG_UART2_Write_data_, 1
0x042A	0xDF32      	RCALL       _UART2_Write
;CPComunicacion.c,169 :: 		while(UART2_Tx_Idle()==0);                      //Espera hasta que se haya terminado de enviar todo el dato por UART antes de continuar
L_EnviarACK18:
0x042C	0xDF98      	RCALL       _UART2_Tx_Idle
0x042E	0x5000      	MOVF        R0, 0 
0x0430	0x0A00      	XORLW       0
0x0432	0xE101      	BNZ         L_EnviarACK19
0x0434	0xD7FB      	BRA         L_EnviarACK18
L_EnviarACK19:
;CPComunicacion.c,170 :: 		}
L_EnviarACK17:
;CPComunicacion.c,171 :: 		}
L_end_EnviarACK:
0x0436	0x0012      	RETURN      0
; end of _EnviarACK
_EnviarMensajeRS485:
;CPComunicacion.c,193 :: 		void EnviarMensajeRS485(unsigned char *PDU, unsigned char sizePDU){
;CPComunicacion.c,197 :: 		CRCPDU = CalcularCRC(PDU, sizePDU);                //Calcula el CRC de la trama PDU
0x0438	0xF08FC076  	MOVFF       FARG_EnviarMensajeRS485_PDU, FARG_CalcularCRC_trama
0x043C	0xF090C077  	MOVFF       FARG_EnviarMensajeRS485_PDU+1, FARG_CalcularCRC_trama+1
0x0440	0xF091C078  	MOVFF       FARG_EnviarMensajeRS485_sizePDU, FARG_CalcularCRC_tramaSize
0x0444	0xDF5F      	RCALL       _CalcularCRC
0x0446	0xF07AC000  	MOVFF       R0, EnviarMensajeRS485_CRCPDU_L0
0x044A	0xF07BC001  	MOVFF       R1, EnviarMensajeRS485_CRCPDU_L0+1
;CPComunicacion.c,198 :: 		ptrCRCPDU = &CRCPDU;                               //Asociacion del puntero CrcTramaError
0x044E	0x0E7A      	MOVLW       EnviarMensajeRS485_CRCPDU_L0
0x0450	0x6F7C      	MOVWF       EnviarMensajeRS485_ptrCRCPDU_L0, 1
0x0452	0x0E00      	MOVLW       hi_addr(EnviarMensajeRS485_CRCPDU_L0)
0x0454	0x6F7D      	MOVWF       EnviarMensajeRS485_ptrCRCPDU_L0+1, 1
;CPComunicacion.c,200 :: 		tramaRS485[0] = HDR;                               //Añade la cabecera a la trama a enviar
0x0456	0x0E3A      	MOVLW       58
0x0458	0x6E41      	MOVWF       _tramaRS485 
;CPComunicacion.c,201 :: 		tramaRS485[sizePDU+2] = *ptrCrcPdu;                //Asigna al elemento CRC_LSB de la trama de respuesta el LSB de la variable crcTramaError
0x045A	0x0E02      	MOVLW       2
0x045C	0x2578      	ADDWF       FARG_EnviarMensajeRS485_sizePDU, 0, 1
0x045E	0x6E00      	MOVWF       R0 
0x0460	0x6A01      	CLRF        R1 
0x0462	0x0E00      	MOVLW       0
0x0464	0x2201      	ADDWFC      R1, 1 
0x0466	0x0E41      	MOVLW       _tramaRS485
0x0468	0x2400      	ADDWF       R0, 0 
0x046A	0x6EE1      	MOVWF       FSR1L 
0x046C	0x0E00      	MOVLW       hi_addr(_tramaRS485)
0x046E	0x2001      	ADDWFC      R1, 0 
0x0470	0x6EE2      	MOVWF       FSR1H 
0x0472	0xFFE9C07C  	MOVFF       EnviarMensajeRS485_ptrCRCPDU_L0, FSR0L
0x0476	0xFFEAC07D  	MOVFF       EnviarMensajeRS485_ptrCRCPDU_L0+1, FSR0H
0x047A	0xFFE6CFEE  	MOVFF       POSTINC0, POSTINC1
;CPComunicacion.c,202 :: 		tramaRS485[sizePDU+1] = *(ptrCrcPdu+1);            //Asigna al elemento CRC_MSB de la trama de respuesta el MSB de la variable crcTramaError
0x047E	0x5178      	MOVF        FARG_EnviarMensajeRS485_sizePDU, 0, 1
0x0480	0x0F01      	ADDLW       1
0x0482	0x6E00      	MOVWF       R0 
0x0484	0x6A01      	CLRF        R1 
0x0486	0x0E00      	MOVLW       0
0x0488	0x2201      	ADDWFC      R1, 1 
0x048A	0x0E41      	MOVLW       _tramaRS485
0x048C	0x2400      	ADDWF       R0, 0 
0x048E	0x6EE1      	MOVWF       FSR1L 
0x0490	0x0E00      	MOVLW       hi_addr(_tramaRS485)
0x0492	0x2001      	ADDWFC      R1, 0 
0x0494	0x6EE2      	MOVWF       FSR1H 
0x0496	0x0E01      	MOVLW       1
0x0498	0x257C      	ADDWF       EnviarMensajeRS485_ptrCRCPDU_L0, 0, 1
0x049A	0x6EE9      	MOVWF       FSR0L 
0x049C	0x0E00      	MOVLW       0
0x049E	0x217D      	ADDWFC      EnviarMensajeRS485_ptrCRCPDU_L0+1, 0, 1
0x04A0	0x6EEA      	MOVWF       FSR0H 
0x04A2	0xFFE6CFEE  	MOVFF       POSTINC0, POSTINC1
;CPComunicacion.c,203 :: 		tramaRS485[sizePDU+3] = END1;                      //Añade el primer delimitador de final de trama
0x04A6	0x0E03      	MOVLW       3
0x04A8	0x2578      	ADDWF       FARG_EnviarMensajeRS485_sizePDU, 0, 1
0x04AA	0x6E00      	MOVWF       R0 
0x04AC	0x6A01      	CLRF        R1 
0x04AE	0x0E00      	MOVLW       0
0x04B0	0x2201      	ADDWFC      R1, 1 
0x04B2	0x0E41      	MOVLW       _tramaRS485
0x04B4	0x2400      	ADDWF       R0, 0 
0x04B6	0x6EE1      	MOVWF       FSR1L 
0x04B8	0x0E00      	MOVLW       hi_addr(_tramaRS485)
0x04BA	0x2001      	ADDWFC      R1, 0 
0x04BC	0x6EE2      	MOVWF       FSR1H 
0x04BE	0x0E0D      	MOVLW       13
0x04C0	0x6EE6      	MOVWF       POSTINC1 
;CPComunicacion.c,204 :: 		tramaRS485[sizePDU+4] = END2;                      //Añade el segundo delimitador de final de trama
0x04C2	0x0E04      	MOVLW       4
0x04C4	0x2578      	ADDWF       FARG_EnviarMensajeRS485_sizePDU, 0, 1
0x04C6	0x6E00      	MOVWF       R0 
0x04C8	0x6A01      	CLRF        R1 
0x04CA	0x0E00      	MOVLW       0
0x04CC	0x2201      	ADDWFC      R1, 1 
0x04CE	0x0E41      	MOVLW       _tramaRS485
0x04D0	0x2400      	ADDWF       R0, 0 
0x04D2	0x6EE1      	MOVWF       FSR1L 
0x04D4	0x0E00      	MOVLW       hi_addr(_tramaRS485)
0x04D6	0x2001      	ADDWFC      R1, 0 
0x04D8	0x6EE2      	MOVWF       FSR1H 
0x04DA	0x0E0A      	MOVLW       10
0x04DC	0x6EE6      	MOVWF       POSTINC1 
;CPComunicacion.c,205 :: 		RE_DE = 1;                                         //Establece el Max485 en modo escritura
0x04DE	0x8482      	BSF         RC2_bit, BitPos(RC2_bit+0) 
;CPComunicacion.c,206 :: 		for (i=0;i<(sizePDU+5);i++){
0x04E0	0x6B79      	CLRF        EnviarMensajeRS485_i_L0, 1
L_EnviarMensajeRS48526:
0x04E2	0x0E05      	MOVLW       5
0x04E4	0x2578      	ADDWF       FARG_EnviarMensajeRS485_sizePDU, 0, 1
0x04E6	0x6E01      	MOVWF       R1 
0x04E8	0x6A02      	CLRF        R2 
0x04EA	0x0E00      	MOVLW       0
0x04EC	0x2202      	ADDWFC      R2, 1 
0x04EE	0x0E80      	MOVLW       128
0x04F0	0x6E00      	MOVWF       R0 
0x04F2	0x0E80      	MOVLW       128
0x04F4	0x1802      	XORWF       R2, 0 
0x04F6	0x5C00      	SUBWF       R0, 0 
0x04F8	0xE102      	BNZ         L__EnviarMensajeRS485101
0x04FA	0x5001      	MOVF        R1, 0 
0x04FC	0x5D79      	SUBWF       EnviarMensajeRS485_i_L0, 0, 1
L__EnviarMensajeRS485101:
0x04FE	0xE224      	BC          L_EnviarMensajeRS48527
;CPComunicacion.c,207 :: 		if ((i>=1)&&(i<=sizePDU)){
0x0500	0x0E01      	MOVLW       1
0x0502	0x5D79      	SUBWF       EnviarMensajeRS485_i_L0, 0, 1
0x0504	0xE312      	BNC         L_EnviarMensajeRS48531
0x0506	0x5179      	MOVF        EnviarMensajeRS485_i_L0, 0, 1
0x0508	0x5D78      	SUBWF       FARG_EnviarMensajeRS485_sizePDU, 0, 1
0x050A	0xE30F      	BNC         L_EnviarMensajeRS48531
L__EnviarMensajeRS48585:
;CPComunicacion.c,209 :: 		UART1_Write(PDU[i-1]);                      //Envia el contenido de la trama PDU a travez del UART1
0x050C	0x0579      	DECF        EnviarMensajeRS485_i_L0, 0, 1
0x050E	0x6E00      	MOVWF       R0 
0x0510	0x6A01      	CLRF        R1 
0x0512	0x0E00      	MOVLW       0
0x0514	0x5A01      	SUBWFB      R1, 1 
0x0516	0x5000      	MOVF        R0, 0 
0x0518	0x2576      	ADDWF       FARG_EnviarMensajeRS485_PDU, 0, 1
0x051A	0x6EE9      	MOVWF       FSR0L 
0x051C	0x5001      	MOVF        R1, 0 
0x051E	0x2177      	ADDWFC      FARG_EnviarMensajeRS485_PDU+1, 0, 1
0x0520	0x6EEA      	MOVWF       FSR0H 
0x0522	0xF08FCFEE  	MOVFF       POSTINC0, FARG_UART1_Write_data_
0x0526	0xDEBA      	RCALL       _UART1_Write
;CPComunicacion.c,210 :: 		} else {
0x0528	0xD00C      	BRA         L_EnviarMensajeRS48532
L_EnviarMensajeRS48531:
;CPComunicacion.c,211 :: 		UART1_Write(tramaRS485[i]);                 //Envia el contenido del resto de la trama de peticion a travez del UART1
0x052A	0x0E41      	MOVLW       _tramaRS485
0x052C	0x6EE9      	MOVWF       FSR0L 
0x052E	0x0E00      	MOVLW       hi_addr(_tramaRS485)
0x0530	0x6EEA      	MOVWF       FSR0H 
0x0532	0x0100      	MOVLB       0
0x0534	0x5179      	MOVF        EnviarMensajeRS485_i_L0, 0, 1
0x0536	0x26E9      	ADDWF       FSR0L, 1 
0x0538	0xB0D8      	BTFSC       STATUS, 0 
0x053A	0x2AEA      	INCF        FSR0H, 1 
0x053C	0xF08FCFEE  	MOVFF       POSTINC0, FARG_UART1_Write_data_
0x0540	0xDEAD      	RCALL       _UART1_Write
;CPComunicacion.c,212 :: 		}
L_EnviarMensajeRS48532:
;CPComunicacion.c,206 :: 		for (i=0;i<(sizePDU+5);i++){
0x0542	0x0100      	MOVLB       0
0x0544	0x2B79      	INCF        EnviarMensajeRS485_i_L0, 1, 1
;CPComunicacion.c,213 :: 		}
0x0546	0xD7CD      	BRA         L_EnviarMensajeRS48526
L_EnviarMensajeRS48527:
;CPComunicacion.c,214 :: 		while(UART1_Tx_Idle()==0);                         //Espera hasta que se haya terminado de enviar todo el dato por UART antes de continuar
L_EnviarMensajeRS48533:
0x0548	0xDE9E      	RCALL       _UART1_Tx_Idle
0x054A	0x5000      	MOVF        R0, 0 
0x054C	0x0A00      	XORLW       0
0x054E	0xE101      	BNZ         L_EnviarMensajeRS48534
0x0550	0xD7FB      	BRA         L_EnviarMensajeRS48533
L_EnviarMensajeRS48534:
;CPComunicacion.c,215 :: 		RE_DE = 0;                                         //Establece el Max485-2 en modo de lectura;
0x0552	0x9482      	BCF         RC2_bit, BitPos(RC2_bit+0) 
;CPComunicacion.c,217 :: 		T1CON.TMR1ON = 1;                                  //Enciende el Timer1
0x0554	0x80CD      	BSF         T1CON, 0 
;CPComunicacion.c,218 :: 		TMR1IF_bit = 0;                                    //Limpia la bandera de interrupcion por desbordamiento del TMR1
0x0556	0x909E      	BCF         TMR1IF_bit, BitPos(TMR1IF_bit+0) 
;CPComunicacion.c,219 :: 		TMR1H = 0x0B;                                      //Se carga el valor del preload correspondiente al tiempo de 250ms
0x0558	0x0E0B      	MOVLW       11
0x055A	0x6ECF      	MOVWF       TMR1H 
;CPComunicacion.c,220 :: 		TMR1L = 0xDC;
0x055C	0x0EDC      	MOVLW       220
0x055E	0x6ECE      	MOVWF       TMR1L 
;CPComunicacion.c,221 :: 		}
L_end_EnviarMensajeRS485:
0x0560	0x0012      	RETURN      0
; end of _EnviarMensajeRS485
_EnviarMensajeSPI:
;CPComunicacion.c,228 :: 		void EnviarMensajeSPI(unsigned char *trama, unsigned char pduSize2){
;CPComunicacion.c,230 :: 		for (j=0;j<pduSize2;j++){                          //Rellena la trama de PDU con los datos de interes de la trama de peticion, es decir, obviando los ultimos 2 bytes de CRC y los 2 de End
0x0562	0x0100      	MOVLB       0
0x0564	0x6B79      	CLRF        EnviarMensajeSPI_j_L0, 1
L_EnviarMensajeSPI35:
0x0566	0x5178      	MOVF        FARG_EnviarMensajeSPI_pduSize2, 0, 1
0x0568	0x5D79      	SUBWF       EnviarMensajeSPI_j_L0, 0, 1
0x056A	0xE224      	BC          L_EnviarMensajeSPI36
;CPComunicacion.c,231 :: 		pduSPI[j] = trama[j+1];
0x056C	0x0E29      	MOVLW       _pduSPI
0x056E	0x6EE1      	MOVWF       FSR1L 
0x0570	0x0E00      	MOVLW       hi_addr(_pduSPI)
0x0572	0x6EE2      	MOVWF       FSR1H 
0x0574	0x5179      	MOVF        EnviarMensajeSPI_j_L0, 0, 1
0x0576	0x26E1      	ADDWF       FSR1L, 1 
0x0578	0xB0D8      	BTFSC       STATUS, 0 
0x057A	0x2AE2      	INCF        FSR1H, 1 
0x057C	0x5179      	MOVF        EnviarMensajeSPI_j_L0, 0, 1
0x057E	0x0F01      	ADDLW       1
0x0580	0x6E00      	MOVWF       R0 
0x0582	0x6A01      	CLRF        R1 
0x0584	0x0E00      	MOVLW       0
0x0586	0x2201      	ADDWFC      R1, 1 
0x0588	0x5000      	MOVF        R0, 0 
0x058A	0x2576      	ADDWF       FARG_EnviarMensajeSPI_trama, 0, 1
0x058C	0x6EE9      	MOVWF       FSR0L 
0x058E	0x5001      	MOVF        R1, 0 
0x0590	0x2177      	ADDWFC      FARG_EnviarMensajeSPI_trama+1, 0, 1
0x0592	0x6EEA      	MOVWF       FSR0H 
0x0594	0xFFE6CFEE  	MOVFF       POSTINC0, POSTINC1
;CPComunicacion.c,232 :: 		UART1_Write(pduSPI[j]);
0x0598	0x0E29      	MOVLW       _pduSPI
0x059A	0x6EE9      	MOVWF       FSR0L 
0x059C	0x0E00      	MOVLW       hi_addr(_pduSPI)
0x059E	0x6EEA      	MOVWF       FSR0H 
0x05A0	0x5179      	MOVF        EnviarMensajeSPI_j_L0, 0, 1
0x05A2	0x26E9      	ADDWF       FSR0L, 1 
0x05A4	0xB0D8      	BTFSC       STATUS, 0 
0x05A6	0x2AEA      	INCF        FSR0H, 1 
0x05A8	0xF08FCFEE  	MOVFF       POSTINC0, FARG_UART1_Write_data_
0x05AC	0xDE77      	RCALL       _UART1_Write
;CPComunicacion.c,230 :: 		for (j=0;j<pduSize2;j++){                          //Rellena la trama de PDU con los datos de interes de la trama de peticion, es decir, obviando los ultimos 2 bytes de CRC y los 2 de End
0x05AE	0x0100      	MOVLB       0
0x05B0	0x2B79      	INCF        EnviarMensajeSPI_j_L0, 1, 1
;CPComunicacion.c,233 :: 		}
0x05B2	0xD7D9      	BRA         L_EnviarMensajeSPI35
L_EnviarMensajeSPI36:
;CPComunicacion.c,234 :: 		RInt = 1;                                          //Envia el pulso para generar la interrupcion externa en la RPi
0x05B4	0x8282      	BSF         RC1_bit, BitPos(RC1_bit+0) 
;CPComunicacion.c,235 :: 		Delay_ms(1);
0x05B6	0x0E03      	MOVLW       3
0x05B8	0x6E0C      	MOVWF       R12, 0
0x05BA	0x0E97      	MOVLW       151
0x05BC	0x6E0D      	MOVWF       R13, 0
L_EnviarMensajeSPI38:
0x05BE	0x2E0D      	DECFSZ      R13, 1, 0
0x05C0	0xD7FE      	BRA         L_EnviarMensajeSPI38
0x05C2	0x2E0C      	DECFSZ      R12, 1, 0
0x05C4	0xD7FC      	BRA         L_EnviarMensajeSPI38
0x05C6	0x0000      	NOP
0x05C8	0x0000      	NOP
;CPComunicacion.c,236 :: 		RInt = 0;
0x05CA	0x9282      	BCF         RC1_bit, BitPos(RC1_bit+0) 
;CPComunicacion.c,237 :: 		}
L_end_EnviarMensajeSPI:
0x05CC	0x0012      	RETURN      0
; end of _EnviarMensajeSPI
_ConfiguracionPrincipal:
;CPComunicacion.c,73 :: 		void ConfiguracionPrincipal(){
;CPComunicacion.c,75 :: 		ANSELB = 0;                                        //Configura PORTB como digital
0x05CE	0x010F      	MOVLB       15
0x05D0	0x6B39      	CLRF        ANSELB, 1
;CPComunicacion.c,76 :: 		ANSELC = 0;                                        //Configura PORTC como digital
0x05D2	0x6B3A      	CLRF        ANSELC, 1
;CPComunicacion.c,78 :: 		TRISB1_bit = 1;                                    //Configura el pin B1 como entrada
0x05D4	0x8293      	BSF         TRISB1_bit, BitPos(TRISB1_bit+0) 
;CPComunicacion.c,79 :: 		TRISB3_bit = 0;                                    //Configura el pin B3 como salida
0x05D6	0x9693      	BCF         TRISB3_bit, BitPos(TRISB3_bit+0) 
;CPComunicacion.c,80 :: 		TRISB4_bit = 0;                                    //Configura el pin B4 como salida
0x05D8	0x9893      	BCF         TRISB4_bit, BitPos(TRISB4_bit+0) 
;CPComunicacion.c,81 :: 		TRISC1_bit = 0;                                    //Configura el pin C1 como salida
0x05DA	0x9294      	BCF         TRISC1_bit, BitPos(TRISC1_bit+0) 
;CPComunicacion.c,82 :: 		TRISC2_bit = 0;                                    //Configura el pin C2 como salida
0x05DC	0x9494      	BCF         TRISC2_bit, BitPos(TRISC2_bit+0) 
;CPComunicacion.c,84 :: 		INTCON.GIE = 1;                                    //Habilita las interrupciones globales
0x05DE	0x8EF2      	BSF         INTCON, 7 
;CPComunicacion.c,85 :: 		INTCON.PEIE = 1;                                   //Habilita las interrupciones perifericas
0x05E0	0x8CF2      	BSF         INTCON, 6 
;CPComunicacion.c,88 :: 		PIE1.RC1IE = 1;                                    //Habilita la interrupcion en UART1 receive
0x05E2	0x8A9D      	BSF         PIE1, 5 
;CPComunicacion.c,89 :: 		UART1_Init(19200);                                 //Inicializa el UART1 a 19200 bps
0x05E4	0x86B8      	BSF         BAUDCON, 3, 0
0x05E6	0x6AB0      	CLRF        SPBRGH 
0x05E8	0x0E67      	MOVLW       103
0x05EA	0x6EAF      	MOVWF       SPBRG 
0x05EC	0x84AC      	BSF         TXSTA, 2, 0
0x05EE	0xDEBC      	RCALL       _UART1_Init
;CPComunicacion.c,92 :: 		SPI1_Init_Advanced(_SPI_SLAVE_SS_ENABLE,_SPI_DATA_SAMPLE_MIDDLE,_SPI_CLK_IDLE_HIGH,_SPI_LOW_2_HIGH);
0x05F0	0x0E04      	MOVLW       4
0x05F2	0x0100      	MOVLB       0
0x05F4	0x6F72      	MOVWF       FARG_SPI1_Init_Advanced_master, 1
0x05F6	0x6B73      	CLRF        FARG_SPI1_Init_Advanced_data_sample, 1
0x05F8	0x0E10      	MOVLW       16
0x05FA	0x6F74      	MOVWF       FARG_SPI1_Init_Advanced_clock_idle, 1
0x05FC	0x0E01      	MOVLW       1
0x05FE	0x6F75      	MOVWF       FARG_SPI1_Init_Advanced_transmit_edge, 1
0x0600	0xDE54      	RCALL       _SPI1_Init_Advanced
;CPComunicacion.c,93 :: 		PIE1.SSP1IE = 1;                                   //Habilita la interrupcion por SPI
0x0602	0x869D      	BSF         PIE1, 3 
;CPComunicacion.c,96 :: 		T1CON = 0x30;                                      //Timer1 Input Clock Prescale Select bits
0x0604	0x0E30      	MOVLW       48
0x0606	0x6ECD      	MOVWF       T1CON 
;CPComunicacion.c,97 :: 		TMR1H = 0x0B;
0x0608	0x0E0B      	MOVLW       11
0x060A	0x6ECF      	MOVWF       TMR1H 
;CPComunicacion.c,98 :: 		TMR1L = 0xDC;
0x060C	0x0EDC      	MOVLW       220
0x060E	0x6ECE      	MOVWF       TMR1L 
;CPComunicacion.c,99 :: 		PIR1.TMR1IF = 0;                                   //Limpia la bandera de interrupcion del TMR1
0x0610	0x909E      	BCF         PIR1, 0 
;CPComunicacion.c,100 :: 		PIE1.TMR1IE = 1;                                   //Habilita la interrupción de desbordamiento TMR1
0x0612	0x809D      	BSF         PIE1, 0 
;CPComunicacion.c,103 :: 		T2CON = 0x78;                                      //Timer2 Output Postscaler Select bits
0x0614	0x0E78      	MOVLW       120
0x0616	0x6EBA      	MOVWF       T2CON 
;CPComunicacion.c,104 :: 		PR2 = 249;
0x0618	0x0EF9      	MOVLW       249
0x061A	0x6EBB      	MOVWF       PR2 
;CPComunicacion.c,105 :: 		PIR1.TMR2IF = 0;                                   //Limpia la bandera de interrupcion del TMR2
0x061C	0x929E      	BCF         PIR1, 1 
;CPComunicacion.c,106 :: 		PIE1.TMR2IE = 1;                                   //Habilita la interrupción de desbordamiento TMR2
0x061E	0x829D      	BSF         PIE1, 1 
;CPComunicacion.c,108 :: 		Delay_ms(100);                                     //Espera hasta que se estabilicen los cambios
0x0620	0x0E02      	MOVLW       2
0x0622	0x6E0B      	MOVWF       R11, 0
0x0624	0x0E04      	MOVLW       4
0x0626	0x6E0C      	MOVWF       R12, 0
0x0628	0x0EBA      	MOVLW       186
0x062A	0x6E0D      	MOVWF       R13, 0
L_ConfiguracionPrincipal0:
0x062C	0x2E0D      	DECFSZ      R13, 1, 0
0x062E	0xD7FE      	BRA         L_ConfiguracionPrincipal0
0x0630	0x2E0C      	DECFSZ      R12, 1, 0
0x0632	0xD7FC      	BRA         L_ConfiguracionPrincipal0
0x0634	0x2E0B      	DECFSZ      R11, 1, 0
0x0636	0xD7FA      	BRA         L_ConfiguracionPrincipal0
0x0638	0x0000      	NOP
;CPComunicacion.c,110 :: 		}
L_end_ConfiguracionPrincipal:
0x063A	0x0012      	RETURN      0
; end of _ConfiguracionPrincipal
_VerificarCRC:
;CPComunicacion.c,136 :: 		unsigned short VerificarCRC(unsigned char* trama, unsigned char tramaPDUSize){
;CPComunicacion.c,141 :: 		crcCalculado = 0;                                  //Inicializa los valores del CRC obtenido y calculado con valores diferentes
0x063C	0x0100      	MOVLB       0
0x063E	0x6B89      	CLRF        VerificarCRC_crcCalculado_L0, 1
0x0640	0x6B8A      	CLRF        VerificarCRC_crcCalculado_L0+1, 1
;CPComunicacion.c,142 :: 		crcTrama = 1;
0x0642	0x0E01      	MOVLW       1
0x0644	0x6F8B      	MOVWF       VerificarCRC_crcTrama_L0, 1
0x0646	0x0E00      	MOVLW       0
0x0648	0x6F8C      	MOVWF       VerificarCRC_crcTrama_L0+1, 1
;CPComunicacion.c,143 :: 		for (j=0;j<tramaPDUSize;j++){                      //Rellena la trama de PDU con los datos de interes de la trama de peticion, es decir, obviando los ultimos 2 bytes de CRC y los 2 de End
0x064A	0x6B88      	CLRF        VerificarCRC_j_L0, 1
L_VerificarCRC9:
0x064C	0x5178      	MOVF        FARG_VerificarCRC_tramaPDUSize, 0, 1
0x064E	0x5D88      	SUBWF       VerificarCRC_j_L0, 0, 1
0x0650	0xE218      	BC          L_VerificarCRC10
;CPComunicacion.c,144 :: 		pdu[j] = trama[j+1];
0x0652	0x0E79      	MOVLW       VerificarCRC_pdu_L0
0x0654	0x6EE1      	MOVWF       FSR1L 
0x0656	0x0E00      	MOVLW       hi_addr(VerificarCRC_pdu_L0)
0x0658	0x6EE2      	MOVWF       FSR1H 
0x065A	0x5188      	MOVF        VerificarCRC_j_L0, 0, 1
0x065C	0x26E1      	ADDWF       FSR1L, 1 
0x065E	0xB0D8      	BTFSC       STATUS, 0 
0x0660	0x2AE2      	INCF        FSR1H, 1 
0x0662	0x5188      	MOVF        VerificarCRC_j_L0, 0, 1
0x0664	0x0F01      	ADDLW       1
0x0666	0x6E00      	MOVWF       R0 
0x0668	0x6A01      	CLRF        R1 
0x066A	0x0E00      	MOVLW       0
0x066C	0x2201      	ADDWFC      R1, 1 
0x066E	0x5000      	MOVF        R0, 0 
0x0670	0x2576      	ADDWF       FARG_VerificarCRC_trama, 0, 1
0x0672	0x6EE9      	MOVWF       FSR0L 
0x0674	0x5001      	MOVF        R1, 0 
0x0676	0x2177      	ADDWFC      FARG_VerificarCRC_trama+1, 0, 1
0x0678	0x6EEA      	MOVWF       FSR0H 
0x067A	0xFFE6CFEE  	MOVFF       POSTINC0, POSTINC1
;CPComunicacion.c,143 :: 		for (j=0;j<tramaPDUSize;j++){                      //Rellena la trama de PDU con los datos de interes de la trama de peticion, es decir, obviando los ultimos 2 bytes de CRC y los 2 de End
0x067E	0x2B88      	INCF        VerificarCRC_j_L0, 1, 1
;CPComunicacion.c,145 :: 		}
0x0680	0xD7E5      	BRA         L_VerificarCRC9
L_VerificarCRC10:
;CPComunicacion.c,146 :: 		crcCalculado = CalcularCRC(pdu, tramaPDUSize);     //Invoca la funcion para el calculo del CRC de la trama PDU
0x0682	0x0E79      	MOVLW       VerificarCRC_pdu_L0
0x0684	0x6F8F      	MOVWF       FARG_CalcularCRC_trama, 1
0x0686	0x0E00      	MOVLW       hi_addr(VerificarCRC_pdu_L0)
0x0688	0x6F90      	MOVWF       FARG_CalcularCRC_trama+1, 1
0x068A	0xF091C078  	MOVFF       FARG_VerificarCRC_tramaPDUSize, FARG_CalcularCRC_tramaSize
0x068E	0xDE3A      	RCALL       _CalcularCRC
0x0690	0xF089C000  	MOVFF       R0, VerificarCRC_crcCalculado_L0
0x0694	0xF08AC001  	MOVFF       R1, VerificarCRC_crcCalculado_L0+1
;CPComunicacion.c,147 :: 		ptrCRCTrama = &CRCTrama;                           //Asociacion del puntero CRCPDU
0x0698	0x0E8B      	MOVLW       VerificarCRC_crcTrama_L0
0x069A	0x6F8D      	MOVWF       VerificarCRC_ptrCRCTrama_L0, 1
0x069C	0x0E00      	MOVLW       hi_addr(VerificarCRC_crcTrama_L0)
0x069E	0x6F8E      	MOVWF       VerificarCRC_ptrCRCTrama_L0+1, 1
;CPComunicacion.c,148 :: 		*ptrCRCTrama = trama[tramaPDUSize+2];              //Asigna el elemento CRC_LSB de la trama de respuesta al LSB de la variable CRCPDU
0x06A0	0x0E02      	MOVLW       2
0x06A2	0x2578      	ADDWF       FARG_VerificarCRC_tramaPDUSize, 0, 1
0x06A4	0x6E00      	MOVWF       R0 
0x06A6	0x6A01      	CLRF        R1 
0x06A8	0x0E00      	MOVLW       0
0x06AA	0x2201      	ADDWFC      R1, 1 
0x06AC	0x5000      	MOVF        R0, 0 
0x06AE	0x2576      	ADDWF       FARG_VerificarCRC_trama, 0, 1
0x06B0	0x6EE9      	MOVWF       FSR0L 
0x06B2	0x5001      	MOVF        R1, 0 
0x06B4	0x2177      	ADDWFC      FARG_VerificarCRC_trama+1, 0, 1
0x06B6	0x6EEA      	MOVWF       FSR0H 
0x06B8	0xFFE1C08D  	MOVFF       VerificarCRC_ptrCRCTrama_L0, FSR1L
0x06BC	0xFFE2C08E  	MOVFF       VerificarCRC_ptrCRCTrama_L0+1, FSR1H
0x06C0	0xFFE6CFEE  	MOVFF       POSTINC0, POSTINC1
;CPComunicacion.c,149 :: 		*(ptrCRCTrama+1) = trama[tramaPDUSize+1];          //Asigna el elemento CRC_MSB de la trama de respuesta al MSB de la variable CRCPDU
0x06C4	0x0E01      	MOVLW       1
0x06C6	0x258D      	ADDWF       VerificarCRC_ptrCRCTrama_L0, 0, 1
0x06C8	0x6EE1      	MOVWF       FSR1L 
0x06CA	0x0E00      	MOVLW       0
0x06CC	0x218E      	ADDWFC      VerificarCRC_ptrCRCTrama_L0+1, 0, 1
0x06CE	0x6EE2      	MOVWF       FSR1H 
0x06D0	0x5178      	MOVF        FARG_VerificarCRC_tramaPDUSize, 0, 1
0x06D2	0x0F01      	ADDLW       1
0x06D4	0x6E00      	MOVWF       R0 
0x06D6	0x6A01      	CLRF        R1 
0x06D8	0x0E00      	MOVLW       0
0x06DA	0x2201      	ADDWFC      R1, 1 
0x06DC	0x5000      	MOVF        R0, 0 
0x06DE	0x2576      	ADDWF       FARG_VerificarCRC_trama, 0, 1
0x06E0	0x6EE9      	MOVWF       FSR0L 
0x06E2	0x5001      	MOVF        R1, 0 
0x06E4	0x2177      	ADDWFC      FARG_VerificarCRC_trama+1, 0, 1
0x06E6	0x6EEA      	MOVWF       FSR0H 
0x06E8	0xFFE6CFEE  	MOVFF       POSTINC0, POSTINC1
;CPComunicacion.c,150 :: 		if (crcCalculado==CRCTrama) {                      //Verifica si el CRC calculado sea igual al CRC obtenido de la trama de peticion
0x06EC	0x518A      	MOVF        VerificarCRC_crcCalculado_L0+1, 0, 1
0x06EE	0x198C      	XORWF       VerificarCRC_crcTrama_L0+1, 0, 1
0x06F0	0xE102      	BNZ         L__VerificarCRC97
0x06F2	0x518B      	MOVF        VerificarCRC_crcTrama_L0, 0, 1
0x06F4	0x1989      	XORWF       VerificarCRC_crcCalculado_L0, 0, 1
L__VerificarCRC97:
0x06F6	0xE103      	BNZ         L_VerificarCRC12
;CPComunicacion.c,151 :: 		return 1;
0x06F8	0x0E01      	MOVLW       1
0x06FA	0x6E00      	MOVWF       R0 
0x06FC	0xD001      	BRA         L_end_VerificarCRC
;CPComunicacion.c,152 :: 		} else {
L_VerificarCRC12:
;CPComunicacion.c,153 :: 		return 0;
0x06FE	0x6A00      	CLRF        R0 
;CPComunicacion.c,155 :: 		}
L_end_VerificarCRC:
0x0700	0x0012      	RETURN      0
; end of _VerificarCRC
_EnviarNACK:
;CPComunicacion.c,177 :: 		void EnviarNACK(unsigned char puerto){
;CPComunicacion.c,178 :: 		if (puerto==1){
0x0702	0x0100      	MOVLB       0
0x0704	0x5176      	MOVF        FARG_EnviarNACK_puerto, 0, 1
0x0706	0x0A01      	XORLW       1
0x0708	0xE10B      	BNZ         L_EnviarNACK20
;CPComunicacion.c,179 :: 		RE_DE = 1;                                      //Establece el Max485 en modo escritura
0x070A	0x8482      	BSF         RC2_bit, BitPos(RC2_bit+0) 
;CPComunicacion.c,180 :: 		UART1_Write(NACK);                              //Envia el valor de la Cabecera de la trama ACK por el puerto UART1
0x070C	0x0EAF      	MOVLW       175
0x070E	0x6F8F      	MOVWF       FARG_UART1_Write_data_, 1
0x0710	0xDDC5      	RCALL       _UART1_Write
;CPComunicacion.c,181 :: 		while(UART1_Tx_Idle()==0);                      //Espera hasta que se haya terminado de enviar todo el dato por UART antes de continuar
L_EnviarNACK21:
0x0712	0xDDB9      	RCALL       _UART1_Tx_Idle
0x0714	0x5000      	MOVF        R0, 0 
0x0716	0x0A00      	XORLW       0
0x0718	0xE101      	BNZ         L_EnviarNACK22
0x071A	0xD7FB      	BRA         L_EnviarNACK21
L_EnviarNACK22:
;CPComunicacion.c,182 :: 		RE_DE = 0;                                      //Establece el Max485-2 en modo de lectura;
0x071C	0x9482      	BCF         RC2_bit, BitPos(RC2_bit+0) 
;CPComunicacion.c,183 :: 		} else {
0x071E	0xD009      	BRA         L_EnviarNACK23
L_EnviarNACK20:
;CPComunicacion.c,184 :: 		UART2_Write(NACK);                              //Envia el valor de la Cabecera de la trama ACK por el puerto UART2
0x0720	0x0EAF      	MOVLW       175
0x0722	0x0100      	MOVLB       0
0x0724	0x6F8F      	MOVWF       FARG_UART2_Write_data_, 1
0x0726	0xDDB4      	RCALL       _UART2_Write
;CPComunicacion.c,185 :: 		while(UART2_Tx_Idle()==0);                      //Espera hasta que se haya terminado de enviar todo el dato por UART antes de continuar
L_EnviarNACK24:
0x0728	0xDE1A      	RCALL       _UART2_Tx_Idle
0x072A	0x5000      	MOVF        R0, 0 
0x072C	0x0A00      	XORLW       0
0x072E	0xE101      	BNZ         L_EnviarNACK25
0x0730	0xD7FB      	BRA         L_EnviarNACK24
L_EnviarNACK25:
;CPComunicacion.c,186 :: 		}
L_EnviarNACK23:
;CPComunicacion.c,187 :: 		}
L_end_EnviarNACK:
0x0732	0x0012      	RETURN      0
; end of _EnviarNACK
_UART1_Read:
;__Lib_UART_c67b67.c,44 :: 		
;__Lib_UART_c67b67.c,47 :: 		
0x0734	0xF001CFAE  	MOVFF       RCREG, R1
;__Lib_UART_c67b67.c,48 :: 		
0x0738	0xA2AB      	BTFSS       RCSTA, 1 
0x073A	0xD002      	BRA         L_UART1_Read2
;__Lib_UART_c67b67.c,49 :: 		
0x073C	0x98AB      	BCF         RCSTA, 4 
;__Lib_UART_c67b67.c,50 :: 		
0x073E	0x88AB      	BSF         RCSTA, 4 
;__Lib_UART_c67b67.c,51 :: 		
L_UART1_Read2:
;__Lib_UART_c67b67.c,52 :: 		
0x0740	0xF000C001  	MOVFF       R1, R0
;__Lib_UART_c67b67.c,53 :: 		
L_end_UART1_Read:
0x0744	0x0012      	RETURN      0
; end of _UART1_Read
_main:
;CPComunicacion.c,431 :: 		void main() {
;CPComunicacion.c,433 :: 		ConfiguracionPrincipal();
0x0746	0xDF43      	RCALL       _ConfiguracionPrincipal
;CPComunicacion.c,434 :: 		RE_DE = 0;                                               //Establece el Max485-1 en modo de lectura;
0x0748	0x9482      	BCF         RC2_bit, BitPos(RC2_bit+0) 
;CPComunicacion.c,435 :: 		RInt = 0;
0x074A	0x9282      	BCF         RC1_bit, BitPos(RC1_bit+0) 
;CPComunicacion.c,436 :: 		i1=0;
0x074C	0x6A3B      	CLRF        _i1 
;CPComunicacion.c,437 :: 		contadorTOD = 0;                                         //Inicia el contador de Time-Out-Dispositivo
0x074E	0x6A3C      	CLRF        _contadorTOD 
;CPComunicacion.c,438 :: 		contadorNACK = 0;                                        //Inicia el contador de NACK
0x0750	0x6A3F      	CLRF        _contadorNACK 
;CPComunicacion.c,439 :: 		banTI=0;                                                 //Limpia la bandera de inicio de trama
0x0752	0x6A40      	CLRF        _banTI 
;CPComunicacion.c,440 :: 		banTC=0;                                                 //Limpia la bandera de trama completa
0x0754	0x6A3D      	CLRF        _banTC 
;CPComunicacion.c,441 :: 		banTF=0;                                                 //Limpia la bandera de final de trama
0x0756	0x6A3E      	CLRF        _banTF 
;CPComunicacion.c,443 :: 		AUX = 0;
0x0758	0x9681      	BCF         RB3_bit, BitPos(RB3_bit+0) 
;CPComunicacion.c,444 :: 		t1Size = 0;
0x075A	0x6A20      	CLRF        _t1Size 
;CPComunicacion.c,446 :: 		}
L_end_main:
0x075C	0xD7FF      	BRA         $+0
; end of _main
Symbol List:
//** Routines locations **
//ADDRESS    SIZE    PROCEDURE
//----------------------------------------------
0x0008     [638]    _interrupt
0x0286      [10]    _UART1_Tx_Idle
0x0290      [12]    _UART2_Write
0x029C      [14]    _UART1_Write
0x02AA      [90]    _SPI1_Init_Advanced
0x0304      [90]    _CalcularCRC
0x035E      [10]    _UART2_Tx_Idle
0x0368      [86]    _UART1_Init
0x03BE      [72]    _EnviarErrorSPI
0x0406      [50]    _EnviarACK
0x0438     [298]    _EnviarMensajeRS485
0x0562     [108]    _EnviarMensajeSPI
0x05CE     [110]    _ConfiguracionPrincipal
0x063C     [198]    _VerificarCRC
0x0702      [50]    _EnviarNACK
0x0734      [18]    _UART1_Read
0x0746      [24]    _main
//** Variables locations ** 
//ADDRESS    SIZE    VARIABLE
//----------------------------------------------
0x0000       [1]    SPI2_Write_tmp_L0
0x0000       [1]    R0
0x0000       [1]    UART1_Init_tmp_L0
0x0000       [1]    SPI1_Write_tmp_L0
0x0000       [1]    UART2_Init_tmp_L0
0x0001       [1]    R1
0x0001       [1]    UART1_Read___tmp_UART1_Read_L0
0x0001       [1]    UART2_Read___tmp_UART2_Read_L0
0x0002       [1]    R2
0x0002       [1]    CalcularCRC_ucCounter_L0
0x0003       [1]    R3
0x0003       [2]    CalcularCRC_CRC16_L0
0x0004       [1]    R4
0x0005       [1]    R5
0x0006       [1]    R6
0x0007       [1]    R7
0x0008       [1]    R8
0x0009       [1]    R9
0x000A       [1]    R10
0x000B       [1]    R11
0x000C       [1]    R12
0x000D       [1]    R13
0x000E       [1]    R14
0x000F       [1]    R15
0x0010       [1]    R16
0x0011       [1]    R17
0x0012       [1]    R18
0x0013       [1]    R19
0x0014       [1]    R20
0x0018       [4]    _SPI_Wr_Ptr
0x001C       [4]    _UART_Wr_Ptr
0x0020       [1]    _t1Size
0x0021       [4]    _SPI_Rd_Ptr
0x0025       [4]    _UART_Tx_Idle_Ptr
0x0029      [10]    _pduSPI
0x0033       [4]    _UART_Rd_Ptr
0x0037       [4]    _UART_Rdy_Ptr
0x003B       [1]    _i1
0x003C       [1]    _contadorTOD
0x003D       [1]    _banTC
0x003E       [1]    _banTF
0x003F       [1]    _contadorNACK
0x0040       [1]    _banTI
0x0041      [25]    _tramaRS485
0x005A       [1]    _pduSize
0x005B       [1]    _banResp
0x005C      [15]    _tramaPDU
0x006B       [1]    _banSPI
0x006C       [1]    _tramaOk
0x006D       [1]    _byteTrama
0x006E       [1]    _banLec
0x006F       [1]    _i
0x0070       [1]    _buffer
0x0071       [1]    _banEsc
0x0072       [1]    FARG_SPI1_Init_Advanced_master
0x0073       [1]    FARG_SPI1_Init_Advanced_data_sample
0x0074       [1]    FARG_SPI1_Init_Advanced_clock_idle
0x0075       [1]    FARG_SPI1_Init_Advanced_transmit_edge
0x0076       [1]    FARG_EnviarACK_puerto
0x0076       [2]    FARG_EnviarErrorSPI_trama
0x0076       [2]    FARG_EnviarMensajeSPI_trama
0x0076       [1]    FARG_EnviarNACK_puerto
0x0076       [2]    FARG_VerificarCRC_trama
0x0076       [2]    FARG_EnviarMensajeRS485_PDU
0x0078       [1]    FARG_EnviarErrorSPI_codigoError
0x0078       [1]    FARG_EnviarMensajeRS485_sizePDU
0x0078       [1]    FARG_VerificarCRC_tramaPDUSize
0x0078       [1]    FARG_EnviarMensajeSPI_pduSize2
0x0079       [1]    EnviarMensajeRS485_i_L0
0x0079       [1]    EnviarMensajeSPI_j_L0
0x0079      [15]    VerificarCRC_pdu_L0
0x007A       [2]    EnviarMensajeRS485_CRCPDU_L0
0x007C       [2]    EnviarMensajeRS485_ptrCRCPDU_L0
0x0088       [1]    VerificarCRC_j_L0
0x0089       [2]    VerificarCRC_crcCalculado_L0
0x008B       [2]    VerificarCRC_crcTrama_L0
0x008D       [2]    VerificarCRC_ptrCRCTrama_L0
0x008F       [1]    FARG_UART1_Write_data_
0x008F       [1]    FARG_UART2_Write_data_
0x008F       [2]    FARG_CalcularCRC_trama
0x0091       [1]    FARG_CalcularCRC_tramaSize
0x0F39       [1]    ANSELB
0x0F3A       [1]    ANSELC
0x0F72       [1]    TXSTA2
0x0F73       [1]    TXREG2
0x0F81       [0]    RB3_bit
0x0F81       [0]    RB4_bit
0x0F81       [0]    AUX
0x0F81       [0]    IU1
0x0F82       [0]    RInt
0x0F82       [0]    RE_DE
0x0F82       [0]    RC2_bit
0x0F82       [0]    RC1_bit
0x0F93       [0]    TRISB4_bit
0x0F93       [0]    TRISB3_bit
0x0F93       [0]    TRISB1_bit
0x0F94       [0]    TRISC1_bit
0x0F94       [0]    TRISC4_bit
0x0F94       [0]    TRISC3_bit
0x0F94       [0]    TRISC2_bit
0x0F94       [0]    TRISC5_bit
0x0F94       [0]    TRISC7_bit
0x0F94       [0]    TRISC6_bit
0x0F9D       [1]    PIE1
0x0F9E       [0]    TMR1IF_bit
0x0F9E       [1]    PIR1
0x0F9E       [0]    TMR2IF_bit
0x0FAB       [1]    RCSTA
0x0FAC       [1]    TXSTA
0x0FAD       [1]    TXREG
0x0FAE       [1]    RCREG
0x0FAF       [1]    SPBRG
0x0FB0       [1]    SPBRGH
0x0FB8       [1]    BAUDCON
0x0FBA       [1]    T2CON
0x0FBB       [1]    PR2
0x0FC6       [1]    SSP1CON1
0x0FC7       [1]    SSP1STAT
0x0FC9       [1]    SSPBUF
0x0FCD       [1]    T1CON
0x0FCE       [1]    TMR1L
0x0FCF       [1]    TMR1H
0x0FD8       [1]    STATUS
0x0FD9       [1]    FSR2L
0x0FDA       [1]    FSR2H
0x0FDE       [1]    POSTINC2
0x0FE0       [1]    BSR
0x0FE1       [1]    FSR1L
0x0FE2       [1]    FSR1H
0x0FE4       [1]    PREINC1
0x0FE6       [1]    POSTINC1
0x0FE7       [1]    INDF1
0x0FE8       [1]    WREG
0x0FE9       [1]    FSR0L
0x0FEA       [1]    FSR0H
0x0FEE       [1]    POSTINC0
0x0FF2       [1]    INTCON
0x0FF3       [1]    PRODL
0x0FF4       [1]    PRODH
0x0FF5       [1]    TABLAT
0x0FF6       [1]    TBLPTRL
0x0FF7       [1]    TBLPTRH
0x0FF8       [1]    TBLPTRU
