0	1	mikroCdsPIC.exe -MSF -DBG -pP33EP256MC202 -DL -SSA -O11111114 -fo80 -N"C:\Users\milto\Milton\RSA\Git\Registro Continuo\SistemaRegistroContinuo\Firmware\Acelerografo\Acelerografo.mcpds" -SP"C:\Users\Public\Documents\Mikroelektronika\mikroC PRO for dsPIC\defs\" -SP"C:\Users\Public\Documents\Mikroelektronika\mikroC PRO for dsPIC\uses\" -SP"C:\Users\milto\Milton\RSA\Git\Registro Continuo\SistemaRegistroContinuo\Firmware\Acelerografo\" -IP"C:\Users\milto\Milton\RSA\Git\Registro Continuo\SistemaRegistroContinuo\Firmware\Librerias firmware\" "Acelerografo.c" "__Lib_Math.mcl" "__Lib_MathDouble.mcl" "__Lib_System.mcl" "__Lib_Delays.mcl" "__Lib_CType.mcl" "__Lib_CString.mcl" "__Lib_CStdlib.mcl" "__Lib_Conversions.mcl" "__Lib_SPI_12.mcl" "__Lib_UART_12_p24_p33.mcl"	 
diagnostics: 0	121	Loading...	 
diagnostics: 0	122	Compilation Started	adxl355_spi.c
warning: 164	1503	Result is not defined in function: ''	adxl355_spi.c
warning: 165	1503	Result is not defined in function: 'ADXL355_read_data'	adxl355_spi.c
warning: 187	1503	Result is not defined in function: ''	adxl355_spi.c
warning: 188	1503	Result is not defined in function: 'ADXL355_read_FIFO'	adxl355_spi.c
hint: 89	1163	Variable 'valueSet' has been declared, but not used	tiempo_rtc.c
hint: 0	1004	interrupt handler (spi_1 at 0x0028)	Acelerografo.c
hint: 0	1004	interrupt handler (int_1 at 0x003C)	Acelerografo.c
hint: 0	1004	interrupt handler (Timer1Int at 0x001A)	Acelerografo.c
hint: 0	1004	interrupt handler (urx_1 at 0x002A)	Acelerografo.c
diagnostics: 791	123	Compiled Successfully	Acelerografo.c
warning: 152	1519	Logical expression is always: 'False'	Acelerografo.c
hint: 134	1164	Variable 'value' has been eliminated by optimizer	Acelerografo.c
hint: 146	1164	Variable 'muestra' has been eliminated by optimizer	Acelerografo.c
hint: 169	1164	Variable 'add' has been eliminated by optimizer	Acelerografo.c
hint: 54	1164	Variable 'fechaGPS' has been eliminated by optimizer	Acelerografo.c
hint: 85	1164	Variable 'horaGPS' has been eliminated by optimizer	Acelerografo.c
hint: 77	1164	Variable 'value' has been eliminated by optimizer	Acelerografo.c
hint: 130	1164	Variable 'valueRead' has been eliminated by optimizer	Acelerografo.c
hint: 131	1164	Variable 'hora' has been eliminated by optimizer	Acelerografo.c
hint: 159	1164	Variable 'valueRead' has been eliminated by optimizer	Acelerografo.c
hint: 162	1164	Variable 'anio' has been eliminated by optimizer	Acelerografo.c
hint: 191	1164	Variable 'fechaInc' has been eliminated by optimizer	Acelerografo.c
hint: 12	1164	Variable 'fechaRPi' has been eliminated by optimizer	Acelerografo.c
hint: 23	1164	Variable 'horaRPi' has been eliminated by optimizer	Acelerografo.c
diagnostics: 0	127	All files Compiled in 140 ms	 
hint: 0	1144	Used RX (bytes): 32 (100%)   Free RX (bytes): 0 (0%)	Used RX (bytes): 32 (100%)   Free RX (bytes): 0 (0%)
hint: 0	1144	Static RAM (bytes): 2980   Dynamic RAM (bytes): 25692	Static RAM (bytes): 2980   Dynamic RAM (bytes): 25692
hint: 0	1144	Used ROM (bytes): 5984 (3%)  Free ROM (bytes): 170124 (97%)	Used ROM (bytes): 5984 (3%)  Free ROM (bytes): 170124 (97%)
diagnostics: 0	125	Project Linked Successfully	Acelerografo.mcpds
diagnostics: 0	128	Linked in 141 ms	 
diagnostics: 0	129	Project 'Acelerografo.mcpds' completed: 391 ms	 
diagnostics: 0	103	Finished successfully: 15 ago. 2022, 23:42:31	Acelerografo.mcpds
