;  LST file generated by mikroListExporter - v.2.0 
; Date/Time: 13/08/2018 11:50:16
;----------------------------------------------

;Address Opcode 	ASM
0x0000	0xF000EFE9  	GOTO        466
_interrupt:
;Esclavo.c,50 :: 		void interrupt(void){
0x0008	0xF016C000  	MOVFF       R0, 22
0x000C	0xF015C001  	MOVFF       R1, 21
;Esclavo.c,51 :: 		if(PIR1.F5==1){
0x0010	0xF017CFE1  	MOVFF       FSR1L, 23
0x0014	0xF018CFE2  	MOVFF       FSR1H, 24
0x0018	0xAA9E      	BTFSS       PIR1, 5 
0x001A	0xD040      	BRA         L_interrupt0
;Esclavo.c,53 :: 		Dato = UART1_Read();                            //Recibe el byte por el Uart1 y lo almacena en la variable Dato
0x001C	0xD87B      	RCALL       _UART1_Read
0x001E	0xF0A1C000  	MOVFF       R0, _Dato
;Esclavo.c,58 :: 		if (Dato==Hdr){
0x0022	0x5000      	MOVF        R0, 0 
0x0024	0x0A3A      	XORLW       58
0x0026	0xE104      	BNZ         L_interrupt1
;Esclavo.c,59 :: 		BanTI = 1;
0x0028	0x0E01      	MOVLW       1
0x002A	0x0100      	MOVLB       0
0x002C	0x6F8E      	MOVWF       _BanTI, 1
;Esclavo.c,60 :: 		it = 0;
0x002E	0x6BA2      	CLRF        _it, 1
;Esclavo.c,62 :: 		}
L_interrupt1:
0x0030	0x0100      	MOVLB       0
;Esclavo.c,64 :: 		if (BanTI==1){                                  //Verifica que la bandera de inicio de trama este activa
0x0032	0x518E      	MOVF        _BanTI, 0, 1
0x0034	0x0A01      	XORLW       1
0x0036	0xE131      	BNZ         L_interrupt2
;Esclavo.c,66 :: 		if ((BanTF==1)&&(Dato==End2)){               //Verifica que se cumpla la condicion de final de trama
0x0038	0x518C      	MOVF        _BanTF, 0, 1
0x003A	0x0A01      	XORLW       1
0x003C	0xE111      	BNZ         L_interrupt5
0x003E	0x51A1      	MOVF        _Dato, 0, 1
0x0040	0x0A0A      	XORLW       10
0x0042	0xE10E      	BNZ         L_interrupt5
L__interrupt50:
;Esclavo.c,67 :: 		Ptcn[it] = 0;                             //Borrar el ultimo elemento de la trama de respuesta, por que corresponde al primer byte del delimitador de final de trama
0x0044	0x0E1D      	MOVLW       _Ptcn
0x0046	0x6EE1      	MOVWF       FSR1L 
0x0048	0x0E00      	MOVLW       hi_addr(_Ptcn)
0x004A	0x6EE2      	MOVWF       FSR1H 
0x004C	0x51A2      	MOVF        _it, 0, 1
0x004E	0x26E1      	ADDWF       FSR1L, 1 
0x0050	0xB0D8      	BTFSC       STATUS, 0 
0x0052	0x2AE2      	INCF        FSR1H, 1 
0x0054	0x6AE6      	CLRF        POSTINC1 
;Esclavo.c,68 :: 		PSize = it;                               //Establece la longitud de la trama de respuesta sin considerar el ultimo elemento
0x0056	0xF0A7C0A2  	MOVFF       _it, _Psize
;Esclavo.c,69 :: 		BanTI = 0;                                //Limpia la bandera de inicio de trama para no permitir que se almacene mas datos en la trama de respuesta
0x005A	0x6B8E      	CLRF        _BanTI, 1
;Esclavo.c,70 :: 		BanTC = 1;                                //Activa la bandera de trama completa
0x005C	0x0E01      	MOVLW       1
0x005E	0x6F8D      	MOVWF       _BanTC, 1
;Esclavo.c,71 :: 		}
L_interrupt5:
;Esclavo.c,73 :: 		if (Dato!=End1){                             //Verifica que el dato recibido sea diferente del primer byte del delimitador de final de trama
0x0060	0x51A1      	MOVF        _Dato, 0, 1
0x0062	0x0A0D      	XORLW       13
0x0064	0xE00D      	BZ          L_interrupt6
;Esclavo.c,74 :: 		Ptcn[it] = Dato;                          //Almacena el dato en la trama de respuesta
0x0066	0x0E1D      	MOVLW       _Ptcn
0x0068	0x6EE1      	MOVWF       FSR1L 
0x006A	0x0E00      	MOVLW       hi_addr(_Ptcn)
0x006C	0x6EE2      	MOVWF       FSR1H 
0x006E	0x51A2      	MOVF        _it, 0, 1
0x0070	0x26E1      	ADDWF       FSR1L, 1 
0x0072	0xB0D8      	BTFSC       STATUS, 0 
0x0074	0x2AE2      	INCF        FSR1H, 1 
0x0076	0xFFE6C0A1  	MOVFF       _Dato, POSTINC1
;Esclavo.c,75 :: 		it++;                                     //Aumenta el subindice en una unidad para permitir almacenar el siguiente dato del mensaje
0x007A	0x2BA2      	INCF        _it, 1, 1
;Esclavo.c,76 :: 		BanTF = 0;                                //Limpia la bandera de final de trama
0x007C	0x6B8C      	CLRF        _BanTF, 1
;Esclavo.c,77 :: 		} else {
0x007E	0xD00D      	BRA         L_interrupt7
L_interrupt6:
;Esclavo.c,78 :: 		Ptcn[it] = Dato;                          //Almacena el dato en la trama de respuesta
0x0080	0x0E1D      	MOVLW       _Ptcn
0x0082	0x6EE1      	MOVWF       FSR1L 
0x0084	0x0E00      	MOVLW       hi_addr(_Ptcn)
0x0086	0x6EE2      	MOVWF       FSR1H 
0x0088	0x51A2      	MOVF        _it, 0, 1
0x008A	0x26E1      	ADDWF       FSR1L, 1 
0x008C	0xB0D8      	BTFSC       STATUS, 0 
0x008E	0x2AE2      	INCF        FSR1H, 1 
0x0090	0xFFE6C0A1  	MOVFF       _Dato, POSTINC1
;Esclavo.c,79 :: 		it++;                                     //Aumenta el subindice en una unidad para permitir almacenar el siguiente dato del mensaje
0x0094	0x2BA2      	INCF        _it, 1, 1
;Esclavo.c,80 :: 		BanTF = 1;                                //Si el dato recibido es el primer byte de final de trama activa la bandera
0x0096	0x0E01      	MOVLW       1
0x0098	0x6F8C      	MOVWF       _BanTF, 1
;Esclavo.c,81 :: 		}
L_interrupt7:
;Esclavo.c,83 :: 		}
L_interrupt2:
;Esclavo.c,85 :: 		PIR1.F5 = 0;                                 //Limpia la bandera de interrupcion
0x009A	0x9A9E      	BCF         PIR1, 5 
;Esclavo.c,86 :: 		}
L_interrupt0:
;Esclavo.c,87 :: 		}
L_end_interrupt:
L__interrupt52:
0x009C	0xF000C016  	MOVFF       22, R0
0x00A0	0xF001C015  	MOVFF       21, R1
0x00A4	0xFFE1C017  	MOVFF       23, FSR1L
0x00A8	0xFFE2C018  	MOVFF       24, FSR1H
0x00AC	0x0011      	RETFIE      1
; end of _interrupt
_UART1_Init:
;__Lib_UART_c67b67.c,20 :: 		
;__Lib_UART_c67b67.c,23 :: 		
0x00AE	0x0E06      	MOVLW       _UART1_Write
0x00B0	0x0100      	MOVLB       0
0x00B2	0x6FA3      	MOVWF       _UART_Wr_Ptr, 1
0x00B4	0x0E01      	MOVLW       hi_addr(_UART1_Write)
0x00B6	0x6FA4      	MOVWF       _UART_Wr_Ptr+1, 1
0x00B8	0x0E0C      	MOVLW       FARG_UART1_Write_data_
0x00BA	0x6FA5      	MOVWF       _UART_Wr_Ptr+2, 1
0x00BC	0x0E01      	MOVLW       hi_addr(FARG_UART1_Write_data_)
0x00BE	0x6FA6      	MOVWF       _UART_Wr_Ptr+3, 1
;__Lib_UART_c67b67.c,24 :: 		
0x00C0	0x0E14      	MOVLW       _UART1_Read
0x00C2	0x6F99      	MOVWF       _UART_Rd_Ptr, 1
0x00C4	0x0E01      	MOVLW       hi_addr(_UART1_Read)
0x00C6	0x6F9A      	MOVWF       _UART_Rd_Ptr+1, 1
0x00C8	0x0E00      	MOVLW       0
0x00CA	0x6F9B      	MOVWF       _UART_Rd_Ptr+2, 1
0x00CC	0x0E00      	MOVLW       0
0x00CE	0x6F9C      	MOVWF       _UART_Rd_Ptr+3, 1
;__Lib_UART_c67b67.c,25 :: 		
0x00D0	0x0EFF      	MOVLW       _UART1_Data_Ready
0x00D2	0x6F95      	MOVWF       _UART_Rdy_Ptr, 1
0x00D4	0x0EFF      	MOVLW       hi_addr(_UART1_Data_Ready)
0x00D6	0x6F96      	MOVWF       _UART_Rdy_Ptr+1, 1
0x00D8	0x0E00      	MOVLW       0
0x00DA	0x6F97      	MOVWF       _UART_Rdy_Ptr+2, 1
0x00DC	0x0E00      	MOVLW       0
0x00DE	0x6F98      	MOVWF       _UART_Rdy_Ptr+3, 1
;__Lib_UART_c67b67.c,26 :: 		
0x00E0	0x0EC8      	MOVLW       _UART1_Tx_Idle
0x00E2	0x6F9D      	MOVWF       _UART_Tx_Idle_Ptr, 1
0x00E4	0x0E01      	MOVLW       hi_addr(_UART1_Tx_Idle)
0x00E6	0x6F9E      	MOVWF       _UART_Tx_Idle_Ptr+1, 1
0x00E8	0x0E00      	MOVLW       0
0x00EA	0x6F9F      	MOVWF       _UART_Tx_Idle_Ptr+2, 1
0x00EC	0x0E00      	MOVLW       0
0x00EE	0x6FA0      	MOVWF       _UART_Tx_Idle_Ptr+3, 1
;__Lib_UART_c67b67.c,28 :: 		
0x00F0	0x8AAC      	BSF         TXSTA, 5 
;__Lib_UART_c67b67.c,29 :: 		
0x00F2	0x0E90      	MOVLW       144
0x00F4	0x6EAB      	MOVWF       RCSTA 
;__Lib_UART_c67b67.c,30 :: 		
0x00F6	0x8E94      	BSF         TRISC7_bit, BitPos(TRISC7_bit+0) 
;__Lib_UART_c67b67.c,31 :: 		
0x00F8	0x9C94      	BCF         TRISC6_bit, BitPos(TRISC6_bit+0) 
;__Lib_UART_c67b67.c,33 :: 		
L_UART1_Init0:
0x00FA	0xAA9E      	BTFSS       PIR1, 5 
0x00FC	0xD003      	BRA         L_UART1_Init1
;__Lib_UART_c67b67.c,34 :: 		
0x00FE	0xF000CFAE  	MOVFF       RCREG, R0
0x0102	0xD7FB      	BRA         L_UART1_Init0
L_UART1_Init1:
;__Lib_UART_c67b67.c,35 :: 		
L_end_UART1_Init:
0x0104	0x0012      	RETURN      0
; end of _UART1_Init
_UART1_Write:
;__Lib_UART_c67b67.c,63 :: 		
;__Lib_UART_c67b67.c,64 :: 		
L_UART1_Write3:
0x0106	0xB2AC      	BTFSC       TXSTA, 1 
0x0108	0xD002      	BRA         L_UART1_Write4
;__Lib_UART_c67b67.c,65 :: 		
0x010A	0x0000      	NOP
0x010C	0xD7FC      	BRA         L_UART1_Write3
L_UART1_Write4:
;__Lib_UART_c67b67.c,66 :: 		
0x010E	0xFFADC10C  	MOVFF       FARG_UART1_Write_data_, TXREG
;__Lib_UART_c67b67.c,67 :: 		
L_end_UART1_Write:
0x0112	0x0012      	RETURN      0
; end of _UART1_Write
_UART1_Read:
;__Lib_UART_c67b67.c,44 :: 		
;__Lib_UART_c67b67.c,47 :: 		
0x0114	0xF001CFAE  	MOVFF       RCREG, R1
;__Lib_UART_c67b67.c,48 :: 		
0x0118	0xA2AB      	BTFSS       RCSTA, 1 
0x011A	0xD002      	BRA         L_UART1_Read2
;__Lib_UART_c67b67.c,49 :: 		
0x011C	0x98AB      	BCF         RCSTA, 4 
;__Lib_UART_c67b67.c,50 :: 		
0x011E	0x88AB      	BSF         RCSTA, 4 
;__Lib_UART_c67b67.c,51 :: 		
L_UART1_Read2:
;__Lib_UART_c67b67.c,52 :: 		
0x0120	0xF000C001  	MOVFF       R1, R0
;__Lib_UART_c67b67.c,53 :: 		
L_end_UART1_Read:
0x0124	0x0012      	RETURN      0
; end of _UART1_Read
_ModbusRTU_CRC16:
;Esclavo.c,123 :: 		unsigned int ModbusRTU_CRC16(unsigned char* ptucBuffer, unsigned int uiLen)
;Esclavo.c,127 :: 		for(uiCRCResult=0xFFFF; uiLen!=0; uiLen --)
0x0126	0x0EFF      	MOVLW       255
0x0128	0x6E03      	MOVWF       R3 
0x012A	0x0EFF      	MOVLW       255
0x012C	0x6E04      	MOVWF       R4 
L_ModbusRTU_CRC1624:
0x012E	0x0E00      	MOVLW       0
0x0130	0x0101      	MOVLB       1
0x0132	0x190F      	XORWF       FARG_ModbusRTU_CRC16_uiLen+1, 0, 1
0x0134	0xE102      	BNZ         L__ModbusRTU_CRC1657
0x0136	0x0E00      	MOVLW       0
0x0138	0x190E      	XORWF       FARG_ModbusRTU_CRC16_uiLen, 0, 1
L__ModbusRTU_CRC1657:
0x013A	0xE023      	BZ          L_ModbusRTU_CRC1625
;Esclavo.c,129 :: 		uiCRCResult ^=*ptucBuffer ++;
0x013C	0xFFD9C10C  	MOVFF       FARG_ModbusRTU_CRC16_ptucBuffer, FSR2L
0x0140	0xFFDAC10D  	MOVFF       FARG_ModbusRTU_CRC16_ptucBuffer+1, FSR2H
0x0144	0x50DE      	MOVF        POSTINC2, 0 
0x0146	0x1A03      	XORWF       R3, 1 
0x0148	0x0E00      	MOVLW       0
0x014A	0x1A04      	XORWF       R4, 1 
0x014C	0x4B0C      	INFSNZ      FARG_ModbusRTU_CRC16_ptucBuffer, 1, 1
0x014E	0x2B0D      	INCF        FARG_ModbusRTU_CRC16_ptucBuffer+1, 1, 1
;Esclavo.c,130 :: 		for(ucCounter =0; ucCounter <8; ucCounter ++)
0x0150	0x6A02      	CLRF        R2 
L_ModbusRTU_CRC1627:
0x0152	0x0E08      	MOVLW       8
0x0154	0x5C02      	SUBWF       R2, 0 
0x0156	0xE20F      	BC          L_ModbusRTU_CRC1628
;Esclavo.c,132 :: 		if(uiCRCResult & 0x0001)
0x0158	0xA003      	BTFSS       R3, 0 
0x015A	0xD008      	BRA         L_ModbusRTU_CRC1630
;Esclavo.c,133 :: 		uiCRCResult =( uiCRCResult >>1)^PolModbus;
0x015C	0x3204      	RRCF        R4, 1 
0x015E	0x3203      	RRCF        R3, 1 
0x0160	0x9E04      	BCF         R4, 7 
0x0162	0x0E01      	MOVLW       1
0x0164	0x1A03      	XORWF       R3, 1 
0x0166	0x0EA0      	MOVLW       160
0x0168	0x1A04      	XORWF       R4, 1 
0x016A	0xD003      	BRA         L_ModbusRTU_CRC1631
L_ModbusRTU_CRC1630:
;Esclavo.c,135 :: 		uiCRCResult >>=1;
0x016C	0x3204      	RRCF        R4, 1 
0x016E	0x3203      	RRCF        R3, 1 
0x0170	0x9E04      	BCF         R4, 7 
L_ModbusRTU_CRC1631:
;Esclavo.c,130 :: 		for(ucCounter =0; ucCounter <8; ucCounter ++)
0x0172	0x2A02      	INCF        R2, 1 
;Esclavo.c,136 :: 		}
0x0174	0xD7EE      	BRA         L_ModbusRTU_CRC1627
L_ModbusRTU_CRC1628:
0x0176	0x0101      	MOVLB       1
;Esclavo.c,127 :: 		for(uiCRCResult=0xFFFF; uiLen!=0; uiLen --)
0x0178	0x0E01      	MOVLW       1
0x017A	0x5F0E      	SUBWF       FARG_ModbusRTU_CRC16_uiLen, 1, 1
0x017C	0x0E00      	MOVLW       0
0x017E	0x5B0F      	SUBWFB      FARG_ModbusRTU_CRC16_uiLen+1, 1, 1
;Esclavo.c,137 :: 		}
0x0180	0xD7D6      	BRA         L_ModbusRTU_CRC1624
L_ModbusRTU_CRC1625:
;Esclavo.c,138 :: 		return uiCRCResult;
0x0182	0xF000C003  	MOVFF       R3, R0
0x0186	0xF001C004  	MOVFF       R4, R1
;Esclavo.c,139 :: 		}
L_end_ModbusRTU_CRC16:
0x018A	0x0012      	RETURN      0
; end of _ModbusRTU_CRC16
_Configuracion:
;Esclavo.c,143 :: 		void Configuracion(){
;Esclavo.c,145 :: 		ANSELA = 0;                                       //Configura PORTA como digital
0x018C	0x010F      	MOVLB       15
0x018E	0x6B38      	CLRF        ANSELA, 1
;Esclavo.c,146 :: 		ANSELB = 0;                                       //Configura PORTB como digital
0x0190	0x6B39      	CLRF        ANSELB, 1
;Esclavo.c,147 :: 		ANSELC = 0;                                       //Configura PORTC como digital
0x0192	0x6B3A      	CLRF        ANSELC, 1
;Esclavo.c,149 :: 		TRISA = 1;                                        //Configura el puerto A como entrada
0x0194	0x0E01      	MOVLW       1
0x0196	0x6E92      	MOVWF       TRISA 
;Esclavo.c,150 :: 		TRISC4_bit = 0;                                   //Configura el pin C4 como salida
0x0198	0x9894      	BCF         TRISC4_bit, BitPos(TRISC4_bit+0) 
;Esclavo.c,151 :: 		TRISC5_bit = 0;                                   //Configura el pin C5 como salida
0x019A	0x9A94      	BCF         TRISC5_bit, BitPos(TRISC5_bit+0) 
;Esclavo.c,152 :: 		TRISC0_bit = 1;                                   //Configura el pin C0 como entrada
0x019C	0x8094      	BSF         TRISC0_bit, BitPos(TRISC0_bit+0) 
;Esclavo.c,153 :: 		TRISC1_bit = 1;                                   //Configura el pin C1 como entrada
0x019E	0x8294      	BSF         TRISC1_bit, BitPos(TRISC1_bit+0) 
;Esclavo.c,156 :: 		INTCON.GIE = 1;                                   //Habilita las interrupciones globales
0x01A0	0x8EF2      	BSF         INTCON, 7 
;Esclavo.c,157 :: 		INTCON.PEIE = 1;                                  //Habilita las interrupciones perifericas
0x01A2	0x8CF2      	BSF         INTCON, 6 
;Esclavo.c,159 :: 		PIE1.RC1IE = 1;                                   //Habilita la interrupcion en UART1 receive
0x01A4	0x8A9D      	BSF         PIE1, 5 
;Esclavo.c,160 :: 		PIR1.F5 = 0;                                      //Limpia la bandera de interrupcion
0x01A6	0x9A9E      	BCF         PIR1, 5 
;Esclavo.c,162 :: 		UART1_Init(19200);                                 //Inicializa el UART1 a 19200 bps
0x01A8	0x86B8      	BSF         BAUDCON, 3, 0
0x01AA	0x6AB0      	CLRF        SPBRGH 
0x01AC	0x0E67      	MOVLW       103
0x01AE	0x6EAF      	MOVWF       SPBRG 
0x01B0	0x84AC      	BSF         TXSTA, 2, 0
0x01B2	0xDF7D      	RCALL       _UART1_Init
;Esclavo.c,163 :: 		Delay_ms(10);                                    //Espera para que el modulo UART se estabilice
0x01B4	0x0E1A      	MOVLW       26
0x01B6	0x6E0C      	MOVWF       R12, 0
0x01B8	0x0EF8      	MOVLW       248
0x01BA	0x6E0D      	MOVWF       R13, 0
L_Configuracion32:
0x01BC	0x2E0D      	DECFSZ      R13, 1, 0
0x01BE	0xD7FE      	BRA         L_Configuracion32
0x01C0	0x2E0C      	DECFSZ      R12, 1, 0
0x01C2	0xD7FC      	BRA         L_Configuracion32
0x01C4	0x0000      	NOP
;Esclavo.c,165 :: 		}
L_end_Configuracion:
0x01C6	0x0012      	RETURN      0
; end of _Configuracion
_UART1_Tx_Idle:
;__Lib_UART_c67b67.c,57 :: 		
;__Lib_UART_c67b67.c,58 :: 		
0x01C8	0x0E00      	MOVLW       0
0x01CA	0xB2AC      	BTFSC       TXSTA, 1 
0x01CC	0x0E01      	MOVLW       1
0x01CE	0x6E00      	MOVWF       R0 
;__Lib_UART_c67b67.c,59 :: 		
L_end_UART1_Tx_Idle:
0x01D0	0x0012      	RETURN      0
; end of _UART1_Tx_Idle
_main:
;Esclavo.c,168 :: 		void main() {
;Esclavo.c,170 :: 		Configuracion();
0x01D2	0xDFDC      	RCALL       _Configuracion
;Esclavo.c,172 :: 		BanTI = 0;                                                     //Inicializa las banderas de trama
0x01D4	0x6B8E      	CLRF        _BanTI, 1
;Esclavo.c,173 :: 		BanTC = 0;
0x01D6	0x6B8D      	CLRF        _BanTC, 1
;Esclavo.c,174 :: 		BanTF = 0;
0x01D8	0x6B8C      	CLRF        _BanTF, 1
;Esclavo.c,176 :: 		RC5_bit = 0;                                                   //Establece el Max485 en modo de lectura;
0x01DA	0x9A82      	BCF         RC5_bit, BitPos(RC5_bit+0) 
;Esclavo.c,177 :: 		RC4_bit = 0;
0x01DC	0x9882      	BCF         RC4_bit, BitPos(RC4_bit+0) 
;Esclavo.c,179 :: 		CRC16 = 0;                                                     //Inicializa los valores del CRC obtenido y calculado con valores diferentes
0x01DE	0x6B93      	CLRF        _CRC16, 1
0x01E0	0x6B94      	CLRF        _CRC16+1, 1
;Esclavo.c,180 :: 		CRCPDU = 1;
0x01E2	0x0E01      	MOVLW       1
0x01E4	0x6F91      	MOVWF       _CRCPDU, 1
0x01E6	0x0E00      	MOVLW       0
0x01E8	0x6F92      	MOVWF       _CRCPDU+1, 1
;Esclavo.c,182 :: 		ptrCRC16 = &CRC16;                                             //Asociacion del puntero CRC16
0x01EA	0x0E93      	MOVLW       _CRC16
0x01EC	0x6F8F      	MOVWF       _ptrCRC16, 1
0x01EE	0x0E00      	MOVLW       hi_addr(_CRC16)
0x01F0	0x6F90      	MOVWF       _ptrCRC16+1, 1
;Esclavo.c,183 :: 		ptrCRCPDU = &CRCPDU;                                           //Asociacion del puntero CRCPDU
0x01F2	0x0E91      	MOVLW       _CRCPDU
0x01F4	0x6F8A      	MOVWF       _ptrCRCPDU, 1
0x01F6	0x0E00      	MOVLW       hi_addr(_CRCPDU)
0x01F8	0x6F8B      	MOVWF       _ptrCRCPDU+1, 1
;Esclavo.c,185 :: 		Add = 0x01;                                                    //Direccion del esclavo a quien se realiza la peticion (Ejemplo)
0x01FA	0x0E01      	MOVLW       1
0x01FC	0x6E1B      	MOVWF       _Add 
;Esclavo.c,186 :: 		Fcn = 0x02;                                                    //Funcion solicitada al esclavo (Ejemplo)
0x01FE	0x0E02      	MOVLW       2
0x0200	0x6E1A      	MOVWF       _Fcn 
;Esclavo.c,187 :: 		Rsize = 9;
0x0202	0x0E09      	MOVLW       9
0x0204	0x6E19      	MOVWF       _Rsize 
;Esclavo.c,194 :: 		Rspt[0] = Hdr;                                           //Se rellena el primer byte de la trama de respuesta con el delimitador de inicio de trama
0x0206	0x0E3A      	MOVLW       58
0x0208	0x6F81      	MOVWF       _Rspt, 1
;Esclavo.c,195 :: 		Rspt[1] = Add;                                           //Se rellena el segundo byte de la trama de repuesta con la Add del sensor
0x020A	0x0E01      	MOVLW       1
0x020C	0x6F82      	MOVWF       _Rspt+1, 1
;Esclavo.c,196 :: 		Rspt[7] = End1;                                          //Se rellena el penultimo byte de la trama de repuesta con el primer byte del delimitador de final de trama
0x020E	0x0E0D      	MOVLW       13
0x0210	0x6F88      	MOVWF       _Rspt+7, 1
;Esclavo.c,197 :: 		Rspt[8] = End2;                                          //Se rellena el penultimo byte de la trama de repuesta con el segundo byte del delimitador de final de trama
0x0212	0x0E0A      	MOVLW       10
0x0214	0x6F89      	MOVWF       _Rspt+8, 1
;Esclavo.c,199 :: 		while (1){
L_main33:
;Esclavo.c,201 :: 		if (BanTC==1){                                     //Verifica si se realizo una peticion comprobando el estado de la bandera de trama completa
0x0216	0x518D      	MOVF        _BanTC, 0, 1
0x0218	0x0A01      	XORLW       1
0x021A	0xA4D8      	BTFSS       STATUS, 2 
0x021C	0xD0C0      	BRA         L_main35
;Esclavo.c,203 :: 		if (Ptcn[1]==Add){                              //Verifica que el campo de direccion de la trama de respuesta concuerde con la direccion del esclavo solicitado
0x021E	0x501E      	MOVF        _Ptcn+1, 0 
0x0220	0x181B      	XORWF       _Add, 0 
0x0222	0xA4D8      	BTFSS       STATUS, 2 
0x0224	0xD0BB      	BRA         L_main36
;Esclavo.c,205 :: 		for (i=0;i<=(Psize-5);i++){                 //Rellena la trama de PDU con los datos de interes de la trama de peticion, es decir, obviando los ultimos 2 bytes de CRC y los 2 de End
0x0226	0x6A1C      	CLRF        _i 
L_main37:
0x0228	0x0E05      	MOVLW       5
0x022A	0x5DA7      	SUBWF       _Psize, 0, 1
0x022C	0x6E01      	MOVWF       R1 
0x022E	0x6A02      	CLRF        R2 
0x0230	0x0E00      	MOVLW       0
0x0232	0x5A02      	SUBWFB      R2, 1 
0x0234	0x0E80      	MOVLW       128
0x0236	0x1802      	XORWF       R2, 0 
0x0238	0x6E00      	MOVWF       R0 
0x023A	0x0E80      	MOVLW       128
0x023C	0x5C00      	SUBWF       R0, 0 
0x023E	0xE102      	BNZ         L__main60
0x0240	0x501C      	MOVF        _i, 0 
0x0242	0x5C01      	SUBWF       R1, 0 
L__main60:
0x0244	0xE318      	BNC         L_main38
;Esclavo.c,206 :: 		PDU[i] = Ptcn[i+1];
0x0246	0x0EA8      	MOVLW       _PDU
0x0248	0x6EE1      	MOVWF       FSR1L 
0x024A	0x0E00      	MOVLW       hi_addr(_PDU)
0x024C	0x6EE2      	MOVWF       FSR1H 
0x024E	0x501C      	MOVF        _i, 0 
0x0250	0x26E1      	ADDWF       FSR1L, 1 
0x0252	0xB0D8      	BTFSC       STATUS, 0 
0x0254	0x2AE2      	INCF        FSR1H, 1 
0x0256	0x501C      	MOVF        _i, 0 
0x0258	0x0F01      	ADDLW       1
0x025A	0x6E00      	MOVWF       R0 
0x025C	0x6A01      	CLRF        R1 
0x025E	0x0E00      	MOVLW       0
0x0260	0x2201      	ADDWFC      R1, 1 
0x0262	0x0E1D      	MOVLW       _Ptcn
0x0264	0x2400      	ADDWF       R0, 0 
0x0266	0x6EE9      	MOVWF       FSR0L 
0x0268	0x0E00      	MOVLW       hi_addr(_Ptcn)
0x026A	0x2001      	ADDWFC      R1, 0 
0x026C	0x6EEA      	MOVWF       FSR0H 
0x026E	0xFFE6CFEE  	MOVFF       POSTINC0, POSTINC1
;Esclavo.c,205 :: 		for (i=0;i<=(Psize-5);i++){                 //Rellena la trama de PDU con los datos de interes de la trama de peticion, es decir, obviando los ultimos 2 bytes de CRC y los 2 de End
0x0272	0x2A1C      	INCF        _i, 1 
;Esclavo.c,207 :: 		}
0x0274	0xD7D9      	BRA         L_main37
L_main38:
;Esclavo.c,209 :: 		CRC16 = ModbusRTU_CRC16(PDU, 4);            //Calcula el CRC de la trama PDU y la almacena en la variable CRC16
0x0276	0x0EA8      	MOVLW       _PDU
0x0278	0x0101      	MOVLB       1
0x027A	0x6F0C      	MOVWF       FARG_ModbusRTU_CRC16_ptucBuffer, 1
0x027C	0x0E00      	MOVLW       hi_addr(_PDU)
0x027E	0x6F0D      	MOVWF       FARG_ModbusRTU_CRC16_ptucBuffer+1, 1
0x0280	0x0E04      	MOVLW       4
0x0282	0x6F0E      	MOVWF       FARG_ModbusRTU_CRC16_uiLen, 1
0x0284	0x0E00      	MOVLW       0
0x0286	0x6F0F      	MOVWF       FARG_ModbusRTU_CRC16_uiLen+1, 1
0x0288	0xDF4E      	RCALL       _ModbusRTU_CRC16
0x028A	0xF093C000  	MOVFF       R0, _CRC16
0x028E	0xF094C001  	MOVFF       R1, _CRC16+1
;Esclavo.c,210 :: 		*ptrCRCPDU = Ptcn[Psize-2];                 //Asigna el elemento CRC_LSB de la trama de respuesta al LSB de la variable CRCPDU
0x0292	0x0E02      	MOVLW       2
0x0294	0x0100      	MOVLB       0
0x0296	0x5DA7      	SUBWF       _Psize, 0, 1
0x0298	0x6E00      	MOVWF       R0 
0x029A	0x6A01      	CLRF        R1 
0x029C	0x0E00      	MOVLW       0
0x029E	0x5A01      	SUBWFB      R1, 1 
0x02A0	0x0E1D      	MOVLW       _Ptcn
0x02A2	0x2400      	ADDWF       R0, 0 
0x02A4	0x6EE9      	MOVWF       FSR0L 
0x02A6	0x0E00      	MOVLW       hi_addr(_Ptcn)
0x02A8	0x2001      	ADDWFC      R1, 0 
0x02AA	0x6EEA      	MOVWF       FSR0H 
0x02AC	0xFFE1C08A  	MOVFF       _ptrCRCPDU, FSR1L
0x02B0	0xFFE2C08B  	MOVFF       _ptrCRCPDU+1, FSR1H
0x02B4	0xFFE6CFEE  	MOVFF       POSTINC0, POSTINC1
;Esclavo.c,211 :: 		*(ptrCRCPDU+1) = Ptcn[Psize-3];             //Asigna el elemento CRC_MSB de la trama de respuesta al MSB de la variable CRCPDU
0x02B8	0x0E01      	MOVLW       1
0x02BA	0x258A      	ADDWF       _ptrCRCPDU, 0, 1
0x02BC	0x6EE1      	MOVWF       FSR1L 
0x02BE	0x0E00      	MOVLW       0
0x02C0	0x218B      	ADDWFC      _ptrCRCPDU+1, 0, 1
0x02C2	0x6EE2      	MOVWF       FSR1H 
0x02C4	0x0E03      	MOVLW       3
0x02C6	0x5DA7      	SUBWF       _Psize, 0, 1
0x02C8	0x6E00      	MOVWF       R0 
0x02CA	0x6A01      	CLRF        R1 
0x02CC	0x0E00      	MOVLW       0
0x02CE	0x5A01      	SUBWFB      R1, 1 
0x02D0	0x0E1D      	MOVLW       _Ptcn
0x02D2	0x2400      	ADDWF       R0, 0 
0x02D4	0x6EE9      	MOVWF       FSR0L 
0x02D6	0x0E00      	MOVLW       hi_addr(_Ptcn)
0x02D8	0x2001      	ADDWFC      R1, 0 
0x02DA	0x6EEA      	MOVWF       FSR0H 
0x02DC	0xFFE6CFEE  	MOVFF       POSTINC0, POSTINC1
;Esclavo.c,213 :: 		if (CRC16==CRCPDU) {                        //Verifica si el CRC calculado sea igual al CRC obtenido de la trama de peticion
0x02E0	0x5194      	MOVF        _CRC16+1, 0, 1
0x02E2	0x1992      	XORWF       _CRCPDU+1, 0, 1
0x02E4	0xE102      	BNZ         L__main61
0x02E6	0x5191      	MOVF        _CRCPDU, 0, 1
0x02E8	0x1993      	XORWF       _CRC16, 0, 1
L__main61:
0x02EA	0xE156      	BNZ         L_main40
;Esclavo.c,218 :: 		RC4_bit = ~RC4_bit;                      //Indicador
0x02EC	0x7882      	BTG         RC4_bit, BitPos(RC4_bit+0) 
;Esclavo.c,219 :: 		Rspt[2] = Ptcn[2];                       //Rellena el campo de funcion con la funcion requerida en la trama de peticion
0x02EE	0xF083C01F  	MOVFF       _Ptcn+2, _Rspt+2
;Esclavo.c,220 :: 		Rspt[3] = 0xAA;                          //Rellena el campo de datos con los valores 0xAAFF
0x02F2	0x0EAA      	MOVLW       170
0x02F4	0x6F84      	MOVWF       _Rspt+3, 1
;Esclavo.c,221 :: 		Rspt[4] = 0xFF;
0x02F6	0x0EFF      	MOVLW       255
0x02F8	0x6F85      	MOVWF       _Rspt+4, 1
;Esclavo.c,223 :: 		for (i=0;i<=3;i++){                      //Rellena la trama de PDU con los datos de interes de la trama de respuesta
0x02FA	0x6A1C      	CLRF        _i 
L_main41:
0x02FC	0x501C      	MOVF        _i, 0 
0x02FE	0x0803      	SUBLW       3
0x0300	0xE318      	BNC         L_main42
;Esclavo.c,224 :: 		PDU[i] = Rspt[i+1];
0x0302	0x0EA8      	MOVLW       _PDU
0x0304	0x6EE1      	MOVWF       FSR1L 
0x0306	0x0E00      	MOVLW       hi_addr(_PDU)
0x0308	0x6EE2      	MOVWF       FSR1H 
0x030A	0x501C      	MOVF        _i, 0 
0x030C	0x26E1      	ADDWF       FSR1L, 1 
0x030E	0xB0D8      	BTFSC       STATUS, 0 
0x0310	0x2AE2      	INCF        FSR1H, 1 
0x0312	0x501C      	MOVF        _i, 0 
0x0314	0x0F01      	ADDLW       1
0x0316	0x6E00      	MOVWF       R0 
0x0318	0x6A01      	CLRF        R1 
0x031A	0x0E00      	MOVLW       0
0x031C	0x2201      	ADDWFC      R1, 1 
0x031E	0x0E81      	MOVLW       _Rspt
0x0320	0x2400      	ADDWF       R0, 0 
0x0322	0x6EE9      	MOVWF       FSR0L 
0x0324	0x0E00      	MOVLW       hi_addr(_Rspt)
0x0326	0x2001      	ADDWFC      R1, 0 
0x0328	0x6EEA      	MOVWF       FSR0H 
0x032A	0xFFE6CFEE  	MOVFF       POSTINC0, POSTINC1
;Esclavo.c,223 :: 		for (i=0;i<=3;i++){                      //Rellena la trama de PDU con los datos de interes de la trama de respuesta
0x032E	0x2A1C      	INCF        _i, 1 
;Esclavo.c,225 :: 		}
0x0330	0xD7E5      	BRA         L_main41
L_main42:
;Esclavo.c,227 :: 		CRC16 = ModbusRTU_CRC16(PDU, 4);         //Calcula el CRC de la trama PDU y la almacena en la variable CRC16
0x0332	0x0EA8      	MOVLW       _PDU
0x0334	0x0101      	MOVLB       1
0x0336	0x6F0C      	MOVWF       FARG_ModbusRTU_CRC16_ptucBuffer, 1
0x0338	0x0E00      	MOVLW       hi_addr(_PDU)
0x033A	0x6F0D      	MOVWF       FARG_ModbusRTU_CRC16_ptucBuffer+1, 1
0x033C	0x0E04      	MOVLW       4
0x033E	0x6F0E      	MOVWF       FARG_ModbusRTU_CRC16_uiLen, 1
0x0340	0x0E00      	MOVLW       0
0x0342	0x6F0F      	MOVWF       FARG_ModbusRTU_CRC16_uiLen+1, 1
0x0344	0xDEF0      	RCALL       _ModbusRTU_CRC16
0x0346	0xF093C000  	MOVFF       R0, _CRC16
0x034A	0xF094C001  	MOVFF       R1, _CRC16+1
;Esclavo.c,228 :: 		Rspt[6] = *ptrCRC16;                     //CRC_LSB
0x034E	0xFFE9C08F  	MOVFF       _ptrCRC16, FSR0L
0x0352	0xFFEAC090  	MOVFF       _ptrCRC16+1, FSR0H
0x0356	0xF087CFEE  	MOVFF       POSTINC0, _Rspt+6
;Esclavo.c,229 :: 		Rspt[5] = *(ptrCRC16+1);                 //CRC_MSB
0x035A	0x0E01      	MOVLW       1
0x035C	0x0100      	MOVLB       0
0x035E	0x258F      	ADDWF       _ptrCRC16, 0, 1
0x0360	0x6EE9      	MOVWF       FSR0L 
0x0362	0x0E00      	MOVLW       0
0x0364	0x2190      	ADDWFC      _ptrCRC16+1, 0, 1
0x0366	0x6EEA      	MOVWF       FSR0H 
0x0368	0xF086CFEE  	MOVFF       POSTINC0, _Rspt+5
;Esclavo.c,231 :: 		for (i=0;i<=8;i++){
0x036C	0x6A1C      	CLRF        _i 
L_main44:
0x036E	0x501C      	MOVF        _i, 0 
0x0370	0x0808      	SUBLW       8
0x0372	0xE30D      	BNC         L_main45
;Esclavo.c,232 :: 		UART1_Write(Rspt[i]);                //Envia la trama de respuesta
0x0374	0x0E81      	MOVLW       _Rspt
0x0376	0x6EE9      	MOVWF       FSR0L 
0x0378	0x0E00      	MOVLW       hi_addr(_Rspt)
0x037A	0x6EEA      	MOVWF       FSR0H 
0x037C	0x501C      	MOVF        _i, 0 
0x037E	0x26E9      	ADDWF       FSR0L, 1 
0x0380	0xB0D8      	BTFSC       STATUS, 0 
0x0382	0x2AEA      	INCF        FSR0H, 1 
0x0384	0xF10CCFEE  	MOVFF       POSTINC0, FARG_UART1_Write_data_
0x0388	0xDEBE      	RCALL       _UART1_Write
;Esclavo.c,231 :: 		for (i=0;i<=8;i++){
0x038A	0x2A1C      	INCF        _i, 1 
;Esclavo.c,233 :: 		}
0x038C	0xD7F0      	BRA         L_main44
L_main45:
;Esclavo.c,234 :: 		while(UART1_Tx_Idle()==0);
L_main47:
0x038E	0xDF1C      	RCALL       _UART1_Tx_Idle
0x0390	0x5000      	MOVF        R0, 0 
0x0392	0x0A00      	XORLW       0
0x0394	0xE101      	BNZ         L_main48
0x0396	0xD7FB      	BRA         L_main47
L_main48:
;Esclavo.c,236 :: 		}
L_main40:
;Esclavo.c,237 :: 		BanTC = 0;
0x0398	0x0100      	MOVLB       0
0x039A	0x6B8D      	CLRF        _BanTC, 1
;Esclavo.c,238 :: 		}
L_main36:
;Esclavo.c,240 :: 		BanTC = 0;                                      //Limpia la bandera de trama completa
0x039C	0x6B8D      	CLRF        _BanTC, 1
;Esclavo.c,242 :: 		}
L_main35:
;Esclavo.c,244 :: 		Delay_ms(10);
0x039E	0x0E1A      	MOVLW       26
0x03A0	0x6E0C      	MOVWF       R12, 0
0x03A2	0x0EF8      	MOVLW       248
0x03A4	0x6E0D      	MOVWF       R13, 0
L_main49:
0x03A6	0x2E0D      	DECFSZ      R13, 1, 0
0x03A8	0xD7FE      	BRA         L_main49
0x03AA	0x2E0C      	DECFSZ      R12, 1, 0
0x03AC	0xD7FC      	BRA         L_main49
0x03AE	0x0000      	NOP
;Esclavo.c,247 :: 		}
0x03B0	0xD732      	BRA         L_main33
;Esclavo.c,249 :: 		}
L_end_main:
0x03B2	0xD7FF      	BRA         $+0
; end of _main
Symbol List:
//** Routines locations **
//ADDRESS    SIZE    PROCEDURE
//----------------------------------------------
0x0008     [166]    _interrupt
0x00AE      [88]    _UART1_Init
0x0106      [14]    _UART1_Write
0x0114      [18]    _UART1_Read
0x0126     [102]    _ModbusRTU_CRC16
0x018C      [60]    _Configuracion
0x01C8      [10]    _UART1_Tx_Idle
0x01D2     [482]    _main
//** Variables locations ** 
//ADDRESS    SIZE    VARIABLE
//----------------------------------------------
0x0000       [1]    UART2_Init_tmp_L0
0x0000       [1]    UART1_Init_tmp_L0
0x0000       [1]    R0
0x0001       [1]    UART1_Read___tmp_UART1_Read_L0
0x0001       [1]    UART2_Read___tmp_UART2_Read_L0
0x0001       [1]    R1
0x0002       [1]    R2
0x0002       [1]    ModbusRTU_CRC16_ucCounter_L0
0x0003       [1]    R3
0x0003       [2]    ModbusRTU_CRC16_uiCRCResult_L0
0x0004       [1]    R4
0x0005       [1]    R5
0x0006       [1]    R6
0x0007       [1]    R7
0x0008       [1]    R8
0x0009       [1]    R9
0x000A       [1]    R10
0x000B       [1]    R11
0x000C       [1]    R12
0x000D       [1]    R13
0x000E       [1]    R14
0x000F       [1]    R15
0x0010       [1]    R16
0x0011       [1]    R17
0x0012       [1]    R18
0x0013       [1]    R19
0x0014       [1]    R20
0x0019       [1]    _Rsize
0x001A       [1]    _Fcn
0x001B       [1]    _Add
0x001C       [1]    _i
0x001D     [100]    _Ptcn
0x0081       [9]    _Rspt
0x008A       [2]    _ptrCRCPDU
0x008C       [1]    _BanTF
0x008D       [1]    _BanTC
0x008E       [1]    _BanTI
0x008F       [2]    _ptrCRC16
0x0091       [2]    _CRCPDU
0x0093       [2]    _CRC16
0x0095       [4]    _UART_Rdy_Ptr
0x0099       [4]    _UART_Rd_Ptr
0x009D       [4]    _UART_Tx_Idle_Ptr
0x00A1       [1]    _Dato
0x00A2       [1]    _it
0x00A3       [4]    _UART_Wr_Ptr
0x00A7       [1]    _Psize
0x00A8     [100]    _PDU
0x010C       [2]    FARG_ModbusRTU_CRC16_ptucBuffer
0x010C       [1]    FARG_UART1_Write_data_
0x010E       [2]    FARG_ModbusRTU_CRC16_uiLen
0x0F38       [1]    ANSELA
0x0F39       [1]    ANSELB
0x0F3A       [1]    ANSELC
0x0F82       [0]    RC4_bit
0x0F82       [0]    RC5_bit
0x0F92       [1]    TRISA
0x0F94       [0]    TRISC7_bit
0x0F94       [0]    TRISC4_bit
0x0F94       [0]    TRISC5_bit
0x0F94       [0]    TRISC6_bit
0x0F94       [0]    TRISC0_bit
0x0F94       [0]    TRISC1_bit
0x0F9D       [1]    PIE1
0x0F9E       [1]    PIR1
0x0FAB       [1]    RCSTA
0x0FAC       [1]    TXSTA
0x0FAD       [1]    TXREG
0x0FAE       [1]    RCREG
0x0FAF       [1]    SPBRG
0x0FB0       [1]    SPBRGH
0x0FB8       [1]    BAUDCON
0x0FD8       [1]    STATUS
0x0FD9       [1]    FSR2L
0x0FDA       [1]    FSR2H
0x0FDE       [1]    POSTINC2
0x0FE0       [1]    BSR
0x0FE1       [1]    FSR1L
0x0FE2       [1]    FSR1H
0x0FE4       [1]    PREINC1
0x0FE6       [1]    POSTINC1
0x0FE7       [1]    INDF1
0x0FE8       [1]    WREG
0x0FE9       [1]    FSR0L
0x0FEA       [1]    FSR0H
0x0FEE       [1]    POSTINC0
0x0FF2       [1]    INTCON
0x0FF3       [1]    PRODL
0x0FF4       [1]    PRODH
0x0FF5       [1]    TABLAT
0x0FF6       [1]    TBLPTRL
0x0FF7       [1]    TBLPTRH
0x0FF8       [1]    TBLPTRU
