;  LST file generated by mikroListExporter - v.2.0 
; Date/Time: 10/12/2018 16:03:08
;----------------------------------------------

;Address Opcode 	ASM
0x0000	0x2C0E      	GOTO       1038
_interrupt:
0x0004	0x00FF      	MOVWF      R15
0x0005	0x0E03      	SWAPF      STATUS, 0
0x0006	0x0183      	CLRF       STATUS
0x0007	0x00DC      	MOVWF      ___saveSTATUS
0x0008	0x080A      	MOVF       PCLATH, 0
0x0009	0x00D5      	MOVWF      ___savePCLATH
0x000A	0x018A      	CLRF       PCLATH
0x000B	0x0870      	MOVF       R0, 0
0x000C	0x00A2      	MOVWF      34
0x000D	0x087C      	MOVF       R12, 0
0x000E	0x00A1      	MOVWF      33
0x000F	0x087D      	MOVF       R13, 0
0x0010	0x00A0      	MOVWF      32
0x0011	0x0804      	MOVF       FSR, 0
0x0012	0x00A3      	MOVWF      35
;EsclavoComunicacion.c,333 :: 		void interrupt(){
;EsclavoComunicacion.c,337 :: 		if (INTCON.INTF==1){
0x0013	0x1C8B      	BTFSS      INTCON, 1
0x0014	0x2859      	GOTO       L_interrupt66
;EsclavoComunicacion.c,338 :: 		INTCON.INTF=0;                                  //Limpia la badera de interrupcion externa
0x0015	0x108B      	BCF        INTCON, 1
;EsclavoComunicacion.c,339 :: 		if (banMed==1){
0x0016	0x0850      	MOVF       _banMed, 0
0x0017	0x3A01      	XORLW      1
0x0018	0x1D03      	BTFSS      STATUS, 2
0x0019	0x2852      	GOTO       L_interrupt67
;EsclavoComunicacion.c,341 :: 		CS = 0;                                      //Coloca en bajo el pin CS para abrir la transmision
0x001A	0x1107      	BCF        RC2_bit, BitPos(RC2_bit+0)
;EsclavoComunicacion.c,342 :: 		for (x=0;x<(numBytesSPI+1);x++){
0x001B	0x01AF      	CLRF       _x
L_interrupt68:
0x001C	0x0851      	MOVF       _numBytesSPI, 0
0x001D	0x3E01      	ADDLW      1
0x001E	0x00F1      	MOVWF      R1
0x001F	0x01F2      	CLRF       R1+1
0x0020	0x1803      	BTFSC      STATUS, 0
0x0021	0x0AF2      	INCF       R1+1, 1
0x0022	0x3080      	MOVLW      128
0x0023	0x00F0      	MOVWF      R0
0x0024	0x3080      	MOVLW      128
0x0025	0x0672      	XORWF      R1+1, 0
0x0026	0x0270      	SUBWF      R0, 0
0x0027	0x1D03      	BTFSS      STATUS, 2
0x0028	0x282B      	GOTO       L__interrupt122
0x0029	0x0871      	MOVF       R1, 0
0x002A	0x022F      	SUBWF      _x, 0
L__interrupt122:
0x002B	0x1803      	BTFSC      STATUS, 0
0x002C	0x2849      	GOTO       L_interrupt69
;EsclavoComunicacion.c,343 :: 		SSPBUF = 0xCC;                           //Envia x cantidad de bytes al esclavo segun el numero de bytes+1 que haya solicitado en la respuesta de la solicitud de medicion
0x002D	0x30CC      	MOVLW      204
0x002E	0x0093      	MOVWF      SSPBUF
;EsclavoComunicacion.c,344 :: 		if ((x>0)){
0x002F	0x082F      	MOVF       _x, 0
0x0030	0x3C00      	SUBLW      0
0x0031	0x1803      	BTFSC      STATUS, 0
0x0032	0x2843      	GOTO       L_interrupt71
;EsclavoComunicacion.c,345 :: 		while (SSPSTAT.BF!=1);
L_interrupt72:
0x0033	0x1683      	BSF        STATUS, 5
0x0034	0x1814      	BTFSC      SSPSTAT, 0
0x0035	0x2837      	GOTO       L_interrupt73
0x0036	0x2833      	GOTO       L_interrupt72
L_interrupt73:
;EsclavoComunicacion.c,346 :: 		resSPI[x+3] = SSPBUF;                 //Guarda la respuesta del EsclavoSensor en el vector resSPI a partir de la cuarta posicion
0x0037	0x3003      	MOVLW      3
0x0038	0x1283      	BCF        STATUS, 5
0x0039	0x072F      	ADDWF      _x, 0
0x003A	0x00F0      	MOVWF      R0
0x003B	0x01F1      	CLRF       R0+1
0x003C	0x1803      	BTFSC      STATUS, 0
0x003D	0x0AF1      	INCF       R0+1, 1
0x003E	0x0870      	MOVF       R0, 0
0x003F	0x3E33      	ADDLW      _resSPI
0x0040	0x0084      	MOVWF      FSR
0x0041	0x0813      	MOVF       SSPBUF, 0
0x0042	0x0080      	MOVWF      INDF
;EsclavoComunicacion.c,347 :: 		}
L_interrupt71:
;EsclavoComunicacion.c,348 :: 		Delay_us(200);
0x0043	0x3085      	MOVLW      133
0x0044	0x00FD      	MOVWF      R13
L_interrupt74:
0x0045	0x0BFD      	DECFSZ     R13, 1
0x0046	0x2845      	GOTO       L_interrupt74
;EsclavoComunicacion.c,342 :: 		for (x=0;x<(numBytesSPI+1);x++){
0x0047	0x0AAF      	INCF       _x, 1
;EsclavoComunicacion.c,349 :: 		}
0x0048	0x281C      	GOTO       L_interrupt68
L_interrupt69:
;EsclavoComunicacion.c,350 :: 		CS = 1;                                      //Coloca en alto el pin CS para cerrar la transmision
0x0049	0x1507      	BSF        RC2_bit, BitPos(RC2_bit+0)
;EsclavoComunicacion.c,352 :: 		resSPI[0] = idEsclavo;                       //Guarda en la primera posicion del vector PDU de respuesta el id del Esclavo
0x004A	0x082D      	MOVF       _idEsclavo, 0
0x004B	0x00B3      	MOVWF      _resSPI
;EsclavoComunicacion.c,353 :: 		resSPI[1] = t1Funcion;                       //Guarda en la segunda posicion del vector PDU el codigo de funcion requerido
0x004C	0x0827      	MOVF       _t1Funcion, 0
0x004D	0x00B4      	MOVWF      _resSPI+1
;EsclavoComunicacion.c,354 :: 		resSPI[2] = t1Registro;                      //Guarda en la tercera posicion del vector PDU el # de registro requerido
0x004E	0x082C      	MOVF       _t1Registro, 0
0x004F	0x00B5      	MOVWF      _resSPI+2
;EsclavoComunicacion.c,355 :: 		resSPI[3] = numBytesSPI;                     //Guarda en la cuarta posicion del vector PDU de respuesta el numero de bytes del payload
0x0050	0x0851      	MOVF       _numBytesSPI, 0
0x0051	0x00B6      	MOVWF      _resSPI+3
;EsclavoComunicacion.c,357 :: 		}
L_interrupt67:
;EsclavoComunicacion.c,358 :: 		banMed=0;
0x0052	0x01D0      	CLRF       _banMed
;EsclavoComunicacion.c,360 :: 		EnviarMensajeUART(resSPI,(numBytesSPI+4));
0x0053	0x3033      	MOVLW      _resSPI
0x0054	0x00E1      	MOVWF      FARG_EnviarMensajeUART_tramaPDU
0x0055	0x3004      	MOVLW      4
0x0056	0x0751      	ADDWF      _numBytesSPI, 0
0x0057	0x00E2      	MOVWF      FARG_EnviarMensajeUART_sizePDU
0x0058	0x225A      	CALL       _EnviarMensajeUART
;EsclavoComunicacion.c,362 :: 		}
L_interrupt66:
;EsclavoComunicacion.c,370 :: 		if (PIR1.RCIF==1){
0x0059	0x1283      	BCF        STATUS, 5
0x005A	0x1E8C      	BTFSS      PIR1, 5
0x005B	0x292E      	GOTO       L_interrupt75
;EsclavoComunicacion.c,372 :: 		IU1 = 1;                                        //Enciende el indicador de interrupcion por UART1
0x005C	0x1506      	BSF        RB2_bit, BitPos(RB2_bit+0)
;EsclavoComunicacion.c,373 :: 		byteTrama = UART1_Read();                       //Lee el byte de la trama de peticion
0x005D	0x2316      	CALL       _UART1_Read
0x005E	0x0870      	MOVF       R0, 0
0x005F	0x00A4      	MOVWF      _byteTrama
;EsclavoComunicacion.c,374 :: 		AUX = 1;
0x0060	0x1586      	BSF        RB3_bit, BitPos(RB3_bit+0)
;EsclavoComunicacion.c,376 :: 		if (banTI==0){
0x0061	0x083F      	MOVF       _banTI, 0
0x0062	0x3A00      	XORLW      0
0x0063	0x1D03      	BTFSS      STATUS, 2
0x0064	0x2889      	GOTO       L_interrupt76
;EsclavoComunicacion.c,377 :: 		if ((byteTrama==ACK)){                          //Verifica si recibio un ACK
0x0065	0x0824      	MOVF       _byteTrama, 0
0x0066	0x3AAA      	XORLW      170
0x0067	0x1D03      	BTFSS      STATUS, 2
0x0068	0x286D      	GOTO       L_interrupt77
;EsclavoComunicacion.c,379 :: 		T1CON.TMR1ON = 0;                            //Apaga el Timer1
0x0069	0x1010      	BCF        T1CON, 0
;EsclavoComunicacion.c,380 :: 		TMR1IF_bit = 0;                              //Limpia la bandera de interrupcion por desbordamiento del TMR1
0x006A	0x100C      	BCF        TMR1IF_bit, BitPos(TMR1IF_bit+0)
;EsclavoComunicacion.c,381 :: 		banTI=0;                                     //Limpia la bandera de inicio de trama
0x006B	0x01BF      	CLRF       _banTI
;EsclavoComunicacion.c,382 :: 		byteTrama=0;                                 //Limpia la variable del byte de la trama de peticion
0x006C	0x01A4      	CLRF       _byteTrama
;EsclavoComunicacion.c,383 :: 		}
L_interrupt77:
;EsclavoComunicacion.c,385 :: 		if ((byteTrama==NACK)){                         //Verifica si recibio un NACK
0x006D	0x0824      	MOVF       _byteTrama, 0
0x006E	0x3AAF      	XORLW      175
0x006F	0x1D03      	BTFSS      STATUS, 2
0x0070	0x287C      	GOTO       L_interrupt78
;EsclavoComunicacion.c,387 :: 		T1CON.TMR1ON = 0;                            //Apaga el Timer1
0x0071	0x1010      	BCF        T1CON, 0
;EsclavoComunicacion.c,388 :: 		TMR1IF_bit = 0;                              //Limpia la bandera de interrupcion por desbordamiento del TMR1
0x0072	0x100C      	BCF        TMR1IF_bit, BitPos(TMR1IF_bit+0)
;EsclavoComunicacion.c,389 :: 		if (contadorNACK<3){
0x0073	0x3003      	MOVLW      3
0x0074	0x0252      	SUBWF      _contadorNACK, 0
0x0075	0x1803      	BTFSC      STATUS, 0
0x0076	0x2879      	GOTO       L_interrupt79
;EsclavoComunicacion.c,391 :: 		contadorNACK++;                           //Incrrmenta en una unidad el valor del contador de NACK
0x0077	0x0AD2      	INCF       _contadorNACK, 1
;EsclavoComunicacion.c,392 :: 		} else {
0x0078	0x287A      	GOTO       L_interrupt80
L_interrupt79:
;EsclavoComunicacion.c,393 :: 		contadorNACK = 0;                         //Limpia el contador de Time-Out-Trama
0x0079	0x01D2      	CLRF       _contadorNACK
;EsclavoComunicacion.c,394 :: 		}
L_interrupt80:
;EsclavoComunicacion.c,395 :: 		banTI=0;                                     //Limpia la bandera de inicio de trama
0x007A	0x01BF      	CLRF       _banTI
;EsclavoComunicacion.c,396 :: 		byteTrama=0;                                 //Limpia la variable del byte de la trama de peticion
0x007B	0x01A4      	CLRF       _byteTrama
;EsclavoComunicacion.c,397 :: 		}
L_interrupt78:
;EsclavoComunicacion.c,399 :: 		if ((byteTrama==HDR)){
0x007C	0x0824      	MOVF       _byteTrama, 0
0x007D	0x3A3A      	XORLW      58
0x007E	0x1D03      	BTFSS      STATUS, 2
0x007F	0x2889      	GOTO       L_interrupt81
;EsclavoComunicacion.c,400 :: 		banTI = 1;                                   //Activa la bandera de inicio de trama
0x0080	0x3001      	MOVLW      1
0x0081	0x00BF      	MOVWF      _banTI
;EsclavoComunicacion.c,401 :: 		i1 = 0;                                      //Define en 1 el subindice de la trama de peticion
0x0082	0x01D4      	CLRF       _i1
;EsclavoComunicacion.c,402 :: 		tramaOk = 9;                                 //Limpia la variable que indica si la trama ha llegado correctamente
0x0083	0x3009      	MOVLW      9
0x0084	0x00A5      	MOVWF      _tramaOk
;EsclavoComunicacion.c,404 :: 		T2CON.TMR2ON = 1;                            //Enciende el Timer2
0x0085	0x1512      	BSF        T2CON, 2
;EsclavoComunicacion.c,405 :: 		PR2 = 249;                                   //Se carga el valor del preload correspondiente al tiempo de 2ms
0x0086	0x30F9      	MOVLW      249
0x0087	0x1683      	BSF        STATUS, 5
0x0088	0x0092      	MOVWF      PR2
;EsclavoComunicacion.c,406 :: 		}
L_interrupt81:
;EsclavoComunicacion.c,407 :: 		}
L_interrupt76:
;EsclavoComunicacion.c,409 :: 		if (banTI==1){                                  //Verifica que la bandera de inicio de trama este activa
0x0089	0x1283      	BCF        STATUS, 5
0x008A	0x083F      	MOVF       _banTI, 0
0x008B	0x3A01      	XORLW      1
0x008C	0x1D03      	BTFSS      STATUS, 2
0x008D	0x28B8      	GOTO       L_interrupt82
;EsclavoComunicacion.c,410 :: 		PIR1.TMR2IF = 0;                             //Limpia la bandera de interrupcion por desbordamiento del TMR2
0x008E	0x108C      	BCF        PIR1, 1
;EsclavoComunicacion.c,411 :: 		T2CON.TMR2ON = 0;                            //Apaga el Timer2
0x008F	0x1112      	BCF        T2CON, 2
;EsclavoComunicacion.c,412 :: 		if (byteTrama!=END2){                        //Verifica que el dato recibido sea diferente del primer byte del delimitador de final de trama
0x0090	0x0824      	MOVF       _byteTrama, 0
0x0091	0x3A0A      	XORLW      10
0x0092	0x1903      	BTFSC      STATUS, 2
0x0093	0x28A0      	GOTO       L_interrupt83
;EsclavoComunicacion.c,413 :: 		tramaSerial[i1] = byteTrama;              //Almacena el dato en la trama de respuesta
0x0094	0x0854      	MOVF       _i1, 0
0x0095	0x3E40      	ADDLW      _tramaSerial
0x0096	0x0084      	MOVWF      FSR
0x0097	0x0824      	MOVF       _byteTrama, 0
0x0098	0x0080      	MOVWF      INDF
;EsclavoComunicacion.c,414 :: 		i1++;                                     //Aumenta el subindice en una unidad para permitir almacenar el siguiente dato del mensaje
0x0099	0x0AD4      	INCF       _i1, 1
;EsclavoComunicacion.c,415 :: 		banTF = 0;                                //Limpia la bandera de final de trama
0x009A	0x01BD      	CLRF       _banTF
;EsclavoComunicacion.c,416 :: 		T2CON.TMR2ON = 1;                         //Enciende el Timer2
0x009B	0x1512      	BSF        T2CON, 2
;EsclavoComunicacion.c,417 :: 		PR2 = 249;
0x009C	0x30F9      	MOVLW      249
0x009D	0x1683      	BSF        STATUS, 5
0x009E	0x0092      	MOVWF      PR2
;EsclavoComunicacion.c,418 :: 		} else {
0x009F	0x28AC      	GOTO       L_interrupt84
L_interrupt83:
;EsclavoComunicacion.c,419 :: 		tramaSerial[i1] = byteTrama;              //Almacena el dato en la trama de respuesta
0x00A0	0x1283      	BCF        STATUS, 5
0x00A1	0x0854      	MOVF       _i1, 0
0x00A2	0x3E40      	ADDLW      _tramaSerial
0x00A3	0x0084      	MOVWF      FSR
0x00A4	0x0824      	MOVF       _byteTrama, 0
0x00A5	0x0080      	MOVWF      INDF
;EsclavoComunicacion.c,420 :: 		banTF = 1;                                //Si el dato recibido es el primer byte de final de trama activa la bandera
0x00A6	0x3001      	MOVLW      1
0x00A7	0x00BD      	MOVWF      _banTF
;EsclavoComunicacion.c,421 :: 		T2CON.TMR2ON = 1;                         //Enciende el Timer2
0x00A8	0x1512      	BSF        T2CON, 2
;EsclavoComunicacion.c,422 :: 		PR2 = 249;
0x00A9	0x30F9      	MOVLW      249
0x00AA	0x1683      	BSF        STATUS, 5
0x00AB	0x0092      	MOVWF      PR2
;EsclavoComunicacion.c,423 :: 		}
L_interrupt84:
;EsclavoComunicacion.c,424 :: 		if (BanTF==1){                               //Verifica que se cumpla la condicion de final de trama
0x00AC	0x1283      	BCF        STATUS, 5
0x00AD	0x083D      	MOVF       _banTF, 0
0x00AE	0x3A01      	XORLW      1
0x00AF	0x1D03      	BTFSS      STATUS, 2
0x00B0	0x28B8      	GOTO       L_interrupt85
;EsclavoComunicacion.c,425 :: 		banTI = 0;                                //Limpia la bandera de inicio de trama para no permitir que se almacene mas datos en la trama de respuesta
0x00B1	0x01BF      	CLRF       _banTI
;EsclavoComunicacion.c,426 :: 		banTC = 1;                                //Activa la bandera de trama completa
0x00B2	0x3001      	MOVLW      1
0x00B3	0x00BE      	MOVWF      _banTC
;EsclavoComunicacion.c,427 :: 		t1IdEsclavo = tramaSerial[1];             //Guarda el byte de Id de esclavo del campo PDU
0x00B4	0x0841      	MOVF       _tramaSerial+1, 0
0x00B5	0x00A6      	MOVWF      _t1IdEsclavo
;EsclavoComunicacion.c,428 :: 		PIR1.TMR2IF = 0;                          //Limpia la bandera de interrupcion por desbordamiento del TMR2
0x00B6	0x108C      	BCF        PIR1, 1
;EsclavoComunicacion.c,429 :: 		T2CON.TMR2ON = 0;                         //Apaga el Timer2
0x00B7	0x1112      	BCF        T2CON, 2
;EsclavoComunicacion.c,430 :: 		}
L_interrupt85:
;EsclavoComunicacion.c,431 :: 		}
L_interrupt82:
;EsclavoComunicacion.c,433 :: 		if (banTC==1){                                             //Verifica que se haya completado de llenar la trama de peticion
0x00B8	0x083E      	MOVF       _banTC, 0
0x00B9	0x3A01      	XORLW      1
0x00BA	0x1D03      	BTFSS      STATUS, 2
0x00BB	0x292B      	GOTO       L_interrupt86
;EsclavoComunicacion.c,434 :: 		if (t1IdEsclavo==IdEsclavo){                            //Verifica si coincide el Id de esclavo para seguir con el procesamiento de la peticion
0x00BC	0x0826      	MOVF       _t1IdEsclavo, 0
0x00BD	0x062D      	XORWF      _idEsclavo, 0
0x00BE	0x1D03      	BTFSS      STATUS, 2
0x00BF	0x2927      	GOTO       L_interrupt87
;EsclavoComunicacion.c,435 :: 		numDatosEsc = tramaSerial[4];
0x00C0	0x0844      	MOVF       _tramaSerial+4, 0
0x00C1	0x00CF      	MOVWF      _numDatosEsc
;EsclavoComunicacion.c,436 :: 		t1Size = numDatosEsc+4;                             //Calcula la longitud de la trama PDU sumando 3 al valor del campo #Datos
0x00C2	0x3004      	MOVLW      4
0x00C3	0x0744      	ADDWF      _tramaSerial+4, 0
0x00C4	0x00F0      	MOVWF      R0
0x00C5	0x0870      	MOVF       R0, 0
0x00C6	0x00AE      	MOVWF      _t1Size
;EsclavoComunicacion.c,437 :: 		t1Funcion = tramaSerial[2];                         //Guarda el byte de funcion reequerida del campo PDU
0x00C7	0x0842      	MOVF       _tramaSerial+2, 0
0x00C8	0x00A7      	MOVWF      _t1Funcion
;EsclavoComunicacion.c,438 :: 		t1Registro = tramaSerial[3];                        //Guarda el byte de # de registro que se quiere leer/escribir
0x00C9	0x0843      	MOVF       _tramaSerial+3, 0
0x00CA	0x00AC      	MOVWF      _t1Registro
;EsclavoComunicacion.c,439 :: 		tramaOk = VerificarCRC(tramaSerial,t1Size);         //Calcula y verifica el CRC de la trama de peticion
0x00CB	0x3040      	MOVLW      _tramaSerial
0x00CC	0x00E1      	MOVWF      FARG_VerificarCRC_trama
0x00CD	0x0870      	MOVF       R0, 0
0x00CE	0x00E2      	MOVWF      FARG_VerificarCRC_tramaPDUSize
0x00CF	0x23A9      	CALL       _VerificarCRC
0x00D0	0x0870      	MOVF       R0, 0
0x00D1	0x00A5      	MOVWF      _tramaOk
;EsclavoComunicacion.c,440 :: 		if (tramaOk==1){
0x00D2	0x0870      	MOVF       R0, 0
0x00D3	0x3A01      	XORLW      1
0x00D4	0x1D03      	BTFSS      STATUS, 2
0x00D5	0x2921      	GOTO       L_interrupt88
;EsclavoComunicacion.c,441 :: 		EnviarACK();                                    //Si la trama llego sin errores responde con un ACK al esclavo
0x00D6	0x2321      	CALL       _EnviarACK
;EsclavoComunicacion.c,444 :: 		if (t1Funcion<=funcEsclavo){
0x00D7	0x1283      	BCF        STATUS, 5
0x00D8	0x0827      	MOVF       _t1Funcion, 0
0x00D9	0x0232      	SUBWF      _funcEsclavo, 0
0x00DA	0x1C03      	BTFSS      STATUS, 0
0x00DB	0x291A      	GOTO       L_interrupt89
;EsclavoComunicacion.c,445 :: 		if (t1Funcion==0){                           //Verifica si se solicito una funcion de lectura
0x00DC	0x0827      	MOVF       _t1Funcion, 0
0x00DD	0x3A00      	XORLW      0
0x00DE	0x1D03      	BTFSS      STATUS, 2
0x00DF	0x28EE      	GOTO       L_interrupt90
;EsclavoComunicacion.c,446 :: 		if (t1Registro<regLecturaEsclavo){        //Verifica si existe el registro de lectura solicitado
0x00E0	0x0831      	MOVF       _regLecturaEsclavo, 0
0x00E1	0x022C      	SUBWF      _t1Registro, 0
0x00E2	0x1803      	BTFSC      STATUS, 0
0x00E3	0x28E8      	GOTO       L_interrupt91
;EsclavoComunicacion.c,447 :: 		EnviarSolicitudLectura(t1Registro);    //Envia una solicitud de lectura del registro especificado al modulo EsclavoSensor
0x00E4	0x082C      	MOVF       _t1Registro, 0
0x00E5	0x00E1      	MOVWF      FARG_EnviarSolicitudLectura_registroLectura
0x00E6	0x232D      	CALL       _EnviarSolicitudLectura
;EsclavoComunicacion.c,448 :: 		} else {
0x00E7	0x28ED      	GOTO       L_interrupt92
L_interrupt91:
;EsclavoComunicacion.c,449 :: 		EnviarMensajeError(t1Registro,0xE1);   //Envia un mensaje de error con el codigo de "Registro no disponible"
0x00E8	0x082C      	MOVF       _t1Registro, 0
0x00E9	0x00E1      	MOVWF      FARG_EnviarMensajeError_numRegistro
0x00EA	0x30E1      	MOVLW      225
0x00EB	0x00E2      	MOVWF      FARG_EnviarMensajeError_codigoError
0x00EC	0x235B      	CALL       _EnviarMensajeError
;EsclavoComunicacion.c,450 :: 		}
L_interrupt92:
;EsclavoComunicacion.c,451 :: 		} else {                                     //Caso contrario se trata de una funcion de escritura
0x00ED	0x2919      	GOTO       L_interrupt93
L_interrupt90:
;EsclavoComunicacion.c,452 :: 		if (t1Registro<regEscrituraEsclavo){      //Verifica si existe el registro de lectura solicitado
0x00EE	0x1283      	BCF        STATUS, 5
0x00EF	0x0830      	MOVF       _regEscrituraEsclavo, 0
0x00F0	0x022C      	SUBWF      _t1Registro, 0
0x00F1	0x1803      	BTFSC      STATUS, 0
0x00F2	0x2914      	GOTO       L_interrupt94
;EsclavoComunicacion.c,453 :: 		for (x=0;x<(tramaSerial[4]);x++){
0x00F3	0x01AF      	CLRF       _x
L_interrupt95:
0x00F4	0x0844      	MOVF       _tramaSerial+4, 0
0x00F5	0x022F      	SUBWF      _x, 0
0x00F6	0x1803      	BTFSC      STATUS, 0
0x00F7	0x290C      	GOTO       L_interrupt96
;EsclavoComunicacion.c,454 :: 		datosEscritura[x]=tramaSerial[x+5];      //Carga el vector payload con los valores de la trama serial
0x00F8	0x082F      	MOVF       _x, 0
0x00F9	0x3E28      	ADDLW      _datosEscritura
0x00FA	0x00F2      	MOVWF      R2
0x00FB	0x3005      	MOVLW      5
0x00FC	0x072F      	ADDWF      _x, 0
0x00FD	0x00F0      	MOVWF      R0
0x00FE	0x01F1      	CLRF       R0+1
0x00FF	0x1803      	BTFSC      STATUS, 0
0x0100	0x0AF1      	INCF       R0+1, 1
0x0101	0x0870      	MOVF       R0, 0
0x0102	0x3E40      	ADDLW      _tramaSerial
0x0103	0x0084      	MOVWF      FSR
0x0104	0x0800      	MOVF       INDF, 0
0x0105	0x00F0      	MOVWF      R0
0x0106	0x0872      	MOVF       R2, 0
0x0107	0x0084      	MOVWF      FSR
0x0108	0x0870      	MOVF       R0, 0
0x0109	0x0080      	MOVWF      INDF
;EsclavoComunicacion.c,453 :: 		for (x=0;x<(tramaSerial[4]);x++){
0x010A	0x0AAF      	INCF       _x, 1
;EsclavoComunicacion.c,455 :: 		}
0x010B	0x28F4      	GOTO       L_interrupt95
L_interrupt96:
;EsclavoComunicacion.c,457 :: 		EnviarSolicitudEscritura(t1Registro,numDatosEsc,datosEscritura);
0x010C	0x082C      	MOVF       _t1Registro, 0
0x010D	0x00E1      	MOVWF      FARG_EnviarSolicitudEscritura_registroEscritura
0x010E	0x084F      	MOVF       _numDatosEsc, 0
0x010F	0x00E2      	MOVWF      FARG_EnviarSolicitudEscritura_numDatos
0x0110	0x3028      	MOVLW      _datosEscritura
0x0111	0x00E3      	MOVWF      FARG_EnviarSolicitudEscritura_datos
0x0112	0x22D7      	CALL       _EnviarSolicitudEscritura
;EsclavoComunicacion.c,458 :: 		} else {
0x0113	0x2919      	GOTO       L_interrupt98
L_interrupt94:
;EsclavoComunicacion.c,459 :: 		EnviarMensajeError(t1Registro,0xE1);   //Envia un mensaje de error con el codigo de "Registro no disponible"
0x0114	0x082C      	MOVF       _t1Registro, 0
0x0115	0x00E1      	MOVWF      FARG_EnviarMensajeError_numRegistro
0x0116	0x30E1      	MOVLW      225
0x0117	0x00E2      	MOVWF      FARG_EnviarMensajeError_codigoError
0x0118	0x235B      	CALL       _EnviarMensajeError
;EsclavoComunicacion.c,460 :: 		}
L_interrupt98:
;EsclavoComunicacion.c,461 :: 		}
L_interrupt93:
;EsclavoComunicacion.c,462 :: 		} else {
0x0119	0x2920      	GOTO       L_interrupt99
L_interrupt89:
;EsclavoComunicacion.c,463 :: 		EnviarMensajeError(t1Registro,0xE0);         //Envia un mensaje de error con el codigo de "Funcion no disponible"
0x011A	0x1283      	BCF        STATUS, 5
0x011B	0x082C      	MOVF       _t1Registro, 0
0x011C	0x00E1      	MOVWF      FARG_EnviarMensajeError_numRegistro
0x011D	0x30E0      	MOVLW      224
0x011E	0x00E2      	MOVWF      FARG_EnviarMensajeError_codigoError
0x011F	0x235B      	CALL       _EnviarMensajeError
;EsclavoComunicacion.c,464 :: 		}
L_interrupt99:
;EsclavoComunicacion.c,465 :: 		} else if (tramaOk==0) {
0x0120	0x2927      	GOTO       L_interrupt100
L_interrupt88:
0x0121	0x1283      	BCF        STATUS, 5
0x0122	0x0825      	MOVF       _tramaOk, 0
0x0123	0x3A00      	XORLW      0
0x0124	0x1D03      	BTFSS      STATUS, 2
0x0125	0x2927      	GOTO       L_interrupt101
;EsclavoComunicacion.c,466 :: 		EnviarNACK();                                   //Si hubo algun error en la trama se envia un ACK al H/S para que reenvie la trama
0x0126	0x2402      	CALL       _EnviarNACK
;EsclavoComunicacion.c,467 :: 		}
L_interrupt101:
L_interrupt100:
;EsclavoComunicacion.c,468 :: 		}
L_interrupt87:
;EsclavoComunicacion.c,469 :: 		banTC = 0;                               //Limpia la bandera de trama completa
0x0127	0x1283      	BCF        STATUS, 5
0x0128	0x01BE      	CLRF       _banTC
;EsclavoComunicacion.c,470 :: 		i1 = 0;                                  //Limpia el subindice de trama
0x0129	0x01D4      	CLRF       _i1
;EsclavoComunicacion.c,471 :: 		banTI = 0;
0x012A	0x01BF      	CLRF       _banTI
;EsclavoComunicacion.c,472 :: 		}
L_interrupt86:
;EsclavoComunicacion.c,474 :: 		PIR1.RCIF = 0;
0x012B	0x128C      	BCF        PIR1, 5
;EsclavoComunicacion.c,475 :: 		IU1 = 0;                                        //Apaga el indicador de interrupcion por UART2
0x012C	0x1106      	BCF        RB2_bit, BitPos(RB2_bit+0)
;EsclavoComunicacion.c,476 :: 		AUX = 0;
0x012D	0x1186      	BCF        RB3_bit, BitPos(RB3_bit+0)
;EsclavoComunicacion.c,478 :: 		}
L_interrupt75:
;EsclavoComunicacion.c,484 :: 		if (PIR1.TMR1IF==1){
0x012E	0x1C0C      	BTFSS      PIR1, 0
0x012F	0x2939      	GOTO       L_interrupt102
;EsclavoComunicacion.c,485 :: 		TMR1IF_bit = 0;                                 //Limpia la bandera de interrupcion por desbordamiento del TMR1
0x0130	0x100C      	BCF        TMR1IF_bit, BitPos(TMR1IF_bit+0)
;EsclavoComunicacion.c,486 :: 		T1CON.TMR1ON = 0;                               //Apaga el Timer1
0x0131	0x1010      	BCF        T1CON, 0
;EsclavoComunicacion.c,487 :: 		if (contadorTOD<3){
0x0132	0x3003      	MOVLW      3
0x0133	0x0253      	SUBWF      _contadorTOD, 0
0x0134	0x1803      	BTFSC      STATUS, 0
0x0135	0x2938      	GOTO       L_interrupt103
;EsclavoComunicacion.c,489 :: 		contadorTOD++;                               //Incrementa el contador de Time-Out-Dispositivo en una unidad
0x0136	0x0AD3      	INCF       _contadorTOD, 1
;EsclavoComunicacion.c,490 :: 		} else {
0x0137	0x2939      	GOTO       L_interrupt104
L_interrupt103:
;EsclavoComunicacion.c,492 :: 		contadorTOD = 0;                             //Limpia el contador de Time-Out-Dispositivo
0x0138	0x01D3      	CLRF       _contadorTOD
;EsclavoComunicacion.c,493 :: 		}
L_interrupt104:
;EsclavoComunicacion.c,494 :: 		}
L_interrupt102:
;EsclavoComunicacion.c,501 :: 		if (PIR1.TMR2IF==1){
0x0139	0x1C8C      	BTFSS      PIR1, 1
0x013A	0x2942      	GOTO       L_interrupt105
;EsclavoComunicacion.c,502 :: 		PIR1.TMR2IF = 0;                                //Limpia la bandera de interrupcion por desbordamiento del TMR2
0x013B	0x108C      	BCF        PIR1, 1
;EsclavoComunicacion.c,503 :: 		T2CON.TMR2ON = 0;                               //Apaga el Timer2
0x013C	0x1112      	BCF        T2CON, 2
;EsclavoComunicacion.c,504 :: 		i1 = 0;                                         //Limpia el subindice de la trama de peticion
0x013D	0x01D4      	CLRF       _i1
;EsclavoComunicacion.c,505 :: 		banTI = 0;                                      //Limpia la bandera de inicio de trama
0x013E	0x01BF      	CLRF       _banTI
;EsclavoComunicacion.c,506 :: 		banTC = 0;                                      //Limpia la bandera de trama completa(Por si acaso)
0x013F	0x01BE      	CLRF       _banTC
;EsclavoComunicacion.c,507 :: 		banTF = 0;
0x0140	0x01BD      	CLRF       _banTF
;EsclavoComunicacion.c,508 :: 		EnviarNACK();                                   //Envia un NACK para solicitar el reenvio de la trama
0x0141	0x2402      	CALL       _EnviarNACK
;EsclavoComunicacion.c,509 :: 		}
L_interrupt105:
;EsclavoComunicacion.c,511 :: 		}
L_end_interrupt:
L__interrupt121:
0x0142	0x1283      	BCF        STATUS, 5
0x0143	0x0822      	MOVF       34, 0
0x0144	0x00F0      	MOVWF      R0
0x0145	0x0821      	MOVF       33, 0
0x0146	0x00FC      	MOVWF      R12
0x0147	0x0820      	MOVF       32, 0
0x0148	0x00FD      	MOVWF      R13
0x0149	0x0823      	MOVF       35, 0
0x014A	0x0084      	MOVWF      FSR
0x014B	0x0855      	MOVF       ___savePCLATH, 0
0x014C	0x008A      	MOVWF      PCLATH
0x014D	0x0E5C      	SWAPF      ___saveSTATUS, 0
0x014E	0x0083      	MOVWF      STATUS
0x014F	0x0EFF      	SWAPF      R15, 1
0x0150	0x0E7F      	SWAPF      R15, 0
0x0151	0x0009      	RETFIE
; end of _interrupt
_CalcularCRC:
;EsclavoComunicacion.c,121 :: 		unsigned int CalcularCRC(unsigned char* trama, unsigned char tramaSize){
;EsclavoComunicacion.c,124 :: 		for(CRC16=0xFFFF; tramaSize!=0; tramaSize --){
0x0152	0x30FF      	MOVLW      255
0x0153	0x1283      	BCF        STATUS, 5
0x0154	0x1303      	BCF        STATUS, 6
0x0155	0x00F3      	MOVWF      R3
0x0156	0x30FF      	MOVLW      255
0x0157	0x00F4      	MOVWF      R3+1
L_CalcularCRC1:
0x0158	0x086C      	MOVF       FARG_CalcularCRC_tramaSize, 0
0x0159	0x3A00      	XORLW      0
0x015A	0x1903      	BTFSC      STATUS, 2
0x015B	0x2979      	GOTO       L_CalcularCRC2
;EsclavoComunicacion.c,125 :: 		CRC16 ^=*trama ++;
0x015C	0x086B      	MOVF       FARG_CalcularCRC_trama, 0
0x015D	0x0084      	MOVWF      FSR
0x015E	0x0800      	MOVF       INDF, 0
0x015F	0x06F3      	XORWF      R3, 1
0x0160	0x3000      	MOVLW      0
0x0161	0x06F4      	XORWF      R3+1, 1
0x0162	0x0AEB      	INCF       FARG_CalcularCRC_trama, 1
;EsclavoComunicacion.c,126 :: 		for(ucCounter =0; ucCounter <8; ucCounter ++){
0x0163	0x01F2      	CLRF       R2
L_CalcularCRC4:
0x0164	0x3008      	MOVLW      8
0x0165	0x0272      	SUBWF      R2, 0
0x0166	0x1803      	BTFSC      STATUS, 0
0x0167	0x2977      	GOTO       L_CalcularCRC5
;EsclavoComunicacion.c,127 :: 		if(CRC16 & 0x0001)
0x0168	0x1C73      	BTFSS      R3, 0
0x0169	0x2972      	GOTO       L_CalcularCRC7
;EsclavoComunicacion.c,128 :: 		CRC16 = (CRC16 >>1)^POLMODBUS;
0x016A	0x0CF4      	RRF        R3+1, 1
0x016B	0x0CF3      	RRF        R3, 1
0x016C	0x13F4      	BCF        R3+1, 7
0x016D	0x3001      	MOVLW      1
0x016E	0x06F3      	XORWF      R3, 1
0x016F	0x30A0      	MOVLW      160
0x0170	0x06F4      	XORWF      R3+1, 1
0x0171	0x2975      	GOTO       L_CalcularCRC8
L_CalcularCRC7:
;EsclavoComunicacion.c,130 :: 		CRC16>>=1;
0x0172	0x0CF4      	RRF        R3+1, 1
0x0173	0x0CF3      	RRF        R3, 1
0x0174	0x13F4      	BCF        R3+1, 7
L_CalcularCRC8:
;EsclavoComunicacion.c,126 :: 		for(ucCounter =0; ucCounter <8; ucCounter ++){
0x0175	0x0AF2      	INCF       R2, 1
;EsclavoComunicacion.c,131 :: 		}
0x0176	0x2964      	GOTO       L_CalcularCRC4
L_CalcularCRC5:
;EsclavoComunicacion.c,124 :: 		for(CRC16=0xFFFF; tramaSize!=0; tramaSize --){
0x0177	0x03EC      	DECF       FARG_CalcularCRC_tramaSize, 1
;EsclavoComunicacion.c,132 :: 		}
0x0178	0x2958      	GOTO       L_CalcularCRC1
L_CalcularCRC2:
;EsclavoComunicacion.c,133 :: 		return CRC16;
0x0179	0x0873      	MOVF       R3, 0
0x017A	0x00F0      	MOVWF      R0
0x017B	0x0874      	MOVF       R3+1, 0
0x017C	0x00F1      	MOVWF      R0+1
;EsclavoComunicacion.c,134 :: 		}
L_end_CalcularCRC:
0x017D	0x0008      	RETURN
; end of _CalcularCRC
_UART1_Tx_Idle:
;__Lib_UART_c67.c,34 :: 		
;__Lib_UART_c67.c,35 :: 		
0x017E	0x3000      	MOVLW      0
0x017F	0x1683      	BSF        STATUS, 5
0x0180	0x1303      	BCF        STATUS, 6
0x0181	0x1898      	BTFSC      TXSTA, 1
0x0182	0x3001      	MOVLW      1
0x0183	0x00F0      	MOVWF      R0
;__Lib_UART_c67.c,36 :: 		
L_end_UART1_Tx_Idle:
0x0184	0x0008      	RETURN
; end of _UART1_Tx_Idle
_UART1_Write:
;__Lib_UART_c67.c,39 :: 		
;__Lib_UART_c67.c,40 :: 		
L_UART1_Write3:
0x0185	0x1683      	BSF        STATUS, 5
0x0186	0x1303      	BCF        STATUS, 6
0x0187	0x1898      	BTFSC      TXSTA, 1
0x0188	0x298B      	GOTO       L_UART1_Write4
;__Lib_UART_c67.c,41 :: 		
0x0189	0x0000      	NOP
0x018A	0x2985      	GOTO       L_UART1_Write3
L_UART1_Write4:
;__Lib_UART_c67.c,42 :: 		
0x018B	0x1283      	BCF        STATUS, 5
0x018C	0x086B      	MOVF       FARG_UART1_Write_data_, 0
0x018D	0x0099      	MOVWF      TXREG
;__Lib_UART_c67.c,43 :: 		
L_end_UART1_Write:
0x018E	0x0008      	RETURN
; end of _UART1_Write
_UART1_Init:
;__Lib_UART_c67.c,2 :: 		
;__Lib_UART_c67.c,5 :: 		
0x018F	0x1683      	BSF        STATUS, 5
0x0190	0x1303      	BCF        STATUS, 6
0x0191	0x1698      	BSF        TXSTA, 5
;__Lib_UART_c67.c,6 :: 		
0x0192	0x3090      	MOVLW      144
0x0193	0x1283      	BCF        STATUS, 5
0x0194	0x0098      	MOVWF      RCSTA
;__Lib_UART_c67.c,7 :: 		
0x0195	0x1683      	BSF        STATUS, 5
0x0196	0x1787      	BSF        TRISC7_bit, BitPos(TRISC7_bit+0)
;__Lib_UART_c67.c,8 :: 		
0x0197	0x1307      	BCF        TRISC6_bit, BitPos(TRISC6_bit+0)
;__Lib_UART_c67.c,10 :: 		
L_UART1_Init0:
0x0198	0x1283      	BCF        STATUS, 5
0x0199	0x1E8C      	BTFSS      PIR1, 5
0x019A	0x299E      	GOTO       L_UART1_Init1
;__Lib_UART_c67.c,11 :: 		
0x019B	0x081A      	MOVF       RCREG, 0
0x019C	0x00F0      	MOVWF      R0
0x019D	0x2998      	GOTO       L_UART1_Init0
L_UART1_Init1:
;__Lib_UART_c67.c,12 :: 		
L_end_UART1_Init:
0x019E	0x0008      	RETURN
; end of _UART1_Init
_SPI1_Init_Advanced:
;__Lib_SPI_c345.c,31 :: 		
;__Lib_SPI_c345.c,33 :: 		
0x019F	0x1683      	BSF        STATUS, 5
0x01A0	0x1303      	BCF        STATUS, 6
0x01A1	0x1287      	BCF        TRISC5_bit, BitPos(TRISC5_bit+0)
;__Lib_SPI_c345.c,34 :: 		
0x01A2	0x1283      	BCF        STATUS, 5
0x01A3	0x085D      	MOVF       FARG_SPI1_Init_Advanced_master, 0
0x01A4	0x3A04      	XORLW      4
0x01A5	0x1D03      	BTFSS      STATUS, 2
0x01A6	0x29AA      	GOTO       L_SPI1_Init_Advanced0
0x01A7	0x1683      	BSF        STATUS, 5
0x01A8	0x1587      	BSF        TRISC3_bit, BitPos(TRISC3_bit+0)
0x01A9	0x29AC      	GOTO       L_SPI1_Init_Advanced1
L_SPI1_Init_Advanced0:
0x01AA	0x1683      	BSF        STATUS, 5
;__Lib_SPI_c345.c,35 :: 		
0x01AB	0x1187      	BCF        TRISC3_bit, BitPos(TRISC3_bit+0)
L_SPI1_Init_Advanced1:
;__Lib_SPI_c345.c,36 :: 		
0x01AC	0x1607      	BSF        TRISC4_bit, BitPos(TRISC4_bit+0)
;__Lib_SPI_c345.c,38 :: 		
0x01AD	0x1283      	BCF        STATUS, 5
0x01AE	0x0194      	CLRF       SSPCON
;__Lib_SPI_c345.c,39 :: 		
0x01AF	0x085D      	MOVF       FARG_SPI1_Init_Advanced_master, 0
0x01B0	0x0494      	IORWF      SSPCON, 1
;__Lib_SPI_c345.c,40 :: 		
0x01B1	0x085F      	MOVF       FARG_SPI1_Init_Advanced_clock_idle, 0
0x01B2	0x0494      	IORWF      SSPCON, 1
;__Lib_SPI_c345.c,41 :: 		
0x01B3	0x085E      	MOVF       FARG_SPI1_Init_Advanced_data_sample, 0
0x01B4	0x1683      	BSF        STATUS, 5
0x01B5	0x0494      	IORWF      SSPSTAT, 1
;__Lib_SPI_c345.c,43 :: 		
0x01B6	0x1283      	BCF        STATUS, 5
0x01B7	0x085F      	MOVF       FARG_SPI1_Init_Advanced_clock_idle, 0
0x01B8	0x1903      	BTFSC      STATUS, 2
0x01B9	0x29C1      	GOTO       L_SPI1_Init_Advanced2
;__Lib_SPI_c345.c,44 :: 		
0x01BA	0x0860      	MOVF       FARG_SPI1_Init_Advanced_transmit_edge, 0
0x01BB	0x3A00      	XORLW      0
0x01BC	0x1D03      	BTFSS      STATUS, 2
0x01BD	0x29C0      	GOTO       L_SPI1_Init_Advanced3
;__Lib_SPI_c345.c,45 :: 		
0x01BE	0x1683      	BSF        STATUS, 5
0x01BF	0x1714      	BSF        SSPSTAT, 6
L_SPI1_Init_Advanced3:
;__Lib_SPI_c345.c,46 :: 		
0x01C0	0x29C7      	GOTO       L_SPI1_Init_Advanced4
L_SPI1_Init_Advanced2:
;__Lib_SPI_c345.c,48 :: 		
0x01C1	0x1283      	BCF        STATUS, 5
0x01C2	0x0860      	MOVF       FARG_SPI1_Init_Advanced_transmit_edge, 0
0x01C3	0x1903      	BTFSC      STATUS, 2
0x01C4	0x29C7      	GOTO       L_SPI1_Init_Advanced5
;__Lib_SPI_c345.c,49 :: 		
0x01C5	0x1683      	BSF        STATUS, 5
0x01C6	0x1714      	BSF        SSPSTAT, 6
L_SPI1_Init_Advanced5:
;__Lib_SPI_c345.c,50 :: 		
L_SPI1_Init_Advanced4:
;__Lib_SPI_c345.c,51 :: 		
0x01C7	0x1283      	BCF        STATUS, 5
0x01C8	0x1694      	BSF        SSPCON, 5
;__Lib_SPI_c345.c,52 :: 		
L_end_SPI1_Init_Advanced:
0x01C9	0x0008      	RETURN
; end of _SPI1_Init_Advanced
_ConfiguracionPrincipal:
;EsclavoComunicacion.c,77 :: 		void ConfiguracionPrincipal(){
;EsclavoComunicacion.c,79 :: 		TRISB0_bit = 1;
0x01CA	0x1683      	BSF        STATUS, 5
0x01CB	0x1303      	BCF        STATUS, 6
0x01CC	0x1406      	BSF        TRISB0_bit, BitPos(TRISB0_bit+0)
;EsclavoComunicacion.c,80 :: 		TRISB2_bit = 0;
0x01CD	0x1106      	BCF        TRISB2_bit, BitPos(TRISB2_bit+0)
;EsclavoComunicacion.c,81 :: 		TRISB3_bit = 0;
0x01CE	0x1186      	BCF        TRISB3_bit, BitPos(TRISB3_bit+0)
;EsclavoComunicacion.c,82 :: 		TRISC2_bit = 0;
0x01CF	0x1107      	BCF        TRISC2_bit, BitPos(TRISC2_bit+0)
;EsclavoComunicacion.c,84 :: 		INTCON.GIE = 1;                                    //Habilita las interrupciones globales
0x01D0	0x178B      	BSF        INTCON, 7
;EsclavoComunicacion.c,85 :: 		INTCON.PEIE = 1;                                   //Habilita las interrupciones perifericas
0x01D1	0x170B      	BSF        INTCON, 6
;EsclavoComunicacion.c,88 :: 		UART1_Init(19200);                                 //Inicializa el UART1 a 19200 bps
0x01D2	0x3019      	MOVLW      25
0x01D3	0x0099      	MOVWF      SPBRG
0x01D4	0x1518      	BSF        TXSTA, 2
0x01D5	0x218F      	CALL       _UART1_Init
;EsclavoComunicacion.c,89 :: 		PIE1.RCIE = 1;
0x01D6	0x1683      	BSF        STATUS, 5
0x01D7	0x168C      	BSF        PIE1, 5
;EsclavoComunicacion.c,92 :: 		SPI1_Init_Advanced(_SPI_MASTER_OSC_DIV64,_SPI_DATA_SAMPLE_MIDDLE,_SPI_CLK_IDLE_HIGH,_SPI_LOW_2_HIGH);
0x01D8	0x3002      	MOVLW      2
0x01D9	0x1283      	BCF        STATUS, 5
0x01DA	0x00DD      	MOVWF      FARG_SPI1_Init_Advanced_master
0x01DB	0x01DE      	CLRF       FARG_SPI1_Init_Advanced_data_sample
0x01DC	0x3010      	MOVLW      16
0x01DD	0x00DF      	MOVWF      FARG_SPI1_Init_Advanced_clock_idle
0x01DE	0x3001      	MOVLW      1
0x01DF	0x00E0      	MOVWF      FARG_SPI1_Init_Advanced_transmit_edge
0x01E0	0x219F      	CALL       _SPI1_Init_Advanced
;EsclavoComunicacion.c,95 :: 		T1CON = 0x30;
0x01E1	0x3030      	MOVLW      48
0x01E2	0x0090      	MOVWF      T1CON
;EsclavoComunicacion.c,96 :: 		PIR1.TMR1IF = 0;
0x01E3	0x100C      	BCF        PIR1, 0
;EsclavoComunicacion.c,97 :: 		TMR1H = 0x0B;
0x01E4	0x300B      	MOVLW      11
0x01E5	0x008F      	MOVWF      TMR1H
;EsclavoComunicacion.c,98 :: 		TMR1L = 0xDC;
0x01E6	0x30DC      	MOVLW      220
0x01E7	0x008E      	MOVWF      TMR1L
;EsclavoComunicacion.c,99 :: 		PIE1.TMR1IE = 1;
0x01E8	0x1683      	BSF        STATUS, 5
0x01E9	0x140C      	BSF        PIE1, 0
;EsclavoComunicacion.c,100 :: 		INTCON = 0xC0;
0x01EA	0x30C0      	MOVLW      192
0x01EB	0x008B      	MOVWF      INTCON
;EsclavoComunicacion.c,103 :: 		T2CON = 0x78;
0x01EC	0x3078      	MOVLW      120
0x01ED	0x1283      	BCF        STATUS, 5
0x01EE	0x0092      	MOVWF      T2CON
;EsclavoComunicacion.c,104 :: 		PR2 = 249;
0x01EF	0x30F9      	MOVLW      249
0x01F0	0x1683      	BSF        STATUS, 5
0x01F1	0x0092      	MOVWF      PR2
;EsclavoComunicacion.c,105 :: 		PIR1.TMR2IF = 0;
0x01F2	0x1283      	BCF        STATUS, 5
0x01F3	0x108C      	BCF        PIR1, 1
;EsclavoComunicacion.c,106 :: 		PIE1.TMR2IE = 1;
0x01F4	0x1683      	BSF        STATUS, 5
0x01F5	0x148C      	BSF        PIE1, 1
;EsclavoComunicacion.c,109 :: 		INTCON.INTE = 1;                                   //Habilita la interrupcion externa
0x01F6	0x160B      	BSF        INTCON, 4
;EsclavoComunicacion.c,110 :: 		INTCON.INTF = 0;                                   //Limpia la bandera de interrupcion externa
0x01F7	0x108B      	BCF        INTCON, 1
;EsclavoComunicacion.c,111 :: 		OPTION_REG.INTEDG = 1;                             //Activa la interrupcion en el flanco de subida
0x01F8	0x1701      	BSF        OPTION_REG, 6
;EsclavoComunicacion.c,113 :: 		Delay_ms(100);                                     //Espera hasta que se estabilicen los cambios
0x01F9	0x3002      	MOVLW      2
0x01FA	0x00FB      	MOVWF      R11
0x01FB	0x3004      	MOVLW      4
0x01FC	0x00FC      	MOVWF      R12
0x01FD	0x30BA      	MOVLW      186
0x01FE	0x00FD      	MOVWF      R13
L_ConfiguracionPrincipal0:
0x01FF	0x0BFD      	DECFSZ     R13, 1
0x0200	0x29FF      	GOTO       L_ConfiguracionPrincipal0
0x0201	0x0BFC      	DECFSZ     R12, 1
0x0202	0x29FF      	GOTO       L_ConfiguracionPrincipal0
0x0203	0x0BFB      	DECFSZ     R11, 1
0x0204	0x29FF      	GOTO       L_ConfiguracionPrincipal0
0x0205	0x0000      	NOP
;EsclavoComunicacion.c,115 :: 		}
L_end_ConfiguracionPrincipal:
0x0206	0x0008      	RETURN
; end of _ConfiguracionPrincipal
_IdentificarEsclavo:
;EsclavoComunicacion.c,256 :: 		void IdentificarEsclavo(){
;EsclavoComunicacion.c,257 :: 		petSPI[0] = 0xA0;
0x0207	0x30A0      	MOVLW      160
0x0208	0x1283      	BCF        STATUS, 5
0x0209	0x1303      	BCF        STATUS, 6
0x020A	0x00D8      	MOVWF      _petSPI
;EsclavoComunicacion.c,258 :: 		petSPI[1] = 0xA1;
0x020B	0x30A1      	MOVLW      161
0x020C	0x00D9      	MOVWF      _petSPI+1
;EsclavoComunicacion.c,259 :: 		petSPI[2] = 0xA2;
0x020D	0x30A2      	MOVLW      162
0x020E	0x00DA      	MOVWF      _petSPI+2
;EsclavoComunicacion.c,260 :: 		petSPI[3] = 0xA3;
0x020F	0x30A3      	MOVLW      163
0x0210	0x00DB      	MOVWF      _petSPI+3
;EsclavoComunicacion.c,261 :: 		petSPI[4] = 0xA4;
0x0211	0x30A4      	MOVLW      164
0x0212	0x00DC      	MOVWF      _petSPI+4
;EsclavoComunicacion.c,262 :: 		petSPI[5] = 0xA5;
0x0213	0x30A5      	MOVLW      165
0x0214	0x00DD      	MOVWF      _petSPI+5
;EsclavoComunicacion.c,263 :: 		CS = 0;
0x0215	0x1107      	BCF        RC2_bit, BitPos(RC2_bit+0)
;EsclavoComunicacion.c,264 :: 		for (x=0;x<6;x++){
0x0216	0x01AF      	CLRF       _x
L_IdentificarEsclavo36:
0x0217	0x3006      	MOVLW      6
0x0218	0x022F      	SUBWF      _x, 0
0x0219	0x1803      	BTFSC      STATUS, 0
0x021A	0x2A58      	GOTO       L_IdentificarEsclavo37
;EsclavoComunicacion.c,265 :: 		SSPBUF = petSPI[x];                  //Llena el buffer de salida con cada valor de la tramaSPI
0x021B	0x082F      	MOVF       _x, 0
0x021C	0x3E58      	ADDLW      _petSPI
0x021D	0x0084      	MOVWF      FSR
0x021E	0x0800      	MOVF       INDF, 0
0x021F	0x0093      	MOVWF      SSPBUF
;EsclavoComunicacion.c,266 :: 		if (x==2){
0x0220	0x082F      	MOVF       _x, 0
0x0221	0x3A02      	XORLW      2
0x0222	0x1D03      	BTFSS      STATUS, 2
0x0223	0x2A2B      	GOTO       L_IdentificarEsclavo39
;EsclavoComunicacion.c,267 :: 		while (SSPSTAT.BF!=1);
L_IdentificarEsclavo40:
0x0224	0x1683      	BSF        STATUS, 5
0x0225	0x1814      	BTFSC      SSPSTAT, 0
0x0226	0x2A28      	GOTO       L_IdentificarEsclavo41
0x0227	0x2A24      	GOTO       L_IdentificarEsclavo40
L_IdentificarEsclavo41:
;EsclavoComunicacion.c,268 :: 		idEsclavo = SSPBUF;               //Recupera el valor de # de bytes que el Esclavo enviara en la solicitud de respuesta, (esto ocurre al enviar el tercer byte)
0x0228	0x1283      	BCF        STATUS, 5
0x0229	0x0813      	MOVF       SSPBUF, 0
0x022A	0x00AD      	MOVWF      _idEsclavo
;EsclavoComunicacion.c,269 :: 		}
L_IdentificarEsclavo39:
;EsclavoComunicacion.c,270 :: 		if (x==3){
0x022B	0x082F      	MOVF       _x, 0
0x022C	0x3A03      	XORLW      3
0x022D	0x1D03      	BTFSS      STATUS, 2
0x022E	0x2A36      	GOTO       L_IdentificarEsclavo42
;EsclavoComunicacion.c,271 :: 		while (SSPSTAT.BF!=1);
L_IdentificarEsclavo43:
0x022F	0x1683      	BSF        STATUS, 5
0x0230	0x1814      	BTFSC      SSPSTAT, 0
0x0231	0x2A33      	GOTO       L_IdentificarEsclavo44
0x0232	0x2A2F      	GOTO       L_IdentificarEsclavo43
L_IdentificarEsclavo44:
;EsclavoComunicacion.c,272 :: 		funcEsclavo = SSPBUF;              //Recupera el numero de funciones disponibles en el modulo EsclavoSensor
0x0233	0x1283      	BCF        STATUS, 5
0x0234	0x0813      	MOVF       SSPBUF, 0
0x0235	0x00B2      	MOVWF      _funcEsclavo
;EsclavoComunicacion.c,273 :: 		}
L_IdentificarEsclavo42:
;EsclavoComunicacion.c,274 :: 		if (x==4){
0x0236	0x082F      	MOVF       _x, 0
0x0237	0x3A04      	XORLW      4
0x0238	0x1D03      	BTFSS      STATUS, 2
0x0239	0x2A41      	GOTO       L_IdentificarEsclavo45
;EsclavoComunicacion.c,275 :: 		while (SSPSTAT.BF!=1);
L_IdentificarEsclavo46:
0x023A	0x1683      	BSF        STATUS, 5
0x023B	0x1814      	BTFSC      SSPSTAT, 0
0x023C	0x2A3E      	GOTO       L_IdentificarEsclavo47
0x023D	0x2A3A      	GOTO       L_IdentificarEsclavo46
L_IdentificarEsclavo47:
;EsclavoComunicacion.c,276 :: 		regLecturaEsclavo = SSPBUF;        //Recupera el numero de registros de lectura disponibles en el modulo EsclavoSensor
0x023E	0x1283      	BCF        STATUS, 5
0x023F	0x0813      	MOVF       SSPBUF, 0
0x0240	0x00B1      	MOVWF      _regLecturaEsclavo
;EsclavoComunicacion.c,277 :: 		}
L_IdentificarEsclavo45:
;EsclavoComunicacion.c,278 :: 		if (x==5){
0x0241	0x082F      	MOVF       _x, 0
0x0242	0x3A05      	XORLW      5
0x0243	0x1D03      	BTFSS      STATUS, 2
0x0244	0x2A4C      	GOTO       L_IdentificarEsclavo48
;EsclavoComunicacion.c,279 :: 		while (SSPSTAT.BF!=1);
L_IdentificarEsclavo49:
0x0245	0x1683      	BSF        STATUS, 5
0x0246	0x1814      	BTFSC      SSPSTAT, 0
0x0247	0x2A49      	GOTO       L_IdentificarEsclavo50
0x0248	0x2A45      	GOTO       L_IdentificarEsclavo49
L_IdentificarEsclavo50:
;EsclavoComunicacion.c,280 :: 		regEscrituraEsclavo = SSPBUF;      //Recupera el numero de registros de escritura disponibles en el modulo EsclavoSensor
0x0249	0x1283      	BCF        STATUS, 5
0x024A	0x0813      	MOVF       SSPBUF, 0
0x024B	0x00B0      	MOVWF      _regEscrituraEsclavo
;EsclavoComunicacion.c,281 :: 		}
L_IdentificarEsclavo48:
;EsclavoComunicacion.c,283 :: 		Delay_ms(1);
0x024C	0x3003      	MOVLW      3
0x024D	0x00FC      	MOVWF      R12
0x024E	0x3097      	MOVLW      151
0x024F	0x00FD      	MOVWF      R13
L_IdentificarEsclavo51:
0x0250	0x0BFD      	DECFSZ     R13, 1
0x0251	0x2A50      	GOTO       L_IdentificarEsclavo51
0x0252	0x0BFC      	DECFSZ     R12, 1
0x0253	0x2A50      	GOTO       L_IdentificarEsclavo51
0x0254	0x0000      	NOP
0x0255	0x0000      	NOP
;EsclavoComunicacion.c,264 :: 		for (x=0;x<6;x++){
0x0256	0x0AAF      	INCF       _x, 1
;EsclavoComunicacion.c,284 :: 		}
0x0257	0x2A17      	GOTO       L_IdentificarEsclavo36
L_IdentificarEsclavo37:
;EsclavoComunicacion.c,285 :: 		CS = 1;
0x0258	0x1507      	BSF        RC2_bit, BitPos(RC2_bit+0)
;EsclavoComunicacion.c,286 :: 		}
L_end_IdentificarEsclavo:
0x0259	0x0008      	RETURN
; end of _IdentificarEsclavo
_EnviarMensajeUART:
;EsclavoComunicacion.c,140 :: 		void EnviarMensajeUART(unsigned char *tramaPDU, unsigned char sizePDU){
;EsclavoComunicacion.c,144 :: 		CRCPDU = CalcularCRC(tramaPDU, sizePDU);           //Calcula el CRC de la trama pdu
0x025A	0x1283      	BCF        STATUS, 5
0x025B	0x1303      	BCF        STATUS, 6
0x025C	0x0861      	MOVF       FARG_EnviarMensajeUART_tramaPDU, 0
0x025D	0x00EB      	MOVWF      FARG_CalcularCRC_trama
0x025E	0x0862      	MOVF       FARG_EnviarMensajeUART_sizePDU, 0
0x025F	0x00EC      	MOVWF      FARG_CalcularCRC_tramaSize
0x0260	0x2152      	CALL       _CalcularCRC
0x0261	0x0870      	MOVF       R0, 0
0x0262	0x00E4      	MOVWF      EnviarMensajeUART_CRCPDU_L0
0x0263	0x0871      	MOVF       R0+1, 0
0x0264	0x00E5      	MOVWF      EnviarMensajeUART_CRCPDU_L0+1
;EsclavoComunicacion.c,145 :: 		ptrCRCPDU = &CRCPDU;                               //Asociacion del puntero CrcTramaError
0x0265	0x3064      	MOVLW      EnviarMensajeUART_CRCPDU_L0
0x0266	0x00E6      	MOVWF      EnviarMensajeUART_ptrCRCPDU_L0
;EsclavoComunicacion.c,147 :: 		tramaSerial[0]=HDR;                                //Añade la cabecera a la trama a enviar
0x0267	0x303A      	MOVLW      58
0x0268	0x00C0      	MOVWF      _tramaSerial
;EsclavoComunicacion.c,148 :: 		tramaSerial[sizePDU+2] = *ptrCrcPdu;               //Asigna al elemento CRC_LSB de la trama de respuesta el LSB de la variable crcTramaError
0x0269	0x3002      	MOVLW      2
0x026A	0x0762      	ADDWF      FARG_EnviarMensajeUART_sizePDU, 0
0x026B	0x00F0      	MOVWF      R0
0x026C	0x01F1      	CLRF       R0+1
0x026D	0x1803      	BTFSC      STATUS, 0
0x026E	0x0AF1      	INCF       R0+1, 1
0x026F	0x0870      	MOVF       R0, 0
0x0270	0x3E40      	ADDLW      _tramaSerial
0x0271	0x00F1      	MOVWF      R1
0x0272	0x0866      	MOVF       EnviarMensajeUART_ptrCRCPDU_L0, 0
0x0273	0x0084      	MOVWF      FSR
0x0274	0x0800      	MOVF       INDF, 0
0x0275	0x00F0      	MOVWF      R0
0x0276	0x0871      	MOVF       R1, 0
0x0277	0x0084      	MOVWF      FSR
0x0278	0x0870      	MOVF       R0, 0
0x0279	0x0080      	MOVWF      INDF
;EsclavoComunicacion.c,149 :: 		tramaSerial[sizePDU+1] = *(ptrCrcPdu+1);           //Asigna al elemento CRC_MSB de la trama de respuesta el MSB de la variable crcTramaError
0x027A	0x0862      	MOVF       FARG_EnviarMensajeUART_sizePDU, 0
0x027B	0x3E01      	ADDLW      1
0x027C	0x00F0      	MOVWF      R0
0x027D	0x01F1      	CLRF       R0+1
0x027E	0x1803      	BTFSC      STATUS, 0
0x027F	0x0AF1      	INCF       R0+1, 1
0x0280	0x0870      	MOVF       R0, 0
0x0281	0x3E40      	ADDLW      _tramaSerial
0x0282	0x00F1      	MOVWF      R1
0x0283	0x0A66      	INCF       EnviarMensajeUART_ptrCRCPDU_L0, 0
0x0284	0x0084      	MOVWF      FSR
0x0285	0x0800      	MOVF       INDF, 0
0x0286	0x00F0      	MOVWF      R0
0x0287	0x0871      	MOVF       R1, 0
0x0288	0x0084      	MOVWF      FSR
0x0289	0x0870      	MOVF       R0, 0
0x028A	0x0080      	MOVWF      INDF
;EsclavoComunicacion.c,150 :: 		tramaSerial[sizePDU+3] = END1;                     //Añade el primer delimitador de final de trama
0x028B	0x3003      	MOVLW      3
0x028C	0x0762      	ADDWF      FARG_EnviarMensajeUART_sizePDU, 0
0x028D	0x00F0      	MOVWF      R0
0x028E	0x01F1      	CLRF       R0+1
0x028F	0x1803      	BTFSC      STATUS, 0
0x0290	0x0AF1      	INCF       R0+1, 1
0x0291	0x0870      	MOVF       R0, 0
0x0292	0x3E40      	ADDLW      _tramaSerial
0x0293	0x0084      	MOVWF      FSR
0x0294	0x300D      	MOVLW      13
0x0295	0x0080      	MOVWF      INDF
;EsclavoComunicacion.c,151 :: 		tramaSerial[sizePDU+4] = END2;                     //Añade el segundo delimitador de final de trama
0x0296	0x3004      	MOVLW      4
0x0297	0x0762      	ADDWF      FARG_EnviarMensajeUART_sizePDU, 0
0x0298	0x00F0      	MOVWF      R0
0x0299	0x01F1      	CLRF       R0+1
0x029A	0x1803      	BTFSC      STATUS, 0
0x029B	0x0AF1      	INCF       R0+1, 1
0x029C	0x0870      	MOVF       R0, 0
0x029D	0x3E40      	ADDLW      _tramaSerial
0x029E	0x0084      	MOVWF      FSR
0x029F	0x300A      	MOVLW      10
0x02A0	0x0080      	MOVWF      INDF
;EsclavoComunicacion.c,152 :: 		for (i=0;i<(sizePDU+5);i++){
0x02A1	0x01E3      	CLRF       EnviarMensajeUART_i_L0
L_EnviarMensajeUART9:
0x02A2	0x3005      	MOVLW      5
0x02A3	0x0762      	ADDWF      FARG_EnviarMensajeUART_sizePDU, 0
0x02A4	0x00F1      	MOVWF      R1
0x02A5	0x01F2      	CLRF       R1+1
0x02A6	0x1803      	BTFSC      STATUS, 0
0x02A7	0x0AF2      	INCF       R1+1, 1
0x02A8	0x3080      	MOVLW      128
0x02A9	0x00F0      	MOVWF      R0
0x02AA	0x3080      	MOVLW      128
0x02AB	0x0672      	XORWF      R1+1, 0
0x02AC	0x0270      	SUBWF      R0, 0
0x02AD	0x1D03      	BTFSS      STATUS, 2
0x02AE	0x2AB1      	GOTO       L__EnviarMensajeUART111
0x02AF	0x0871      	MOVF       R1, 0
0x02B0	0x0263      	SUBWF      EnviarMensajeUART_i_L0, 0
L__EnviarMensajeUART111:
0x02B1	0x1803      	BTFSC      STATUS, 0
0x02B2	0x2AD0      	GOTO       L_EnviarMensajeUART10
;EsclavoComunicacion.c,153 :: 		if ((i>=1)&&(i<=sizePDU)){
0x02B3	0x3001      	MOVLW      1
0x02B4	0x0263      	SUBWF      EnviarMensajeUART_i_L0, 0
0x02B5	0x1C03      	BTFSS      STATUS, 0
0x02B6	0x2AC8      	GOTO       L_EnviarMensajeUART14
0x02B7	0x0863      	MOVF       EnviarMensajeUART_i_L0, 0
0x02B8	0x0262      	SUBWF      FARG_EnviarMensajeUART_sizePDU, 0
0x02B9	0x1C03      	BTFSS      STATUS, 0
0x02BA	0x2AC8      	GOTO       L_EnviarMensajeUART14
L__EnviarMensajeUART106:
;EsclavoComunicacion.c,154 :: 		UART1_Write(tramaPDU[i-1]);                 //Envia el contenido de la trama PDU a travez del UART1
0x02BB	0x3001      	MOVLW      1
0x02BC	0x0263      	SUBWF      EnviarMensajeUART_i_L0, 0
0x02BD	0x00F0      	MOVWF      R0
0x02BE	0x01F1      	CLRF       R0+1
0x02BF	0x1C03      	BTFSS      STATUS, 0
0x02C0	0x03F1      	DECF       R0+1, 1
0x02C1	0x0870      	MOVF       R0, 0
0x02C2	0x0761      	ADDWF      FARG_EnviarMensajeUART_tramaPDU, 0
0x02C3	0x0084      	MOVWF      FSR
0x02C4	0x0800      	MOVF       INDF, 0
0x02C5	0x00EB      	MOVWF      FARG_UART1_Write_data_
0x02C6	0x2185      	CALL       _UART1_Write
;EsclavoComunicacion.c,155 :: 		} else {
0x02C7	0x2ACE      	GOTO       L_EnviarMensajeUART15
L_EnviarMensajeUART14:
;EsclavoComunicacion.c,156 :: 		UART1_Write(tramaSerial[i]);                //Envia el contenido del resto de la trama de peticion a travez del UART1
0x02C8	0x0863      	MOVF       EnviarMensajeUART_i_L0, 0
0x02C9	0x3E40      	ADDLW      _tramaSerial
0x02CA	0x0084      	MOVWF      FSR
0x02CB	0x0800      	MOVF       INDF, 0
0x02CC	0x00EB      	MOVWF      FARG_UART1_Write_data_
0x02CD	0x2185      	CALL       _UART1_Write
;EsclavoComunicacion.c,157 :: 		}
L_EnviarMensajeUART15:
;EsclavoComunicacion.c,152 :: 		for (i=0;i<(sizePDU+5);i++){
0x02CE	0x0AE3      	INCF       EnviarMensajeUART_i_L0, 1
;EsclavoComunicacion.c,158 :: 		}
0x02CF	0x2AA2      	GOTO       L_EnviarMensajeUART9
L_EnviarMensajeUART10:
;EsclavoComunicacion.c,159 :: 		while(UART1_Tx_Idle()==0);                         //Espera hasta que se haya terminado de enviar todo el dato por UART antes de continuar
L_EnviarMensajeUART16:
0x02D0	0x217E      	CALL       _UART1_Tx_Idle
0x02D1	0x0870      	MOVF       R0, 0
0x02D2	0x3A00      	XORLW      0
0x02D3	0x1D03      	BTFSS      STATUS, 2
0x02D4	0x2AD6      	GOTO       L_EnviarMensajeUART17
0x02D5	0x2AD0      	GOTO       L_EnviarMensajeUART16
L_EnviarMensajeUART17:
;EsclavoComunicacion.c,167 :: 		}
L_end_EnviarMensajeUART:
0x02D6	0x0008      	RETURN
; end of _EnviarMensajeUART
_EnviarSolicitudEscritura:
;EsclavoComunicacion.c,313 :: 		void EnviarSolicitudEscritura(unsigned short registroEscritura, unsigned short numDatos, unsigned char* datos){
;EsclavoComunicacion.c,314 :: 		CS = 0;
0x02D7	0x1283      	BCF        STATUS, 5
0x02D8	0x1303      	BCF        STATUS, 6
0x02D9	0x1107      	BCF        RC2_bit, BitPos(RC2_bit+0)
;EsclavoComunicacion.c,315 :: 		SSPBUF = 0XD0;                           //Llena el buffer de salida con el valor de la cabecera de solicitud de escritura
0x02DA	0x30D0      	MOVLW      208
0x02DB	0x0093      	MOVWF      SSPBUF
;EsclavoComunicacion.c,316 :: 		Delay_ms(1);
0x02DC	0x3003      	MOVLW      3
0x02DD	0x00FC      	MOVWF      R12
0x02DE	0x3097      	MOVLW      151
0x02DF	0x00FD      	MOVWF      R13
L_EnviarSolicitudEscritura59:
0x02E0	0x0BFD      	DECFSZ     R13, 1
0x02E1	0x2AE0      	GOTO       L_EnviarSolicitudEscritura59
0x02E2	0x0BFC      	DECFSZ     R12, 1
0x02E3	0x2AE0      	GOTO       L_EnviarSolicitudEscritura59
0x02E4	0x0000      	NOP
0x02E5	0x0000      	NOP
;EsclavoComunicacion.c,317 :: 		SSPBUF = registroEscritura;              //Llena el buffer de salida con el valor del registro que se quiere leer
0x02E6	0x0861      	MOVF       FARG_EnviarSolicitudEscritura_registroEscritura, 0
0x02E7	0x0093      	MOVWF      SSPBUF
;EsclavoComunicacion.c,318 :: 		Delay_ms(1);
0x02E8	0x3003      	MOVLW      3
0x02E9	0x00FC      	MOVWF      R12
0x02EA	0x3097      	MOVLW      151
0x02EB	0x00FD      	MOVWF      R13
L_EnviarSolicitudEscritura60:
0x02EC	0x0BFD      	DECFSZ     R13, 1
0x02ED	0x2AEC      	GOTO       L_EnviarSolicitudEscritura60
0x02EE	0x0BFC      	DECFSZ     R12, 1
0x02EF	0x2AEC      	GOTO       L_EnviarSolicitudEscritura60
0x02F0	0x0000      	NOP
0x02F1	0x0000      	NOP
;EsclavoComunicacion.c,319 :: 		SSPBUF = numDatos;                       //Llena el buffer de salida con el valor del numero de datos
0x02F2	0x0862      	MOVF       FARG_EnviarSolicitudEscritura_numDatos, 0
0x02F3	0x0093      	MOVWF      SSPBUF
;EsclavoComunicacion.c,320 :: 		Delay_ms(1);
0x02F4	0x3003      	MOVLW      3
0x02F5	0x00FC      	MOVWF      R12
0x02F6	0x3097      	MOVLW      151
0x02F7	0x00FD      	MOVWF      R13
L_EnviarSolicitudEscritura61:
0x02F8	0x0BFD      	DECFSZ     R13, 1
0x02F9	0x2AF8      	GOTO       L_EnviarSolicitudEscritura61
0x02FA	0x0BFC      	DECFSZ     R12, 1
0x02FB	0x2AF8      	GOTO       L_EnviarSolicitudEscritura61
0x02FC	0x0000      	NOP
0x02FD	0x0000      	NOP
;EsclavoComunicacion.c,321 :: 		for (x=0;x<numDatos;x++){
0x02FE	0x01AF      	CLRF       _x
L_EnviarSolicitudEscritura62:
0x02FF	0x0862      	MOVF       FARG_EnviarSolicitudEscritura_numDatos, 0
0x0300	0x022F      	SUBWF      _x, 0
0x0301	0x1803      	BTFSC      STATUS, 0
0x0302	0x2B14      	GOTO       L_EnviarSolicitudEscritura63
;EsclavoComunicacion.c,322 :: 		SSPBUF = datos[x];                   //Llena el buffer de salida con cada valor de la tramaSPI
0x0303	0x082F      	MOVF       _x, 0
0x0304	0x0763      	ADDWF      FARG_EnviarSolicitudEscritura_datos, 0
0x0305	0x0084      	MOVWF      FSR
0x0306	0x0800      	MOVF       INDF, 0
0x0307	0x0093      	MOVWF      SSPBUF
;EsclavoComunicacion.c,323 :: 		Delay_ms(1);
0x0308	0x3003      	MOVLW      3
0x0309	0x00FC      	MOVWF      R12
0x030A	0x3097      	MOVLW      151
0x030B	0x00FD      	MOVWF      R13
L_EnviarSolicitudEscritura65:
0x030C	0x0BFD      	DECFSZ     R13, 1
0x030D	0x2B0C      	GOTO       L_EnviarSolicitudEscritura65
0x030E	0x0BFC      	DECFSZ     R12, 1
0x030F	0x2B0C      	GOTO       L_EnviarSolicitudEscritura65
0x0310	0x0000      	NOP
0x0311	0x0000      	NOP
;EsclavoComunicacion.c,321 :: 		for (x=0;x<numDatos;x++){
0x0312	0x0AAF      	INCF       _x, 1
;EsclavoComunicacion.c,324 :: 		}
0x0313	0x2AFF      	GOTO       L_EnviarSolicitudEscritura62
L_EnviarSolicitudEscritura63:
;EsclavoComunicacion.c,325 :: 		CS = 1;
0x0314	0x1507      	BSF        RC2_bit, BitPos(RC2_bit+0)
;EsclavoComunicacion.c,327 :: 		}
L_end_EnviarSolicitudEscritura:
0x0315	0x0008      	RETURN
; end of _EnviarSolicitudEscritura
_UART1_Read:
;__Lib_UART_c67.c,21 :: 		
;__Lib_UART_c67.c,24 :: 		
0x0316	0x1283      	BCF        STATUS, 5
0x0317	0x1303      	BCF        STATUS, 6
0x0318	0x081A      	MOVF       RCREG, 0
0x0319	0x00F1      	MOVWF      R1
;__Lib_UART_c67.c,25 :: 		
0x031A	0x1C98      	BTFSS      RCSTA, 1
0x031B	0x2B1E      	GOTO       L_UART1_Read2
;__Lib_UART_c67.c,26 :: 		
0x031C	0x1218      	BCF        RCSTA, 4
;__Lib_UART_c67.c,27 :: 		
0x031D	0x1618      	BSF        RCSTA, 4
;__Lib_UART_c67.c,28 :: 		
L_UART1_Read2:
;__Lib_UART_c67.c,29 :: 		
0x031E	0x0871      	MOVF       R1, 0
0x031F	0x00F0      	MOVWF      R0
;__Lib_UART_c67.c,30 :: 		
L_end_UART1_Read:
0x0320	0x0008      	RETURN
; end of _UART1_Read
_EnviarACK:
;EsclavoComunicacion.c,238 :: 		void EnviarACK(){
;EsclavoComunicacion.c,239 :: 		UART1_Write(ACK);                                  //Envia el valor de la Cabecera de la trama ACK por el puerto UART1
0x0321	0x30AA      	MOVLW      170
0x0322	0x1283      	BCF        STATUS, 5
0x0323	0x1303      	BCF        STATUS, 6
0x0324	0x00EB      	MOVWF      FARG_UART1_Write_data_
0x0325	0x2185      	CALL       _UART1_Write
;EsclavoComunicacion.c,240 :: 		while(UART1_Tx_Idle()==0);                         //Espera hasta que se haya terminado de enviar todo el dato por UART antes de continuar
L_EnviarACK32:
0x0326	0x217E      	CALL       _UART1_Tx_Idle
0x0327	0x0870      	MOVF       R0, 0
0x0328	0x3A00      	XORLW      0
0x0329	0x1D03      	BTFSS      STATUS, 2
0x032A	0x2B2C      	GOTO       L_EnviarACK33
0x032B	0x2B26      	GOTO       L_EnviarACK32
L_EnviarACK33:
;EsclavoComunicacion.c,241 :: 		}
L_end_EnviarACK:
0x032C	0x0008      	RETURN
; end of _EnviarACK
_EnviarSolicitudLectura:
;EsclavoComunicacion.c,292 :: 		void EnviarSolicitudLectura(unsigned short registroLectura){
;EsclavoComunicacion.c,293 :: 		petSPI[0] = 0xB0;                        //Cabecera de trama de solicitud de medicion
0x032D	0x30B0      	MOVLW      176
0x032E	0x1283      	BCF        STATUS, 5
0x032F	0x1303      	BCF        STATUS, 6
0x0330	0x00D8      	MOVWF      _petSPI
;EsclavoComunicacion.c,294 :: 		petSPI[1] = registroLectura;             //Codigo del registro que se quiere leer
0x0331	0x0861      	MOVF       FARG_EnviarSolicitudLectura_registroLectura, 0
0x0332	0x00D9      	MOVWF      _petSPI+1
;EsclavoComunicacion.c,295 :: 		petSPI[2] = 0xB1;                        //Delimitador de final de trama
0x0333	0x30B1      	MOVLW      177
0x0334	0x00DA      	MOVWF      _petSPI+2
;EsclavoComunicacion.c,296 :: 		CS = 0;
0x0335	0x1107      	BCF        RC2_bit, BitPos(RC2_bit+0)
;EsclavoComunicacion.c,297 :: 		for (x=0;x<3;x++){
0x0336	0x01AF      	CLRF       _x
L_EnviarSolicitudLectura52:
0x0337	0x3003      	MOVLW      3
0x0338	0x022F      	SUBWF      _x, 0
0x0339	0x1803      	BTFSC      STATUS, 0
0x033A	0x2B57      	GOTO       L_EnviarSolicitudLectura53
;EsclavoComunicacion.c,298 :: 		SSPBUF = petSPI[x];                  //Llena el buffer de salida con cada valor de la tramaSPI
0x033B	0x082F      	MOVF       _x, 0
0x033C	0x3E58      	ADDLW      _petSPI
0x033D	0x0084      	MOVWF      FSR
0x033E	0x0800      	MOVF       INDF, 0
0x033F	0x0093      	MOVWF      SSPBUF
;EsclavoComunicacion.c,299 :: 		if (x==2){
0x0340	0x082F      	MOVF       _x, 0
0x0341	0x3A02      	XORLW      2
0x0342	0x1D03      	BTFSS      STATUS, 2
0x0343	0x2B4B      	GOTO       L_EnviarSolicitudLectura55
;EsclavoComunicacion.c,300 :: 		while (SSPSTAT.BF!=1);
L_EnviarSolicitudLectura56:
0x0344	0x1683      	BSF        STATUS, 5
0x0345	0x1814      	BTFSC      SSPSTAT, 0
0x0346	0x2B48      	GOTO       L_EnviarSolicitudLectura57
0x0347	0x2B44      	GOTO       L_EnviarSolicitudLectura56
L_EnviarSolicitudLectura57:
;EsclavoComunicacion.c,301 :: 		numBytesSPI = SSPBUF;             //Recupera el valor de # de bytes que el Esclavo enviara en la solicitud de respuesta, (esto ocurre al enviar el tercer byte)
0x0348	0x1283      	BCF        STATUS, 5
0x0349	0x0813      	MOVF       SSPBUF, 0
0x034A	0x00D1      	MOVWF      _numBytesSPI
;EsclavoComunicacion.c,302 :: 		}
L_EnviarSolicitudLectura55:
;EsclavoComunicacion.c,303 :: 		Delay_ms(1);
0x034B	0x3003      	MOVLW      3
0x034C	0x00FC      	MOVWF      R12
0x034D	0x3097      	MOVLW      151
0x034E	0x00FD      	MOVWF      R13
L_EnviarSolicitudLectura58:
0x034F	0x0BFD      	DECFSZ     R13, 1
0x0350	0x2B4F      	GOTO       L_EnviarSolicitudLectura58
0x0351	0x0BFC      	DECFSZ     R12, 1
0x0352	0x2B4F      	GOTO       L_EnviarSolicitudLectura58
0x0353	0x0000      	NOP
0x0354	0x0000      	NOP
;EsclavoComunicacion.c,297 :: 		for (x=0;x<3;x++){
0x0355	0x0AAF      	INCF       _x, 1
;EsclavoComunicacion.c,304 :: 		}
0x0356	0x2B37      	GOTO       L_EnviarSolicitudLectura52
L_EnviarSolicitudLectura53:
;EsclavoComunicacion.c,305 :: 		CS = 1;
0x0357	0x1507      	BSF        RC2_bit, BitPos(RC2_bit+0)
;EsclavoComunicacion.c,306 :: 		banMed = 1;                              //Activa la bandera de medicion para evitar que existan falsos positivos en la interrupcion externa
0x0358	0x3001      	MOVLW      1
0x0359	0x00D0      	MOVWF      _banMed
;EsclavoComunicacion.c,307 :: 		}
L_end_EnviarSolicitudLectura:
0x035A	0x0008      	RETURN
; end of _EnviarSolicitudLectura
_EnviarMensajeError:
;EsclavoComunicacion.c,173 :: 		void EnviarMensajeError(unsigned short numRegistro,unsigned short codigoError){
;EsclavoComunicacion.c,178 :: 		errorPDU[0] = idEsclavo;
0x035B	0x1283      	BCF        STATUS, 5
0x035C	0x1303      	BCF        STATUS, 6
0x035D	0x082D      	MOVF       _idEsclavo, 0
0x035E	0x00E7      	MOVWF      EnviarMensajeError_errorPDU_L0
;EsclavoComunicacion.c,179 :: 		errorPDU[1] = 0xEE;                                //Cambia el valor del campo Funcion por el codigo 0xEE para indicar que se ha producido un error
0x035F	0x30EE      	MOVLW      238
0x0360	0x00E8      	MOVWF      EnviarMensajeError_errorPDU_L0+1
;EsclavoComunicacion.c,180 :: 		errorPDU[2] = numRegistro;                         //Numero de registro que se solocito leer/escribir
0x0361	0x0861      	MOVF       FARG_EnviarMensajeError_numRegistro, 0
0x0362	0x00E9      	MOVWF      EnviarMensajeError_errorPDU_L0+2
;EsclavoComunicacion.c,181 :: 		errorPDU[3] = 0x01;                                //Numero de datos del pyload de la trama PDU
0x0363	0x3001      	MOVLW      1
0x0364	0x00EA      	MOVWF      EnviarMensajeError_errorPDU_L0+3
;EsclavoComunicacion.c,182 :: 		errorPDU[4] = codigoError;                         //Codigo de error producido
0x0365	0x0862      	MOVF       FARG_EnviarMensajeError_codigoError, 0
0x0366	0x00EB      	MOVWF      EnviarMensajeError_errorPDU_L0+4
;EsclavoComunicacion.c,183 :: 		CRCerrorPDU = CalcularCRC(errorPDU,5);             //Calcula el CRC de la trama errorPDU
0x0367	0x3067      	MOVLW      EnviarMensajeError_errorPDU_L0
0x0368	0x00EB      	MOVWF      FARG_CalcularCRC_trama
0x0369	0x3005      	MOVLW      5
0x036A	0x00EC      	MOVWF      FARG_CalcularCRC_tramaSize
0x036B	0x2152      	CALL       _CalcularCRC
0x036C	0x0870      	MOVF       R0, 0
0x036D	0x00E4      	MOVWF      EnviarMensajeError_CRCerrorPDU_L0
0x036E	0x0871      	MOVF       R0+1, 0
0x036F	0x00E5      	MOVWF      EnviarMensajeError_CRCerrorPDU_L0+1
;EsclavoComunicacion.c,184 :: 		ptrCRCerrorPDU = &CRCerrorPDU;                     //Asociacion del puntero CrcTramaError
0x0370	0x3064      	MOVLW      EnviarMensajeError_CRCerrorPDU_L0
0x0371	0x00E6      	MOVWF      EnviarMensajeError_ptrCRCerrorPDU_L0
;EsclavoComunicacion.c,186 :: 		tramaSerial[0] = HDR;                              //Añade la cabecera a la trama a enviar
0x0372	0x303A      	MOVLW      58
0x0373	0x00C0      	MOVWF      _tramaSerial
;EsclavoComunicacion.c,187 :: 		tramaSerial[6] = *(ptrCRCerrorPDU+1);              //Asigna al elemento CRC_MSB de la trama de respuesta el MSB de la variable crcTramaError
0x0374	0x0A66      	INCF       EnviarMensajeError_ptrCRCerrorPDU_L0, 0
0x0375	0x0084      	MOVWF      FSR
0x0376	0x0800      	MOVF       INDF, 0
0x0377	0x00C6      	MOVWF      _tramaSerial+6
;EsclavoComunicacion.c,188 :: 		tramaSerial[7] = *ptrCRCerrorPDU;                  //Asigna al elemento CRC_LSB de la trama de respuesta el LSB de la variable crcTramaError
0x0378	0x0866      	MOVF       EnviarMensajeError_ptrCRCerrorPDU_L0, 0
0x0379	0x0084      	MOVWF      FSR
0x037A	0x0800      	MOVF       INDF, 0
0x037B	0x00C7      	MOVWF      _tramaSerial+7
;EsclavoComunicacion.c,189 :: 		tramaSerial[8] = END1;                             //Añade el primer delimitador de final de trama
0x037C	0x300D      	MOVLW      13
0x037D	0x00C8      	MOVWF      _tramaSerial+8
;EsclavoComunicacion.c,190 :: 		tramaSerial[9] = END2;                             //Añade el segundo delimitador de final de trama
0x037E	0x300A      	MOVLW      10
0x037F	0x00C9      	MOVWF      _tramaSerial+9
;EsclavoComunicacion.c,191 :: 		for (i=0;i<(10);i++){
0x0380	0x01E3      	CLRF       EnviarMensajeError_i_L0
L_EnviarMensajeError18:
0x0381	0x300A      	MOVLW      10
0x0382	0x0263      	SUBWF      EnviarMensajeError_i_L0, 0
0x0383	0x1803      	BTFSC      STATUS, 0
0x0384	0x2BA2      	GOTO       L_EnviarMensajeError19
;EsclavoComunicacion.c,192 :: 		if ((i>=1)&&(i<=5)){
0x0385	0x3001      	MOVLW      1
0x0386	0x0263      	SUBWF      EnviarMensajeError_i_L0, 0
0x0387	0x1C03      	BTFSS      STATUS, 0
0x0388	0x2B9A      	GOTO       L_EnviarMensajeError23
0x0389	0x0863      	MOVF       EnviarMensajeError_i_L0, 0
0x038A	0x3C05      	SUBLW      5
0x038B	0x1C03      	BTFSS      STATUS, 0
0x038C	0x2B9A      	GOTO       L_EnviarMensajeError23
L__EnviarMensajeError107:
;EsclavoComunicacion.c,193 :: 		UART1_Write(errorPDU[i-1]);                 //Envia el contenido de la trama PDU a travez del UART1
0x038D	0x3001      	MOVLW      1
0x038E	0x0263      	SUBWF      EnviarMensajeError_i_L0, 0
0x038F	0x00F0      	MOVWF      R0
0x0390	0x01F1      	CLRF       R0+1
0x0391	0x1C03      	BTFSS      STATUS, 0
0x0392	0x03F1      	DECF       R0+1, 1
0x0393	0x0870      	MOVF       R0, 0
0x0394	0x3E67      	ADDLW      EnviarMensajeError_errorPDU_L0
0x0395	0x0084      	MOVWF      FSR
0x0396	0x0800      	MOVF       INDF, 0
0x0397	0x00EB      	MOVWF      FARG_UART1_Write_data_
0x0398	0x2185      	CALL       _UART1_Write
;EsclavoComunicacion.c,194 :: 		} else {
0x0399	0x2BA0      	GOTO       L_EnviarMensajeError24
L_EnviarMensajeError23:
;EsclavoComunicacion.c,195 :: 		UART1_Write(tramaSerial[i]);                //Envia el contenido del resto de la trama de peticion a travez del UART1
0x039A	0x0863      	MOVF       EnviarMensajeError_i_L0, 0
0x039B	0x3E40      	ADDLW      _tramaSerial
0x039C	0x0084      	MOVWF      FSR
0x039D	0x0800      	MOVF       INDF, 0
0x039E	0x00EB      	MOVWF      FARG_UART1_Write_data_
0x039F	0x2185      	CALL       _UART1_Write
;EsclavoComunicacion.c,196 :: 		}
L_EnviarMensajeError24:
;EsclavoComunicacion.c,191 :: 		for (i=0;i<(10);i++){
0x03A0	0x0AE3      	INCF       EnviarMensajeError_i_L0, 1
;EsclavoComunicacion.c,197 :: 		}
0x03A1	0x2B81      	GOTO       L_EnviarMensajeError18
L_EnviarMensajeError19:
;EsclavoComunicacion.c,198 :: 		while(UART1_Tx_Idle()==0);                         //Espera hasta que se haya terminado de enviar todo el dato por UART antes de continuar
L_EnviarMensajeError25:
0x03A2	0x217E      	CALL       _UART1_Tx_Idle
0x03A3	0x0870      	MOVF       R0, 0
0x03A4	0x3A00      	XORLW      0
0x03A5	0x1D03      	BTFSS      STATUS, 2
0x03A6	0x2BA8      	GOTO       L_EnviarMensajeError26
0x03A7	0x2BA2      	GOTO       L_EnviarMensajeError25
L_EnviarMensajeError26:
;EsclavoComunicacion.c,199 :: 		}
L_end_EnviarMensajeError:
0x03A8	0x0008      	RETURN
; end of _EnviarMensajeError
_VerificarCRC:
;EsclavoComunicacion.c,206 :: 		unsigned short VerificarCRC(unsigned char* trama, unsigned char tramaPDUSize){
;EsclavoComunicacion.c,214 :: 		crcCalculado = 0;                                  //Inicializa los valores del CRC obtenido y calculado con valores diferentes
0x03A9	0x1283      	BCF        STATUS, 5
0x03AA	0x1303      	BCF        STATUS, 6
0x03AB	0x01E4      	CLRF       VerificarCRC_crcCalculado_L0
0x03AC	0x01E5      	CLRF       VerificarCRC_crcCalculado_L0+1
;EsclavoComunicacion.c,215 :: 		crcTrama = 1;
0x03AD	0x3001      	MOVLW      1
0x03AE	0x00E6      	MOVWF      VerificarCRC_crcTrama_L0
0x03AF	0x3000      	MOVLW      0
0x03B0	0x00E7      	MOVWF      VerificarCRC_crcTrama_L0+1
;EsclavoComunicacion.c,217 :: 		for (j=0;j<tramaPDUSize;j++){                      //Rellena la trama de PDU con los datos de interes de la trama de peticion, es decir, obviando los ultimos 2 bytes de CRC y los 2 de End
0x03B1	0x01E3      	CLRF       VerificarCRC_j_L0
L_VerificarCRC27:
0x03B2	0x0862      	MOVF       FARG_VerificarCRC_tramaPDUSize, 0
0x03B3	0x0263      	SUBWF      VerificarCRC_j_L0, 0
0x03B4	0x1803      	BTFSC      STATUS, 0
0x03B5	0x2BCA      	GOTO       L_VerificarCRC28
;EsclavoComunicacion.c,218 :: 		pdu[j] = trama[j+1];
0x03B6	0x0863      	MOVF       VerificarCRC_j_L0, 0
0x03B7	0x3EA0      	ADDLW      VerificarCRC_pdu_L0
0x03B8	0x00F2      	MOVWF      R2
0x03B9	0x0863      	MOVF       VerificarCRC_j_L0, 0
0x03BA	0x3E01      	ADDLW      1
0x03BB	0x00F0      	MOVWF      R0
0x03BC	0x01F1      	CLRF       R0+1
0x03BD	0x1803      	BTFSC      STATUS, 0
0x03BE	0x0AF1      	INCF       R0+1, 1
0x03BF	0x0870      	MOVF       R0, 0
0x03C0	0x0761      	ADDWF      FARG_VerificarCRC_trama, 0
0x03C1	0x0084      	MOVWF      FSR
0x03C2	0x0800      	MOVF       INDF, 0
0x03C3	0x00F0      	MOVWF      R0
0x03C4	0x0872      	MOVF       R2, 0
0x03C5	0x0084      	MOVWF      FSR
0x03C6	0x0870      	MOVF       R0, 0
0x03C7	0x0080      	MOVWF      INDF
;EsclavoComunicacion.c,217 :: 		for (j=0;j<tramaPDUSize;j++){                      //Rellena la trama de PDU con los datos de interes de la trama de peticion, es decir, obviando los ultimos 2 bytes de CRC y los 2 de End
0x03C8	0x0AE3      	INCF       VerificarCRC_j_L0, 1
;EsclavoComunicacion.c,219 :: 		}
0x03C9	0x2BB2      	GOTO       L_VerificarCRC27
L_VerificarCRC28:
;EsclavoComunicacion.c,221 :: 		crcCalculado = CalcularCRC(pdu, tramaPDUSize);     //Invoca la funcion para el calculo del CRC de la trama PDU
0x03CA	0x30A0      	MOVLW      VerificarCRC_pdu_L0
0x03CB	0x00EB      	MOVWF      FARG_CalcularCRC_trama
0x03CC	0x0862      	MOVF       FARG_VerificarCRC_tramaPDUSize, 0
0x03CD	0x00EC      	MOVWF      FARG_CalcularCRC_tramaSize
0x03CE	0x2152      	CALL       _CalcularCRC
0x03CF	0x0870      	MOVF       R0, 0
0x03D0	0x00E4      	MOVWF      VerificarCRC_crcCalculado_L0
0x03D1	0x0871      	MOVF       R0+1, 0
0x03D2	0x00E5      	MOVWF      VerificarCRC_crcCalculado_L0+1
;EsclavoComunicacion.c,223 :: 		ptrCRCTrama = &CRCTrama;                           //Asociacion del puntero CRCPDU
0x03D3	0x3066      	MOVLW      VerificarCRC_crcTrama_L0
0x03D4	0x00E8      	MOVWF      VerificarCRC_ptrCRCTrama_L0
;EsclavoComunicacion.c,224 :: 		*ptrCRCTrama = trama[tramaPDUSize+2];              //Asigna el elemento CRC_LSB de la trama de respuesta al LSB de la variable CRCPDU
0x03D5	0x3002      	MOVLW      2
0x03D6	0x0762      	ADDWF      FARG_VerificarCRC_tramaPDUSize, 0
0x03D7	0x00F0      	MOVWF      R0
0x03D8	0x01F1      	CLRF       R0+1
0x03D9	0x1803      	BTFSC      STATUS, 0
0x03DA	0x0AF1      	INCF       R0+1, 1
0x03DB	0x0870      	MOVF       R0, 0
0x03DC	0x0761      	ADDWF      FARG_VerificarCRC_trama, 0
0x03DD	0x0084      	MOVWF      FSR
0x03DE	0x0800      	MOVF       INDF, 0
0x03DF	0x00F0      	MOVWF      R0
0x03E0	0x0868      	MOVF       VerificarCRC_ptrCRCTrama_L0, 0
0x03E1	0x0084      	MOVWF      FSR
0x03E2	0x0870      	MOVF       R0, 0
0x03E3	0x0080      	MOVWF      INDF
;EsclavoComunicacion.c,225 :: 		*(ptrCRCTrama+1) = trama[tramaPDUSize+1];          //Asigna el elemento CRC_MSB de la trama de respuesta al MSB de la variable CRCPDU
0x03E4	0x0A68      	INCF       VerificarCRC_ptrCRCTrama_L0, 0
0x03E5	0x00F2      	MOVWF      R2
0x03E6	0x0862      	MOVF       FARG_VerificarCRC_tramaPDUSize, 0
0x03E7	0x3E01      	ADDLW      1
0x03E8	0x00F0      	MOVWF      R0
0x03E9	0x01F1      	CLRF       R0+1
0x03EA	0x1803      	BTFSC      STATUS, 0
0x03EB	0x0AF1      	INCF       R0+1, 1
0x03EC	0x0870      	MOVF       R0, 0
0x03ED	0x0761      	ADDWF      FARG_VerificarCRC_trama, 0
0x03EE	0x0084      	MOVWF      FSR
0x03EF	0x0800      	MOVF       INDF, 0
0x03F0	0x00F0      	MOVWF      R0
0x03F1	0x0872      	MOVF       R2, 0
0x03F2	0x0084      	MOVWF      FSR
0x03F3	0x0870      	MOVF       R0, 0
0x03F4	0x0080      	MOVWF      INDF
;EsclavoComunicacion.c,227 :: 		if (crcCalculado==CRCTrama) {                      //Verifica si el CRC calculado sea igual al CRC obtenido de la trama de peticion
0x03F5	0x0865      	MOVF       VerificarCRC_crcCalculado_L0+1, 0
0x03F6	0x0667      	XORWF      VerificarCRC_crcTrama_L0+1, 0
0x03F7	0x1D03      	BTFSS      STATUS, 2
0x03F8	0x2BFB      	GOTO       L__VerificarCRC114
0x03F9	0x0866      	MOVF       VerificarCRC_crcTrama_L0, 0
0x03FA	0x0664      	XORWF      VerificarCRC_crcCalculado_L0, 0
L__VerificarCRC114:
0x03FB	0x1D03      	BTFSS      STATUS, 2
0x03FC	0x2C00      	GOTO       L_VerificarCRC30
;EsclavoComunicacion.c,228 :: 		return 1;
0x03FD	0x3001      	MOVLW      1
0x03FE	0x00F0      	MOVWF      R0
0x03FF	0x2C01      	GOTO       L_end_VerificarCRC
;EsclavoComunicacion.c,229 :: 		} else {
L_VerificarCRC30:
;EsclavoComunicacion.c,230 :: 		return 0;
0x0400	0x01F0      	CLRF       R0
;EsclavoComunicacion.c,232 :: 		}
L_end_VerificarCRC:
0x0401	0x0008      	RETURN
; end of _VerificarCRC
_EnviarNACK:
;EsclavoComunicacion.c,247 :: 		void EnviarNACK(){
;EsclavoComunicacion.c,248 :: 		UART1_Write(NACK);                                 //Envia el valor de la Cabecera de la trama ACK por el puerto UART1
0x0402	0x30AF      	MOVLW      175
0x0403	0x1283      	BCF        STATUS, 5
0x0404	0x1303      	BCF        STATUS, 6
0x0405	0x00EB      	MOVWF      FARG_UART1_Write_data_
0x0406	0x2185      	CALL       _UART1_Write
;EsclavoComunicacion.c,249 :: 		while(UART1_Tx_Idle()==0);                         //Espera hasta que se haya terminado de enviar todo el dato por UART antes de continuar
L_EnviarNACK34:
0x0407	0x217E      	CALL       _UART1_Tx_Idle
0x0408	0x0870      	MOVF       R0, 0
0x0409	0x3A00      	XORLW      0
0x040A	0x1D03      	BTFSS      STATUS, 2
0x040B	0x2C0D      	GOTO       L_EnviarNACK35
0x040C	0x2C07      	GOTO       L_EnviarNACK34
L_EnviarNACK35:
;EsclavoComunicacion.c,250 :: 		}
L_end_EnviarNACK:
0x040D	0x0008      	RETURN
; end of _EnviarNACK
_main:
;EsclavoComunicacion.c,515 :: 		void main() {
;EsclavoComunicacion.c,517 :: 		ConfiguracionPrincipal();                          //Inicia las configuraciones necesarias
0x040E	0x21CA      	CALL       _ConfiguracionPrincipal
;EsclavoComunicacion.c,518 :: 		IdentificarEsclavo();                              //Con esta funcion determina cual es el codigo identificador del dispositivo EsclavoSensor conectado por SPI
0x040F	0x2207      	CALL       _IdentificarEsclavo
;EsclavoComunicacion.c,519 :: 		CS = 1;                                            //Desabilita el CS
0x0410	0x1507      	BSF        RC2_bit, BitPos(RC2_bit+0)
;EsclavoComunicacion.c,520 :: 		AUX = 0;
0x0411	0x1186      	BCF        RB3_bit, BitPos(RB3_bit+0)
;EsclavoComunicacion.c,521 :: 		IU1 = 0;
0x0412	0x1106      	BCF        RB2_bit, BitPos(RB2_bit+0)
;EsclavoComunicacion.c,522 :: 		i1=0;
0x0413	0x01D4      	CLRF       _i1
;EsclavoComunicacion.c,523 :: 		contadorTOD = 0;                                   //Inicia el contador de Time-Out-Dispositivo
0x0414	0x01D3      	CLRF       _contadorTOD
;EsclavoComunicacion.c,524 :: 		contadorNACK = 0;                                  //Inicia el contador de NACK
0x0415	0x01D2      	CLRF       _contadorNACK
;EsclavoComunicacion.c,525 :: 		banTI = 0;
0x0416	0x01BF      	CLRF       _banTI
;EsclavoComunicacion.c,526 :: 		banTC = 0;
0x0417	0x01BE      	CLRF       _banTC
;EsclavoComunicacion.c,527 :: 		banTF = 0;
0x0418	0x01BD      	CLRF       _banTF
;EsclavoComunicacion.c,528 :: 		banMed = 0;
0x0419	0x01D0      	CLRF       _banMed
;EsclavoComunicacion.c,529 :: 		numDatosEsc = 0;
0x041A	0x01CF      	CLRF       _numDatosEsc
;EsclavoComunicacion.c,530 :: 		}
L_end_main:
0x041B	0x2C1B      	GOTO       $+0
; end of _main
Symbol List:
//** Routines locations **
//ADDRESS    SIZE    PROCEDURE
//----------------------------------------------
0x0004     [334]    _interrupt
0x0152      [44]    _CalcularCRC
0x017E       [7]    _UART1_Tx_Idle
0x0185      [10]    _UART1_Write
0x018F      [16]    _UART1_Init
0x019F      [43]    _SPI1_Init_Advanced
0x01CA      [61]    _ConfiguracionPrincipal
0x0207      [83]    _IdentificarEsclavo
0x025A     [125]    _EnviarMensajeUART
0x02D7      [63]    _EnviarSolicitudEscritura
0x0316      [11]    _UART1_Read
0x0321      [12]    _EnviarACK
0x032D      [46]    _EnviarSolicitudLectura
0x035B      [78]    _EnviarMensajeError
0x03A9      [89]    _VerificarCRC
0x0402      [12]    _EnviarNACK
0x040E      [14]    _main
//** Variables locations ** 
//ADDRESS    SIZE    VARIABLE
//----------------------------------------------
0x0000       [1]    INDF
0x0003       [1]    STATUS
0x0004       [1]    FSR
0x0006       [0]    AUX
0x0006       [0]    RB2_bit
0x0006       [0]    RB3_bit
0x0006       [0]    IU1
0x0007       [0]    RC2_bit
0x0007       [0]    CS
0x000A       [1]    PCLATH
0x000B       [1]    INTCON
0x000C       [0]    TMR1IF_bit
0x000C       [1]    PIR1
0x000E       [1]    TMR1L
0x000F       [1]    TMR1H
0x0010       [1]    T1CON
0x0012       [1]    T2CON
0x0013       [1]    SSPBUF
0x0014       [1]    SSPCON
0x0018       [1]    RCSTA
0x0019       [1]    TXREG
0x001A       [1]    RCREG
0x0024       [1]    _byteTrama
0x0025       [1]    _tramaOk
0x0026       [1]    _t1IdEsclavo
0x0027       [1]    _t1Funcion
0x0028       [4]    _datosEscritura
0x002C       [1]    _t1Registro
0x002D       [1]    _idEsclavo
0x002E       [1]    _t1Size
0x002F       [1]    _x
0x0030       [1]    _regEscrituraEsclavo
0x0031       [1]    _regLecturaEsclavo
0x0032       [1]    _funcEsclavo
0x0033      [10]    _resSPI
0x003D       [1]    _banTF
0x003E       [1]    _banTC
0x003F       [1]    _banTI
0x0040      [15]    _tramaSerial
0x004F       [1]    _numDatosEsc
0x0050       [1]    _banMed
0x0051       [1]    _numBytesSPI
0x0052       [1]    _contadorNACK
0x0053       [1]    _contadorTOD
0x0054       [1]    _i1
0x0055       [1]    ___savePCLATH
0x0056       [2]    ___DoICPAddr
0x0058       [4]    _petSPI
0x005C       [1]    ___saveSTATUS
0x005D       [1]    FARG_SPI1_Init_Advanced_master
0x005E       [1]    FARG_SPI1_Init_Advanced_data_sample
0x005F       [1]    FARG_SPI1_Init_Advanced_clock_idle
0x0060       [1]    FARG_SPI1_Init_Advanced_transmit_edge
0x0061       [1]    FARG_VerificarCRC_trama
0x0061       [1]    FARG_EnviarMensajeUART_tramaPDU
0x0061       [1]    FARG_EnviarMensajeError_numRegistro
0x0061       [1]    FARG_EnviarSolicitudEscritura_registroEscritura
0x0061       [1]    FARG_EnviarSolicitudLectura_registroLectura
0x0062       [1]    FARG_VerificarCRC_tramaPDUSize
0x0062       [1]    FARG_EnviarSolicitudEscritura_numDatos
0x0062       [1]    FARG_EnviarMensajeUART_sizePDU
0x0062       [1]    FARG_EnviarMensajeError_codigoError
0x0063       [1]    EnviarMensajeUART_i_L0
0x0063       [1]    EnviarMensajeError_i_L0
0x0063       [1]    FARG_EnviarSolicitudEscritura_datos
0x0063       [1]    VerificarCRC_j_L0
0x0064       [2]    VerificarCRC_crcCalculado_L0
0x0064       [2]    EnviarMensajeError_CRCerrorPDU_L0
0x0064       [2]    EnviarMensajeUART_CRCPDU_L0
0x0066       [1]    EnviarMensajeError_ptrCRCerrorPDU_L0
0x0066       [2]    VerificarCRC_crcTrama_L0
0x0066       [1]    EnviarMensajeUART_ptrCRCPDU_L0
0x0067       [4]    EnviarMensajeError_errorPDU_L0
0x0068       [1]    VerificarCRC_ptrCRCTrama_L0
0x006B       [1]    FARG_UART1_Write_data_
0x006B       [1]    FARG_CalcularCRC_trama
0x006C       [1]    FARG_CalcularCRC_tramaSize
0x0070       [1]    R0
0x0071       [1]    R1
0x0072       [1]    R2
0x0073       [1]    R3
0x0074       [1]    R4
0x0075       [1]    R5
0x0076       [1]    R6
0x0077       [1]    R7
0x0078       [1]    R8
0x0079       [1]    R9
0x007A       [1]    R10
0x007B       [1]    R11
0x007C       [1]    R12
0x007D       [1]    R13
0x007E       [1]    R14
0x007F       [1]    R15
0x0081       [1]    OPTION_REG
0x0086       [0]    TRISB0_bit
0x0086       [0]    TRISB3_bit
0x0086       [0]    TRISB2_bit
0x0087       [0]    TRISC4_bit
0x0087       [0]    TRISC3_bit
0x0087       [0]    TRISC2_bit
0x0087       [0]    TRISC7_bit
0x0087       [0]    TRISC6_bit
0x0087       [0]    TRISC5_bit
0x008C       [1]    PIE1
0x0092       [1]    PR2
0x0094       [1]    SSPSTAT
0x0098       [1]    TXSTA
0x0099       [1]    SPBRG
0x00A0      [15]    VerificarCRC_pdu_L0
