;  LST file generated by mikroListExporter - v.2.0 
; Date/Time: 5/12/2018 16:32:10
;----------------------------------------------

;Address Opcode 	ASM
0x0000	0x2A46      	GOTO       582
_interrupt:
0x0004	0x00FF      	MOVWF      R15
0x0005	0x0E03      	SWAPF      STATUS, 0
0x0006	0x0183      	CLRF       STATUS
0x0007	0x00E2      	MOVWF      ___saveSTATUS
0x0008	0x080A      	MOVF       PCLATH, 0
0x0009	0x00E1      	MOVWF      ___savePCLATH
0x000A	0x018A      	CLRF       PCLATH
0x000B	0x0870      	MOVF       R0, 0
0x000C	0x00A0      	MOVWF      32
;MasterComunicacion.c,205 :: 		void interrupt(){
;MasterComunicacion.c,209 :: 		if (INTCON.INTF==1){
0x000D	0x1C8B      	BTFSS      INTCON, 1
0x000E	0x2847      	GOTO       L_interrupt27
;MasterComunicacion.c,210 :: 		INTCON.INTF=0;                                  //Limpia la badera de interrupcion externa
0x000F	0x108B      	BCF        INTCON, 1
;MasterComunicacion.c,213 :: 		tramaSPI[0]=0x09;                               //Id esclavo
0x0010	0x3009      	MOVLW      9
0x0011	0x1683      	BSF        STATUS, 5
0x0012	0x00A0      	MOVWF      _tramaSPI
;MasterComunicacion.c,214 :: 		tramaSPI[1]=0x02;                               //# datos
0x0013	0x3002      	MOVLW      2
0x0014	0x00A1      	MOVWF      _tramaSPI+1
;MasterComunicacion.c,215 :: 		tramaSPI[2]=0x05;                               //Funcion
0x0015	0x3005      	MOVLW      5
0x0016	0x00A2      	MOVWF      _tramaSPI+2
;MasterComunicacion.c,216 :: 		tramaSPI[3]=0x06;                               //Dato 1
0x0017	0x3006      	MOVLW      6
0x0018	0x00A3      	MOVWF      _tramaSPI+3
;MasterComunicacion.c,217 :: 		tramaSPI[4]=0x07;                               //Dato 2
0x0019	0x3007      	MOVLW      7
0x001A	0x00A4      	MOVWF      _tramaSPI+4
;MasterComunicacion.c,219 :: 		direccionRpi = tramaSPI[0];                     //Guarda el dato de la direccion del dispositvo con que se desea comunicar
0x001B	0x0820      	MOVF       _tramaSPI, 0
0x001C	0x1283      	BCF        STATUS, 5
0x001D	0x00DE      	MOVWF      _direccionRpi
;MasterComunicacion.c,220 :: 		sizeSPI = tramaSPI[1] + 3;                      //Guarda el dato de la longitud de la trama PDU
0x001E	0x3005      	MOVLW      5
0x001F	0x00D9      	MOVWF      _sizeSPI
;MasterComunicacion.c,221 :: 		funcionRpi = tramaSPI[2];                       //Guarda el dato de la funcion requerida
0x0020	0x3005      	MOVLW      5
0x0021	0x00D4      	MOVWF      _funcionRpi
;MasterComunicacion.c,223 :: 		if (direccionRpi==0xFD || direccionRpi==0xFE || direccionRpi==0xFF){
0x0022	0x1683      	BSF        STATUS, 5
0x0023	0x0820      	MOVF       _tramaSPI, 0
0x0024	0x3AFD      	XORLW      253
0x0025	0x1903      	BTFSC      STATUS, 2
0x0026	0x2831      	GOTO       L__interrupt60
0x0027	0x1283      	BCF        STATUS, 5
0x0028	0x085E      	MOVF       _direccionRpi, 0
0x0029	0x3AFE      	XORLW      254
0x002A	0x1903      	BTFSC      STATUS, 2
0x002B	0x2831      	GOTO       L__interrupt60
0x002C	0x085E      	MOVF       _direccionRpi, 0
0x002D	0x3AFF      	XORLW      255
0x002E	0x1903      	BTFSC      STATUS, 2
0x002F	0x2831      	GOTO       L__interrupt60
0x0030	0x2842      	GOTO       L_interrupt30
L__interrupt60:
0x0031	0x1283      	BCF        STATUS, 5
;MasterComunicacion.c,224 :: 		if (funcionRpi==0x01){                       //Verifica el campo de Funcion para ver si se trata de una sincronizacion de segundos
0x0032	0x0854      	MOVF       _funcionRpi, 0
0x0033	0x3A01      	XORLW      1
0x0034	0x1D03      	BTFSS      STATUS, 2
0x0035	0x2837      	GOTO       L_interrupt31
;MasterComunicacion.c,226 :: 		} else if (funcionRpi==0x02){                //Verifica el campo de Funcion para ver si se trata de una solicitud de sincronizacion de fecha y hora
0x0036	0x2841      	GOTO       L_interrupt32
L_interrupt31:
0x0037	0x0854      	MOVF       _funcionRpi, 0
0x0038	0x3A02      	XORLW      2
0x0039	0x1D03      	BTFSS      STATUS, 2
0x003A	0x283C      	GOTO       L_interrupt33
;MasterComunicacion.c,228 :: 		} else {
0x003B	0x2841      	GOTO       L_interrupt34
L_interrupt33:
;MasterComunicacion.c,229 :: 		EnviarMensajeRS485(tramaSPI, sizeSPI);    //Invoca a la funcion para enviar la peticion
0x003C	0x30A0      	MOVLW      _tramaSPI
0x003D	0x00E3      	MOVWF      FARG_EnviarMensajeRS485_tramaPDU
0x003E	0x0859      	MOVF       _sizeSPI, 0
0x003F	0x00E4      	MOVWF      FARG_EnviarMensajeRS485_sizePDU
0x0040	0x21BF      	CALL       _EnviarMensajeRS485
;MasterComunicacion.c,230 :: 		}
L_interrupt34:
L_interrupt32:
;MasterComunicacion.c,231 :: 		} else {
0x0041	0x2847      	GOTO       L_interrupt35
L_interrupt30:
;MasterComunicacion.c,232 :: 		EnviarMensajeRS485(tramaSPI, sizeSPI);       //Invoca a la funcion para enviar la peticion
0x0042	0x30A0      	MOVLW      _tramaSPI
0x0043	0x00E3      	MOVWF      FARG_EnviarMensajeRS485_tramaPDU
0x0044	0x0859      	MOVF       _sizeSPI, 0
0x0045	0x00E4      	MOVWF      FARG_EnviarMensajeRS485_sizePDU
0x0046	0x21BF      	CALL       _EnviarMensajeRS485
;MasterComunicacion.c,233 :: 		}
L_interrupt35:
;MasterComunicacion.c,235 :: 		}
L_interrupt27:
;MasterComunicacion.c,243 :: 		if (PIR1.F5==1){
0x0047	0x1E8C      	BTFSS      PIR1, 5
0x0048	0x289B      	GOTO       L_interrupt36
;MasterComunicacion.c,245 :: 		IU1 = 1;                                        //Enciende el indicador de interrupcion por UART1
0x0049	0x1607      	BSF        RC4_bit, BitPos(RC4_bit+0)
;MasterComunicacion.c,246 :: 		byteTrama = UART1_Read();                       //Lee el byte de la trama de peticion
0x004A	0x21B4      	CALL       _UART1_Read
0x004B	0x0870      	MOVF       R0, 0
0x004C	0x00D6      	MOVWF      _byteTrama
;MasterComunicacion.c,248 :: 		if ((byteTrama==ACK)&&(banTI==0)){              //Verifica si recibio un ACK
0x004D	0x0870      	MOVF       R0, 0
0x004E	0x3AAA      	XORLW      170
0x004F	0x1D03      	BTFSS      STATUS, 2
0x0050	0x2859      	GOTO       L_interrupt39
0x0051	0x085C      	MOVF       _banTI, 0
0x0052	0x3A00      	XORLW      0
0x0053	0x1D03      	BTFSS      STATUS, 2
0x0054	0x2859      	GOTO       L_interrupt39
L__interrupt59:
;MasterComunicacion.c,250 :: 		TMR1IF_bit = 0;                              //Limpia la bandera de interrupcion por desbordamiento del TMR1
0x0055	0x100C      	BCF        TMR1IF_bit, BitPos(TMR1IF_bit+0)
;MasterComunicacion.c,251 :: 		T1CON.TMR1ON = 0;                            //Apaga el Timer1
0x0056	0x1010      	BCF        T1CON, 0
;MasterComunicacion.c,252 :: 		banTI=0;                                     //Limpia la bandera de inicio de trama
0x0057	0x01DC      	CLRF       _banTI
;MasterComunicacion.c,253 :: 		byteTrama=0;                                 //Limpia la variable del byte de la trama de peticion
0x0058	0x01D6      	CLRF       _byteTrama
;MasterComunicacion.c,254 :: 		}
L_interrupt39:
;MasterComunicacion.c,256 :: 		if ((byteTrama==NACK)&&(banTI==0)){             //Verifica si recibio un NACK
0x0059	0x0856      	MOVF       _byteTrama, 0
0x005A	0x3AAF      	XORLW      175
0x005B	0x1D03      	BTFSS      STATUS, 2
0x005C	0x2872      	GOTO       L_interrupt42
0x005D	0x085C      	MOVF       _banTI, 0
0x005E	0x3A00      	XORLW      0
0x005F	0x1D03      	BTFSS      STATUS, 2
0x0060	0x2872      	GOTO       L_interrupt42
L__interrupt58:
;MasterComunicacion.c,258 :: 		TMR1IF_bit = 0;                              //Limpia la bandera de interrupcion por desbordamiento del TMR1
0x0061	0x100C      	BCF        TMR1IF_bit, BitPos(TMR1IF_bit+0)
;MasterComunicacion.c,259 :: 		T1CON.TMR1ON = 0;                            //Apaga el Timer1
0x0062	0x1010      	BCF        T1CON, 0
;MasterComunicacion.c,260 :: 		if (contadorNACK<3){
0x0063	0x3003      	MOVLW      3
0x0064	0x025D      	SUBWF      _contadorNACK, 0
0x0065	0x1803      	BTFSC      STATUS, 0
0x0066	0x286E      	GOTO       L_interrupt43
;MasterComunicacion.c,261 :: 		EnviarMensajeRS485(tramaSPI, sizeSPI);    //Si recibe un NACK como respuesta, le renvia la trama
0x0067	0x30A0      	MOVLW      _tramaSPI
0x0068	0x00E3      	MOVWF      FARG_EnviarMensajeRS485_tramaPDU
0x0069	0x0859      	MOVF       _sizeSPI, 0
0x006A	0x00E4      	MOVWF      FARG_EnviarMensajeRS485_sizePDU
0x006B	0x21BF      	CALL       _EnviarMensajeRS485
;MasterComunicacion.c,262 :: 		contadorNACK++;                           //Incrrmenta en una unidad el valor del contador de NACK
0x006C	0x0ADD      	INCF       _contadorNACK, 1
;MasterComunicacion.c,263 :: 		} else {
0x006D	0x2870      	GOTO       L_interrupt44
L_interrupt43:
;MasterComunicacion.c,265 :: 		contadorNACK = 0;                         //Limpia el contador de Time-Out-Trama
0x006E	0x01DD      	CLRF       _contadorNACK
;MasterComunicacion.c,266 :: 		EnviarACK();
0x006F	0x21A5      	CALL       _EnviarACK
;MasterComunicacion.c,267 :: 		}
L_interrupt44:
;MasterComunicacion.c,268 :: 		banTI=0;                                     //Limpia la bandera de inicio de trama
0x0070	0x01DC      	CLRF       _banTI
;MasterComunicacion.c,269 :: 		byteTrama=0;                                 //Limpia la variable del byte de la trama de peticion
0x0071	0x01D6      	CLRF       _byteTrama
;MasterComunicacion.c,270 :: 		}
L_interrupt42:
;MasterComunicacion.c,272 :: 		if ((byteTrama==HDR)&&(banTI==0)){
0x0072	0x0856      	MOVF       _byteTrama, 0
0x0073	0x3A3A      	XORLW      58
0x0074	0x1D03      	BTFSS      STATUS, 2
0x0075	0x2881      	GOTO       L_interrupt47
0x0076	0x085C      	MOVF       _banTI, 0
0x0077	0x3A00      	XORLW      0
0x0078	0x1D03      	BTFSS      STATUS, 2
0x0079	0x2881      	GOTO       L_interrupt47
L__interrupt57:
;MasterComunicacion.c,273 :: 		tramaRS485[0]=byteTrama;                     //Guarda el primer byte de la trama en la primera posicion de la trama de peticion
0x007A	0x0856      	MOVF       _byteTrama, 0
0x007B	0x00A1      	MOVWF      _tramaRS485
;MasterComunicacion.c,274 :: 		banTI = 1;                                   //Activa la bandera de inicio de trama
0x007C	0x3001      	MOVLW      1
0x007D	0x00DC      	MOVWF      _banTI
;MasterComunicacion.c,275 :: 		i1 = 1;                                      //Define en 1 el subindice de la trama de peticion
0x007E	0x3001      	MOVLW      1
0x007F	0x00DF      	MOVWF      _i1
;MasterComunicacion.c,276 :: 		tramaOk = 0;                                 //Limpia la variable que indica si la trama ha llegado correctamente
0x0080	0x01D3      	CLRF       _tramaOk
;MasterComunicacion.c,280 :: 		}
L_interrupt47:
;MasterComunicacion.c,282 :: 		if (banTI==1){                                  //Verifica que la bandera de inicio de trama este activa
0x0081	0x085C      	MOVF       _banTI, 0
0x0082	0x3A01      	XORLW      1
0x0083	0x1D03      	BTFSS      STATUS, 2
0x0084	0x2885      	GOTO       L_interrupt48
;MasterComunicacion.c,284 :: 		}
L_interrupt48:
;MasterComunicacion.c,287 :: 		if (banTC==1){                                  //Verifica que se haya completado de llenar la trama de peticion
0x0085	0x085A      	MOVF       _banTC, 0
0x0086	0x3A01      	XORLW      1
0x0087	0x1D03      	BTFSS      STATUS, 2
0x0088	0x2899      	GOTO       L_interrupt49
;MasterComunicacion.c,289 :: 		tramaOk = VerificarCRC(tramaRS485,t1Size);   //Calcula y verifica el CRC de la trama de peticion
0x0089	0x3021      	MOVLW      _tramaRS485
0x008A	0x00E3      	MOVWF      FARG_VerificarCRC_trama
0x008B	0x0855      	MOVF       _t1Size, 0
0x008C	0x00E4      	MOVWF      FARG_VerificarCRC_tramaPDUSize
0x008D	0x213A      	CALL       _VerificarCRC
0x008E	0x0870      	MOVF       R0, 0
0x008F	0x00D3      	MOVWF      _tramaOk
;MasterComunicacion.c,291 :: 		if (tramaOk==1){
0x0090	0x0870      	MOVF       R0, 0
0x0091	0x3A01      	XORLW      1
0x0092	0x1D03      	BTFSS      STATUS, 2
0x0093	0x2896      	GOTO       L_interrupt50
;MasterComunicacion.c,292 :: 		EnviarACK();                             //Si la trama llego sin errores responde con un ACK al esclavo
0x0094	0x21A5      	CALL       _EnviarACK
;MasterComunicacion.c,294 :: 		} else {
0x0095	0x2897      	GOTO       L_interrupt51
L_interrupt50:
;MasterComunicacion.c,295 :: 		EnviarNACK();                            //Si hubo algun error en la trama se envia un ACK al H/S para que reenvie la trama
0x0096	0x2196      	CALL       _EnviarNACK
;MasterComunicacion.c,296 :: 		}
L_interrupt51:
;MasterComunicacion.c,297 :: 		banTC = 0;                                   //Limpia la bandera de trama completa
0x0097	0x01DA      	CLRF       _banTC
;MasterComunicacion.c,298 :: 		i1 = 0;                                      //Limpia el subindice de trama
0x0098	0x01DF      	CLRF       _i1
;MasterComunicacion.c,300 :: 		}
L_interrupt49:
;MasterComunicacion.c,302 :: 		PIR1.F5 = 0;                                    //Limpia la bandera de interrupcion de UART2
0x0099	0x128C      	BCF        PIR1, 5
;MasterComunicacion.c,303 :: 		IU1 = 0;                                        //Apaga el indicador de interrupcion por UART2
0x009A	0x1207      	BCF        RC4_bit, BitPos(RC4_bit+0)
;MasterComunicacion.c,306 :: 		}
L_interrupt36:
;MasterComunicacion.c,312 :: 		if (PIR1.TMR1IF==1){
0x009B	0x1C0C      	BTFSS      PIR1, 0
0x009C	0x28AB      	GOTO       L_interrupt52
;MasterComunicacion.c,313 :: 		TMR1IF_bit = 0;                                 //Limpia la bandera de interrupcion por desbordamiento del TMR1
0x009D	0x100C      	BCF        TMR1IF_bit, BitPos(TMR1IF_bit+0)
;MasterComunicacion.c,314 :: 		T1CON.TMR1ON = 0;                               //Apaga el Timer1
0x009E	0x1010      	BCF        T1CON, 0
;MasterComunicacion.c,316 :: 		if (contadorTOD<3){
0x009F	0x3003      	MOVLW      3
0x00A0	0x0260      	SUBWF      _contadorTOD, 0
0x00A1	0x1803      	BTFSC      STATUS, 0
0x00A2	0x28AA      	GOTO       L_interrupt53
;MasterComunicacion.c,317 :: 		EnviarMensajeRS485(tramaSPI, sizeSPI);       //Reenvia la trama por el bus RS485
0x00A3	0x30A0      	MOVLW      _tramaSPI
0x00A4	0x00E3      	MOVWF      FARG_EnviarMensajeRS485_tramaPDU
0x00A5	0x0859      	MOVF       _sizeSPI, 0
0x00A6	0x00E4      	MOVWF      FARG_EnviarMensajeRS485_sizePDU
0x00A7	0x21BF      	CALL       _EnviarMensajeRS485
;MasterComunicacion.c,318 :: 		contadorTOD++;                               //Incrementa el contador de Time-Out-Dispositivo en una unidad
0x00A8	0x0AE0      	INCF       _contadorTOD, 1
;MasterComunicacion.c,319 :: 		} else {
0x00A9	0x28AB      	GOTO       L_interrupt54
L_interrupt53:
;MasterComunicacion.c,321 :: 		contadorTOD = 0;                             //Limpia el contador de Time-Out-Dispositivo
0x00AA	0x01E0      	CLRF       _contadorTOD
;MasterComunicacion.c,322 :: 		}
L_interrupt54:
;MasterComunicacion.c,323 :: 		}
L_interrupt52:
;MasterComunicacion.c,330 :: 		if (PIR1.TMR2IF==1){
0x00AB	0x1C8C      	BTFSS      PIR1, 1
0x00AC	0x28B3      	GOTO       L_interrupt55
;MasterComunicacion.c,331 :: 		TMR2IF_bit = 0;                                 //Limpia la bandera de interrupcion por desbordamiento del TMR2
0x00AD	0x108C      	BCF        TMR2IF_bit, BitPos(TMR2IF_bit+0)
;MasterComunicacion.c,332 :: 		T2CON.TMR2ON = 0;                               //Apaga el Timer2
0x00AE	0x1112      	BCF        T2CON, 2
;MasterComunicacion.c,333 :: 		banTI = 0;                                      //Limpia la bandera de inicio de trama
0x00AF	0x01DC      	CLRF       _banTI
;MasterComunicacion.c,334 :: 		i1 = 0;                                         //Limpia el subindice de la trama de peticion
0x00B0	0x01DF      	CLRF       _i1
;MasterComunicacion.c,335 :: 		banTC = 0;                                      //Limpia la bandera de trama completa(Por si acaso)
0x00B1	0x01DA      	CLRF       _banTC
;MasterComunicacion.c,336 :: 		EnviarNACK();                                   //Envia un NACK para solicitar el reenvio de la trama
0x00B2	0x2196      	CALL       _EnviarNACK
;MasterComunicacion.c,337 :: 		}
L_interrupt55:
;MasterComunicacion.c,339 :: 		}
L_end_interrupt:
L__interrupt70:
0x00B3	0x0820      	MOVF       32, 0
0x00B4	0x00F0      	MOVWF      R0
0x00B5	0x0861      	MOVF       ___savePCLATH, 0
0x00B6	0x008A      	MOVWF      PCLATH
0x00B7	0x0E62      	SWAPF      ___saveSTATUS, 0
0x00B8	0x0083      	MOVWF      STATUS
0x00B9	0x0EFF      	SWAPF      R15, 1
0x00BA	0x0E7F      	SWAPF      R15, 0
0x00BB	0x0009      	RETFIE
; end of _interrupt
_CalcularCRC:
;MasterComunicacion.c,102 :: 		unsigned int CalcularCRC(unsigned char* trama, unsigned char tramaSize){
;MasterComunicacion.c,105 :: 		for(CRC16=0xFFFF; tramaSize!=0; tramaSize --){
0x00BC	0x30FF      	MOVLW      255
0x00BD	0x1283      	BCF        STATUS, 5
0x00BE	0x1303      	BCF        STATUS, 6
0x00BF	0x00F3      	MOVWF      R3
0x00C0	0x30FF      	MOVLW      255
0x00C1	0x00F4      	MOVWF      R3+1
L_CalcularCRC1:
0x00C2	0x086C      	MOVF       FARG_CalcularCRC_tramaSize, 0
0x00C3	0x3A00      	XORLW      0
0x00C4	0x1903      	BTFSC      STATUS, 2
0x00C5	0x28E3      	GOTO       L_CalcularCRC2
;MasterComunicacion.c,106 :: 		CRC16 ^=*trama ++;
0x00C6	0x086B      	MOVF       FARG_CalcularCRC_trama, 0
0x00C7	0x0084      	MOVWF      FSR
0x00C8	0x0800      	MOVF       INDF, 0
0x00C9	0x06F3      	XORWF      R3, 1
0x00CA	0x3000      	MOVLW      0
0x00CB	0x06F4      	XORWF      R3+1, 1
0x00CC	0x0AEB      	INCF       FARG_CalcularCRC_trama, 1
;MasterComunicacion.c,107 :: 		for(ucCounter =0; ucCounter <8; ucCounter ++){
0x00CD	0x01F2      	CLRF       R2
L_CalcularCRC4:
0x00CE	0x3008      	MOVLW      8
0x00CF	0x0272      	SUBWF      R2, 0
0x00D0	0x1803      	BTFSC      STATUS, 0
0x00D1	0x28E1      	GOTO       L_CalcularCRC5
;MasterComunicacion.c,108 :: 		if(CRC16 & 0x0001)
0x00D2	0x1C73      	BTFSS      R3, 0
0x00D3	0x28DC      	GOTO       L_CalcularCRC7
;MasterComunicacion.c,109 :: 		CRC16 = (CRC16 >>1)^POLMODBUS;
0x00D4	0x0CF4      	RRF        R3+1, 1
0x00D5	0x0CF3      	RRF        R3, 1
0x00D6	0x13F4      	BCF        R3+1, 7
0x00D7	0x3001      	MOVLW      1
0x00D8	0x06F3      	XORWF      R3, 1
0x00D9	0x30A0      	MOVLW      160
0x00DA	0x06F4      	XORWF      R3+1, 1
0x00DB	0x28DF      	GOTO       L_CalcularCRC8
L_CalcularCRC7:
;MasterComunicacion.c,111 :: 		CRC16>>=1;
0x00DC	0x0CF4      	RRF        R3+1, 1
0x00DD	0x0CF3      	RRF        R3, 1
0x00DE	0x13F4      	BCF        R3+1, 7
L_CalcularCRC8:
;MasterComunicacion.c,107 :: 		for(ucCounter =0; ucCounter <8; ucCounter ++){
0x00DF	0x0AF2      	INCF       R2, 1
;MasterComunicacion.c,112 :: 		}
0x00E0	0x28CE      	GOTO       L_CalcularCRC4
L_CalcularCRC5:
;MasterComunicacion.c,105 :: 		for(CRC16=0xFFFF; tramaSize!=0; tramaSize --){
0x00E1	0x03EC      	DECF       FARG_CalcularCRC_tramaSize, 1
;MasterComunicacion.c,113 :: 		}
0x00E2	0x28C2      	GOTO       L_CalcularCRC1
L_CalcularCRC2:
;MasterComunicacion.c,114 :: 		return CRC16;
0x00E3	0x0873      	MOVF       R3, 0
0x00E4	0x00F0      	MOVWF      R0
0x00E5	0x0874      	MOVF       R3+1, 0
0x00E6	0x00F1      	MOVWF      R0+1
;MasterComunicacion.c,115 :: 		}
L_end_CalcularCRC:
0x00E7	0x0008      	RETURN
; end of _CalcularCRC
_UART1_Write:
;__Lib_UART_c67.c,39 :: 		
;__Lib_UART_c67.c,40 :: 		
L_UART1_Write3:
0x00E8	0x1683      	BSF        STATUS, 5
0x00E9	0x1303      	BCF        STATUS, 6
0x00EA	0x1898      	BTFSC      TXSTA, 1
0x00EB	0x28EE      	GOTO       L_UART1_Write4
;__Lib_UART_c67.c,41 :: 		
0x00EC	0x0000      	NOP
0x00ED	0x28E8      	GOTO       L_UART1_Write3
L_UART1_Write4:
;__Lib_UART_c67.c,42 :: 		
0x00EE	0x1283      	BCF        STATUS, 5
0x00EF	0x086B      	MOVF       FARG_UART1_Write_data_, 0
0x00F0	0x0099      	MOVWF      TXREG
;__Lib_UART_c67.c,43 :: 		
L_end_UART1_Write:
0x00F1	0x0008      	RETURN
; end of _UART1_Write
_UART1_Init:
;__Lib_UART_c67.c,2 :: 		
;__Lib_UART_c67.c,5 :: 		
0x00F2	0x1683      	BSF        STATUS, 5
0x00F3	0x1303      	BCF        STATUS, 6
0x00F4	0x1698      	BSF        TXSTA, 5
;__Lib_UART_c67.c,6 :: 		
0x00F5	0x3090      	MOVLW      144
0x00F6	0x1283      	BCF        STATUS, 5
0x00F7	0x0098      	MOVWF      RCSTA
;__Lib_UART_c67.c,7 :: 		
0x00F8	0x1683      	BSF        STATUS, 5
0x00F9	0x1787      	BSF        TRISC7_bit, BitPos(TRISC7_bit+0)
;__Lib_UART_c67.c,8 :: 		
0x00FA	0x1307      	BCF        TRISC6_bit, BitPos(TRISC6_bit+0)
;__Lib_UART_c67.c,10 :: 		
L_UART1_Init0:
0x00FB	0x1283      	BCF        STATUS, 5
0x00FC	0x1E8C      	BTFSS      PIR1, 5
0x00FD	0x2901      	GOTO       L_UART1_Init1
;__Lib_UART_c67.c,11 :: 		
0x00FE	0x081A      	MOVF       RCREG, 0
0x00FF	0x00F0      	MOVWF      R0
0x0100	0x28FB      	GOTO       L_UART1_Init0
L_UART1_Init1:
;__Lib_UART_c67.c,12 :: 		
L_end_UART1_Init:
0x0101	0x0008      	RETURN
; end of _UART1_Init
_UART1_Tx_Idle:
;__Lib_UART_c67.c,34 :: 		
;__Lib_UART_c67.c,35 :: 		
0x0102	0x3000      	MOVLW      0
0x0103	0x1683      	BSF        STATUS, 5
0x0104	0x1303      	BCF        STATUS, 6
0x0105	0x1898      	BTFSC      TXSTA, 1
0x0106	0x3001      	MOVLW      1
0x0107	0x00F0      	MOVWF      R0
;__Lib_UART_c67.c,36 :: 		
L_end_UART1_Tx_Idle:
0x0108	0x0008      	RETURN
; end of _UART1_Tx_Idle
_ConfiguracionPrincipal:
;MasterComunicacion.c,61 :: 		void ConfiguracionPrincipal(){
;MasterComunicacion.c,63 :: 		TRISB0_bit = 1;
0x0109	0x1683      	BSF        STATUS, 5
0x010A	0x1303      	BCF        STATUS, 6
0x010B	0x1406      	BSF        TRISB0_bit, BitPos(TRISB0_bit+0)
;MasterComunicacion.c,64 :: 		TRISB1_bit = 0;
0x010C	0x1086      	BCF        TRISB1_bit, BitPos(TRISB1_bit+0)
;MasterComunicacion.c,65 :: 		TRISB2_bit = 1;
0x010D	0x1506      	BSF        TRISB2_bit, BitPos(TRISB2_bit+0)
;MasterComunicacion.c,66 :: 		TRISB3_bit = 0;
0x010E	0x1186      	BCF        TRISB3_bit, BitPos(TRISB3_bit+0)
;MasterComunicacion.c,67 :: 		TRISB5_bit = 0;
0x010F	0x1286      	BCF        TRISB5_bit, BitPos(TRISB5_bit+0)
;MasterComunicacion.c,68 :: 		TRISB6_bit = 0;
0x0110	0x1306      	BCF        TRISB6_bit, BitPos(TRISB6_bit+0)
;MasterComunicacion.c,70 :: 		INTCON.GIE = 1;                                    //Habilita las interrupciones globales
0x0111	0x178B      	BSF        INTCON, 7
;MasterComunicacion.c,71 :: 		INTCON.PEIE = 1;                                   //Habilita las interrupciones perifericas
0x0112	0x170B      	BSF        INTCON, 6
;MasterComunicacion.c,74 :: 		UART1_Init(19200);                                 //Inicializa el UART1 a 19200 bps
0x0113	0x3019      	MOVLW      25
0x0114	0x0099      	MOVWF      SPBRG
0x0115	0x1518      	BSF        TXSTA, 2
0x0116	0x20F2      	CALL       _UART1_Init
;MasterComunicacion.c,77 :: 		T1CON = 0x30;
0x0117	0x3030      	MOVLW      48
0x0118	0x0090      	MOVWF      T1CON
;MasterComunicacion.c,78 :: 		TMR1IF_bit = 0;
0x0119	0x100C      	BCF        TMR1IF_bit, BitPos(TMR1IF_bit+0)
;MasterComunicacion.c,79 :: 		TMR1H = 0x0B;
0x011A	0x300B      	MOVLW      11
0x011B	0x008F      	MOVWF      TMR1H
;MasterComunicacion.c,80 :: 		TMR1L = 0xDC;
0x011C	0x30DC      	MOVLW      220
0x011D	0x008E      	MOVWF      TMR1L
;MasterComunicacion.c,81 :: 		TMR1IE_bit = 1;
0x011E	0x1683      	BSF        STATUS, 5
0x011F	0x140C      	BSF        TMR1IE_bit, BitPos(TMR1IE_bit+0)
;MasterComunicacion.c,82 :: 		INTCON = 0xC0;
0x0120	0x30C0      	MOVLW      192
0x0121	0x008B      	MOVWF      INTCON
;MasterComunicacion.c,85 :: 		T2CON = 0x78;
0x0122	0x3078      	MOVLW      120
0x0123	0x1283      	BCF        STATUS, 5
0x0124	0x0092      	MOVWF      T2CON
;MasterComunicacion.c,86 :: 		PR2 = 249;
0x0125	0x30F9      	MOVLW      249
0x0126	0x1683      	BSF        STATUS, 5
0x0127	0x0092      	MOVWF      PR2
;MasterComunicacion.c,87 :: 		TMR2IE_bit        = 1;
0x0128	0x148C      	BSF        TMR2IE_bit, BitPos(TMR2IE_bit+0)
;MasterComunicacion.c,90 :: 		INTCON.INTE = 1;                                   //Habilita la interrupcion externa
0x0129	0x160B      	BSF        INTCON, 4
;MasterComunicacion.c,91 :: 		INTCON.INTF = 0;                                   //Limpia la bandera de interrupcion externa
0x012A	0x108B      	BCF        INTCON, 1
;MasterComunicacion.c,92 :: 		OPTION_REG.INTEDG = 0;                             //Activa la interrupcion en el flanco de bajada
0x012B	0x1301      	BCF        OPTION_REG, 6
;MasterComunicacion.c,94 :: 		Delay_ms(100);                                     //Espera hasta que se estabilicen los cambios
0x012C	0x3002      	MOVLW      2
0x012D	0x00FB      	MOVWF      R11
0x012E	0x3004      	MOVLW      4
0x012F	0x00FC      	MOVWF      R12
0x0130	0x30BA      	MOVLW      186
0x0131	0x00FD      	MOVWF      R13
L_ConfiguracionPrincipal0:
0x0132	0x0BFD      	DECFSZ     R13, 1
0x0133	0x2932      	GOTO       L_ConfiguracionPrincipal0
0x0134	0x0BFC      	DECFSZ     R12, 1
0x0135	0x2932      	GOTO       L_ConfiguracionPrincipal0
0x0136	0x0BFB      	DECFSZ     R11, 1
0x0137	0x2932      	GOTO       L_ConfiguracionPrincipal0
0x0138	0x0000      	NOP
;MasterComunicacion.c,96 :: 		}
L_end_ConfiguracionPrincipal:
0x0139	0x0008      	RETURN
; end of _ConfiguracionPrincipal
_VerificarCRC:
;MasterComunicacion.c,158 :: 		unsigned int VerificarCRC(unsigned char* trama, unsigned char tramaPDUSize){
;MasterComunicacion.c,163 :: 		crcCalculado = 0;                                  //Inicializa los valores del CRC obtenido y calculado con valores diferentes
0x013A	0x1283      	BCF        STATUS, 5
0x013B	0x1303      	BCF        STATUS, 6
0x013C	0x01E6      	CLRF       VerificarCRC_crcCalculado_L0
0x013D	0x01E7      	CLRF       VerificarCRC_crcCalculado_L0+1
;MasterComunicacion.c,164 :: 		crcTrama = 1;
0x013E	0x3001      	MOVLW      1
0x013F	0x00E8      	MOVWF      VerificarCRC_crcTrama_L0
0x0140	0x3000      	MOVLW      0
0x0141	0x00E9      	MOVWF      VerificarCRC_crcTrama_L0+1
;MasterComunicacion.c,165 :: 		for (j=0;j<=(tramaPDUSize);j++){                   //Rellena la trama de PDU con los datos de interes de la trama de peticion, es decir, obviando los ultimos 2 bytes de CRC y los 2 de End
0x0142	0x01E5      	CLRF       VerificarCRC_j_L0
L_VerificarCRC18:
0x0143	0x0865      	MOVF       VerificarCRC_j_L0, 0
0x0144	0x0264      	SUBWF      FARG_VerificarCRC_tramaPDUSize, 0
0x0145	0x1C03      	BTFSS      STATUS, 0
0x0146	0x295B      	GOTO       L_VerificarCRC19
;MasterComunicacion.c,166 :: 		pdu[j] = trama[j+1];
0x0147	0x0865      	MOVF       VerificarCRC_j_L0, 0
0x0148	0x3ED2      	ADDLW      VerificarCRC_pdu_L0
0x0149	0x00F2      	MOVWF      R2
0x014A	0x0865      	MOVF       VerificarCRC_j_L0, 0
0x014B	0x3E01      	ADDLW      1
0x014C	0x00F0      	MOVWF      R0
0x014D	0x01F1      	CLRF       R0+1
0x014E	0x1803      	BTFSC      STATUS, 0
0x014F	0x0AF1      	INCF       R0+1, 1
0x0150	0x0870      	MOVF       R0, 0
0x0151	0x0763      	ADDWF      FARG_VerificarCRC_trama, 0
0x0152	0x0084      	MOVWF      FSR
0x0153	0x0800      	MOVF       INDF, 0
0x0154	0x00F0      	MOVWF      R0
0x0155	0x0872      	MOVF       R2, 0
0x0156	0x0084      	MOVWF      FSR
0x0157	0x0870      	MOVF       R0, 0
0x0158	0x0080      	MOVWF      INDF
;MasterComunicacion.c,165 :: 		for (j=0;j<=(tramaPDUSize);j++){                   //Rellena la trama de PDU con los datos de interes de la trama de peticion, es decir, obviando los ultimos 2 bytes de CRC y los 2 de End
0x0159	0x0AE5      	INCF       VerificarCRC_j_L0, 1
;MasterComunicacion.c,167 :: 		}
0x015A	0x2943      	GOTO       L_VerificarCRC18
L_VerificarCRC19:
;MasterComunicacion.c,168 :: 		crcCalculado = CalcularCRC(pdu, tramaPDUSize);     //Invoca la funcion para el calculo del CRC de la trama PDU
0x015B	0x30D2      	MOVLW      VerificarCRC_pdu_L0
0x015C	0x00EB      	MOVWF      FARG_CalcularCRC_trama
0x015D	0x0864      	MOVF       FARG_VerificarCRC_tramaPDUSize, 0
0x015E	0x00EC      	MOVWF      FARG_CalcularCRC_tramaSize
0x015F	0x20BC      	CALL       _CalcularCRC
0x0160	0x0870      	MOVF       R0, 0
0x0161	0x00E6      	MOVWF      VerificarCRC_crcCalculado_L0
0x0162	0x0871      	MOVF       R0+1, 0
0x0163	0x00E7      	MOVWF      VerificarCRC_crcCalculado_L0+1
;MasterComunicacion.c,169 :: 		ptrCRCTrama = &CRCTrama;                           //Asociacion del puntero CRCPDU
0x0164	0x3068      	MOVLW      VerificarCRC_crcTrama_L0
0x0165	0x00EA      	MOVWF      VerificarCRC_ptrCRCTrama_L0
;MasterComunicacion.c,170 :: 		*ptrCRCTrama = trama[tramaPDUSize+2];              //Asigna el elemento CRC_LSB de la trama de respuesta al LSB de la variable CRCPDU
0x0166	0x3002      	MOVLW      2
0x0167	0x0764      	ADDWF      FARG_VerificarCRC_tramaPDUSize, 0
0x0168	0x00F0      	MOVWF      R0
0x0169	0x01F1      	CLRF       R0+1
0x016A	0x1803      	BTFSC      STATUS, 0
0x016B	0x0AF1      	INCF       R0+1, 1
0x016C	0x0870      	MOVF       R0, 0
0x016D	0x0763      	ADDWF      FARG_VerificarCRC_trama, 0
0x016E	0x0084      	MOVWF      FSR
0x016F	0x0800      	MOVF       INDF, 0
0x0170	0x00F0      	MOVWF      R0
0x0171	0x086A      	MOVF       VerificarCRC_ptrCRCTrama_L0, 0
0x0172	0x0084      	MOVWF      FSR
0x0173	0x0870      	MOVF       R0, 0
0x0174	0x0080      	MOVWF      INDF
;MasterComunicacion.c,171 :: 		*(ptrCRCTrama+1) = trama[tramaPDUSize+1];          //Asigna el elemento CRC_MSB de la trama de respuesta al MSB de la variable CRCPDU
0x0175	0x0A6A      	INCF       VerificarCRC_ptrCRCTrama_L0, 0
0x0176	0x00F2      	MOVWF      R2
0x0177	0x0864      	MOVF       FARG_VerificarCRC_tramaPDUSize, 0
0x0178	0x3E01      	ADDLW      1
0x0179	0x00F0      	MOVWF      R0
0x017A	0x01F1      	CLRF       R0+1
0x017B	0x1803      	BTFSC      STATUS, 0
0x017C	0x0AF1      	INCF       R0+1, 1
0x017D	0x0870      	MOVF       R0, 0
0x017E	0x0763      	ADDWF      FARG_VerificarCRC_trama, 0
0x017F	0x0084      	MOVWF      FSR
0x0180	0x0800      	MOVF       INDF, 0
0x0181	0x00F0      	MOVWF      R0
0x0182	0x0872      	MOVF       R2, 0
0x0183	0x0084      	MOVWF      FSR
0x0184	0x0870      	MOVF       R0, 0
0x0185	0x0080      	MOVWF      INDF
;MasterComunicacion.c,172 :: 		if (crcCalculado==CRCTrama) {                      //Verifica si el CRC calculado sea igual al CRC obtenido de la trama de peticion
0x0186	0x0867      	MOVF       VerificarCRC_crcCalculado_L0+1, 0
0x0187	0x0669      	XORWF      VerificarCRC_crcTrama_L0+1, 0
0x0188	0x1D03      	BTFSS      STATUS, 2
0x0189	0x298C      	GOTO       L__VerificarCRC66
0x018A	0x0868      	MOVF       VerificarCRC_crcTrama_L0, 0
0x018B	0x0666      	XORWF      VerificarCRC_crcCalculado_L0, 0
L__VerificarCRC66:
0x018C	0x1D03      	BTFSS      STATUS, 2
0x018D	0x2993      	GOTO       L_VerificarCRC21
;MasterComunicacion.c,173 :: 		return 1;
0x018E	0x3001      	MOVLW      1
0x018F	0x00F0      	MOVWF      R0
0x0190	0x3000      	MOVLW      0
0x0191	0x00F1      	MOVWF      R0+1
0x0192	0x2995      	GOTO       L_end_VerificarCRC
;MasterComunicacion.c,174 :: 		} else {
L_VerificarCRC21:
;MasterComunicacion.c,175 :: 		return 0;
0x0193	0x01F0      	CLRF       R0
0x0194	0x01F1      	CLRF       R0+1
;MasterComunicacion.c,177 :: 		}
L_end_VerificarCRC:
0x0195	0x0008      	RETURN
; end of _VerificarCRC
_EnviarNACK:
;MasterComunicacion.c,194 :: 		void EnviarNACK(){
;MasterComunicacion.c,195 :: 		RE_DE = 1;                                         //Establece el Max485 en modo escritura
0x0196	0x1283      	BCF        STATUS, 5
0x0197	0x1303      	BCF        STATUS, 6
0x0198	0x1486      	BSF        RB1_bit, BitPos(RB1_bit+0)
;MasterComunicacion.c,196 :: 		UART1_Write(NACK);                                 //Envia el valor de la Cabecera de la trama ACK por el puerto UART1
0x0199	0x30AF      	MOVLW      175
0x019A	0x00EB      	MOVWF      FARG_UART1_Write_data_
0x019B	0x20E8      	CALL       _UART1_Write
;MasterComunicacion.c,197 :: 		while(UART1_Tx_Idle()==0);                         //Espera hasta que se haya terminado de enviar todo el dato por UART antes de continuar
L_EnviarNACK25:
0x019C	0x2102      	CALL       _UART1_Tx_Idle
0x019D	0x0870      	MOVF       R0, 0
0x019E	0x3A00      	XORLW      0
0x019F	0x1D03      	BTFSS      STATUS, 2
0x01A0	0x29A2      	GOTO       L_EnviarNACK26
0x01A1	0x299C      	GOTO       L_EnviarNACK25
L_EnviarNACK26:
;MasterComunicacion.c,198 :: 		RE_DE = 0;                                         //Establece el Max485 en modo de lectura;
0x01A2	0x1283      	BCF        STATUS, 5
0x01A3	0x1086      	BCF        RB1_bit, BitPos(RB1_bit+0)
;MasterComunicacion.c,199 :: 		}
L_end_EnviarNACK:
0x01A4	0x0008      	RETURN
; end of _EnviarNACK
_EnviarACK:
;MasterComunicacion.c,183 :: 		void EnviarACK(){
;MasterComunicacion.c,184 :: 		RE_DE = 1;                                         //Establece el Max485 en modo escritura
0x01A5	0x1283      	BCF        STATUS, 5
0x01A6	0x1303      	BCF        STATUS, 6
0x01A7	0x1486      	BSF        RB1_bit, BitPos(RB1_bit+0)
;MasterComunicacion.c,185 :: 		UART1_Write(ACK);                                  //Envia el valor de la Cabecera de la trama ACK por el puerto UART1
0x01A8	0x30AA      	MOVLW      170
0x01A9	0x00EB      	MOVWF      FARG_UART1_Write_data_
0x01AA	0x20E8      	CALL       _UART1_Write
;MasterComunicacion.c,186 :: 		while(UART1_Tx_Idle()==0);                         //Espera hasta que se haya terminado de enviar todo el dato por UART antes de continuar
L_EnviarACK23:
0x01AB	0x2102      	CALL       _UART1_Tx_Idle
0x01AC	0x0870      	MOVF       R0, 0
0x01AD	0x3A00      	XORLW      0
0x01AE	0x1D03      	BTFSS      STATUS, 2
0x01AF	0x29B1      	GOTO       L_EnviarACK24
0x01B0	0x29AB      	GOTO       L_EnviarACK23
L_EnviarACK24:
;MasterComunicacion.c,187 :: 		RE_DE = 0;                                         //Establece el Max485 en modo de lectura;
0x01B1	0x1283      	BCF        STATUS, 5
0x01B2	0x1086      	BCF        RB1_bit, BitPos(RB1_bit+0)
;MasterComunicacion.c,188 :: 		}
L_end_EnviarACK:
0x01B3	0x0008      	RETURN
; end of _EnviarACK
_UART1_Read:
;__Lib_UART_c67.c,21 :: 		
;__Lib_UART_c67.c,24 :: 		
0x01B4	0x1283      	BCF        STATUS, 5
0x01B5	0x1303      	BCF        STATUS, 6
0x01B6	0x081A      	MOVF       RCREG, 0
0x01B7	0x00F1      	MOVWF      R1
;__Lib_UART_c67.c,25 :: 		
0x01B8	0x1C98      	BTFSS      RCSTA, 1
0x01B9	0x29BC      	GOTO       L_UART1_Read2
;__Lib_UART_c67.c,26 :: 		
0x01BA	0x1218      	BCF        RCSTA, 4
;__Lib_UART_c67.c,27 :: 		
0x01BB	0x1618      	BSF        RCSTA, 4
;__Lib_UART_c67.c,28 :: 		
L_UART1_Read2:
;__Lib_UART_c67.c,29 :: 		
0x01BC	0x0871      	MOVF       R1, 0
0x01BD	0x00F0      	MOVWF      R0
;__Lib_UART_c67.c,30 :: 		
L_end_UART1_Read:
0x01BE	0x0008      	RETURN
; end of _UART1_Read
_EnviarMensajeRS485:
;MasterComunicacion.c,119 :: 		void EnviarMensajeRS485(unsigned char *tramaPDU, unsigned char sizePDU){
;MasterComunicacion.c,123 :: 		CRCPDU = CalcularCRC(tramaPDU, sizePDU);           //Calcula el CRC de la trama pdu
0x01BF	0x1283      	BCF        STATUS, 5
0x01C0	0x1303      	BCF        STATUS, 6
0x01C1	0x0863      	MOVF       FARG_EnviarMensajeRS485_tramaPDU, 0
0x01C2	0x00EB      	MOVWF      FARG_CalcularCRC_trama
0x01C3	0x0864      	MOVF       FARG_EnviarMensajeRS485_sizePDU, 0
0x01C4	0x00EC      	MOVWF      FARG_CalcularCRC_tramaSize
0x01C5	0x20BC      	CALL       _CalcularCRC
0x01C6	0x0870      	MOVF       R0, 0
0x01C7	0x00E6      	MOVWF      EnviarMensajeRS485_CRCPDU_L0
0x01C8	0x0871      	MOVF       R0+1, 0
0x01C9	0x00E7      	MOVWF      EnviarMensajeRS485_CRCPDU_L0+1
;MasterComunicacion.c,124 :: 		ptrCRCPDU = &CRCPDU;                               //Asociacion del puntero CrcTramaError
0x01CA	0x3066      	MOVLW      EnviarMensajeRS485_CRCPDU_L0
0x01CB	0x00E8      	MOVWF      EnviarMensajeRS485_ptrCRCPDU_L0
;MasterComunicacion.c,126 :: 		tramaRS485[0]=HDR;                                 //Añade la cabecera a la trama a enviar
0x01CC	0x303A      	MOVLW      58
0x01CD	0x00A1      	MOVWF      _tramaRS485
;MasterComunicacion.c,127 :: 		tramaRS485[sizePDU+2]=*ptrCrcPdu;                  //Asigna al elemento CRC_LSB de la trama de respuesta el LSB de la variable crcTramaError
0x01CE	0x3002      	MOVLW      2
0x01CF	0x0764      	ADDWF      FARG_EnviarMensajeRS485_sizePDU, 0
0x01D0	0x00F0      	MOVWF      R0
0x01D1	0x01F1      	CLRF       R0+1
0x01D2	0x1803      	BTFSC      STATUS, 0
0x01D3	0x0AF1      	INCF       R0+1, 1
0x01D4	0x0870      	MOVF       R0, 0
0x01D5	0x3E21      	ADDLW      _tramaRS485
0x01D6	0x00F1      	MOVWF      R1
0x01D7	0x0868      	MOVF       EnviarMensajeRS485_ptrCRCPDU_L0, 0
0x01D8	0x0084      	MOVWF      FSR
0x01D9	0x0800      	MOVF       INDF, 0
0x01DA	0x00F0      	MOVWF      R0
0x01DB	0x0871      	MOVF       R1, 0
0x01DC	0x0084      	MOVWF      FSR
0x01DD	0x0870      	MOVF       R0, 0
0x01DE	0x0080      	MOVWF      INDF
;MasterComunicacion.c,128 :: 		tramaRS485[sizePDU+1]=*(ptrCrcPdu+1);              //Asigna al elemento CRC_MSB de la trama de respuesta el MSB de la variable crcTramaError
0x01DF	0x0864      	MOVF       FARG_EnviarMensajeRS485_sizePDU, 0
0x01E0	0x3E01      	ADDLW      1
0x01E1	0x00F0      	MOVWF      R0
0x01E2	0x01F1      	CLRF       R0+1
0x01E3	0x1803      	BTFSC      STATUS, 0
0x01E4	0x0AF1      	INCF       R0+1, 1
0x01E5	0x0870      	MOVF       R0, 0
0x01E6	0x3E21      	ADDLW      _tramaRS485
0x01E7	0x00F1      	MOVWF      R1
0x01E8	0x0A68      	INCF       EnviarMensajeRS485_ptrCRCPDU_L0, 0
0x01E9	0x0084      	MOVWF      FSR
0x01EA	0x0800      	MOVF       INDF, 0
0x01EB	0x00F0      	MOVWF      R0
0x01EC	0x0871      	MOVF       R1, 0
0x01ED	0x0084      	MOVWF      FSR
0x01EE	0x0870      	MOVF       R0, 0
0x01EF	0x0080      	MOVWF      INDF
;MasterComunicacion.c,129 :: 		tramaRS485[sizePDU+3]=END1;                        //Añade el primer delimitador de final de trama
0x01F0	0x3003      	MOVLW      3
0x01F1	0x0764      	ADDWF      FARG_EnviarMensajeRS485_sizePDU, 0
0x01F2	0x00F0      	MOVWF      R0
0x01F3	0x01F1      	CLRF       R0+1
0x01F4	0x1803      	BTFSC      STATUS, 0
0x01F5	0x0AF1      	INCF       R0+1, 1
0x01F6	0x0870      	MOVF       R0, 0
0x01F7	0x3E21      	ADDLW      _tramaRS485
0x01F8	0x0084      	MOVWF      FSR
0x01F9	0x300D      	MOVLW      13
0x01FA	0x0080      	MOVWF      INDF
;MasterComunicacion.c,130 :: 		tramaRS485[sizePDU+4]=END2;                        //Añade el segundo delimitador de final de trama
0x01FB	0x3004      	MOVLW      4
0x01FC	0x0764      	ADDWF      FARG_EnviarMensajeRS485_sizePDU, 0
0x01FD	0x00F0      	MOVWF      R0
0x01FE	0x01F1      	CLRF       R0+1
0x01FF	0x1803      	BTFSC      STATUS, 0
0x0200	0x0AF1      	INCF       R0+1, 1
0x0201	0x0870      	MOVF       R0, 0
0x0202	0x3E21      	ADDLW      _tramaRS485
0x0203	0x0084      	MOVWF      FSR
0x0204	0x300A      	MOVLW      10
0x0205	0x0080      	MOVWF      INDF
;MasterComunicacion.c,131 :: 		RE_DE = 1;                                         //Establece el Max485 en modo escritura
0x0206	0x1486      	BSF        RB1_bit, BitPos(RB1_bit+0)
;MasterComunicacion.c,132 :: 		for (i=0;i<(sizePDU+5);i++){
0x0207	0x01E5      	CLRF       EnviarMensajeRS485_i_L0
L_EnviarMensajeRS4859:
0x0208	0x3005      	MOVLW      5
0x0209	0x0764      	ADDWF      FARG_EnviarMensajeRS485_sizePDU, 0
0x020A	0x00F1      	MOVWF      R1
0x020B	0x01F2      	CLRF       R1+1
0x020C	0x1803      	BTFSC      STATUS, 0
0x020D	0x0AF2      	INCF       R1+1, 1
0x020E	0x3080      	MOVLW      128
0x020F	0x00F0      	MOVWF      R0
0x0210	0x3080      	MOVLW      128
0x0211	0x0672      	XORWF      R1+1, 0
0x0212	0x0270      	SUBWF      R0, 0
0x0213	0x1D03      	BTFSS      STATUS, 2
0x0214	0x2A17      	GOTO       L__EnviarMensajeRS48564
0x0215	0x0871      	MOVF       R1, 0
0x0216	0x0265      	SUBWF      EnviarMensajeRS485_i_L0, 0
L__EnviarMensajeRS48564:
0x0217	0x1803      	BTFSC      STATUS, 0
0x0218	0x2A36      	GOTO       L_EnviarMensajeRS48510
;MasterComunicacion.c,133 :: 		if ((i>=1)&&(i<=sizePDU)){
0x0219	0x3001      	MOVLW      1
0x021A	0x0265      	SUBWF      EnviarMensajeRS485_i_L0, 0
0x021B	0x1C03      	BTFSS      STATUS, 0
0x021C	0x2A2E      	GOTO       L_EnviarMensajeRS48514
0x021D	0x0865      	MOVF       EnviarMensajeRS485_i_L0, 0
0x021E	0x0264      	SUBWF      FARG_EnviarMensajeRS485_sizePDU, 0
0x021F	0x1C03      	BTFSS      STATUS, 0
0x0220	0x2A2E      	GOTO       L_EnviarMensajeRS48514
L__EnviarMensajeRS48556:
;MasterComunicacion.c,135 :: 		UART1_Write(tramaPDU[i-1]);                 //Envia el contenido de la trama PDU a travez del UART1
0x0221	0x3001      	MOVLW      1
0x0222	0x0265      	SUBWF      EnviarMensajeRS485_i_L0, 0
0x0223	0x00F0      	MOVWF      R0
0x0224	0x01F1      	CLRF       R0+1
0x0225	0x1C03      	BTFSS      STATUS, 0
0x0226	0x03F1      	DECF       R0+1, 1
0x0227	0x0870      	MOVF       R0, 0
0x0228	0x0763      	ADDWF      FARG_EnviarMensajeRS485_tramaPDU, 0
0x0229	0x0084      	MOVWF      FSR
0x022A	0x0800      	MOVF       INDF, 0
0x022B	0x00EB      	MOVWF      FARG_UART1_Write_data_
0x022C	0x20E8      	CALL       _UART1_Write
;MasterComunicacion.c,136 :: 		} else {
0x022D	0x2A34      	GOTO       L_EnviarMensajeRS48515
L_EnviarMensajeRS48514:
;MasterComunicacion.c,137 :: 		UART1_Write(tramaRS485[i]);                 //Envia el contenido del resto de la trama de peticion a travez del UART1
0x022E	0x0865      	MOVF       EnviarMensajeRS485_i_L0, 0
0x022F	0x3E21      	ADDLW      _tramaRS485
0x0230	0x0084      	MOVWF      FSR
0x0231	0x0800      	MOVF       INDF, 0
0x0232	0x00EB      	MOVWF      FARG_UART1_Write_data_
0x0233	0x20E8      	CALL       _UART1_Write
;MasterComunicacion.c,138 :: 		}
L_EnviarMensajeRS48515:
;MasterComunicacion.c,132 :: 		for (i=0;i<(sizePDU+5);i++){
0x0234	0x0AE5      	INCF       EnviarMensajeRS485_i_L0, 1
;MasterComunicacion.c,139 :: 		}
0x0235	0x2A08      	GOTO       L_EnviarMensajeRS4859
L_EnviarMensajeRS48510:
;MasterComunicacion.c,140 :: 		while(UART1_Tx_Idle()==0);                         //Espera hasta que se haya terminado de enviar todo el dato por UART antes de continuar
L_EnviarMensajeRS48516:
0x0236	0x2102      	CALL       _UART1_Tx_Idle
0x0237	0x0870      	MOVF       R0, 0
0x0238	0x3A00      	XORLW      0
0x0239	0x1D03      	BTFSS      STATUS, 2
0x023A	0x2A3C      	GOTO       L_EnviarMensajeRS48517
0x023B	0x2A36      	GOTO       L_EnviarMensajeRS48516
L_EnviarMensajeRS48517:
;MasterComunicacion.c,141 :: 		RE_DE = 0;                                         //Establece el Max485-2 en modo de lectura;
0x023C	0x1283      	BCF        STATUS, 5
0x023D	0x1086      	BCF        RB1_bit, BitPos(RB1_bit+0)
;MasterComunicacion.c,143 :: 		byteTrama=0;                                    //Limpia la variable del byte de la trama de peticion
0x023E	0x01D6      	CLRF       _byteTrama
;MasterComunicacion.c,147 :: 		T1CON.TMR1ON = 1;                                  //Enciende el Timer1
0x023F	0x1410      	BSF        T1CON, 0
;MasterComunicacion.c,148 :: 		TMR1IF_bit = 0;                                    //Limpia la bandera de interrupcion por desbordamiento del TMR1
0x0240	0x100C      	BCF        TMR1IF_bit, BitPos(TMR1IF_bit+0)
;MasterComunicacion.c,149 :: 		TMR1H = 0x0B;                                      //Se carga el valor del preload correspondiente al tiempo de 250ms
0x0241	0x300B      	MOVLW      11
0x0242	0x008F      	MOVWF      TMR1H
;MasterComunicacion.c,150 :: 		TMR1L = 0xDC;
0x0243	0x30DC      	MOVLW      220
0x0244	0x008E      	MOVWF      TMR1L
;MasterComunicacion.c,151 :: 		}
L_end_EnviarMensajeRS485:
0x0245	0x0008      	RETURN
; end of _EnviarMensajeRS485
_main:
;MasterComunicacion.c,343 :: 		void main() {
;MasterComunicacion.c,345 :: 		ConfiguracionPrincipal();
0x0246	0x2109      	CALL       _ConfiguracionPrincipal
;MasterComunicacion.c,346 :: 		RE_DE = 1;                                         //Establece el Max485-1 en modo de lectura;
0x0247	0x1283      	BCF        STATUS, 5
0x0248	0x1486      	BSF        RB1_bit, BitPos(RB1_bit+0)
;MasterComunicacion.c,347 :: 		i1=0;
0x0249	0x01DF      	CLRF       _i1
;MasterComunicacion.c,348 :: 		contadorTOD = 0;                                   //Inicia el contador de Time-Out-Dispositivo
0x024A	0x01E0      	CLRF       _contadorTOD
;MasterComunicacion.c,349 :: 		contadorNACK = 0;                                  //Inicia el contador de NACK
0x024B	0x01DD      	CLRF       _contadorNACK
;MasterComunicacion.c,350 :: 		byteTrama=0;                                       //Limpia la variable del byte de la trama de peticion
0x024C	0x01D6      	CLRF       _byteTrama
;MasterComunicacion.c,351 :: 		banTI=0;                                           //Limpia la bandera de inicio de trama
0x024D	0x01DC      	CLRF       _banTI
;MasterComunicacion.c,352 :: 		banTC=0;                                           //Limpia la bandera de trama completa
0x024E	0x01DA      	CLRF       _banTC
;MasterComunicacion.c,353 :: 		banTF=0;                                           //Limpia la bandera de final de trama
0x024F	0x01DB      	CLRF       _banTF
;MasterComunicacion.c,355 :: 		}
L_end_main:
0x0250	0x2A50      	GOTO       $+0
; end of _main
Symbol List:
//** Routines locations **
//ADDRESS    SIZE    PROCEDURE
//----------------------------------------------
0x0004     [184]    _interrupt
0x00BC      [44]    _CalcularCRC
0x00E8      [10]    _UART1_Write
0x00F2      [16]    _UART1_Init
0x0102       [7]    _UART1_Tx_Idle
0x0109      [49]    _ConfiguracionPrincipal
0x013A      [92]    _VerificarCRC
0x0196      [15]    _EnviarNACK
0x01A5      [15]    _EnviarACK
0x01B4      [11]    _UART1_Read
0x01BF     [135]    _EnviarMensajeRS485
0x0246      [11]    _main
//** Variables locations ** 
//ADDRESS    SIZE    VARIABLE
//----------------------------------------------
0x0000       [1]    INDF
0x0003       [1]    STATUS
0x0004       [1]    FSR
0x0006       [0]    RB1_bit
0x0006       [0]    RE_DE
0x0007       [0]    IU1
0x0007       [0]    RC4_bit
0x000A       [1]    PCLATH
0x000B       [1]    INTCON
0x000C       [1]    PIR1
0x000C       [0]    TMR2IF_bit
0x000C       [0]    TMR1IF_bit
0x000E       [1]    TMR1L
0x000F       [1]    TMR1H
0x0010       [1]    T1CON
0x0012       [1]    T2CON
0x0018       [1]    RCSTA
0x0019       [1]    TXREG
0x001A       [1]    RCREG
0x0021      [50]    _tramaRS485
0x0053       [1]    _tramaOk
0x0054       [1]    _funcionRpi
0x0055       [1]    _t1Size
0x0056       [1]    _byteTrama
0x0057       [2]    ___DoICPAddr
0x0059       [1]    _sizeSPI
0x005A       [1]    _banTC
0x005B       [1]    _banTF
0x005C       [1]    _banTI
0x005D       [1]    _contadorNACK
0x005E       [1]    _direccionRpi
0x005F       [1]    _i1
0x0060       [1]    _contadorTOD
0x0061       [1]    ___savePCLATH
0x0062       [1]    ___saveSTATUS
0x0063       [1]    FARG_VerificarCRC_trama
0x0063       [1]    FARG_EnviarMensajeRS485_tramaPDU
0x0064       [1]    FARG_VerificarCRC_tramaPDUSize
0x0064       [1]    FARG_EnviarMensajeRS485_sizePDU
0x0065       [1]    VerificarCRC_j_L0
0x0065       [1]    EnviarMensajeRS485_i_L0
0x0066       [2]    EnviarMensajeRS485_CRCPDU_L0
0x0066       [2]    VerificarCRC_crcCalculado_L0
0x0068       [2]    VerificarCRC_crcTrama_L0
0x0068       [1]    EnviarMensajeRS485_ptrCRCPDU_L0
0x006A       [1]    VerificarCRC_ptrCRCTrama_L0
0x006B       [1]    FARG_UART1_Write_data_
0x006B       [1]    FARG_CalcularCRC_trama
0x006C       [1]    FARG_CalcularCRC_tramaSize
0x0070       [1]    R0
0x0071       [1]    R1
0x0072       [1]    R2
0x0073       [1]    R3
0x0074       [1]    R4
0x0075       [1]    R5
0x0076       [1]    R6
0x0077       [1]    R7
0x0078       [1]    R8
0x0079       [1]    R9
0x007A       [1]    R10
0x007B       [1]    R11
0x007C       [1]    R12
0x007D       [1]    R13
0x007E       [1]    R14
0x007F       [1]    R15
0x0081       [1]    OPTION_REG
0x0086       [0]    TRISB5_bit
0x0086       [0]    TRISB6_bit
0x0086       [0]    TRISB3_bit
0x0086       [0]    TRISB2_bit
0x0086       [0]    TRISB0_bit
0x0086       [0]    TRISB1_bit
0x0087       [0]    TRISC7_bit
0x0087       [0]    TRISC6_bit
0x008C       [0]    TMR1IE_bit
0x008C       [0]    TMR2IE_bit
0x0092       [1]    PR2
0x0098       [1]    TXSTA
0x0099       [1]    SPBRG
0x00A0      [50]    _tramaSPI
0x00D2      [15]    VerificarCRC_pdu_L0
