;  LST file generated by mikroListExporter - v.2.0 
; Date/Time: 5/12/2018 17:54:05
;----------------------------------------------

;Address Opcode 	ASM
0x0000	0x2B81      	GOTO       897
_interrupt:
0x0004	0x00FF      	MOVWF      R15
0x0005	0x0E03      	SWAPF      STATUS, 0
0x0006	0x0183      	CLRF       STATUS
0x0007	0x00CA      	MOVWF      ___saveSTATUS
0x0008	0x080A      	MOVF       PCLATH, 0
0x0009	0x00C9      	MOVWF      ___savePCLATH
0x000A	0x018A      	CLRF       PCLATH
0x000B	0x0870      	MOVF       R0, 0
0x000C	0x00A2      	MOVWF      34
0x000D	0x087C      	MOVF       R12, 0
0x000E	0x00A1      	MOVWF      33
0x000F	0x087D      	MOVF       R13, 0
0x0010	0x00A0      	MOVWF      32
0x0011	0x0804      	MOVF       FSR, 0
0x0012	0x00A3      	MOVWF      35
;EsclavoComunicacion.c,296 :: 		void interrupt(){
;EsclavoComunicacion.c,300 :: 		if (INTCON.INTF==1){
0x0013	0x1C8B      	BTFSS      INTCON, 1
0x0014	0x2858      	GOTO       L_interrupt53
;EsclavoComunicacion.c,301 :: 		INTCON.INTF=0;                                  //Limpia la badera de interrupcion externa
0x0015	0x108B      	BCF        INTCON, 1
;EsclavoComunicacion.c,302 :: 		if (banMed==1){
0x0016	0x0842      	MOVF       _banMed, 0
0x0017	0x3A01      	XORLW      1
0x0018	0x1D03      	BTFSS      STATUS, 2
0x0019	0x2851      	GOTO       L_interrupt54
;EsclavoComunicacion.c,304 :: 		CS = 0;                                      //Coloca en bajo el pin CS para abrir la transmision
0x001A	0x1107      	BCF        RC2_bit, BitPos(RC2_bit+0)
;EsclavoComunicacion.c,305 :: 		for (x=0;x<(numBytesSPI+1);x++){
0x001B	0x01BC      	CLRF       _x
L_interrupt55:
0x001C	0x0845      	MOVF       _numBytesSPI, 0
0x001D	0x3E01      	ADDLW      1
0x001E	0x00F1      	MOVWF      R1
0x001F	0x01F2      	CLRF       R1+1
0x0020	0x1803      	BTFSC      STATUS, 0
0x0021	0x0AF2      	INCF       R1+1, 1
0x0022	0x3080      	MOVLW      128
0x0023	0x00F0      	MOVWF      R0
0x0024	0x3080      	MOVLW      128
0x0025	0x0672      	XORWF      R1+1, 0
0x0026	0x0270      	SUBWF      R0, 0
0x0027	0x1D03      	BTFSS      STATUS, 2
0x0028	0x282B      	GOTO       L__interrupt99
0x0029	0x0871      	MOVF       R1, 0
0x002A	0x023C      	SUBWF      _x, 0
L__interrupt99:
0x002B	0x1803      	BTFSC      STATUS, 0
0x002C	0x2849      	GOTO       L_interrupt56
;EsclavoComunicacion.c,306 :: 		SSPBUF = 0xCC;                           //Envia x cantidad de bytes al esclavo segun el numero de bytes+1 que haya solicitado en la respuesta de la solicitud de medicion
0x002D	0x30CC      	MOVLW      204
0x002E	0x0093      	MOVWF      SSPBUF
;EsclavoComunicacion.c,307 :: 		if ((x>0)){
0x002F	0x083C      	MOVF       _x, 0
0x0030	0x3C00      	SUBLW      0
0x0031	0x1803      	BTFSC      STATUS, 0
0x0032	0x2843      	GOTO       L_interrupt58
;EsclavoComunicacion.c,308 :: 		while (SSPSTAT.BF!=1);
L_interrupt59:
0x0033	0x1683      	BSF        STATUS, 5
0x0034	0x1814      	BTFSC      SSPSTAT, 0
0x0035	0x2837      	GOTO       L_interrupt60
0x0036	0x2833      	GOTO       L_interrupt59
L_interrupt60:
;EsclavoComunicacion.c,309 :: 		resSPI[x+2] = SSPBUF;                 //Guarda la respuesta del EsclavoSensor en el vector resSPI a partir de la cuarta posicion
0x0037	0x3002      	MOVLW      2
0x0038	0x1283      	BCF        STATUS, 5
0x0039	0x073C      	ADDWF      _x, 0
0x003A	0x00F0      	MOVWF      R0
0x003B	0x01F1      	CLRF       R0+1
0x003C	0x1803      	BTFSC      STATUS, 0
0x003D	0x0AF1      	INCF       R0+1, 1
0x003E	0x0870      	MOVF       R0, 0
0x003F	0x3E28      	ADDLW      _resSPI
0x0040	0x0084      	MOVWF      FSR
0x0041	0x0813      	MOVF       SSPBUF, 0
0x0042	0x0080      	MOVWF      INDF
;EsclavoComunicacion.c,310 :: 		}
L_interrupt58:
;EsclavoComunicacion.c,311 :: 		Delay_us(200);
0x0043	0x3085      	MOVLW      133
0x0044	0x00FD      	MOVWF      R13
L_interrupt61:
0x0045	0x0BFD      	DECFSZ     R13, 1
0x0046	0x2845      	GOTO       L_interrupt61
;EsclavoComunicacion.c,305 :: 		for (x=0;x<(numBytesSPI+1);x++){
0x0047	0x0ABC      	INCF       _x, 1
;EsclavoComunicacion.c,312 :: 		}
0x0048	0x281C      	GOTO       L_interrupt55
L_interrupt56:
;EsclavoComunicacion.c,313 :: 		CS = 1;                                      //Coloca en alto el pin CS para cerrar la transmision
0x0049	0x1507      	BSF        RC2_bit, BitPos(RC2_bit+0)
;EsclavoComunicacion.c,315 :: 		resSPI[0] = idEsclavo;                       //Guarda en la primera posicion del vector PDU de respuesta el id del Esclavo
0x004A	0x083D      	MOVF       _idEsclavo, 0
0x004B	0x00A8      	MOVWF      _resSPI
;EsclavoComunicacion.c,316 :: 		resSPI[1] = numBytesSPI + 3;                 //Guarda en la primera posicion del vector PDU de respuesta el numero de bytes de la trama PDU
0x004C	0x3003      	MOVLW      3
0x004D	0x0745      	ADDWF      _numBytesSPI, 0
0x004E	0x00A9      	MOVWF      _resSPI+1
;EsclavoComunicacion.c,317 :: 		resSPI[2] = t1Funcion;
0x004F	0x0826      	MOVF       _t1Funcion, 0
0x0050	0x00AA      	MOVWF      _resSPI+2
;EsclavoComunicacion.c,319 :: 		}
L_interrupt54:
;EsclavoComunicacion.c,320 :: 		banMed=0;
0x0051	0x01C2      	CLRF       _banMed
;EsclavoComunicacion.c,322 :: 		EnviarMensajeUART(resSPI,(numBytesSPI+3));
0x0052	0x3028      	MOVLW      _resSPI
0x0053	0x00CF      	MOVWF      FARG_EnviarMensajeUART_tramaPDU
0x0054	0x3003      	MOVLW      3
0x0055	0x0745      	ADDWF      _numBytesSPI, 0
0x0056	0x00D0      	MOVWF      FARG_EnviarMensajeUART_sizePDU
0x0057	0x221F      	CALL       _EnviarMensajeUART
;EsclavoComunicacion.c,324 :: 		}
L_interrupt53:
;EsclavoComunicacion.c,332 :: 		if (PIR1.RCIF==1){
0x0058	0x1283      	BCF        STATUS, 5
0x0059	0x1E8C      	BTFSS      PIR1, 5
0x005A	0x28F4      	GOTO       L_interrupt62
;EsclavoComunicacion.c,334 :: 		IU1 = 1;                                        //Enciende el indicador de interrupcion por UART1
0x005B	0x1506      	BSF        RB2_bit, BitPos(RB2_bit+0)
;EsclavoComunicacion.c,335 :: 		byteTrama = UART1_Read();                       //Lee el byte de la trama de peticion
0x005C	0x229E      	CALL       _UART1_Read
0x005D	0x0870      	MOVF       R0, 0
0x005E	0x00A4      	MOVWF      _byteTrama
;EsclavoComunicacion.c,336 :: 		AUX = 1;
0x005F	0x1586      	BSF        RB3_bit, BitPos(RB3_bit+0)
;EsclavoComunicacion.c,338 :: 		if (banTI==0){
0x0060	0x083F      	MOVF       _banTI, 0
0x0061	0x3A00      	XORLW      0
0x0062	0x1D03      	BTFSS      STATUS, 2
0x0063	0x2888      	GOTO       L_interrupt63
;EsclavoComunicacion.c,339 :: 		if ((byteTrama==ACK)){                          //Verifica si recibio un ACK
0x0064	0x0824      	MOVF       _byteTrama, 0
0x0065	0x3AAA      	XORLW      170
0x0066	0x1D03      	BTFSS      STATUS, 2
0x0067	0x286C      	GOTO       L_interrupt64
;EsclavoComunicacion.c,341 :: 		T1CON.TMR1ON = 0;                            //Apaga el Timer1
0x0068	0x1010      	BCF        T1CON, 0
;EsclavoComunicacion.c,342 :: 		TMR1IF_bit = 0;                              //Limpia la bandera de interrupcion por desbordamiento del TMR1
0x0069	0x100C      	BCF        TMR1IF_bit, BitPos(TMR1IF_bit+0)
;EsclavoComunicacion.c,343 :: 		banTI=0;                                     //Limpia la bandera de inicio de trama
0x006A	0x01BF      	CLRF       _banTI
;EsclavoComunicacion.c,344 :: 		byteTrama=0;                                 //Limpia la variable del byte de la trama de peticion
0x006B	0x01A4      	CLRF       _byteTrama
;EsclavoComunicacion.c,345 :: 		}
L_interrupt64:
;EsclavoComunicacion.c,347 :: 		if ((byteTrama==NACK)){                         //Verifica si recibio un NACK
0x006C	0x0824      	MOVF       _byteTrama, 0
0x006D	0x3AAF      	XORLW      175
0x006E	0x1D03      	BTFSS      STATUS, 2
0x006F	0x287B      	GOTO       L_interrupt65
;EsclavoComunicacion.c,349 :: 		T1CON.TMR1ON = 0;                            //Apaga el Timer1
0x0070	0x1010      	BCF        T1CON, 0
;EsclavoComunicacion.c,350 :: 		TMR1IF_bit = 0;                              //Limpia la bandera de interrupcion por desbordamiento del TMR1
0x0071	0x100C      	BCF        TMR1IF_bit, BitPos(TMR1IF_bit+0)
;EsclavoComunicacion.c,351 :: 		if (contadorNACK<3){
0x0072	0x3003      	MOVLW      3
0x0073	0x0240      	SUBWF      _contadorNACK, 0
0x0074	0x1803      	BTFSC      STATUS, 0
0x0075	0x2878      	GOTO       L_interrupt66
;EsclavoComunicacion.c,353 :: 		contadorNACK++;                           //Incrrmenta en una unidad el valor del contador de NACK
0x0076	0x0AC0      	INCF       _contadorNACK, 1
;EsclavoComunicacion.c,354 :: 		} else {
0x0077	0x2879      	GOTO       L_interrupt67
L_interrupt66:
;EsclavoComunicacion.c,355 :: 		contadorNACK = 0;                         //Limpia el contador de Time-Out-Trama
0x0078	0x01C0      	CLRF       _contadorNACK
;EsclavoComunicacion.c,356 :: 		}
L_interrupt67:
;EsclavoComunicacion.c,357 :: 		banTI=0;                                     //Limpia la bandera de inicio de trama
0x0079	0x01BF      	CLRF       _banTI
;EsclavoComunicacion.c,358 :: 		byteTrama=0;                                 //Limpia la variable del byte de la trama de peticion
0x007A	0x01A4      	CLRF       _byteTrama
;EsclavoComunicacion.c,359 :: 		}
L_interrupt65:
;EsclavoComunicacion.c,361 :: 		if ((byteTrama==HDR)){
0x007B	0x0824      	MOVF       _byteTrama, 0
0x007C	0x3A3A      	XORLW      58
0x007D	0x1D03      	BTFSS      STATUS, 2
0x007E	0x2888      	GOTO       L_interrupt68
;EsclavoComunicacion.c,362 :: 		banTI = 1;                                   //Activa la bandera de inicio de trama
0x007F	0x3001      	MOVLW      1
0x0080	0x00BF      	MOVWF      _banTI
;EsclavoComunicacion.c,363 :: 		i1 = 0;                                      //Define en 1 el subindice de la trama de peticion
0x0081	0x01C6      	CLRF       _i1
;EsclavoComunicacion.c,364 :: 		tramaOk = 9;                                 //Limpia la variable que indica si la trama ha llegado correctamente
0x0082	0x3009      	MOVLW      9
0x0083	0x00A5      	MOVWF      _tramaOk
;EsclavoComunicacion.c,366 :: 		T2CON.TMR2ON = 1;                            //Enciende el Timer2
0x0084	0x1512      	BSF        T2CON, 2
;EsclavoComunicacion.c,367 :: 		PR2 = 249;                                   //Se carga el valor del preload correspondiente al tiempo de 2ms
0x0085	0x30F9      	MOVLW      249
0x0086	0x1683      	BSF        STATUS, 5
0x0087	0x0092      	MOVWF      PR2
;EsclavoComunicacion.c,368 :: 		}
L_interrupt68:
;EsclavoComunicacion.c,369 :: 		}
L_interrupt63:
;EsclavoComunicacion.c,371 :: 		if (banTI==1){                                  //Verifica que la bandera de inicio de trama este activa
0x0088	0x1283      	BCF        STATUS, 5
0x0089	0x083F      	MOVF       _banTI, 0
0x008A	0x3A01      	XORLW      1
0x008B	0x1D03      	BTFSS      STATUS, 2
0x008C	0x28B9      	GOTO       L_interrupt69
;EsclavoComunicacion.c,372 :: 		PIR1.TMR2IF = 0;                             //Limpia la bandera de interrupcion por desbordamiento del TMR2
0x008D	0x108C      	BCF        PIR1, 1
;EsclavoComunicacion.c,373 :: 		T2CON.TMR2ON = 0;                            //Apaga el Timer2
0x008E	0x1112      	BCF        T2CON, 2
;EsclavoComunicacion.c,374 :: 		if (byteTrama!=END2){                        //Verifica que el dato recibido sea diferente del primer byte del delimitador de final de trama
0x008F	0x0824      	MOVF       _byteTrama, 0
0x0090	0x3A0A      	XORLW      10
0x0091	0x1903      	BTFSC      STATUS, 2
0x0092	0x289F      	GOTO       L_interrupt70
;EsclavoComunicacion.c,375 :: 		tramaSerial[i1] = byteTrama;              //Almacena el dato en la trama de respuesta
0x0093	0x0846      	MOVF       _i1, 0
0x0094	0x3EA0      	ADDLW      _tramaSerial
0x0095	0x0084      	MOVWF      FSR
0x0096	0x0824      	MOVF       _byteTrama, 0
0x0097	0x0080      	MOVWF      INDF
;EsclavoComunicacion.c,376 :: 		i1++;                                     //Aumenta el subindice en una unidad para permitir almacenar el siguiente dato del mensaje
0x0098	0x0AC6      	INCF       _i1, 1
;EsclavoComunicacion.c,377 :: 		banTF = 0;                                //Limpia la bandera de final de trama
0x0099	0x01C3      	CLRF       _banTF
;EsclavoComunicacion.c,378 :: 		T2CON.TMR2ON = 1;                         //Enciende el Timer2
0x009A	0x1512      	BSF        T2CON, 2
;EsclavoComunicacion.c,379 :: 		PR2 = 249;
0x009B	0x30F9      	MOVLW      249
0x009C	0x1683      	BSF        STATUS, 5
0x009D	0x0092      	MOVWF      PR2
;EsclavoComunicacion.c,380 :: 		} else {
0x009E	0x28AB      	GOTO       L_interrupt71
L_interrupt70:
;EsclavoComunicacion.c,381 :: 		tramaSerial[i1] = byteTrama;              //Almacena el dato en la trama de respuesta
0x009F	0x1283      	BCF        STATUS, 5
0x00A0	0x0846      	MOVF       _i1, 0
0x00A1	0x3EA0      	ADDLW      _tramaSerial
0x00A2	0x0084      	MOVWF      FSR
0x00A3	0x0824      	MOVF       _byteTrama, 0
0x00A4	0x0080      	MOVWF      INDF
;EsclavoComunicacion.c,382 :: 		banTF = 1;                                //Si el dato recibido es el primer byte de final de trama activa la bandera
0x00A5	0x3001      	MOVLW      1
0x00A6	0x00C3      	MOVWF      _banTF
;EsclavoComunicacion.c,383 :: 		T2CON.TMR2ON = 1;                         //Enciende el Timer2
0x00A7	0x1512      	BSF        T2CON, 2
;EsclavoComunicacion.c,384 :: 		PR2 = 249;
0x00A8	0x30F9      	MOVLW      249
0x00A9	0x1683      	BSF        STATUS, 5
0x00AA	0x0092      	MOVWF      PR2
;EsclavoComunicacion.c,385 :: 		}
L_interrupt71:
;EsclavoComunicacion.c,386 :: 		if (BanTF==1){                               //Verifica que se cumpla la condicion de final de trama
0x00AB	0x1283      	BCF        STATUS, 5
0x00AC	0x0843      	MOVF       _banTF, 0
0x00AD	0x3A01      	XORLW      1
0x00AE	0x1D03      	BTFSS      STATUS, 2
0x00AF	0x28B9      	GOTO       L_interrupt72
;EsclavoComunicacion.c,387 :: 		banTI = 0;                                //Limpia la bandera de inicio de trama para no permitir que se almacene mas datos en la trama de respuesta
0x00B0	0x01BF      	CLRF       _banTI
;EsclavoComunicacion.c,388 :: 		banTC = 1;                                //Activa la bandera de trama completa
0x00B1	0x3001      	MOVLW      1
0x00B2	0x00C1      	MOVWF      _banTC
;EsclavoComunicacion.c,389 :: 		t1IdEsclavo = tramaSerial[1];             //Guarda el byte de Id de esclavo del campo PDU
0x00B3	0x1683      	BSF        STATUS, 5
0x00B4	0x0821      	MOVF       _tramaSerial+1, 0
0x00B5	0x1283      	BCF        STATUS, 5
0x00B6	0x00BE      	MOVWF      _t1IdEsclavo
;EsclavoComunicacion.c,390 :: 		PIR1.TMR2IF = 0;                          //Limpia la bandera de interrupcion por desbordamiento del TMR2
0x00B7	0x108C      	BCF        PIR1, 1
;EsclavoComunicacion.c,391 :: 		T2CON.TMR2ON = 0;                         //Apaga el Timer2
0x00B8	0x1112      	BCF        T2CON, 2
;EsclavoComunicacion.c,392 :: 		}
L_interrupt72:
;EsclavoComunicacion.c,393 :: 		}
L_interrupt69:
;EsclavoComunicacion.c,395 :: 		if (banTC==1){                                  //Verifica que se haya completado de llenar la trama de peticion
0x00B9	0x0841      	MOVF       _banTC, 0
0x00BA	0x3A01      	XORLW      1
0x00BB	0x1D03      	BTFSS      STATUS, 2
0x00BC	0x28F1      	GOTO       L_interrupt73
;EsclavoComunicacion.c,396 :: 		if (t1IdEsclavo==IdEsclavo){                 //Verifica si coincide el Id de esclavo para seguir con el procesamiento de la peticion
0x00BD	0x083E      	MOVF       _t1IdEsclavo, 0
0x00BE	0x063D      	XORWF      _idEsclavo, 0
0x00BF	0x1D03      	BTFSS      STATUS, 2
0x00C0	0x28ED      	GOTO       L_interrupt74
;EsclavoComunicacion.c,397 :: 		t1Size = tramaSerial[2]+3;               //Calcula la longitud de la trama PDU sumando 3 al valor del campo #Datos
0x00C1	0x3003      	MOVLW      3
0x00C2	0x1683      	BSF        STATUS, 5
0x00C3	0x0722      	ADDWF      _tramaSerial+2, 0
0x00C4	0x00F0      	MOVWF      R0
0x00C5	0x0870      	MOVF       R0, 0
0x00C6	0x1283      	BCF        STATUS, 5
0x00C7	0x00A7      	MOVWF      _t1Size
;EsclavoComunicacion.c,398 :: 		t1Funcion = tramaSerial[3];              //Guarda el byte de funcion reequerida del campo PDU
0x00C8	0x1683      	BSF        STATUS, 5
0x00C9	0x0823      	MOVF       _tramaSerial+3, 0
0x00CA	0x1283      	BCF        STATUS, 5
0x00CB	0x00A6      	MOVWF      _t1Funcion
;EsclavoComunicacion.c,399 :: 		tramaOk = VerificarCRC(tramaSerial,t1Size);   //Calcula y verifica el CRC de la trama de peticion
0x00CC	0x30A0      	MOVLW      _tramaSerial
0x00CD	0x00CF      	MOVWF      FARG_VerificarCRC_trama
0x00CE	0x0870      	MOVF       R0, 0
0x00CF	0x00D0      	MOVWF      FARG_VerificarCRC_tramaPDUSize
0x00D0	0x22E2      	CALL       _VerificarCRC
0x00D1	0x0870      	MOVF       R0, 0
0x00D2	0x00A5      	MOVWF      _tramaOk
;EsclavoComunicacion.c,400 :: 		if (tramaOk==1){
0x00D3	0x0870      	MOVF       R0, 0
0x00D4	0x3A01      	XORLW      1
0x00D5	0x1D03      	BTFSS      STATUS, 2
0x00D6	0x28E7      	GOTO       L_interrupt75
;EsclavoComunicacion.c,401 :: 		EnviarACK();                         //Si la trama llego sin errores responde con un ACK al esclavo
0x00D7	0x233B      	CALL       _EnviarACK
;EsclavoComunicacion.c,404 :: 		if (t1Funcion<=funcEsclavo){
0x00D8	0x1283      	BCF        STATUS, 5
0x00D9	0x0826      	MOVF       _t1Funcion, 0
0x00DA	0x0237      	SUBWF      _funcEsclavo, 0
0x00DB	0x1C03      	BTFSS      STATUS, 0
0x00DC	0x28E3      	GOTO       L_interrupt76
;EsclavoComunicacion.c,405 :: 		EnviarSolicitudMedicion(tramaSerial[4]);       //Envia una solicitud de medicion al EsclavoSensor
0x00DD	0x1683      	BSF        STATUS, 5
0x00DE	0x0824      	MOVF       _tramaSerial+4, 0
0x00DF	0x1283      	BCF        STATUS, 5
0x00E0	0x00CF      	MOVWF      FARG_EnviarSolicitudMedicion_registroEsclavo
0x00E1	0x2353      	CALL       _EnviarSolicitudMedicion
;EsclavoComunicacion.c,406 :: 		} else {
0x00E2	0x28E6      	GOTO       L_interrupt77
L_interrupt76:
;EsclavoComunicacion.c,407 :: 		EnviarMensajeError(0xE0);         //Envia un mensaje de error con el codigo de "Funcion no disponible"
0x00E3	0x30E0      	MOVLW      224
0x00E4	0x00CF      	MOVWF      FARG_EnviarMensajeError_codigoError
0x00E5	0x2190      	CALL       _EnviarMensajeError
;EsclavoComunicacion.c,408 :: 		}
L_interrupt77:
;EsclavoComunicacion.c,410 :: 		} else if (tramaOk==0) {
0x00E6	0x28ED      	GOTO       L_interrupt78
L_interrupt75:
0x00E7	0x1283      	BCF        STATUS, 5
0x00E8	0x0825      	MOVF       _tramaOk, 0
0x00E9	0x3A00      	XORLW      0
0x00EA	0x1D03      	BTFSS      STATUS, 2
0x00EB	0x28ED      	GOTO       L_interrupt79
;EsclavoComunicacion.c,411 :: 		EnviarNACK();                        //Si hubo algun error en la trama se envia un ACK al H/S para que reenvie la trama
0x00EC	0x2347      	CALL       _EnviarNACK
;EsclavoComunicacion.c,412 :: 		}
L_interrupt79:
L_interrupt78:
;EsclavoComunicacion.c,413 :: 		}
L_interrupt74:
;EsclavoComunicacion.c,414 :: 		banTC = 0;                               //Limpia la bandera de trama completa
0x00ED	0x1283      	BCF        STATUS, 5
0x00EE	0x01C1      	CLRF       _banTC
;EsclavoComunicacion.c,415 :: 		i1 = 0;                                  //Limpia el subindice de trama
0x00EF	0x01C6      	CLRF       _i1
;EsclavoComunicacion.c,416 :: 		banTI = 0;
0x00F0	0x01BF      	CLRF       _banTI
;EsclavoComunicacion.c,417 :: 		}
L_interrupt73:
;EsclavoComunicacion.c,419 :: 		PIR1.RCIF = 0;
0x00F1	0x128C      	BCF        PIR1, 5
;EsclavoComunicacion.c,420 :: 		IU1 = 0;                                        //Apaga el indicador de interrupcion por UART2
0x00F2	0x1106      	BCF        RB2_bit, BitPos(RB2_bit+0)
;EsclavoComunicacion.c,421 :: 		AUX = 0;
0x00F3	0x1186      	BCF        RB3_bit, BitPos(RB3_bit+0)
;EsclavoComunicacion.c,423 :: 		}
L_interrupt62:
;EsclavoComunicacion.c,429 :: 		if (PIR1.TMR1IF==1){
0x00F4	0x1C0C      	BTFSS      PIR1, 0
0x00F5	0x28FF      	GOTO       L_interrupt80
;EsclavoComunicacion.c,430 :: 		TMR1IF_bit = 0;                                 //Limpia la bandera de interrupcion por desbordamiento del TMR1
0x00F6	0x100C      	BCF        TMR1IF_bit, BitPos(TMR1IF_bit+0)
;EsclavoComunicacion.c,431 :: 		T1CON.TMR1ON = 0;                               //Apaga el Timer1
0x00F7	0x1010      	BCF        T1CON, 0
;EsclavoComunicacion.c,432 :: 		if (contadorTOD<3){
0x00F8	0x3003      	MOVLW      3
0x00F9	0x0244      	SUBWF      _contadorTOD, 0
0x00FA	0x1803      	BTFSC      STATUS, 0
0x00FB	0x28FE      	GOTO       L_interrupt81
;EsclavoComunicacion.c,434 :: 		contadorTOD++;                               //Incrementa el contador de Time-Out-Dispositivo en una unidad
0x00FC	0x0AC4      	INCF       _contadorTOD, 1
;EsclavoComunicacion.c,435 :: 		} else {
0x00FD	0x28FF      	GOTO       L_interrupt82
L_interrupt81:
;EsclavoComunicacion.c,437 :: 		contadorTOD = 0;                             //Limpia el contador de Time-Out-Dispositivo
0x00FE	0x01C4      	CLRF       _contadorTOD
;EsclavoComunicacion.c,438 :: 		}
L_interrupt82:
;EsclavoComunicacion.c,439 :: 		}
L_interrupt80:
;EsclavoComunicacion.c,446 :: 		if (PIR1.TMR2IF==1){
0x00FF	0x1C8C      	BTFSS      PIR1, 1
0x0100	0x2908      	GOTO       L_interrupt83
;EsclavoComunicacion.c,447 :: 		PIR1.TMR2IF = 0;                                //Limpia la bandera de interrupcion por desbordamiento del TMR2
0x0101	0x108C      	BCF        PIR1, 1
;EsclavoComunicacion.c,448 :: 		T2CON.TMR2ON = 0;                               //Apaga el Timer2
0x0102	0x1112      	BCF        T2CON, 2
;EsclavoComunicacion.c,449 :: 		i1 = 0;                                         //Limpia el subindice de la trama de peticion
0x0103	0x01C6      	CLRF       _i1
;EsclavoComunicacion.c,450 :: 		banTI = 0;                                      //Limpia la bandera de inicio de trama
0x0104	0x01BF      	CLRF       _banTI
;EsclavoComunicacion.c,451 :: 		banTC = 0;                                      //Limpia la bandera de trama completa(Por si acaso)
0x0105	0x01C1      	CLRF       _banTC
;EsclavoComunicacion.c,452 :: 		banTF = 0;
0x0106	0x01C3      	CLRF       _banTF
;EsclavoComunicacion.c,453 :: 		EnviarNACK();                                   //Envia un NACK para solicitar el reenvio de la trama
0x0107	0x2347      	CALL       _EnviarNACK
;EsclavoComunicacion.c,454 :: 		}
L_interrupt83:
;EsclavoComunicacion.c,456 :: 		}
L_end_interrupt:
L__interrupt98:
0x0108	0x1283      	BCF        STATUS, 5
0x0109	0x0822      	MOVF       34, 0
0x010A	0x00F0      	MOVWF      R0
0x010B	0x0821      	MOVF       33, 0
0x010C	0x00FC      	MOVWF      R12
0x010D	0x0820      	MOVF       32, 0
0x010E	0x00FD      	MOVWF      R13
0x010F	0x0823      	MOVF       35, 0
0x0110	0x0084      	MOVWF      FSR
0x0111	0x0849      	MOVF       ___savePCLATH, 0
0x0112	0x008A      	MOVWF      PCLATH
0x0113	0x0E4A      	SWAPF      ___saveSTATUS, 0
0x0114	0x0083      	MOVWF      STATUS
0x0115	0x0EFF      	SWAPF      R15, 1
0x0116	0x0E7F      	SWAPF      R15, 0
0x0117	0x0009      	RETFIE
; end of _interrupt
_CalcularCRC:
;EsclavoComunicacion.c,116 :: 		unsigned int CalcularCRC(unsigned char* trama, unsigned char tramaSize){
;EsclavoComunicacion.c,119 :: 		for(CRC16=0xFFFF; tramaSize!=0; tramaSize --){
0x0118	0x30FF      	MOVLW      255
0x0119	0x1283      	BCF        STATUS, 5
0x011A	0x1303      	BCF        STATUS, 6
0x011B	0x00F3      	MOVWF      R3
0x011C	0x30FF      	MOVLW      255
0x011D	0x00F4      	MOVWF      R3+1
L_CalcularCRC1:
0x011E	0x0867      	MOVF       FARG_CalcularCRC_tramaSize, 0
0x011F	0x3A00      	XORLW      0
0x0120	0x1903      	BTFSC      STATUS, 2
0x0121	0x293F      	GOTO       L_CalcularCRC2
;EsclavoComunicacion.c,120 :: 		CRC16 ^=*trama ++;
0x0122	0x0866      	MOVF       FARG_CalcularCRC_trama, 0
0x0123	0x0084      	MOVWF      FSR
0x0124	0x0800      	MOVF       INDF, 0
0x0125	0x06F3      	XORWF      R3, 1
0x0126	0x3000      	MOVLW      0
0x0127	0x06F4      	XORWF      R3+1, 1
0x0128	0x0AE6      	INCF       FARG_CalcularCRC_trama, 1
;EsclavoComunicacion.c,121 :: 		for(ucCounter =0; ucCounter <8; ucCounter ++){
0x0129	0x01F2      	CLRF       R2
L_CalcularCRC4:
0x012A	0x3008      	MOVLW      8
0x012B	0x0272      	SUBWF      R2, 0
0x012C	0x1803      	BTFSC      STATUS, 0
0x012D	0x293D      	GOTO       L_CalcularCRC5
;EsclavoComunicacion.c,122 :: 		if(CRC16 & 0x0001)
0x012E	0x1C73      	BTFSS      R3, 0
0x012F	0x2938      	GOTO       L_CalcularCRC7
;EsclavoComunicacion.c,123 :: 		CRC16 = (CRC16 >>1)^POLMODBUS;
0x0130	0x0CF4      	RRF        R3+1, 1
0x0131	0x0CF3      	RRF        R3, 1
0x0132	0x13F4      	BCF        R3+1, 7
0x0133	0x3001      	MOVLW      1
0x0134	0x06F3      	XORWF      R3, 1
0x0135	0x30A0      	MOVLW      160
0x0136	0x06F4      	XORWF      R3+1, 1
0x0137	0x293B      	GOTO       L_CalcularCRC8
L_CalcularCRC7:
;EsclavoComunicacion.c,125 :: 		CRC16>>=1;
0x0138	0x0CF4      	RRF        R3+1, 1
0x0139	0x0CF3      	RRF        R3, 1
0x013A	0x13F4      	BCF        R3+1, 7
L_CalcularCRC8:
;EsclavoComunicacion.c,121 :: 		for(ucCounter =0; ucCounter <8; ucCounter ++){
0x013B	0x0AF2      	INCF       R2, 1
;EsclavoComunicacion.c,126 :: 		}
0x013C	0x292A      	GOTO       L_CalcularCRC4
L_CalcularCRC5:
;EsclavoComunicacion.c,119 :: 		for(CRC16=0xFFFF; tramaSize!=0; tramaSize --){
0x013D	0x03E7      	DECF       FARG_CalcularCRC_tramaSize, 1
;EsclavoComunicacion.c,127 :: 		}
0x013E	0x291E      	GOTO       L_CalcularCRC1
L_CalcularCRC2:
;EsclavoComunicacion.c,128 :: 		return CRC16;
0x013F	0x0873      	MOVF       R3, 0
0x0140	0x00F0      	MOVWF      R0
0x0141	0x0874      	MOVF       R3+1, 0
0x0142	0x00F1      	MOVWF      R0+1
;EsclavoComunicacion.c,129 :: 		}
L_end_CalcularCRC:
0x0143	0x0008      	RETURN
; end of _CalcularCRC
_UART1_Tx_Idle:
;__Lib_UART_c67.c,34 :: 		
;__Lib_UART_c67.c,35 :: 		
0x0144	0x3000      	MOVLW      0
0x0145	0x1683      	BSF        STATUS, 5
0x0146	0x1303      	BCF        STATUS, 6
0x0147	0x1898      	BTFSC      TXSTA, 1
0x0148	0x3001      	MOVLW      1
0x0149	0x00F0      	MOVWF      R0
;__Lib_UART_c67.c,36 :: 		
L_end_UART1_Tx_Idle:
0x014A	0x0008      	RETURN
; end of _UART1_Tx_Idle
_UART1_Write:
;__Lib_UART_c67.c,39 :: 		
;__Lib_UART_c67.c,40 :: 		
L_UART1_Write3:
0x014B	0x1683      	BSF        STATUS, 5
0x014C	0x1303      	BCF        STATUS, 6
0x014D	0x1898      	BTFSC      TXSTA, 1
0x014E	0x2951      	GOTO       L_UART1_Write4
;__Lib_UART_c67.c,41 :: 		
0x014F	0x0000      	NOP
0x0150	0x294B      	GOTO       L_UART1_Write3
L_UART1_Write4:
;__Lib_UART_c67.c,42 :: 		
0x0151	0x1283      	BCF        STATUS, 5
0x0152	0x0866      	MOVF       FARG_UART1_Write_data_, 0
0x0153	0x0099      	MOVWF      TXREG
;__Lib_UART_c67.c,43 :: 		
L_end_UART1_Write:
0x0154	0x0008      	RETURN
; end of _UART1_Write
_UART1_Init:
;__Lib_UART_c67.c,2 :: 		
;__Lib_UART_c67.c,5 :: 		
0x0155	0x1683      	BSF        STATUS, 5
0x0156	0x1303      	BCF        STATUS, 6
0x0157	0x1698      	BSF        TXSTA, 5
;__Lib_UART_c67.c,6 :: 		
0x0158	0x3090      	MOVLW      144
0x0159	0x1283      	BCF        STATUS, 5
0x015A	0x0098      	MOVWF      RCSTA
;__Lib_UART_c67.c,7 :: 		
0x015B	0x1683      	BSF        STATUS, 5
0x015C	0x1787      	BSF        TRISC7_bit, BitPos(TRISC7_bit+0)
;__Lib_UART_c67.c,8 :: 		
0x015D	0x1307      	BCF        TRISC6_bit, BitPos(TRISC6_bit+0)
;__Lib_UART_c67.c,10 :: 		
L_UART1_Init0:
0x015E	0x1283      	BCF        STATUS, 5
0x015F	0x1E8C      	BTFSS      PIR1, 5
0x0160	0x2964      	GOTO       L_UART1_Init1
;__Lib_UART_c67.c,11 :: 		
0x0161	0x081A      	MOVF       RCREG, 0
0x0162	0x00F0      	MOVWF      R0
0x0163	0x295E      	GOTO       L_UART1_Init0
L_UART1_Init1:
;__Lib_UART_c67.c,12 :: 		
L_end_UART1_Init:
0x0164	0x0008      	RETURN
; end of _UART1_Init
_SPI1_Init_Advanced:
;__Lib_SPI_c345.c,31 :: 		
;__Lib_SPI_c345.c,33 :: 		
0x0165	0x1683      	BSF        STATUS, 5
0x0166	0x1303      	BCF        STATUS, 6
0x0167	0x1287      	BCF        TRISC5_bit, BitPos(TRISC5_bit+0)
;__Lib_SPI_c345.c,34 :: 		
0x0168	0x1283      	BCF        STATUS, 5
0x0169	0x084B      	MOVF       FARG_SPI1_Init_Advanced_master, 0
0x016A	0x3A04      	XORLW      4
0x016B	0x1D03      	BTFSS      STATUS, 2
0x016C	0x2970      	GOTO       L_SPI1_Init_Advanced0
0x016D	0x1683      	BSF        STATUS, 5
0x016E	0x1587      	BSF        TRISC3_bit, BitPos(TRISC3_bit+0)
0x016F	0x2972      	GOTO       L_SPI1_Init_Advanced1
L_SPI1_Init_Advanced0:
0x0170	0x1683      	BSF        STATUS, 5
;__Lib_SPI_c345.c,35 :: 		
0x0171	0x1187      	BCF        TRISC3_bit, BitPos(TRISC3_bit+0)
L_SPI1_Init_Advanced1:
;__Lib_SPI_c345.c,36 :: 		
0x0172	0x1607      	BSF        TRISC4_bit, BitPos(TRISC4_bit+0)
;__Lib_SPI_c345.c,38 :: 		
0x0173	0x1283      	BCF        STATUS, 5
0x0174	0x0194      	CLRF       SSPCON
;__Lib_SPI_c345.c,39 :: 		
0x0175	0x084B      	MOVF       FARG_SPI1_Init_Advanced_master, 0
0x0176	0x0494      	IORWF      SSPCON, 1
;__Lib_SPI_c345.c,40 :: 		
0x0177	0x084D      	MOVF       FARG_SPI1_Init_Advanced_clock_idle, 0
0x0178	0x0494      	IORWF      SSPCON, 1
;__Lib_SPI_c345.c,41 :: 		
0x0179	0x084C      	MOVF       FARG_SPI1_Init_Advanced_data_sample, 0
0x017A	0x1683      	BSF        STATUS, 5
0x017B	0x0494      	IORWF      SSPSTAT, 1
;__Lib_SPI_c345.c,43 :: 		
0x017C	0x1283      	BCF        STATUS, 5
0x017D	0x084D      	MOVF       FARG_SPI1_Init_Advanced_clock_idle, 0
0x017E	0x1903      	BTFSC      STATUS, 2
0x017F	0x2987      	GOTO       L_SPI1_Init_Advanced2
;__Lib_SPI_c345.c,44 :: 		
0x0180	0x084E      	MOVF       FARG_SPI1_Init_Advanced_transmit_edge, 0
0x0181	0x3A00      	XORLW      0
0x0182	0x1D03      	BTFSS      STATUS, 2
0x0183	0x2986      	GOTO       L_SPI1_Init_Advanced3
;__Lib_SPI_c345.c,45 :: 		
0x0184	0x1683      	BSF        STATUS, 5
0x0185	0x1714      	BSF        SSPSTAT, 6
L_SPI1_Init_Advanced3:
;__Lib_SPI_c345.c,46 :: 		
0x0186	0x298D      	GOTO       L_SPI1_Init_Advanced4
L_SPI1_Init_Advanced2:
;__Lib_SPI_c345.c,48 :: 		
0x0187	0x1283      	BCF        STATUS, 5
0x0188	0x084E      	MOVF       FARG_SPI1_Init_Advanced_transmit_edge, 0
0x0189	0x1903      	BTFSC      STATUS, 2
0x018A	0x298D      	GOTO       L_SPI1_Init_Advanced5
;__Lib_SPI_c345.c,49 :: 		
0x018B	0x1683      	BSF        STATUS, 5
0x018C	0x1714      	BSF        SSPSTAT, 6
L_SPI1_Init_Advanced5:
;__Lib_SPI_c345.c,50 :: 		
L_SPI1_Init_Advanced4:
;__Lib_SPI_c345.c,51 :: 		
0x018D	0x1283      	BCF        STATUS, 5
0x018E	0x1694      	BSF        SSPCON, 5
;__Lib_SPI_c345.c,52 :: 		
L_end_SPI1_Init_Advanced:
0x018F	0x0008      	RETURN
; end of _SPI1_Init_Advanced
_EnviarMensajeError:
;EsclavoComunicacion.c,168 :: 		void EnviarMensajeError(unsigned short codigoError){
;EsclavoComunicacion.c,173 :: 		errorPDU[0] = idEsclavo;
0x0190	0x1283      	BCF        STATUS, 5
0x0191	0x1303      	BCF        STATUS, 6
0x0192	0x083D      	MOVF       _idEsclavo, 0
0x0193	0x00D4      	MOVWF      EnviarMensajeError_errorPDU_L0
;EsclavoComunicacion.c,174 :: 		errorPDU[1] = 0x01;                                //Numero de datos del campo #Datos de la trama PDU
0x0194	0x3001      	MOVLW      1
0x0195	0x00D5      	MOVWF      EnviarMensajeError_errorPDU_L0+1
;EsclavoComunicacion.c,175 :: 		errorPDU[2] = 0xEE;                                //Cambia el valor del campo Funcion por el codigo 0xEE para indicar que se ha producido un error
0x0196	0x30EE      	MOVLW      238
0x0197	0x00D6      	MOVWF      EnviarMensajeError_errorPDU_L0+2
;EsclavoComunicacion.c,176 :: 		errorPDU[3] = codigoError;                         //Carga el campo de datos con el codigo del error producido
0x0198	0x084F      	MOVF       FARG_EnviarMensajeError_codigoError, 0
0x0199	0x00D7      	MOVWF      EnviarMensajeError_errorPDU_L0+3
;EsclavoComunicacion.c,177 :: 		CRCerrorPDU = CalcularCRC(errorPDU,4);             //Calcula el CRC de la trama errorPDU
0x019A	0x3054      	MOVLW      EnviarMensajeError_errorPDU_L0
0x019B	0x00E6      	MOVWF      FARG_CalcularCRC_trama
0x019C	0x3004      	MOVLW      4
0x019D	0x00E7      	MOVWF      FARG_CalcularCRC_tramaSize
0x019E	0x2118      	CALL       _CalcularCRC
0x019F	0x0870      	MOVF       R0, 0
0x01A0	0x00D1      	MOVWF      EnviarMensajeError_CRCerrorPDU_L0
0x01A1	0x0871      	MOVF       R0+1, 0
0x01A2	0x00D2      	MOVWF      EnviarMensajeError_CRCerrorPDU_L0+1
;EsclavoComunicacion.c,178 :: 		ptrCRCerrorPDU = &CRCerrorPDU;                     //Asociacion del puntero CrcTramaError
0x01A3	0x3051      	MOVLW      EnviarMensajeError_CRCerrorPDU_L0
0x01A4	0x00D3      	MOVWF      EnviarMensajeError_ptrCRCerrorPDU_L0
;EsclavoComunicacion.c,180 :: 		tramaSerial[0] = HDR;                              //Añade la cabecera a la trama a enviar
0x01A5	0x303A      	MOVLW      58
0x01A6	0x1683      	BSF        STATUS, 5
0x01A7	0x00A0      	MOVWF      _tramaSerial
;EsclavoComunicacion.c,181 :: 		tramaSerial[6] = *ptrCRCerrorPDU;                  //Asigna al elemento CRC_LSB de la trama de respuesta el LSB de la variable crcTramaError
0x01A8	0x1283      	BCF        STATUS, 5
0x01A9	0x0853      	MOVF       EnviarMensajeError_ptrCRCerrorPDU_L0, 0
0x01AA	0x0084      	MOVWF      FSR
0x01AB	0x0800      	MOVF       INDF, 0
0x01AC	0x1683      	BSF        STATUS, 5
0x01AD	0x00A6      	MOVWF      _tramaSerial+6
;EsclavoComunicacion.c,182 :: 		tramaSerial[5] = *(ptrCRCerrorPDU+1);              //Asigna al elemento CRC_MSB de la trama de respuesta el MSB de la variable crcTramaError
0x01AE	0x1283      	BCF        STATUS, 5
0x01AF	0x0A53      	INCF       EnviarMensajeError_ptrCRCerrorPDU_L0, 0
0x01B0	0x0084      	MOVWF      FSR
0x01B1	0x0800      	MOVF       INDF, 0
0x01B2	0x1683      	BSF        STATUS, 5
0x01B3	0x00A5      	MOVWF      _tramaSerial+5
;EsclavoComunicacion.c,183 :: 		tramaSerial[7] = END1;                             //Añade el primer delimitador de final de trama
0x01B4	0x300D      	MOVLW      13
0x01B5	0x00A7      	MOVWF      _tramaSerial+7
;EsclavoComunicacion.c,184 :: 		tramaSerial[8] = END2;                             //Añade el segundo delimitador de final de trama
0x01B6	0x300A      	MOVLW      10
0x01B7	0x00A8      	MOVWF      _tramaSerial+8
;EsclavoComunicacion.c,185 :: 		for (i=0;i<(9);i++){
0x01B8	0x1283      	BCF        STATUS, 5
0x01B9	0x01D0      	CLRF       EnviarMensajeError_i_L0
L_EnviarMensajeError18:
0x01BA	0x3009      	MOVLW      9
0x01BB	0x0250      	SUBWF      EnviarMensajeError_i_L0, 0
0x01BC	0x1803      	BTFSC      STATUS, 0
0x01BD	0x29DB      	GOTO       L_EnviarMensajeError19
;EsclavoComunicacion.c,186 :: 		if ((i>=1)&&(i<=4)){
0x01BE	0x3001      	MOVLW      1
0x01BF	0x0250      	SUBWF      EnviarMensajeError_i_L0, 0
0x01C0	0x1C03      	BTFSS      STATUS, 0
0x01C1	0x29D3      	GOTO       L_EnviarMensajeError23
0x01C2	0x0850      	MOVF       EnviarMensajeError_i_L0, 0
0x01C3	0x3C04      	SUBLW      4
0x01C4	0x1C03      	BTFSS      STATUS, 0
0x01C5	0x29D3      	GOTO       L_EnviarMensajeError23
L__EnviarMensajeError85:
;EsclavoComunicacion.c,187 :: 		UART1_Write(errorPDU[i-1]);                 //Envia el contenido de la trama PDU a travez del UART1
0x01C6	0x3001      	MOVLW      1
0x01C7	0x0250      	SUBWF      EnviarMensajeError_i_L0, 0
0x01C8	0x00F0      	MOVWF      R0
0x01C9	0x01F1      	CLRF       R0+1
0x01CA	0x1C03      	BTFSS      STATUS, 0
0x01CB	0x03F1      	DECF       R0+1, 1
0x01CC	0x0870      	MOVF       R0, 0
0x01CD	0x3E54      	ADDLW      EnviarMensajeError_errorPDU_L0
0x01CE	0x0084      	MOVWF      FSR
0x01CF	0x0800      	MOVF       INDF, 0
0x01D0	0x00E6      	MOVWF      FARG_UART1_Write_data_
0x01D1	0x214B      	CALL       _UART1_Write
;EsclavoComunicacion.c,188 :: 		} else {
0x01D2	0x29D9      	GOTO       L_EnviarMensajeError24
L_EnviarMensajeError23:
;EsclavoComunicacion.c,189 :: 		UART1_Write(tramaSerial[i]);                 //Envia el contenido del resto de la trama de peticion a travez del UART1
0x01D3	0x0850      	MOVF       EnviarMensajeError_i_L0, 0
0x01D4	0x3EA0      	ADDLW      _tramaSerial
0x01D5	0x0084      	MOVWF      FSR
0x01D6	0x0800      	MOVF       INDF, 0
0x01D7	0x00E6      	MOVWF      FARG_UART1_Write_data_
0x01D8	0x214B      	CALL       _UART1_Write
;EsclavoComunicacion.c,190 :: 		}
L_EnviarMensajeError24:
;EsclavoComunicacion.c,185 :: 		for (i=0;i<(9);i++){
0x01D9	0x0AD0      	INCF       EnviarMensajeError_i_L0, 1
;EsclavoComunicacion.c,191 :: 		}
0x01DA	0x29BA      	GOTO       L_EnviarMensajeError18
L_EnviarMensajeError19:
;EsclavoComunicacion.c,192 :: 		while(UART1_Tx_Idle()==0);                         //Espera hasta que se haya terminado de enviar todo el dato por UART antes de continuar
L_EnviarMensajeError25:
0x01DB	0x2144      	CALL       _UART1_Tx_Idle
0x01DC	0x0870      	MOVF       R0, 0
0x01DD	0x3A00      	XORLW      0
0x01DE	0x1D03      	BTFSS      STATUS, 2
0x01DF	0x29E1      	GOTO       L_EnviarMensajeError26
0x01E0	0x29DB      	GOTO       L_EnviarMensajeError25
L_EnviarMensajeError26:
;EsclavoComunicacion.c,193 :: 		}
L_end_EnviarMensajeError:
0x01E1	0x0008      	RETURN
; end of _EnviarMensajeError
_ConfiguracionPrincipal:
;EsclavoComunicacion.c,72 :: 		void ConfiguracionPrincipal(){
;EsclavoComunicacion.c,74 :: 		TRISB0_bit = 1;
0x01E2	0x1683      	BSF        STATUS, 5
0x01E3	0x1303      	BCF        STATUS, 6
0x01E4	0x1406      	BSF        TRISB0_bit, BitPos(TRISB0_bit+0)
;EsclavoComunicacion.c,75 :: 		TRISB2_bit = 0;
0x01E5	0x1106      	BCF        TRISB2_bit, BitPos(TRISB2_bit+0)
;EsclavoComunicacion.c,76 :: 		TRISB3_bit = 0;
0x01E6	0x1186      	BCF        TRISB3_bit, BitPos(TRISB3_bit+0)
;EsclavoComunicacion.c,77 :: 		TRISC2_bit = 0;
0x01E7	0x1107      	BCF        TRISC2_bit, BitPos(TRISC2_bit+0)
;EsclavoComunicacion.c,79 :: 		INTCON.GIE = 1;                                    //Habilita las interrupciones globales
0x01E8	0x178B      	BSF        INTCON, 7
;EsclavoComunicacion.c,80 :: 		INTCON.PEIE = 1;                                   //Habilita las interrupciones perifericas
0x01E9	0x170B      	BSF        INTCON, 6
;EsclavoComunicacion.c,83 :: 		UART1_Init(19200);                                 //Inicializa el UART1 a 19200 bps
0x01EA	0x3019      	MOVLW      25
0x01EB	0x0099      	MOVWF      SPBRG
0x01EC	0x1518      	BSF        TXSTA, 2
0x01ED	0x2155      	CALL       _UART1_Init
;EsclavoComunicacion.c,84 :: 		PIE1.RCIE = 1;
0x01EE	0x1683      	BSF        STATUS, 5
0x01EF	0x168C      	BSF        PIE1, 5
;EsclavoComunicacion.c,87 :: 		SPI1_Init_Advanced(_SPI_MASTER_OSC_DIV64,_SPI_DATA_SAMPLE_MIDDLE,_SPI_CLK_IDLE_HIGH,_SPI_LOW_2_HIGH);
0x01F0	0x3002      	MOVLW      2
0x01F1	0x1283      	BCF        STATUS, 5
0x01F2	0x00CB      	MOVWF      FARG_SPI1_Init_Advanced_master
0x01F3	0x01CC      	CLRF       FARG_SPI1_Init_Advanced_data_sample
0x01F4	0x3010      	MOVLW      16
0x01F5	0x00CD      	MOVWF      FARG_SPI1_Init_Advanced_clock_idle
0x01F6	0x3001      	MOVLW      1
0x01F7	0x00CE      	MOVWF      FARG_SPI1_Init_Advanced_transmit_edge
0x01F8	0x2165      	CALL       _SPI1_Init_Advanced
;EsclavoComunicacion.c,90 :: 		T1CON = 0x30;
0x01F9	0x3030      	MOVLW      48
0x01FA	0x0090      	MOVWF      T1CON
;EsclavoComunicacion.c,91 :: 		PIR1.TMR1IF = 0;
0x01FB	0x100C      	BCF        PIR1, 0
;EsclavoComunicacion.c,92 :: 		TMR1H = 0x0B;
0x01FC	0x300B      	MOVLW      11
0x01FD	0x008F      	MOVWF      TMR1H
;EsclavoComunicacion.c,93 :: 		TMR1L = 0xDC;
0x01FE	0x30DC      	MOVLW      220
0x01FF	0x008E      	MOVWF      TMR1L
;EsclavoComunicacion.c,94 :: 		PIE1.TMR1IE = 1;
0x0200	0x1683      	BSF        STATUS, 5
0x0201	0x140C      	BSF        PIE1, 0
;EsclavoComunicacion.c,95 :: 		INTCON = 0xC0;
0x0202	0x30C0      	MOVLW      192
0x0203	0x008B      	MOVWF      INTCON
;EsclavoComunicacion.c,98 :: 		T2CON = 0x78;
0x0204	0x3078      	MOVLW      120
0x0205	0x1283      	BCF        STATUS, 5
0x0206	0x0092      	MOVWF      T2CON
;EsclavoComunicacion.c,99 :: 		PR2 = 249;
0x0207	0x30F9      	MOVLW      249
0x0208	0x1683      	BSF        STATUS, 5
0x0209	0x0092      	MOVWF      PR2
;EsclavoComunicacion.c,100 :: 		PIR1.TMR2IF = 0;
0x020A	0x1283      	BCF        STATUS, 5
0x020B	0x108C      	BCF        PIR1, 1
;EsclavoComunicacion.c,101 :: 		PIE1.TMR2IE = 1;
0x020C	0x1683      	BSF        STATUS, 5
0x020D	0x148C      	BSF        PIE1, 1
;EsclavoComunicacion.c,104 :: 		INTCON.INTE = 1;                                   //Habilita la interrupcion externa
0x020E	0x160B      	BSF        INTCON, 4
;EsclavoComunicacion.c,105 :: 		INTCON.INTF = 0;                                   //Limpia la bandera de interrupcion externa
0x020F	0x108B      	BCF        INTCON, 1
;EsclavoComunicacion.c,106 :: 		OPTION_REG.INTEDG = 1;                             //Activa la interrupcion en el flanco de subida
0x0210	0x1701      	BSF        OPTION_REG, 6
;EsclavoComunicacion.c,108 :: 		Delay_ms(100);                                     //Espera hasta que se estabilicen los cambios
0x0211	0x3002      	MOVLW      2
0x0212	0x00FB      	MOVWF      R11
0x0213	0x3004      	MOVLW      4
0x0214	0x00FC      	MOVWF      R12
0x0215	0x30BA      	MOVLW      186
0x0216	0x00FD      	MOVWF      R13
L_ConfiguracionPrincipal0:
0x0217	0x0BFD      	DECFSZ     R13, 1
0x0218	0x2A17      	GOTO       L_ConfiguracionPrincipal0
0x0219	0x0BFC      	DECFSZ     R12, 1
0x021A	0x2A17      	GOTO       L_ConfiguracionPrincipal0
0x021B	0x0BFB      	DECFSZ     R11, 1
0x021C	0x2A17      	GOTO       L_ConfiguracionPrincipal0
0x021D	0x0000      	NOP
;EsclavoComunicacion.c,110 :: 		}
L_end_ConfiguracionPrincipal:
0x021E	0x0008      	RETURN
; end of _ConfiguracionPrincipal
_EnviarMensajeUART:
;EsclavoComunicacion.c,135 :: 		void EnviarMensajeUART(unsigned char *tramaPDU, unsigned char sizePDU){
;EsclavoComunicacion.c,139 :: 		CRCPDU = CalcularCRC(tramaPDU, sizePDU);           //Calcula el CRC de la trama pdu
0x021F	0x1283      	BCF        STATUS, 5
0x0220	0x1303      	BCF        STATUS, 6
0x0221	0x084F      	MOVF       FARG_EnviarMensajeUART_tramaPDU, 0
0x0222	0x00E6      	MOVWF      FARG_CalcularCRC_trama
0x0223	0x0850      	MOVF       FARG_EnviarMensajeUART_sizePDU, 0
0x0224	0x00E7      	MOVWF      FARG_CalcularCRC_tramaSize
0x0225	0x2118      	CALL       _CalcularCRC
0x0226	0x0870      	MOVF       R0, 0
0x0227	0x00D2      	MOVWF      EnviarMensajeUART_CRCPDU_L0
0x0228	0x0871      	MOVF       R0+1, 0
0x0229	0x00D3      	MOVWF      EnviarMensajeUART_CRCPDU_L0+1
;EsclavoComunicacion.c,140 :: 		ptrCRCPDU = &CRCPDU;                               //Asociacion del puntero CrcTramaError
0x022A	0x3052      	MOVLW      EnviarMensajeUART_CRCPDU_L0
0x022B	0x00D4      	MOVWF      EnviarMensajeUART_ptrCRCPDU_L0
;EsclavoComunicacion.c,142 :: 		tramaSerial[0]=HDR;                                //Añade la cabecera a la trama a enviar
0x022C	0x303A      	MOVLW      58
0x022D	0x1683      	BSF        STATUS, 5
0x022E	0x00A0      	MOVWF      _tramaSerial
;EsclavoComunicacion.c,143 :: 		tramaSerial[sizePDU+2] = *ptrCrcPdu;               //Asigna al elemento CRC_LSB de la trama de respuesta el LSB de la variable crcTramaError
0x022F	0x3002      	MOVLW      2
0x0230	0x1283      	BCF        STATUS, 5
0x0231	0x0750      	ADDWF      FARG_EnviarMensajeUART_sizePDU, 0
0x0232	0x00F0      	MOVWF      R0
0x0233	0x01F1      	CLRF       R0+1
0x0234	0x1803      	BTFSC      STATUS, 0
0x0235	0x0AF1      	INCF       R0+1, 1
0x0236	0x0870      	MOVF       R0, 0
0x0237	0x3EA0      	ADDLW      _tramaSerial
0x0238	0x00F1      	MOVWF      R1
0x0239	0x0854      	MOVF       EnviarMensajeUART_ptrCRCPDU_L0, 0
0x023A	0x0084      	MOVWF      FSR
0x023B	0x0800      	MOVF       INDF, 0
0x023C	0x00F0      	MOVWF      R0
0x023D	0x0871      	MOVF       R1, 0
0x023E	0x0084      	MOVWF      FSR
0x023F	0x0870      	MOVF       R0, 0
0x0240	0x0080      	MOVWF      INDF
;EsclavoComunicacion.c,144 :: 		tramaSerial[sizePDU+1] = *(ptrCrcPdu+1);           //Asigna al elemento CRC_MSB de la trama de respuesta el MSB de la variable crcTramaError
0x0241	0x0850      	MOVF       FARG_EnviarMensajeUART_sizePDU, 0
0x0242	0x3E01      	ADDLW      1
0x0243	0x00F0      	MOVWF      R0
0x0244	0x01F1      	CLRF       R0+1
0x0245	0x1803      	BTFSC      STATUS, 0
0x0246	0x0AF1      	INCF       R0+1, 1
0x0247	0x0870      	MOVF       R0, 0
0x0248	0x3EA0      	ADDLW      _tramaSerial
0x0249	0x00F1      	MOVWF      R1
0x024A	0x0A54      	INCF       EnviarMensajeUART_ptrCRCPDU_L0, 0
0x024B	0x0084      	MOVWF      FSR
0x024C	0x0800      	MOVF       INDF, 0
0x024D	0x00F0      	MOVWF      R0
0x024E	0x0871      	MOVF       R1, 0
0x024F	0x0084      	MOVWF      FSR
0x0250	0x0870      	MOVF       R0, 0
0x0251	0x0080      	MOVWF      INDF
;EsclavoComunicacion.c,145 :: 		tramaSerial[sizePDU+3] = END1;                     //Añade el primer delimitador de final de trama
0x0252	0x3003      	MOVLW      3
0x0253	0x0750      	ADDWF      FARG_EnviarMensajeUART_sizePDU, 0
0x0254	0x00F0      	MOVWF      R0
0x0255	0x01F1      	CLRF       R0+1
0x0256	0x1803      	BTFSC      STATUS, 0
0x0257	0x0AF1      	INCF       R0+1, 1
0x0258	0x0870      	MOVF       R0, 0
0x0259	0x3EA0      	ADDLW      _tramaSerial
0x025A	0x0084      	MOVWF      FSR
0x025B	0x300D      	MOVLW      13
0x025C	0x0080      	MOVWF      INDF
;EsclavoComunicacion.c,146 :: 		tramaSerial[sizePDU+4] = END2;                     //Añade el segundo delimitador de final de trama
0x025D	0x3004      	MOVLW      4
0x025E	0x0750      	ADDWF      FARG_EnviarMensajeUART_sizePDU, 0
0x025F	0x00F0      	MOVWF      R0
0x0260	0x01F1      	CLRF       R0+1
0x0261	0x1803      	BTFSC      STATUS, 0
0x0262	0x0AF1      	INCF       R0+1, 1
0x0263	0x0870      	MOVF       R0, 0
0x0264	0x3EA0      	ADDLW      _tramaSerial
0x0265	0x0084      	MOVWF      FSR
0x0266	0x300A      	MOVLW      10
0x0267	0x0080      	MOVWF      INDF
;EsclavoComunicacion.c,147 :: 		for (i=0;i<(sizePDU+5);i++){
0x0268	0x01D1      	CLRF       EnviarMensajeUART_i_L0
L_EnviarMensajeUART9:
0x0269	0x3005      	MOVLW      5
0x026A	0x0750      	ADDWF      FARG_EnviarMensajeUART_sizePDU, 0
0x026B	0x00F1      	MOVWF      R1
0x026C	0x01F2      	CLRF       R1+1
0x026D	0x1803      	BTFSC      STATUS, 0
0x026E	0x0AF2      	INCF       R1+1, 1
0x026F	0x3080      	MOVLW      128
0x0270	0x00F0      	MOVWF      R0
0x0271	0x3080      	MOVLW      128
0x0272	0x0672      	XORWF      R1+1, 0
0x0273	0x0270      	SUBWF      R0, 0
0x0274	0x1D03      	BTFSS      STATUS, 2
0x0275	0x2A78      	GOTO       L__EnviarMensajeUART89
0x0276	0x0871      	MOVF       R1, 0
0x0277	0x0251      	SUBWF      EnviarMensajeUART_i_L0, 0
L__EnviarMensajeUART89:
0x0278	0x1803      	BTFSC      STATUS, 0
0x0279	0x2A97      	GOTO       L_EnviarMensajeUART10
;EsclavoComunicacion.c,148 :: 		if ((i>=1)&&(i<=sizePDU)){
0x027A	0x3001      	MOVLW      1
0x027B	0x0251      	SUBWF      EnviarMensajeUART_i_L0, 0
0x027C	0x1C03      	BTFSS      STATUS, 0
0x027D	0x2A8F      	GOTO       L_EnviarMensajeUART14
0x027E	0x0851      	MOVF       EnviarMensajeUART_i_L0, 0
0x027F	0x0250      	SUBWF      FARG_EnviarMensajeUART_sizePDU, 0
0x0280	0x1C03      	BTFSS      STATUS, 0
0x0281	0x2A8F      	GOTO       L_EnviarMensajeUART14
L__EnviarMensajeUART84:
;EsclavoComunicacion.c,149 :: 		UART1_Write(tramaPDU[i-1]);                 //Envia el contenido de la trama PDU a travez del UART1
0x0282	0x3001      	MOVLW      1
0x0283	0x0251      	SUBWF      EnviarMensajeUART_i_L0, 0
0x0284	0x00F0      	MOVWF      R0
0x0285	0x01F1      	CLRF       R0+1
0x0286	0x1C03      	BTFSS      STATUS, 0
0x0287	0x03F1      	DECF       R0+1, 1
0x0288	0x0870      	MOVF       R0, 0
0x0289	0x074F      	ADDWF      FARG_EnviarMensajeUART_tramaPDU, 0
0x028A	0x0084      	MOVWF      FSR
0x028B	0x0800      	MOVF       INDF, 0
0x028C	0x00E6      	MOVWF      FARG_UART1_Write_data_
0x028D	0x214B      	CALL       _UART1_Write
;EsclavoComunicacion.c,150 :: 		} else {
0x028E	0x2A95      	GOTO       L_EnviarMensajeUART15
L_EnviarMensajeUART14:
;EsclavoComunicacion.c,151 :: 		UART1_Write(tramaSerial[i]);                //Envia el contenido del resto de la trama de peticion a travez del UART1
0x028F	0x0851      	MOVF       EnviarMensajeUART_i_L0, 0
0x0290	0x3EA0      	ADDLW      _tramaSerial
0x0291	0x0084      	MOVWF      FSR
0x0292	0x0800      	MOVF       INDF, 0
0x0293	0x00E6      	MOVWF      FARG_UART1_Write_data_
0x0294	0x214B      	CALL       _UART1_Write
;EsclavoComunicacion.c,152 :: 		}
L_EnviarMensajeUART15:
;EsclavoComunicacion.c,147 :: 		for (i=0;i<(sizePDU+5);i++){
0x0295	0x0AD1      	INCF       EnviarMensajeUART_i_L0, 1
;EsclavoComunicacion.c,153 :: 		}
0x0296	0x2A69      	GOTO       L_EnviarMensajeUART9
L_EnviarMensajeUART10:
;EsclavoComunicacion.c,154 :: 		while(UART1_Tx_Idle()==0);                         //Espera hasta que se haya terminado de enviar todo el dato por UART antes de continuar
L_EnviarMensajeUART16:
0x0297	0x2144      	CALL       _UART1_Tx_Idle
0x0298	0x0870      	MOVF       R0, 0
0x0299	0x3A00      	XORLW      0
0x029A	0x1D03      	BTFSS      STATUS, 2
0x029B	0x2A9D      	GOTO       L_EnviarMensajeUART17
0x029C	0x2A97      	GOTO       L_EnviarMensajeUART16
L_EnviarMensajeUART17:
;EsclavoComunicacion.c,162 :: 		}
L_end_EnviarMensajeUART:
0x029D	0x0008      	RETURN
; end of _EnviarMensajeUART
_UART1_Read:
;__Lib_UART_c67.c,21 :: 		
;__Lib_UART_c67.c,24 :: 		
0x029E	0x1283      	BCF        STATUS, 5
0x029F	0x1303      	BCF        STATUS, 6
0x02A0	0x081A      	MOVF       RCREG, 0
0x02A1	0x00F1      	MOVWF      R1
;__Lib_UART_c67.c,25 :: 		
0x02A2	0x1C98      	BTFSS      RCSTA, 1
0x02A3	0x2AA6      	GOTO       L_UART1_Read2
;__Lib_UART_c67.c,26 :: 		
0x02A4	0x1218      	BCF        RCSTA, 4
;__Lib_UART_c67.c,27 :: 		
0x02A5	0x1618      	BSF        RCSTA, 4
;__Lib_UART_c67.c,28 :: 		
L_UART1_Read2:
;__Lib_UART_c67.c,29 :: 		
0x02A6	0x0871      	MOVF       R1, 0
0x02A7	0x00F0      	MOVWF      R0
;__Lib_UART_c67.c,30 :: 		
L_end_UART1_Read:
0x02A8	0x0008      	RETURN
; end of _UART1_Read
_IdentificarEsclavo:
;EsclavoComunicacion.c,271 :: 		void IdentificarEsclavo(){
;EsclavoComunicacion.c,272 :: 		petSPI[0] = 0xA0;
0x02A9	0x30A0      	MOVLW      160
0x02AA	0x1283      	BCF        STATUS, 5
0x02AB	0x1303      	BCF        STATUS, 6
0x02AC	0x00B8      	MOVWF      _petSPI
;EsclavoComunicacion.c,273 :: 		petSPI[1] = 0xA1;
0x02AD	0x30A1      	MOVLW      161
0x02AE	0x00B9      	MOVWF      _petSPI+1
;EsclavoComunicacion.c,274 :: 		petSPI[2] = 0xA2;
0x02AF	0x30A2      	MOVLW      162
0x02B0	0x00BA      	MOVWF      _petSPI+2
;EsclavoComunicacion.c,275 :: 		petSPI[3] = 0xA3;
0x02B1	0x30A3      	MOVLW      163
0x02B2	0x00BB      	MOVWF      _petSPI+3
;EsclavoComunicacion.c,276 :: 		CS = 0;
0x02B3	0x1107      	BCF        RC2_bit, BitPos(RC2_bit+0)
;EsclavoComunicacion.c,277 :: 		for (x=0;x<4;x++){
0x02B4	0x01BC      	CLRF       _x
L_IdentificarEsclavo43:
0x02B5	0x3004      	MOVLW      4
0x02B6	0x023C      	SUBWF      _x, 0
0x02B7	0x1803      	BTFSC      STATUS, 0
0x02B8	0x2AE0      	GOTO       L_IdentificarEsclavo44
;EsclavoComunicacion.c,278 :: 		SSPBUF = petSPI[x];                  //Llena el buffer de salida con cada valor de la tramaSPI
0x02B9	0x083C      	MOVF       _x, 0
0x02BA	0x3E38      	ADDLW      _petSPI
0x02BB	0x0084      	MOVWF      FSR
0x02BC	0x0800      	MOVF       INDF, 0
0x02BD	0x0093      	MOVWF      SSPBUF
;EsclavoComunicacion.c,279 :: 		if (x==2){
0x02BE	0x083C      	MOVF       _x, 0
0x02BF	0x3A02      	XORLW      2
0x02C0	0x1D03      	BTFSS      STATUS, 2
0x02C1	0x2AC9      	GOTO       L_IdentificarEsclavo46
;EsclavoComunicacion.c,280 :: 		while (SSPSTAT.BF!=1);
L_IdentificarEsclavo47:
0x02C2	0x1683      	BSF        STATUS, 5
0x02C3	0x1814      	BTFSC      SSPSTAT, 0
0x02C4	0x2AC6      	GOTO       L_IdentificarEsclavo48
0x02C5	0x2AC2      	GOTO       L_IdentificarEsclavo47
L_IdentificarEsclavo48:
;EsclavoComunicacion.c,281 :: 		idEsclavo = SSPBUF;               //Recupera el valor de # de bytes que el Esclavo enviara en la solicitud de respuesta, (esto ocurre al enviar el tercer byte)
0x02C6	0x1283      	BCF        STATUS, 5
0x02C7	0x0813      	MOVF       SSPBUF, 0
0x02C8	0x00BD      	MOVWF      _idEsclavo
;EsclavoComunicacion.c,282 :: 		}
L_IdentificarEsclavo46:
;EsclavoComunicacion.c,283 :: 		if (x==3){
0x02C9	0x083C      	MOVF       _x, 0
0x02CA	0x3A03      	XORLW      3
0x02CB	0x1D03      	BTFSS      STATUS, 2
0x02CC	0x2AD4      	GOTO       L_IdentificarEsclavo49
;EsclavoComunicacion.c,284 :: 		while (SSPSTAT.BF!=1);
L_IdentificarEsclavo50:
0x02CD	0x1683      	BSF        STATUS, 5
0x02CE	0x1814      	BTFSC      SSPSTAT, 0
0x02CF	0x2AD1      	GOTO       L_IdentificarEsclavo51
0x02D0	0x2ACD      	GOTO       L_IdentificarEsclavo50
L_IdentificarEsclavo51:
;EsclavoComunicacion.c,285 :: 		funcEsclavo = SSPBUF;              //Recupera el valor de # de bytes que el Esclavo enviara en la solicitud de respuesta, (esto ocurre al enviar el tercer byte)
0x02D1	0x1283      	BCF        STATUS, 5
0x02D2	0x0813      	MOVF       SSPBUF, 0
0x02D3	0x00B7      	MOVWF      _funcEsclavo
;EsclavoComunicacion.c,286 :: 		}
L_IdentificarEsclavo49:
;EsclavoComunicacion.c,287 :: 		Delay_ms(1);
0x02D4	0x3003      	MOVLW      3
0x02D5	0x00FC      	MOVWF      R12
0x02D6	0x3097      	MOVLW      151
0x02D7	0x00FD      	MOVWF      R13
L_IdentificarEsclavo52:
0x02D8	0x0BFD      	DECFSZ     R13, 1
0x02D9	0x2AD8      	GOTO       L_IdentificarEsclavo52
0x02DA	0x0BFC      	DECFSZ     R12, 1
0x02DB	0x2AD8      	GOTO       L_IdentificarEsclavo52
0x02DC	0x0000      	NOP
0x02DD	0x0000      	NOP
;EsclavoComunicacion.c,277 :: 		for (x=0;x<4;x++){
0x02DE	0x0ABC      	INCF       _x, 1
;EsclavoComunicacion.c,288 :: 		}
0x02DF	0x2AB5      	GOTO       L_IdentificarEsclavo43
L_IdentificarEsclavo44:
;EsclavoComunicacion.c,289 :: 		CS = 1;
0x02E0	0x1507      	BSF        RC2_bit, BitPos(RC2_bit+0)
;EsclavoComunicacion.c,290 :: 		}
L_end_IdentificarEsclavo:
0x02E1	0x0008      	RETURN
; end of _IdentificarEsclavo
_VerificarCRC:
;EsclavoComunicacion.c,200 :: 		unsigned short VerificarCRC(unsigned char* trama, unsigned char tramaPDUSize){
;EsclavoComunicacion.c,208 :: 		crcCalculado = 0;                                  //Inicializa los valores del CRC obtenido y calculado con valores diferentes
0x02E2	0x1283      	BCF        STATUS, 5
0x02E3	0x1303      	BCF        STATUS, 6
0x02E4	0x01E1      	CLRF       VerificarCRC_crcCalculado_L0
0x02E5	0x01E2      	CLRF       VerificarCRC_crcCalculado_L0+1
;EsclavoComunicacion.c,209 :: 		crcTrama = 1;
0x02E6	0x3001      	MOVLW      1
0x02E7	0x00E3      	MOVWF      VerificarCRC_crcTrama_L0
0x02E8	0x3000      	MOVLW      0
0x02E9	0x00E4      	MOVWF      VerificarCRC_crcTrama_L0+1
;EsclavoComunicacion.c,211 :: 		for (j=0;j<tramaPDUSize;j++){                      //Rellena la trama de PDU con los datos de interes de la trama de peticion, es decir, obviando los ultimos 2 bytes de CRC y los 2 de End
0x02EA	0x01E0      	CLRF       VerificarCRC_j_L0
L_VerificarCRC27:
0x02EB	0x0850      	MOVF       FARG_VerificarCRC_tramaPDUSize, 0
0x02EC	0x0260      	SUBWF      VerificarCRC_j_L0, 0
0x02ED	0x1803      	BTFSC      STATUS, 0
0x02EE	0x2B03      	GOTO       L_VerificarCRC28
;EsclavoComunicacion.c,212 :: 		pdu[j] = trama[j+1];
0x02EF	0x0860      	MOVF       VerificarCRC_j_L0, 0
0x02F0	0x3E51      	ADDLW      VerificarCRC_pdu_L0
0x02F1	0x00F2      	MOVWF      R2
0x02F2	0x0860      	MOVF       VerificarCRC_j_L0, 0
0x02F3	0x3E01      	ADDLW      1
0x02F4	0x00F0      	MOVWF      R0
0x02F5	0x01F1      	CLRF       R0+1
0x02F6	0x1803      	BTFSC      STATUS, 0
0x02F7	0x0AF1      	INCF       R0+1, 1
0x02F8	0x0870      	MOVF       R0, 0
0x02F9	0x074F      	ADDWF      FARG_VerificarCRC_trama, 0
0x02FA	0x0084      	MOVWF      FSR
0x02FB	0x0800      	MOVF       INDF, 0
0x02FC	0x00F0      	MOVWF      R0
0x02FD	0x0872      	MOVF       R2, 0
0x02FE	0x0084      	MOVWF      FSR
0x02FF	0x0870      	MOVF       R0, 0
0x0300	0x0080      	MOVWF      INDF
;EsclavoComunicacion.c,211 :: 		for (j=0;j<tramaPDUSize;j++){                      //Rellena la trama de PDU con los datos de interes de la trama de peticion, es decir, obviando los ultimos 2 bytes de CRC y los 2 de End
0x0301	0x0AE0      	INCF       VerificarCRC_j_L0, 1
;EsclavoComunicacion.c,213 :: 		}
0x0302	0x2AEB      	GOTO       L_VerificarCRC27
L_VerificarCRC28:
;EsclavoComunicacion.c,215 :: 		crcCalculado = CalcularCRC(pdu, tramaPDUSize);     //Invoca la funcion para el calculo del CRC de la trama PDU
0x0303	0x3051      	MOVLW      VerificarCRC_pdu_L0
0x0304	0x00E6      	MOVWF      FARG_CalcularCRC_trama
0x0305	0x0850      	MOVF       FARG_VerificarCRC_tramaPDUSize, 0
0x0306	0x00E7      	MOVWF      FARG_CalcularCRC_tramaSize
0x0307	0x2118      	CALL       _CalcularCRC
0x0308	0x0870      	MOVF       R0, 0
0x0309	0x00E1      	MOVWF      VerificarCRC_crcCalculado_L0
0x030A	0x0871      	MOVF       R0+1, 0
0x030B	0x00E2      	MOVWF      VerificarCRC_crcCalculado_L0+1
;EsclavoComunicacion.c,217 :: 		ptrCRCTrama = &CRCTrama;                           //Asociacion del puntero CRCPDU
0x030C	0x3063      	MOVLW      VerificarCRC_crcTrama_L0
0x030D	0x00E5      	MOVWF      VerificarCRC_ptrCRCTrama_L0
;EsclavoComunicacion.c,218 :: 		*ptrCRCTrama = trama[tramaPDUSize+2];              //Asigna el elemento CRC_LSB de la trama de respuesta al LSB de la variable CRCPDU
0x030E	0x3002      	MOVLW      2
0x030F	0x0750      	ADDWF      FARG_VerificarCRC_tramaPDUSize, 0
0x0310	0x00F0      	MOVWF      R0
0x0311	0x01F1      	CLRF       R0+1
0x0312	0x1803      	BTFSC      STATUS, 0
0x0313	0x0AF1      	INCF       R0+1, 1
0x0314	0x0870      	MOVF       R0, 0
0x0315	0x074F      	ADDWF      FARG_VerificarCRC_trama, 0
0x0316	0x0084      	MOVWF      FSR
0x0317	0x0800      	MOVF       INDF, 0
0x0318	0x00F0      	MOVWF      R0
0x0319	0x0865      	MOVF       VerificarCRC_ptrCRCTrama_L0, 0
0x031A	0x0084      	MOVWF      FSR
0x031B	0x0870      	MOVF       R0, 0
0x031C	0x0080      	MOVWF      INDF
;EsclavoComunicacion.c,219 :: 		*(ptrCRCTrama+1) = trama[tramaPDUSize+1];          //Asigna el elemento CRC_MSB de la trama de respuesta al MSB de la variable CRCPDU
0x031D	0x0A65      	INCF       VerificarCRC_ptrCRCTrama_L0, 0
0x031E	0x00F2      	MOVWF      R2
0x031F	0x0850      	MOVF       FARG_VerificarCRC_tramaPDUSize, 0
0x0320	0x3E01      	ADDLW      1
0x0321	0x00F0      	MOVWF      R0
0x0322	0x01F1      	CLRF       R0+1
0x0323	0x1803      	BTFSC      STATUS, 0
0x0324	0x0AF1      	INCF       R0+1, 1
0x0325	0x0870      	MOVF       R0, 0
0x0326	0x074F      	ADDWF      FARG_VerificarCRC_trama, 0
0x0327	0x0084      	MOVWF      FSR
0x0328	0x0800      	MOVF       INDF, 0
0x0329	0x00F0      	MOVWF      R0
0x032A	0x0872      	MOVF       R2, 0
0x032B	0x0084      	MOVWF      FSR
0x032C	0x0870      	MOVF       R0, 0
0x032D	0x0080      	MOVWF      INDF
;EsclavoComunicacion.c,221 :: 		if (crcCalculado==CRCTrama) {                      //Verifica si el CRC calculado sea igual al CRC obtenido de la trama de peticion
0x032E	0x0862      	MOVF       VerificarCRC_crcCalculado_L0+1, 0
0x032F	0x0664      	XORWF      VerificarCRC_crcTrama_L0+1, 0
0x0330	0x1D03      	BTFSS      STATUS, 2
0x0331	0x2B34      	GOTO       L__VerificarCRC92
0x0332	0x0863      	MOVF       VerificarCRC_crcTrama_L0, 0
0x0333	0x0661      	XORWF      VerificarCRC_crcCalculado_L0, 0
L__VerificarCRC92:
0x0334	0x1D03      	BTFSS      STATUS, 2
0x0335	0x2B39      	GOTO       L_VerificarCRC30
;EsclavoComunicacion.c,222 :: 		return 1;
0x0336	0x3001      	MOVLW      1
0x0337	0x00F0      	MOVWF      R0
0x0338	0x2B3A      	GOTO       L_end_VerificarCRC
;EsclavoComunicacion.c,223 :: 		} else {
L_VerificarCRC30:
;EsclavoComunicacion.c,224 :: 		return 0;
0x0339	0x01F0      	CLRF       R0
;EsclavoComunicacion.c,226 :: 		}
L_end_VerificarCRC:
0x033A	0x0008      	RETURN
; end of _VerificarCRC
_EnviarACK:
;EsclavoComunicacion.c,232 :: 		void EnviarACK(){
;EsclavoComunicacion.c,233 :: 		UART1_Write(ACK);                                  //Envia el valor de la Cabecera de la trama ACK por el puerto UART1
0x033B	0x30AA      	MOVLW      170
0x033C	0x1283      	BCF        STATUS, 5
0x033D	0x1303      	BCF        STATUS, 6
0x033E	0x00E6      	MOVWF      FARG_UART1_Write_data_
0x033F	0x214B      	CALL       _UART1_Write
;EsclavoComunicacion.c,234 :: 		while(UART1_Tx_Idle()==0);                         //Espera hasta que se haya terminado de enviar todo el dato por UART antes de continuar
L_EnviarACK32:
0x0340	0x2144      	CALL       _UART1_Tx_Idle
0x0341	0x0870      	MOVF       R0, 0
0x0342	0x3A00      	XORLW      0
0x0343	0x1D03      	BTFSS      STATUS, 2
0x0344	0x2B46      	GOTO       L_EnviarACK33
0x0345	0x2B40      	GOTO       L_EnviarACK32
L_EnviarACK33:
;EsclavoComunicacion.c,235 :: 		}
L_end_EnviarACK:
0x0346	0x0008      	RETURN
; end of _EnviarACK
_EnviarNACK:
;EsclavoComunicacion.c,241 :: 		void EnviarNACK(){
;EsclavoComunicacion.c,242 :: 		UART1_Write(NACK);                                 //Envia el valor de la Cabecera de la trama ACK por el puerto UART1
0x0347	0x30AF      	MOVLW      175
0x0348	0x1283      	BCF        STATUS, 5
0x0349	0x1303      	BCF        STATUS, 6
0x034A	0x00E6      	MOVWF      FARG_UART1_Write_data_
0x034B	0x214B      	CALL       _UART1_Write
;EsclavoComunicacion.c,243 :: 		while(UART1_Tx_Idle()==0);                         //Espera hasta que se haya terminado de enviar todo el dato por UART antes de continuar
L_EnviarNACK34:
0x034C	0x2144      	CALL       _UART1_Tx_Idle
0x034D	0x0870      	MOVF       R0, 0
0x034E	0x3A00      	XORLW      0
0x034F	0x1D03      	BTFSS      STATUS, 2
0x0350	0x2B52      	GOTO       L_EnviarNACK35
0x0351	0x2B4C      	GOTO       L_EnviarNACK34
L_EnviarNACK35:
;EsclavoComunicacion.c,244 :: 		}
L_end_EnviarNACK:
0x0352	0x0008      	RETURN
; end of _EnviarNACK
_EnviarSolicitudMedicion:
;EsclavoComunicacion.c,250 :: 		void EnviarSolicitudMedicion(unsigned short registroEsclavo){
;EsclavoComunicacion.c,251 :: 		petSPI[0] = 0xB0;                        //Cabecera de trama de solicitud de medicion
0x0353	0x30B0      	MOVLW      176
0x0354	0x1283      	BCF        STATUS, 5
0x0355	0x1303      	BCF        STATUS, 6
0x0356	0x00B8      	MOVWF      _petSPI
;EsclavoComunicacion.c,252 :: 		petSPI[1] = registroEsclavo;             //Codigo del registro que se quiere leer
0x0357	0x084F      	MOVF       FARG_EnviarSolicitudMedicion_registroEsclavo, 0
0x0358	0x00B9      	MOVWF      _petSPI+1
;EsclavoComunicacion.c,253 :: 		petSPI[2] = 0xB1;                        //Delimitador de final de trama
0x0359	0x30B1      	MOVLW      177
0x035A	0x00BA      	MOVWF      _petSPI+2
;EsclavoComunicacion.c,254 :: 		CS = 0;
0x035B	0x1107      	BCF        RC2_bit, BitPos(RC2_bit+0)
;EsclavoComunicacion.c,255 :: 		for (x=0;x<3;x++){
0x035C	0x01BC      	CLRF       _x
L_EnviarSolicitudMedicion36:
0x035D	0x3003      	MOVLW      3
0x035E	0x023C      	SUBWF      _x, 0
0x035F	0x1803      	BTFSC      STATUS, 0
0x0360	0x2B7D      	GOTO       L_EnviarSolicitudMedicion37
;EsclavoComunicacion.c,256 :: 		SSPBUF = petSPI[x];                  //Llena el buffer de salida con cada valor de la tramaSPI
0x0361	0x083C      	MOVF       _x, 0
0x0362	0x3E38      	ADDLW      _petSPI
0x0363	0x0084      	MOVWF      FSR
0x0364	0x0800      	MOVF       INDF, 0
0x0365	0x0093      	MOVWF      SSPBUF
;EsclavoComunicacion.c,257 :: 		if (x==2){
0x0366	0x083C      	MOVF       _x, 0
0x0367	0x3A02      	XORLW      2
0x0368	0x1D03      	BTFSS      STATUS, 2
0x0369	0x2B71      	GOTO       L_EnviarSolicitudMedicion39
;EsclavoComunicacion.c,258 :: 		while (SSPSTAT.BF!=1);
L_EnviarSolicitudMedicion40:
0x036A	0x1683      	BSF        STATUS, 5
0x036B	0x1814      	BTFSC      SSPSTAT, 0
0x036C	0x2B6E      	GOTO       L_EnviarSolicitudMedicion41
0x036D	0x2B6A      	GOTO       L_EnviarSolicitudMedicion40
L_EnviarSolicitudMedicion41:
;EsclavoComunicacion.c,259 :: 		numBytesSPI = SSPBUF;             //Recupera el valor de # de bytes que el Esclavo enviara en la solicitud de respuesta, (esto ocurre al enviar el tercer byte)
0x036E	0x1283      	BCF        STATUS, 5
0x036F	0x0813      	MOVF       SSPBUF, 0
0x0370	0x00C5      	MOVWF      _numBytesSPI
;EsclavoComunicacion.c,260 :: 		}
L_EnviarSolicitudMedicion39:
;EsclavoComunicacion.c,261 :: 		Delay_ms(1);
0x0371	0x3003      	MOVLW      3
0x0372	0x00FC      	MOVWF      R12
0x0373	0x3097      	MOVLW      151
0x0374	0x00FD      	MOVWF      R13
L_EnviarSolicitudMedicion42:
0x0375	0x0BFD      	DECFSZ     R13, 1
0x0376	0x2B75      	GOTO       L_EnviarSolicitudMedicion42
0x0377	0x0BFC      	DECFSZ     R12, 1
0x0378	0x2B75      	GOTO       L_EnviarSolicitudMedicion42
0x0379	0x0000      	NOP
0x037A	0x0000      	NOP
;EsclavoComunicacion.c,255 :: 		for (x=0;x<3;x++){
0x037B	0x0ABC      	INCF       _x, 1
;EsclavoComunicacion.c,262 :: 		}
0x037C	0x2B5D      	GOTO       L_EnviarSolicitudMedicion36
L_EnviarSolicitudMedicion37:
;EsclavoComunicacion.c,263 :: 		CS = 1;
0x037D	0x1507      	BSF        RC2_bit, BitPos(RC2_bit+0)
;EsclavoComunicacion.c,264 :: 		banMed = 1;                              //Activa la bandera de medicion para evitar que existan falsos positivos en la interrupcion externa
0x037E	0x3001      	MOVLW      1
0x037F	0x00C2      	MOVWF      _banMed
;EsclavoComunicacion.c,265 :: 		}
L_end_EnviarSolicitudMedicion:
0x0380	0x0008      	RETURN
; end of _EnviarSolicitudMedicion
_main:
;EsclavoComunicacion.c,460 :: 		void main() {
;EsclavoComunicacion.c,462 :: 		ConfiguracionPrincipal();                          //Inicia las configuraciones necesarias
0x0381	0x21E2      	CALL       _ConfiguracionPrincipal
;EsclavoComunicacion.c,463 :: 		IdentificarEsclavo();                              //Con esta funcion determina cual es el codigo identificador del dispositivo EsclavoSensor conectado por SPI
0x0382	0x22A9      	CALL       _IdentificarEsclavo
;EsclavoComunicacion.c,464 :: 		CS = 1;                                            //Desabilita el CS
0x0383	0x1507      	BSF        RC2_bit, BitPos(RC2_bit+0)
;EsclavoComunicacion.c,465 :: 		AUX = 0;
0x0384	0x1186      	BCF        RB3_bit, BitPos(RB3_bit+0)
;EsclavoComunicacion.c,466 :: 		IU1 = 0;
0x0385	0x1106      	BCF        RB2_bit, BitPos(RB2_bit+0)
;EsclavoComunicacion.c,467 :: 		i1=0;
0x0386	0x01C6      	CLRF       _i1
;EsclavoComunicacion.c,468 :: 		contadorTOD = 0;                                   //Inicia el contador de Time-Out-Dispositivo
0x0387	0x01C4      	CLRF       _contadorTOD
;EsclavoComunicacion.c,469 :: 		contadorNACK = 0;                                  //Inicia el contador de NACK
0x0388	0x01C0      	CLRF       _contadorNACK
;EsclavoComunicacion.c,470 :: 		banTI = 0;
0x0389	0x01BF      	CLRF       _banTI
;EsclavoComunicacion.c,471 :: 		banTC = 0;
0x038A	0x01C1      	CLRF       _banTC
;EsclavoComunicacion.c,472 :: 		banTF = 0;
0x038B	0x01C3      	CLRF       _banTF
;EsclavoComunicacion.c,473 :: 		banMed = 0;
0x038C	0x01C2      	CLRF       _banMed
;EsclavoComunicacion.c,474 :: 		}
L_end_main:
0x038D	0x2B8D      	GOTO       $+0
; end of _main
Symbol List:
//** Routines locations **
//ADDRESS    SIZE    PROCEDURE
//----------------------------------------------
0x0004     [276]    _interrupt
0x0118      [44]    _CalcularCRC
0x0144       [7]    _UART1_Tx_Idle
0x014B      [10]    _UART1_Write
0x0155      [16]    _UART1_Init
0x0165      [43]    _SPI1_Init_Advanced
0x0190      [82]    _EnviarMensajeError
0x01E2      [61]    _ConfiguracionPrincipal
0x021F     [127]    _EnviarMensajeUART
0x029E      [11]    _UART1_Read
0x02A9      [57]    _IdentificarEsclavo
0x02E2      [89]    _VerificarCRC
0x033B      [12]    _EnviarACK
0x0347      [12]    _EnviarNACK
0x0353      [46]    _EnviarSolicitudMedicion
0x0381      [13]    _main
//** Variables locations ** 
//ADDRESS    SIZE    VARIABLE
//----------------------------------------------
0x0000       [1]    INDF
0x0003       [1]    STATUS
0x0004       [1]    FSR
0x0006       [0]    AUX
0x0006       [0]    RB2_bit
0x0006       [0]    RB3_bit
0x0006       [0]    IU1
0x0007       [0]    RC2_bit
0x0007       [0]    CS
0x000A       [1]    PCLATH
0x000B       [1]    INTCON
0x000C       [1]    PIR1
0x000C       [0]    TMR1IF_bit
0x000E       [1]    TMR1L
0x000F       [1]    TMR1H
0x0010       [1]    T1CON
0x0012       [1]    T2CON
0x0013       [1]    SSPBUF
0x0014       [1]    SSPCON
0x0018       [1]    RCSTA
0x0019       [1]    TXREG
0x001A       [1]    RCREG
0x0024       [1]    _byteTrama
0x0025       [1]    _tramaOk
0x0026       [1]    _t1Funcion
0x0027       [1]    _t1Size
0x0028      [15]    _resSPI
0x0037       [1]    _funcEsclavo
0x0038       [4]    _petSPI
0x003C       [1]    _x
0x003D       [1]    _idEsclavo
0x003E       [1]    _t1IdEsclavo
0x003F       [1]    _banTI
0x0040       [1]    _contadorNACK
0x0041       [1]    _banTC
0x0042       [1]    _banMed
0x0043       [1]    _banTF
0x0044       [1]    _contadorTOD
0x0045       [1]    _numBytesSPI
0x0046       [1]    _i1
0x0047       [2]    ___DoICPAddr
0x0049       [1]    ___savePCLATH
0x004A       [1]    ___saveSTATUS
0x004B       [1]    FARG_SPI1_Init_Advanced_master
0x004C       [1]    FARG_SPI1_Init_Advanced_data_sample
0x004D       [1]    FARG_SPI1_Init_Advanced_clock_idle
0x004E       [1]    FARG_SPI1_Init_Advanced_transmit_edge
0x004F       [1]    FARG_EnviarMensajeUART_tramaPDU
0x004F       [1]    FARG_EnviarSolicitudMedicion_registroEsclavo
0x004F       [1]    FARG_EnviarMensajeError_codigoError
0x004F       [1]    FARG_VerificarCRC_trama
0x0050       [1]    EnviarMensajeError_i_L0
0x0050       [1]    FARG_VerificarCRC_tramaPDUSize
0x0050       [1]    FARG_EnviarMensajeUART_sizePDU
0x0051       [1]    EnviarMensajeUART_i_L0
0x0051      [15]    VerificarCRC_pdu_L0
0x0051       [2]    EnviarMensajeError_CRCerrorPDU_L0
0x0052       [2]    EnviarMensajeUART_CRCPDU_L0
0x0053       [1]    EnviarMensajeError_ptrCRCerrorPDU_L0
0x0054       [4]    EnviarMensajeError_errorPDU_L0
0x0054       [1]    EnviarMensajeUART_ptrCRCPDU_L0
0x0060       [1]    VerificarCRC_j_L0
0x0061       [2]    VerificarCRC_crcCalculado_L0
0x0063       [2]    VerificarCRC_crcTrama_L0
0x0065       [1]    VerificarCRC_ptrCRCTrama_L0
0x0066       [1]    FARG_UART1_Write_data_
0x0066       [1]    FARG_CalcularCRC_trama
0x0067       [1]    FARG_CalcularCRC_tramaSize
0x0070       [1]    R0
0x0071       [1]    R1
0x0072       [1]    R2
0x0073       [1]    R3
0x0074       [1]    R4
0x0075       [1]    R5
0x0076       [1]    R6
0x0077       [1]    R7
0x0078       [1]    R8
0x0079       [1]    R9
0x007A       [1]    R10
0x007B       [1]    R11
0x007C       [1]    R12
0x007D       [1]    R13
0x007E       [1]    R14
0x007F       [1]    R15
0x0081       [1]    OPTION_REG
0x0086       [0]    TRISB3_bit
0x0086       [0]    TRISB0_bit
0x0086       [0]    TRISB2_bit
0x0087       [0]    TRISC3_bit
0x0087       [0]    TRISC4_bit
0x0087       [0]    TRISC5_bit
0x0087       [0]    TRISC6_bit
0x0087       [0]    TRISC7_bit
0x0087       [0]    TRISC2_bit
0x008C       [1]    PIE1
0x0092       [1]    PR2
0x0094       [1]    SSPSTAT
0x0098       [1]    TXSTA
0x0099       [1]    SPBRG
0x00A0      [50]    _tramaSerial
