;  LST file generated by mikroListExporter - v.2.0 
; Date/Time: 18/12/2018 16:37:24
;----------------------------------------------

;Address Opcode 	ASM
0x0000	0xF002EF32  	GOTO        1124
_interrupt:
;EsclavoComunicacionMultiple.c,201 :: 		void interrupt(void){
0x0008	0xF015C000  	MOVFF       R0, 21
;EsclavoComunicacionMultiple.c,208 :: 		if(PIR3.RC2IF ==1){
0x000C	0xAAA4      	BTFSS       PIR3, 5 
0x000E	0xD073      	BRA         L_interrupt31
;EsclavoComunicacionMultiple.c,210 :: 		IU1 = 1;                                        //Enciende el indicador de interrupcion por UART1
0x0010	0x8882      	BSF         RC4_bit, BitPos(RC4_bit+0) 
;EsclavoComunicacionMultiple.c,211 :: 		byteTrama = UART2_Read();                       //Lee el byte de la trama de peticion;
0x0012	0xD96C      	RCALL       _UART2_Read
0x0014	0xF058C000  	MOVFF       R0, _byteTrama
;EsclavoComunicacionMultiple.c,214 :: 		if (banTI==0){                                  //Verifica que la bandera de inicio de trama este apagada
0x0018	0x5020      	MOVF        _banTI, 0 
0x001A	0x0A00      	XORLW       0
0x001C	0xE10D      	BNZ         L_interrupt32
;EsclavoComunicacionMultiple.c,215 :: 		if (byteTrama==HDR){                         //Verifica si recibio una cabecera
0x001E	0x5058      	MOVF        _byteTrama, 0 
0x0020	0x0A3A      	XORLW       58
0x0022	0xE10A      	BNZ         L_interrupt33
;EsclavoComunicacionMultiple.c,216 :: 		banTI = 1;                                //Activa la bandera de inicio de trama
0x0024	0x0E01      	MOVLW       1
0x0026	0x6E20      	MOVWF       _banTI 
;EsclavoComunicacionMultiple.c,217 :: 		i1 = 0;                                   //Define en 1 el subindice de la trama de peticion
0x0028	0x6A21      	CLRF        _i1 
;EsclavoComunicacionMultiple.c,218 :: 		tramaOk = 9;                              //Limpia la variable que indica si la trama ha llegado correctamente
0x002A	0x0E09      	MOVLW       9
0x002C	0x6E55      	MOVWF       _tramaOk 
;EsclavoComunicacionMultiple.c,219 :: 		puertoTOT = 1;                            //Indica al Time-Out-Trama que de ser necesario envie el NACK por el puerto UART1
0x002E	0x0E01      	MOVLW       1
0x0030	0x6E54      	MOVWF       _puertoTOT 
;EsclavoComunicacionMultiple.c,221 :: 		T2CON.TMR2ON = 1;                         //Enciende el Timer2
0x0032	0x84BA      	BSF         T2CON, 2 
;EsclavoComunicacionMultiple.c,222 :: 		PR2 = 249;                                //Se carga el valor del preload correspondiente al tiempo de 2ms
0x0034	0x0EF9      	MOVLW       249
0x0036	0x6EBB      	MOVWF       PR2 
;EsclavoComunicacionMultiple.c,223 :: 		}
L_interrupt33:
;EsclavoComunicacionMultiple.c,224 :: 		}
L_interrupt32:
;EsclavoComunicacionMultiple.c,228 :: 		if (banTI==1){                                  //Verifica que la bandera de inicio de trama este activa
0x0038	0x5020      	MOVF        _banTI, 0 
0x003A	0x0A01      	XORLW       1
0x003C	0xE130      	BNZ         L_interrupt34
;EsclavoComunicacionMultiple.c,229 :: 		PIR1.TMR2IF = 0;                             //Limpia la bandera de interrupcion por desbordamiento del TMR2
0x003E	0x929E      	BCF         PIR1, 1 
;EsclavoComunicacionMultiple.c,230 :: 		T2CON.TMR2ON = 0;                            //Apaga el Timer2
0x0040	0x94BA      	BCF         T2CON, 2 
;EsclavoComunicacionMultiple.c,231 :: 		if (byteTrama!=END2){                        //Verifica que el dato recibido sea diferente del primer byte del delimitador de final de trama
0x0042	0x5058      	MOVF        _byteTrama, 0 
0x0044	0x0A0A      	XORLW       10
0x0046	0xE012      	BZ          L_interrupt35
;EsclavoComunicacionMultiple.c,232 :: 		tramaSerial[i1] = byteTrama;               //Almacena el dato en la trama de respuesta
0x0048	0x0E22      	MOVLW       _tramaSerial
0x004A	0x6EE1      	MOVWF       FSR1L 
0x004C	0x0E00      	MOVLW       hi_addr(_tramaSerial)
0x004E	0x6EE2      	MOVWF       FSR1H 
0x0050	0x5021      	MOVF        _i1, 0 
0x0052	0x26E1      	ADDWF       FSR1L, 1 
0x0054	0x0E00      	MOVLW       0
0x0056	0xBE21      	BTFSC       _i1, 7 
0x0058	0x0EFF      	MOVLW       255
0x005A	0x22E2      	ADDWFC      FSR1H, 1 
0x005C	0xFFE6C058  	MOVFF       _byteTrama, POSTINC1
;EsclavoComunicacionMultiple.c,233 :: 		i1++;                                     //Aumenta el subindice en una unidad para permitir almacenar el siguiente dato del mensaje
0x0060	0x2A21      	INCF        _i1, 1 
;EsclavoComunicacionMultiple.c,234 :: 		banTF = 0;                                //Limpia la bandera de final de trama
0x0062	0x6A16      	CLRF        _banTF 
;EsclavoComunicacionMultiple.c,235 :: 		T2CON.TMR2ON = 1;                         //Enciende el Timer2
0x0064	0x84BA      	BSF         T2CON, 2 
;EsclavoComunicacionMultiple.c,236 :: 		PR2 = 249;
0x0066	0x0EF9      	MOVLW       249
0x0068	0x6EBB      	MOVWF       PR2 
;EsclavoComunicacionMultiple.c,237 :: 		} else {
0x006A	0xD011      	BRA         L_interrupt36
L_interrupt35:
;EsclavoComunicacionMultiple.c,238 :: 		tramaSerial[i1] = byteTrama;               //Almacena el dato en la trama de respuesta
0x006C	0x0E22      	MOVLW       _tramaSerial
0x006E	0x6EE1      	MOVWF       FSR1L 
0x0070	0x0E00      	MOVLW       hi_addr(_tramaSerial)
0x0072	0x6EE2      	MOVWF       FSR1H 
0x0074	0x5021      	MOVF        _i1, 0 
0x0076	0x26E1      	ADDWF       FSR1L, 1 
0x0078	0x0E00      	MOVLW       0
0x007A	0xBE21      	BTFSC       _i1, 7 
0x007C	0x0EFF      	MOVLW       255
0x007E	0x22E2      	ADDWFC      FSR1H, 1 
0x0080	0xFFE6C058  	MOVFF       _byteTrama, POSTINC1
;EsclavoComunicacionMultiple.c,239 :: 		banTF = 1;                                //Si el dato recibido es el primer byte de final de trama activa la bandera
0x0084	0x0E01      	MOVLW       1
0x0086	0x6E16      	MOVWF       _banTF 
;EsclavoComunicacionMultiple.c,240 :: 		T2CON.TMR2ON = 1;                         //Enciende el Timer2
0x0088	0x84BA      	BSF         T2CON, 2 
;EsclavoComunicacionMultiple.c,241 :: 		PR2 = 249;
0x008A	0x0EF9      	MOVLW       249
0x008C	0x6EBB      	MOVWF       PR2 
;EsclavoComunicacionMultiple.c,242 :: 		}
L_interrupt36:
;EsclavoComunicacionMultiple.c,243 :: 		if (BanTF==1){                               //Verifica que se cumpla la condicion de final de trama
0x008E	0x5016      	MOVF        _banTF, 0 
0x0090	0x0A01      	XORLW       1
0x0092	0xE105      	BNZ         L_interrupt37
;EsclavoComunicacionMultiple.c,244 :: 		banTI = 0;                                //Limpia la bandera de inicio de trama para no permitir que se almacene mas datos en la trama de respuesta
0x0094	0x6A20      	CLRF        _banTI 
;EsclavoComunicacionMultiple.c,245 :: 		banTC = 1;                                //Activa la bandera de trama completa
0x0096	0x0E01      	MOVLW       1
0x0098	0x6E17      	MOVWF       _banTC 
;EsclavoComunicacionMultiple.c,246 :: 		PIR1.TMR2IF = 0;                          //Limpia la bandera de interrupcion por desbordamiento del TMR2
0x009A	0x929E      	BCF         PIR1, 1 
;EsclavoComunicacionMultiple.c,247 :: 		T2CON.TMR2ON = 0;                         //Apaga el Timer2
0x009C	0x94BA      	BCF         T2CON, 2 
;EsclavoComunicacionMultiple.c,248 :: 		}
L_interrupt37:
;EsclavoComunicacionMultiple.c,249 :: 		}
L_interrupt34:
;EsclavoComunicacionMultiple.c,252 :: 		if (banTC==1){                                  //Verifica que se haya completado de llenar la trama de peticion
0x009E	0x5017      	MOVF        _banTC, 0 
0x00A0	0x0A01      	XORLW       1
0x00A2	0xE127      	BNZ         L_interrupt38
;EsclavoComunicacionMultiple.c,253 :: 		numDatosEsc = tramaSerial[4];
0x00A4	0xF057C026  	MOVFF       _tramaSerial+4, _numDatosEsc
;EsclavoComunicacionMultiple.c,254 :: 		sizeTramaPDU = numDatosEsc+4;                      //Calcula la longitud de la trama PDU sumando 4 al valor del campo #Datos
0x00A8	0x0E04      	MOVLW       4
0x00AA	0x2426      	ADDWF       _tramaSerial+4, 0 
0x00AC	0x6E00      	MOVWF       R0 
0x00AE	0xF056C000  	MOVFF       R0, _sizeTramaPDU
;EsclavoComunicacionMultiple.c,255 :: 		tramaOk = VerificarCRC(tramaSerial,sizeTramaPDU);  //Calcula y verifica el CRC de la trama de peticion
0x00B2	0x0E22      	MOVLW       _tramaSerial
0x00B4	0x6E5D      	MOVWF       FARG_VerificarCRC_trama 
0x00B6	0x0E00      	MOVLW       hi_addr(_tramaSerial)
0x00B8	0x6E5E      	MOVWF       FARG_VerificarCRC_trama+1 
0x00BA	0xF05FC000  	MOVFF       R0, FARG_VerificarCRC_tramaPDUSize
0x00BE	0xD94D      	RCALL       _VerificarCRC
0x00C0	0xF055C000  	MOVFF       R0, _tramaOk
;EsclavoComunicacionMultiple.c,256 :: 		if (tramaOk==1){
0x00C4	0x5000      	MOVF        R0, 0 
0x00C6	0x0A01      	XORLW       1
0x00C8	0xE10B      	BNZ         L_interrupt39
;EsclavoComunicacionMultiple.c,258 :: 		EnviarACK(2);                            //Si la trama llego sin errores responde con un ACK al H/S
0x00CA	0x0E02      	MOVLW       2
0x00CC	0x6E5D      	MOVWF       FARG_EnviarACK_puerto 
0x00CE	0xD9A8      	RCALL       _EnviarACK
;EsclavoComunicacionMultiple.c,259 :: 		EnviarSolicitudEsclavo(tramaSerial,sizeTramaPDU);                //Envia la trama de peticion a los esclavos
0x00D0	0x0E22      	MOVLW       _tramaSerial
0x00D2	0x6E5D      	MOVWF       FARG_EnviarSolicitudEsclavo_trama 
0x00D4	0x0E00      	MOVLW       hi_addr(_tramaSerial)
0x00D6	0x6E5E      	MOVWF       FARG_EnviarSolicitudEsclavo_trama+1 
0x00D8	0xF05FC056  	MOVFF       _sizeTramaPDU, FARG_EnviarSolicitudEsclavo_tramaPDUSize
0x00DC	0xD8C8      	RCALL       _EnviarSolicitudEsclavo
;EsclavoComunicacionMultiple.c,260 :: 		} else if (tramaOk==0) {
0x00DE	0xD006      	BRA         L_interrupt40
L_interrupt39:
0x00E0	0x5055      	MOVF        _tramaOk, 0 
0x00E2	0x0A00      	XORLW       0
0x00E4	0xE103      	BNZ         L_interrupt41
;EsclavoComunicacionMultiple.c,261 :: 		EnviarNACK(2);                            //Si hubo algun error en la trama se envia un NACK al Master para que le reenvie la peticion
0x00E6	0x0E02      	MOVLW       2
0x00E8	0x6E5D      	MOVWF       FARG_EnviarNACK_puerto 
0x00EA	0xD8E7      	RCALL       _EnviarNACK
;EsclavoComunicacionMultiple.c,262 :: 		}
L_interrupt41:
L_interrupt40:
;EsclavoComunicacionMultiple.c,263 :: 		banTI = 0;                                    //Limpia la bandera de inicio de trama
0x00EC	0x6A20      	CLRF        _banTI 
;EsclavoComunicacionMultiple.c,264 :: 		banTC = 0;                                    //Limpia la bandera de trama completa
0x00EE	0x6A17      	CLRF        _banTC 
;EsclavoComunicacionMultiple.c,265 :: 		i1 = 0;                                       //Incializa el subindice de la trama de peticion
0x00F0	0x6A21      	CLRF        _i1 
;EsclavoComunicacionMultiple.c,266 :: 		}
L_interrupt38:
;EsclavoComunicacionMultiple.c,268 :: 		PIR3.RC2IF = 0;                                  //Limpia la bandera de interrupcion de UART1
0x00F2	0x9AA4      	BCF         PIR3, 5 
;EsclavoComunicacionMultiple.c,269 :: 		IU1 = 0;                                         //Apaga el indicador de interrupcion por UART1
0x00F4	0x9882      	BCF         RC4_bit, BitPos(RC4_bit+0) 
;EsclavoComunicacionMultiple.c,271 :: 		}
L_interrupt31:
;EsclavoComunicacionMultiple.c,276 :: 		if (PIR1.RC1IF==1){
0x00F6	0xAA9E      	BTFSS       PIR1, 5 
0x00F8	0xD006      	BRA         L_interrupt42
;EsclavoComunicacionMultiple.c,278 :: 		IU2 = 1;                                        //Enciende el indicador de interrupcion por UART2
0x00FA	0x8681      	BSF         RB3_bit, BitPos(RB3_bit+0) 
;EsclavoComunicacionMultiple.c,279 :: 		byteTrama = UART1_Read();                       //Lee el byte de la trama de peticion
0x00FC	0xD9AA      	RCALL       _UART1_Read
0x00FE	0xF058C000  	MOVFF       R0, _byteTrama
;EsclavoComunicacionMultiple.c,284 :: 		PIR1.RC1IF = 0;                                    //Limpia la bandera de interrupcion de UART2
0x0102	0x9A9E      	BCF         PIR1, 5 
;EsclavoComunicacionMultiple.c,285 :: 		IU2 = 0;                                        //Apaga el indicador de interrupcion por UART2
0x0104	0x9681      	BCF         RB3_bit, BitPos(RB3_bit+0) 
;EsclavoComunicacionMultiple.c,287 :: 		}
L_interrupt42:
;EsclavoComunicacionMultiple.c,295 :: 		if (TMR2IF_bit==1){
0x0106	0xA29E      	BTFSS       TMR2IF_bit, BitPos(TMR2IF_bit+0) 
0x0108	0xD013      	BRA         L_interrupt43
;EsclavoComunicacionMultiple.c,296 :: 		TMR2IF_bit = 0;                                 //Limpia la bandera de interrupcion por desbordamiento del TMR2
0x010A	0x929E      	BCF         TMR2IF_bit, BitPos(TMR2IF_bit+0) 
;EsclavoComunicacionMultiple.c,297 :: 		T2CON.TMR2ON = 0;                               //Apaga el Timer2
0x010C	0x94BA      	BCF         T2CON, 2 
;EsclavoComunicacionMultiple.c,298 :: 		banTI = 0;                                      //Limpia la bandera de inicio de trama
0x010E	0x6A20      	CLRF        _banTI 
;EsclavoComunicacionMultiple.c,299 :: 		i1 = 0;                                         //Limpia el subindice de la trama de peticion
0x0110	0x6A21      	CLRF        _i1 
;EsclavoComunicacionMultiple.c,300 :: 		banTC = 0;                                      //Limpia la bandera de trama completa(Por si acaso)
0x0112	0x6A17      	CLRF        _banTC 
;EsclavoComunicacionMultiple.c,301 :: 		if (puertoTOT==1){
0x0114	0x5054      	MOVF        _puertoTOT, 0 
0x0116	0x0A01      	XORLW       1
0x0118	0xE104      	BNZ         L_interrupt44
;EsclavoComunicacionMultiple.c,302 :: 		EnviarNACK(1);                              //Envia un NACK por el puerto UART1 para solicitar el reenvio de la trama
0x011A	0x0E01      	MOVLW       1
0x011C	0x6E5D      	MOVWF       FARG_EnviarNACK_puerto 
0x011E	0xD8CD      	RCALL       _EnviarNACK
;EsclavoComunicacionMultiple.c,303 :: 		} else if (puertoTOT==2) {
0x0120	0xD006      	BRA         L_interrupt45
L_interrupt44:
0x0122	0x5054      	MOVF        _puertoTOT, 0 
0x0124	0x0A02      	XORLW       2
0x0126	0xE103      	BNZ         L_interrupt46
;EsclavoComunicacionMultiple.c,304 :: 		EnviarNACK(2);                              //Envia un NACK por el puerto UART2 para solicitar el reenvio de la trama
0x0128	0x0E02      	MOVLW       2
0x012A	0x6E5D      	MOVWF       FARG_EnviarNACK_puerto 
0x012C	0xD8C6      	RCALL       _EnviarNACK
;EsclavoComunicacionMultiple.c,305 :: 		}
L_interrupt46:
L_interrupt45:
;EsclavoComunicacionMultiple.c,306 :: 		puertoTOT = 0;                                  //Encera la variable para evitar confusiones
0x012E	0x6A54      	CLRF        _puertoTOT 
;EsclavoComunicacionMultiple.c,307 :: 		}
L_interrupt43:
;EsclavoComunicacionMultiple.c,309 :: 		}
L_end_interrupt:
L__interrupt55:
0x0130	0xF000C015  	MOVFF       21, R0
0x0134	0x0011      	RETFIE      1
; end of _interrupt
_CalcularCRC:
;EsclavoComunicacionMultiple.c,107 :: 		unsigned int CalcularCRC(unsigned char* trama, unsigned char tramaSize){
;EsclavoComunicacionMultiple.c,110 :: 		for(CRC16=0xFFFF; tramaSize!=0; tramaSize--){
0x0136	0x0EFF      	MOVLW       255
0x0138	0x6E03      	MOVWF       R3 
0x013A	0x0EFF      	MOVLW       255
0x013C	0x6E04      	MOVWF       R4 
L_CalcularCRC1:
0x013E	0x0100      	MOVLB       0
0x0140	0x517C      	MOVF        FARG_CalcularCRC_tramaSize, 0, 1
0x0142	0x0A00      	XORLW       0
0x0144	0xE020      	BZ          L_CalcularCRC2
;EsclavoComunicacionMultiple.c,111 :: 		CRC16^=*trama ++;
0x0146	0xFFD9C07A  	MOVFF       FARG_CalcularCRC_trama, FSR2L
0x014A	0xFFDAC07B  	MOVFF       FARG_CalcularCRC_trama+1, FSR2H
0x014E	0x50DE      	MOVF        POSTINC2, 0 
0x0150	0x1A03      	XORWF       R3, 1 
0x0152	0x0E00      	MOVLW       0
0x0154	0x1A04      	XORWF       R4, 1 
0x0156	0x4B7A      	INFSNZ      FARG_CalcularCRC_trama, 1, 1
0x0158	0x2B7B      	INCF        FARG_CalcularCRC_trama+1, 1, 1
;EsclavoComunicacionMultiple.c,112 :: 		for(ucCounter=0; ucCounter<8; ucCounter++){
0x015A	0x6A02      	CLRF        R2 
L_CalcularCRC4:
0x015C	0x0E08      	MOVLW       8
0x015E	0x5C02      	SUBWF       R2, 0 
0x0160	0xE20F      	BC          L_CalcularCRC5
;EsclavoComunicacionMultiple.c,113 :: 		if(CRC16 & 0x0001)
0x0162	0xA003      	BTFSS       R3, 0 
0x0164	0xD008      	BRA         L_CalcularCRC7
;EsclavoComunicacionMultiple.c,114 :: 		CRC16 = (CRC16>>1)^POLMODBUS;
0x0166	0x3204      	RRCF        R4, 1 
0x0168	0x3203      	RRCF        R3, 1 
0x016A	0x9E04      	BCF         R4, 7 
0x016C	0x0E01      	MOVLW       1
0x016E	0x1A03      	XORWF       R3, 1 
0x0170	0x0EA0      	MOVLW       160
0x0172	0x1A04      	XORWF       R4, 1 
0x0174	0xD003      	BRA         L_CalcularCRC8
L_CalcularCRC7:
;EsclavoComunicacionMultiple.c,116 :: 		CRC16>>=1;
0x0176	0x3204      	RRCF        R4, 1 
0x0178	0x3203      	RRCF        R3, 1 
0x017A	0x9E04      	BCF         R4, 7 
L_CalcularCRC8:
;EsclavoComunicacionMultiple.c,112 :: 		for(ucCounter=0; ucCounter<8; ucCounter++){
0x017C	0x2A02      	INCF        R2, 1 
;EsclavoComunicacionMultiple.c,117 :: 		}
0x017E	0xD7EE      	BRA         L_CalcularCRC4
L_CalcularCRC5:
0x0180	0x0100      	MOVLB       0
;EsclavoComunicacionMultiple.c,110 :: 		for(CRC16=0xFFFF; tramaSize!=0; tramaSize--){
0x0182	0x077C      	DECF        FARG_CalcularCRC_tramaSize, 1, 1
;EsclavoComunicacionMultiple.c,118 :: 		}
0x0184	0xD7DC      	BRA         L_CalcularCRC1
L_CalcularCRC2:
;EsclavoComunicacionMultiple.c,119 :: 		return CRC16;
0x0186	0xF000C003  	MOVFF       R3, R0
0x018A	0xF001C004  	MOVFF       R4, R1
;EsclavoComunicacionMultiple.c,120 :: 		}
L_end_CalcularCRC:
0x018E	0x0012      	RETURN      0
; end of _CalcularCRC
_UART1_Tx_Idle:
;__Lib_UART_c67b67.c,57 :: 		
;__Lib_UART_c67b67.c,58 :: 		
0x0190	0x0E00      	MOVLW       0
0x0192	0xB2AC      	BTFSC       TXSTA, 1 
0x0194	0x0E01      	MOVLW       1
0x0196	0x6E00      	MOVWF       R0 
;__Lib_UART_c67b67.c,59 :: 		
L_end_UART1_Tx_Idle:
0x0198	0x0012      	RETURN      0
; end of _UART1_Tx_Idle
_UART2_Write:
;__Lib_UART_c67b67.c,160 :: 		
;__Lib_UART_c67b67.c,161 :: 		
L_UART2_Write19:
0x019A	0xB272      	BTFSC       TXSTA2, 1 
0x019C	0xD001      	BRA         L_UART2_Write20
;__Lib_UART_c67b67.c,162 :: 		
0x019E	0xD7FD      	BRA         L_UART2_Write19
L_UART2_Write20:
;__Lib_UART_c67b67.c,163 :: 		
0x01A0	0xFF73C07A  	MOVFF       FARG_UART2_Write_data_, TXREG2
;__Lib_UART_c67b67.c,164 :: 		
L_end_UART2_Write:
0x01A4	0x0012      	RETURN      0
; end of _UART2_Write
_UART2_Init:
;__Lib_UART_c67b67.c,117 :: 		
;__Lib_UART_c67b67.c,120 :: 		
0x01A6	0x0E9A      	MOVLW       _UART2_Write
0x01A8	0x6E1C      	MOVWF       _UART_Wr_Ptr 
0x01AA	0x0E01      	MOVLW       hi_addr(_UART2_Write)
0x01AC	0x6E1D      	MOVWF       _UART_Wr_Ptr+1 
0x01AE	0x0E7A      	MOVLW       FARG_UART2_Write_data_
0x01B0	0x6E1E      	MOVWF       _UART_Wr_Ptr+2 
0x01B2	0x0E00      	MOVLW       hi_addr(FARG_UART2_Write_data_)
0x01B4	0x6E1F      	MOVWF       _UART_Wr_Ptr+3 
;__Lib_UART_c67b67.c,121 :: 		
0x01B6	0x0EEC      	MOVLW       _UART2_Read
0x01B8	0x6E18      	MOVWF       _UART_Rd_Ptr 
0x01BA	0x0E02      	MOVLW       hi_addr(_UART2_Read)
0x01BC	0x6E19      	MOVWF       _UART_Rd_Ptr+1 
0x01BE	0x0E00      	MOVLW       0
0x01C0	0x6E1A      	MOVWF       _UART_Rd_Ptr+2 
0x01C2	0x0E00      	MOVLW       0
0x01C4	0x6E1B      	MOVWF       _UART_Rd_Ptr+3 
;__Lib_UART_c67b67.c,122 :: 		
0x01C6	0x0EFF      	MOVLW       _UART2_Data_Ready
0x01C8	0x6E59      	MOVWF       _UART_Rdy_Ptr 
0x01CA	0x0EFF      	MOVLW       hi_addr(_UART2_Data_Ready)
0x01CC	0x6E5A      	MOVWF       _UART_Rdy_Ptr+1 
0x01CE	0x0E00      	MOVLW       0
0x01D0	0x6E5B      	MOVWF       _UART_Rdy_Ptr+2 
0x01D2	0x0E00      	MOVLW       0
0x01D4	0x6E5C      	MOVWF       _UART_Rdy_Ptr+3 
;__Lib_UART_c67b67.c,123 :: 		
0x01D6	0x0E0C      	MOVLW       _UART2_Tx_Idle
0x01D8	0x0100      	MOVLB       0
0x01DA	0x6F61      	MOVWF       _UART_Tx_Idle_Ptr, 1
0x01DC	0x0E02      	MOVLW       hi_addr(_UART2_Tx_Idle)
0x01DE	0x6F62      	MOVWF       _UART_Tx_Idle_Ptr+1, 1
0x01E0	0x0E00      	MOVLW       0
0x01E2	0x6F63      	MOVWF       _UART_Tx_Idle_Ptr+2, 1
0x01E4	0x0E00      	MOVLW       0
0x01E6	0x6F64      	MOVWF       _UART_Tx_Idle_Ptr+3, 1
;__Lib_UART_c67b67.c,125 :: 		
0x01E8	0x8A72      	BSF         TXSTA2, 5 
;__Lib_UART_c67b67.c,126 :: 		
0x01EA	0x0E90      	MOVLW       144
0x01EC	0x6E71      	MOVWF       RCSTA2 
;__Lib_UART_c67b67.c,127 :: 		
0x01EE	0x8E93      	BSF         TRISB7_bit, BitPos(TRISB7_bit+0) 
;__Lib_UART_c67b67.c,128 :: 		
0x01F0	0x9C93      	BCF         TRISB6_bit, BitPos(TRISB6_bit+0) 
;__Lib_UART_c67b67.c,130 :: 		
L_UART2_Init16:
0x01F2	0xAAA4      	BTFSS       RC2IF_bit, BitPos(RC2IF_bit+0) 
0x01F4	0xD003      	BRA         L_UART2_Init17
;__Lib_UART_c67b67.c,131 :: 		
0x01F6	0xF000CF74  	MOVFF       RCREG2, R0
0x01FA	0xD7FB      	BRA         L_UART2_Init16
L_UART2_Init17:
;__Lib_UART_c67b67.c,132 :: 		
L_end_UART2_Init:
0x01FC	0x0012      	RETURN      0
; end of _UART2_Init
_UART1_Write:
;__Lib_UART_c67b67.c,63 :: 		
;__Lib_UART_c67b67.c,64 :: 		
L_UART1_Write3:
0x01FE	0xB2AC      	BTFSC       TXSTA, 1 
0x0200	0xD002      	BRA         L_UART1_Write4
;__Lib_UART_c67b67.c,65 :: 		
0x0202	0x0000      	NOP
0x0204	0xD7FC      	BRA         L_UART1_Write3
L_UART1_Write4:
;__Lib_UART_c67b67.c,66 :: 		
0x0206	0xFFADC07A  	MOVFF       FARG_UART1_Write_data_, TXREG
;__Lib_UART_c67b67.c,67 :: 		
L_end_UART1_Write:
0x020A	0x0012      	RETURN      0
; end of _UART1_Write
_UART2_Tx_Idle:
;__Lib_UART_c67b67.c,154 :: 		
;__Lib_UART_c67b67.c,155 :: 		
0x020C	0x0E00      	MOVLW       0
0x020E	0xB272      	BTFSC       TXSTA2, 1 
0x0210	0x0E01      	MOVLW       1
0x0212	0x6E00      	MOVWF       R0 
;__Lib_UART_c67b67.c,156 :: 		
L_end_UART2_Tx_Idle:
0x0214	0x0012      	RETURN      0
; end of _UART2_Tx_Idle
_UART1_Init:
;__Lib_UART_c67b67.c,20 :: 		
;__Lib_UART_c67b67.c,23 :: 		
0x0216	0x0EFE      	MOVLW       _UART1_Write
0x0218	0x6E1C      	MOVWF       _UART_Wr_Ptr 
0x021A	0x0E01      	MOVLW       hi_addr(_UART1_Write)
0x021C	0x6E1D      	MOVWF       _UART_Wr_Ptr+1 
0x021E	0x0E7A      	MOVLW       FARG_UART1_Write_data_
0x0220	0x6E1E      	MOVWF       _UART_Wr_Ptr+2 
0x0222	0x0E00      	MOVLW       hi_addr(FARG_UART1_Write_data_)
0x0224	0x6E1F      	MOVWF       _UART_Wr_Ptr+3 
;__Lib_UART_c67b67.c,24 :: 		
0x0226	0x0E52      	MOVLW       _UART1_Read
0x0228	0x6E18      	MOVWF       _UART_Rd_Ptr 
0x022A	0x0E04      	MOVLW       hi_addr(_UART1_Read)
0x022C	0x6E19      	MOVWF       _UART_Rd_Ptr+1 
0x022E	0x0E00      	MOVLW       0
0x0230	0x6E1A      	MOVWF       _UART_Rd_Ptr+2 
0x0232	0x0E00      	MOVLW       0
0x0234	0x6E1B      	MOVWF       _UART_Rd_Ptr+3 
;__Lib_UART_c67b67.c,25 :: 		
0x0236	0x0EFF      	MOVLW       _UART1_Data_Ready
0x0238	0x6E59      	MOVWF       _UART_Rdy_Ptr 
0x023A	0x0EFF      	MOVLW       hi_addr(_UART1_Data_Ready)
0x023C	0x6E5A      	MOVWF       _UART_Rdy_Ptr+1 
0x023E	0x0E00      	MOVLW       0
0x0240	0x6E5B      	MOVWF       _UART_Rdy_Ptr+2 
0x0242	0x0E00      	MOVLW       0
0x0244	0x6E5C      	MOVWF       _UART_Rdy_Ptr+3 
;__Lib_UART_c67b67.c,26 :: 		
0x0246	0x0E90      	MOVLW       _UART1_Tx_Idle
0x0248	0x0100      	MOVLB       0
0x024A	0x6F61      	MOVWF       _UART_Tx_Idle_Ptr, 1
0x024C	0x0E01      	MOVLW       hi_addr(_UART1_Tx_Idle)
0x024E	0x6F62      	MOVWF       _UART_Tx_Idle_Ptr+1, 1
0x0250	0x0E00      	MOVLW       0
0x0252	0x6F63      	MOVWF       _UART_Tx_Idle_Ptr+2, 1
0x0254	0x0E00      	MOVLW       0
0x0256	0x6F64      	MOVWF       _UART_Tx_Idle_Ptr+3, 1
;__Lib_UART_c67b67.c,28 :: 		
0x0258	0x8AAC      	BSF         TXSTA, 5 
;__Lib_UART_c67b67.c,29 :: 		
0x025A	0x0E90      	MOVLW       144
0x025C	0x6EAB      	MOVWF       RCSTA 
;__Lib_UART_c67b67.c,30 :: 		
0x025E	0x8E94      	BSF         TRISC7_bit, BitPos(TRISC7_bit+0) 
;__Lib_UART_c67b67.c,31 :: 		
0x0260	0x9C94      	BCF         TRISC6_bit, BitPos(TRISC6_bit+0) 
;__Lib_UART_c67b67.c,33 :: 		
L_UART1_Init0:
0x0262	0xAA9E      	BTFSS       PIR1, 5 
0x0264	0xD003      	BRA         L_UART1_Init1
;__Lib_UART_c67b67.c,34 :: 		
0x0266	0xF000CFAE  	MOVFF       RCREG, R0
0x026A	0xD7FB      	BRA         L_UART1_Init0
L_UART1_Init1:
;__Lib_UART_c67b67.c,35 :: 		
L_end_UART1_Init:
0x026C	0x0012      	RETURN      0
; end of _UART1_Init
_EnviarSolicitudEsclavo:
;EsclavoComunicacionMultiple.c,185 :: 		void EnviarSolicitudEsclavo(unsigned char* trama, unsigned char tramaPDUSize){
;EsclavoComunicacionMultiple.c,187 :: 		RE_DE = 1;                                    //Establece el Max485 en modo escritura
0x026E	0x8A82      	BSF         RC5_bit, BitPos(RC5_bit+0) 
;EsclavoComunicacionMultiple.c,188 :: 		UART1_Write(0xB0);
0x0270	0x0EB0      	MOVLW       176
0x0272	0x0100      	MOVLB       0
0x0274	0x6F7A      	MOVWF       FARG_UART1_Write_data_, 1
0x0276	0xDFC3      	RCALL       _UART1_Write
;EsclavoComunicacionMultiple.c,189 :: 		for (j=0;j<tramaPDUSize;j++){
0x0278	0x0100      	MOVLB       0
0x027A	0x6B60      	CLRF        EnviarSolicitudEsclavo_j_L0, 1
L_EnviarSolicitudEsclavo26:
0x027C	0x505F      	MOVF        FARG_EnviarSolicitudEsclavo_tramaPDUSize, 0 
0x027E	0x5D60      	SUBWF       EnviarSolicitudEsclavo_j_L0, 0, 1
0x0280	0xE212      	BC          L_EnviarSolicitudEsclavo27
;EsclavoComunicacionMultiple.c,190 :: 		UART1_Write(trama[j+1]);
0x0282	0x5160      	MOVF        EnviarSolicitudEsclavo_j_L0, 0, 1
0x0284	0x0F01      	ADDLW       1
0x0286	0x6E00      	MOVWF       R0 
0x0288	0x6A01      	CLRF        R1 
0x028A	0x0E00      	MOVLW       0
0x028C	0x2201      	ADDWFC      R1, 1 
0x028E	0x5000      	MOVF        R0, 0 
0x0290	0x245D      	ADDWF       FARG_EnviarSolicitudEsclavo_trama, 0 
0x0292	0x6EE9      	MOVWF       FSR0L 
0x0294	0x5001      	MOVF        R1, 0 
0x0296	0x205E      	ADDWFC      FARG_EnviarSolicitudEsclavo_trama+1, 0 
0x0298	0x6EEA      	MOVWF       FSR0H 
0x029A	0xF07ACFEE  	MOVFF       POSTINC0, FARG_UART1_Write_data_
0x029E	0xDFAF      	RCALL       _UART1_Write
;EsclavoComunicacionMultiple.c,189 :: 		for (j=0;j<tramaPDUSize;j++){
0x02A0	0x0100      	MOVLB       0
0x02A2	0x2B60      	INCF        EnviarSolicitudEsclavo_j_L0, 1, 1
;EsclavoComunicacionMultiple.c,191 :: 		}
0x02A4	0xD7EB      	BRA         L_EnviarSolicitudEsclavo26
L_EnviarSolicitudEsclavo27:
;EsclavoComunicacionMultiple.c,192 :: 		UART1_Write(0xB1);
0x02A6	0x0EB1      	MOVLW       177
0x02A8	0x6F7A      	MOVWF       FARG_UART1_Write_data_, 1
0x02AA	0xDFA9      	RCALL       _UART1_Write
;EsclavoComunicacionMultiple.c,193 :: 		while(UART1_Tx_Idle()==0);
L_EnviarSolicitudEsclavo29:
0x02AC	0xDF71      	RCALL       _UART1_Tx_Idle
0x02AE	0x5000      	MOVF        R0, 0 
0x02B0	0x0A00      	XORLW       0
0x02B2	0xE101      	BNZ         L_EnviarSolicitudEsclavo30
0x02B4	0xD7FB      	BRA         L_EnviarSolicitudEsclavo29
L_EnviarSolicitudEsclavo30:
;EsclavoComunicacionMultiple.c,194 :: 		RE_DE = 0;                                     //Establece el Max485-2 en modo de lectura;
0x02B6	0x9A82      	BCF         RC5_bit, BitPos(RC5_bit+0) 
;EsclavoComunicacionMultiple.c,196 :: 		}
L_end_EnviarSolicitudEsclavo:
0x02B8	0x0012      	RETURN      0
; end of _EnviarSolicitudEsclavo
_EnviarNACK:
;EsclavoComunicacionMultiple.c,169 :: 		void EnviarNACK(unsigned char puerto){
;EsclavoComunicacionMultiple.c,170 :: 		if (puerto==1){
0x02BA	0x505D      	MOVF        FARG_EnviarNACK_puerto, 0 
0x02BC	0x0A01      	XORLW       1
0x02BE	0xE10C      	BNZ         L_EnviarNACK20
;EsclavoComunicacionMultiple.c,171 :: 		RE_DE = 1;                                     //Establece el Max485 en modo escritura
0x02C0	0x8A82      	BSF         RC5_bit, BitPos(RC5_bit+0) 
;EsclavoComunicacionMultiple.c,172 :: 		UART1_Write(NACK);                             //Envia el valor de la Cabecera de la trama ACK por el puerto UART1
0x02C2	0x0EAF      	MOVLW       175
0x02C4	0x0100      	MOVLB       0
0x02C6	0x6F7A      	MOVWF       FARG_UART1_Write_data_, 1
0x02C8	0xDF9A      	RCALL       _UART1_Write
;EsclavoComunicacionMultiple.c,173 :: 		while(UART1_Tx_Idle()==0);                     //Espera hasta que se haya terminado de enviar todo el dato por UART antes de continuar
L_EnviarNACK21:
0x02CA	0xDF62      	RCALL       _UART1_Tx_Idle
0x02CC	0x5000      	MOVF        R0, 0 
0x02CE	0x0A00      	XORLW       0
0x02D0	0xE101      	BNZ         L_EnviarNACK22
0x02D2	0xD7FB      	BRA         L_EnviarNACK21
L_EnviarNACK22:
;EsclavoComunicacionMultiple.c,174 :: 		RE_DE = 0;                                     //Establece el Max485-2 en modo de lectura;
0x02D4	0x9A82      	BCF         RC5_bit, BitPos(RC5_bit+0) 
;EsclavoComunicacionMultiple.c,175 :: 		} else {
0x02D6	0xD009      	BRA         L_EnviarNACK23
L_EnviarNACK20:
;EsclavoComunicacionMultiple.c,176 :: 		UART2_Write(NACK);                             //Envia el valor de la Cabecera de la trama ACK por el puerto UART2
0x02D8	0x0EAF      	MOVLW       175
0x02DA	0x0100      	MOVLB       0
0x02DC	0x6F7A      	MOVWF       FARG_UART2_Write_data_, 1
0x02DE	0xDF5D      	RCALL       _UART2_Write
;EsclavoComunicacionMultiple.c,177 :: 		while(UART2_Tx_Idle()==0);                     //Espera hasta que se haya terminado de enviar todo el dato por UART antes de continuar
L_EnviarNACK24:
0x02E0	0xDF95      	RCALL       _UART2_Tx_Idle
0x02E2	0x5000      	MOVF        R0, 0 
0x02E4	0x0A00      	XORLW       0
0x02E6	0xE101      	BNZ         L_EnviarNACK25
0x02E8	0xD7FB      	BRA         L_EnviarNACK24
L_EnviarNACK25:
;EsclavoComunicacionMultiple.c,178 :: 		}
L_EnviarNACK23:
;EsclavoComunicacionMultiple.c,179 :: 		}
L_end_EnviarNACK:
0x02EA	0x0012      	RETURN      0
; end of _EnviarNACK
_UART2_Read:
;__Lib_UART_c67b67.c,141 :: 		
;__Lib_UART_c67b67.c,144 :: 		
0x02EC	0xF001CF74  	MOVFF       RCREG2, R1
;__Lib_UART_c67b67.c,145 :: 		
0x02F0	0xA271      	BTFSS       RCSTA2, 1 
0x02F2	0xD002      	BRA         L_UART2_Read18
;__Lib_UART_c67b67.c,146 :: 		
0x02F4	0x9871      	BCF         RCSTA2, 4 
;__Lib_UART_c67b67.c,147 :: 		
0x02F6	0x8871      	BSF         RCSTA2, 4 
;__Lib_UART_c67b67.c,148 :: 		
L_UART2_Read18:
;__Lib_UART_c67b67.c,149 :: 		
0x02F8	0xF000C001  	MOVFF       R1, R0
;__Lib_UART_c67b67.c,150 :: 		
L_end_UART2_Read:
0x02FC	0x0012      	RETURN      0
; end of _UART2_Read
_ConfiguracionPrincipal:
;EsclavoComunicacionMultiple.c,71 :: 		void ConfiguracionPrincipal(){
;EsclavoComunicacionMultiple.c,73 :: 		ANSELB = 0;                                       //Configura PORTB como digital
0x02FE	0x010F      	MOVLB       15
0x0300	0x6B39      	CLRF        ANSELB, 1
;EsclavoComunicacionMultiple.c,74 :: 		ANSELC = 0;                                       //Configura PORTC como digital
0x0302	0x6B3A      	CLRF        ANSELC, 1
;EsclavoComunicacionMultiple.c,76 :: 		TRISB3_bit = 0;                                   //Configura el pin B3 como salida
0x0304	0x9693      	BCF         TRISB3_bit, BitPos(TRISB3_bit+0) 
;EsclavoComunicacionMultiple.c,77 :: 		TRISB5_bit = 0;                                   //Configura el pin B5 como salida
0x0306	0x9A93      	BCF         TRISB5_bit, BitPos(TRISB5_bit+0) 
;EsclavoComunicacionMultiple.c,78 :: 		TRISC5_bit = 0;                                   //Configura el pin C5 como salida
0x0308	0x9A94      	BCF         TRISC5_bit, BitPos(TRISC5_bit+0) 
;EsclavoComunicacionMultiple.c,79 :: 		TRISB4_bit = 0;                                   //Configura el pin B5 como salida
0x030A	0x9893      	BCF         TRISB4_bit, BitPos(TRISB4_bit+0) 
;EsclavoComunicacionMultiple.c,80 :: 		TRISC4_bit = 0;                                   //Configura el pin C5 como salida
0x030C	0x9894      	BCF         TRISC4_bit, BitPos(TRISC4_bit+0) 
;EsclavoComunicacionMultiple.c,82 :: 		INTCON.GIE = 1;                                   //Habilita las interrupciones globales
0x030E	0x8EF2      	BSF         INTCON, 7 
;EsclavoComunicacionMultiple.c,83 :: 		INTCON.PEIE = 1;                                  //Habilita las interrupciones perifericas
0x0310	0x8CF2      	BSF         INTCON, 6 
;EsclavoComunicacionMultiple.c,86 :: 		PIE1.RC1IE = 1;                                   //Habilita la interrupcion en UART1 receive
0x0312	0x8A9D      	BSF         PIE1, 5 
;EsclavoComunicacionMultiple.c,87 :: 		PIR1.F5 = 0;                                      //Limpia la bandera de interrupcion
0x0314	0x9A9E      	BCF         PIR1, 5 
;EsclavoComunicacionMultiple.c,88 :: 		PIE3.RC2IE = 1;                                   //Habilita la interrupcion en UART2 receive
0x0316	0x8AA3      	BSF         PIE3, 5 
;EsclavoComunicacionMultiple.c,89 :: 		PIR3.F5 = 0;                                      //Limpia la bandera de interrupcion
0x0318	0x9AA4      	BCF         PIR3, 5 
;EsclavoComunicacionMultiple.c,90 :: 		UART1_Init(19200);                                //Inicializa el UART1 a 19200 bps
0x031A	0x86B8      	BSF         BAUDCON, 3, 0
0x031C	0x6AB0      	CLRF        SPBRGH 
0x031E	0x0E67      	MOVLW       103
0x0320	0x6EAF      	MOVWF       SPBRG 
0x0322	0x84AC      	BSF         TXSTA, 2, 0
0x0324	0xDF78      	RCALL       _UART1_Init
;EsclavoComunicacionMultiple.c,91 :: 		UART2_Init(19200);                                //Inicializa el UART2 a 9600 bps
0x0326	0x8670      	BSF         BAUDCON2, 3, 0
0x0328	0x6A76      	CLRF        SPBRGH2 
0x032A	0x0E67      	MOVLW       103
0x032C	0x6E75      	MOVWF       SPBRG2 
0x032E	0x8472      	BSF         TXSTA2, 2, 0
0x0330	0xDF3A      	RCALL       _UART2_Init
;EsclavoComunicacionMultiple.c,94 :: 		T2CON = 0x78;                                     //Timer2 Output Postscaler Select bits
0x0332	0x0E78      	MOVLW       120
0x0334	0x6EBA      	MOVWF       T2CON 
;EsclavoComunicacionMultiple.c,95 :: 		PR2 = 249;
0x0336	0x0EF9      	MOVLW       249
0x0338	0x6EBB      	MOVWF       PR2 
;EsclavoComunicacionMultiple.c,96 :: 		PIR1.TMR2IF = 0;                                  //Limpia la bandera de interrupcion del TMR2
0x033A	0x929E      	BCF         PIR1, 1 
;EsclavoComunicacionMultiple.c,97 :: 		PIE1.TMR2IE = 1;                                  //Habilita la interrupción de desbordamiento TMR2
0x033C	0x829D      	BSF         PIE1, 1 
;EsclavoComunicacionMultiple.c,99 :: 		Delay_ms(100);                                    //Espera hasta que se estabilicen los cambios
0x033E	0x0E02      	MOVLW       2
0x0340	0x6E0B      	MOVWF       R11, 0
0x0342	0x0E04      	MOVLW       4
0x0344	0x6E0C      	MOVWF       R12, 0
0x0346	0x0EBA      	MOVLW       186
0x0348	0x6E0D      	MOVWF       R13, 0
L_ConfiguracionPrincipal0:
0x034A	0x2E0D      	DECFSZ      R13, 1, 0
0x034C	0xD7FE      	BRA         L_ConfiguracionPrincipal0
0x034E	0x2E0C      	DECFSZ      R12, 1, 0
0x0350	0xD7FC      	BRA         L_ConfiguracionPrincipal0
0x0352	0x2E0B      	DECFSZ      R11, 1, 0
0x0354	0xD7FA      	BRA         L_ConfiguracionPrincipal0
0x0356	0x0000      	NOP
;EsclavoComunicacionMultiple.c,101 :: 		}
L_end_ConfiguracionPrincipal:
0x0358	0x0012      	RETURN      0
; end of _ConfiguracionPrincipal
_VerificarCRC:
;EsclavoComunicacionMultiple.c,127 :: 		unsigned short VerificarCRC(unsigned char* trama, unsigned char tramaPDUSize){
;EsclavoComunicacionMultiple.c,132 :: 		crcCalculado = 0;                                  //Inicializa los valores del CRC obtenido y calculado con valores diferentes
0x035A	0x0100      	MOVLB       0
0x035C	0x6B74      	CLRF        VerificarCRC_crcCalculado_L0, 1
0x035E	0x6B75      	CLRF        VerificarCRC_crcCalculado_L0+1, 1
;EsclavoComunicacionMultiple.c,133 :: 		crcTrama = 1;
0x0360	0x0E01      	MOVLW       1
0x0362	0x6F76      	MOVWF       VerificarCRC_crcTrama_L0, 1
0x0364	0x0E00      	MOVLW       0
0x0366	0x6F77      	MOVWF       VerificarCRC_crcTrama_L0+1, 1
;EsclavoComunicacionMultiple.c,134 :: 		for (j=0;j<tramaPDUSize;j++){                      //Rellena la trama de PDU con los datos de interes de la trama de peticion, es decir, obviando los ultimos 2 bytes de CRC y los 2 de End
0x0368	0x6B60      	CLRF        VerificarCRC_j_L0, 1
L_VerificarCRC9:
0x036A	0x505F      	MOVF        FARG_VerificarCRC_tramaPDUSize, 0 
0x036C	0x5D60      	SUBWF       VerificarCRC_j_L0, 0, 1
0x036E	0xE218      	BC          L_VerificarCRC10
;EsclavoComunicacionMultiple.c,135 :: 		pdu[j] = trama[j+1];
0x0370	0x0E65      	MOVLW       VerificarCRC_pdu_L0
0x0372	0x6EE1      	MOVWF       FSR1L 
0x0374	0x0E00      	MOVLW       hi_addr(VerificarCRC_pdu_L0)
0x0376	0x6EE2      	MOVWF       FSR1H 
0x0378	0x5160      	MOVF        VerificarCRC_j_L0, 0, 1
0x037A	0x26E1      	ADDWF       FSR1L, 1 
0x037C	0xB0D8      	BTFSC       STATUS, 0 
0x037E	0x2AE2      	INCF        FSR1H, 1 
0x0380	0x5160      	MOVF        VerificarCRC_j_L0, 0, 1
0x0382	0x0F01      	ADDLW       1
0x0384	0x6E00      	MOVWF       R0 
0x0386	0x6A01      	CLRF        R1 
0x0388	0x0E00      	MOVLW       0
0x038A	0x2201      	ADDWFC      R1, 1 
0x038C	0x5000      	MOVF        R0, 0 
0x038E	0x245D      	ADDWF       FARG_VerificarCRC_trama, 0 
0x0390	0x6EE9      	MOVWF       FSR0L 
0x0392	0x5001      	MOVF        R1, 0 
0x0394	0x205E      	ADDWFC      FARG_VerificarCRC_trama+1, 0 
0x0396	0x6EEA      	MOVWF       FSR0H 
0x0398	0xFFE6CFEE  	MOVFF       POSTINC0, POSTINC1
;EsclavoComunicacionMultiple.c,134 :: 		for (j=0;j<tramaPDUSize;j++){                      //Rellena la trama de PDU con los datos de interes de la trama de peticion, es decir, obviando los ultimos 2 bytes de CRC y los 2 de End
0x039C	0x2B60      	INCF        VerificarCRC_j_L0, 1, 1
;EsclavoComunicacionMultiple.c,137 :: 		}
0x039E	0xD7E5      	BRA         L_VerificarCRC9
L_VerificarCRC10:
;EsclavoComunicacionMultiple.c,138 :: 		crcCalculado = CalcularCRC(pdu, tramaPDUSize);     //Invoca la funcion para el calculo del CRC de la trama PDU
0x03A0	0x0E65      	MOVLW       VerificarCRC_pdu_L0
0x03A2	0x6F7A      	MOVWF       FARG_CalcularCRC_trama, 1
0x03A4	0x0E00      	MOVLW       hi_addr(VerificarCRC_pdu_L0)
0x03A6	0x6F7B      	MOVWF       FARG_CalcularCRC_trama+1, 1
0x03A8	0xF07CC05F  	MOVFF       FARG_VerificarCRC_tramaPDUSize, FARG_CalcularCRC_tramaSize
0x03AC	0xDEC4      	RCALL       _CalcularCRC
0x03AE	0xF074C000  	MOVFF       R0, VerificarCRC_crcCalculado_L0
0x03B2	0xF075C001  	MOVFF       R1, VerificarCRC_crcCalculado_L0+1
;EsclavoComunicacionMultiple.c,139 :: 		ptrCRCTrama = &CRCTrama;                           //Asociacion del puntero CRCPDU
0x03B6	0x0E76      	MOVLW       VerificarCRC_crcTrama_L0
0x03B8	0x6F78      	MOVWF       VerificarCRC_ptrCRCTrama_L0, 1
0x03BA	0x0E00      	MOVLW       hi_addr(VerificarCRC_crcTrama_L0)
0x03BC	0x6F79      	MOVWF       VerificarCRC_ptrCRCTrama_L0+1, 1
;EsclavoComunicacionMultiple.c,140 :: 		*ptrCRCTrama = trama[tramaPDUSize+2];              //Asigna el elemento CRC_LSB de la trama de respuesta al LSB de la variable CRCPDU
0x03BE	0x0E02      	MOVLW       2
0x03C0	0x245F      	ADDWF       FARG_VerificarCRC_tramaPDUSize, 0 
0x03C2	0x6E00      	MOVWF       R0 
0x03C4	0x6A01      	CLRF        R1 
0x03C6	0x0E00      	MOVLW       0
0x03C8	0x2201      	ADDWFC      R1, 1 
0x03CA	0x5000      	MOVF        R0, 0 
0x03CC	0x245D      	ADDWF       FARG_VerificarCRC_trama, 0 
0x03CE	0x6EE9      	MOVWF       FSR0L 
0x03D0	0x5001      	MOVF        R1, 0 
0x03D2	0x205E      	ADDWFC      FARG_VerificarCRC_trama+1, 0 
0x03D4	0x6EEA      	MOVWF       FSR0H 
0x03D6	0xFFE1C078  	MOVFF       VerificarCRC_ptrCRCTrama_L0, FSR1L
0x03DA	0xFFE2C079  	MOVFF       VerificarCRC_ptrCRCTrama_L0+1, FSR1H
0x03DE	0xFFE6CFEE  	MOVFF       POSTINC0, POSTINC1
;EsclavoComunicacionMultiple.c,141 :: 		*(ptrCRCTrama+1) = trama[tramaPDUSize+1];          //Asigna el elemento CRC_MSB de la trama de respuesta al MSB de la variable CRCPDU
0x03E2	0x0E01      	MOVLW       1
0x03E4	0x2578      	ADDWF       VerificarCRC_ptrCRCTrama_L0, 0, 1
0x03E6	0x6EE1      	MOVWF       FSR1L 
0x03E8	0x0E00      	MOVLW       0
0x03EA	0x2179      	ADDWFC      VerificarCRC_ptrCRCTrama_L0+1, 0, 1
0x03EC	0x6EE2      	MOVWF       FSR1H 
0x03EE	0x505F      	MOVF        FARG_VerificarCRC_tramaPDUSize, 0 
0x03F0	0x0F01      	ADDLW       1
0x03F2	0x6E00      	MOVWF       R0 
0x03F4	0x6A01      	CLRF        R1 
0x03F6	0x0E00      	MOVLW       0
0x03F8	0x2201      	ADDWFC      R1, 1 
0x03FA	0x5000      	MOVF        R0, 0 
0x03FC	0x245D      	ADDWF       FARG_VerificarCRC_trama, 0 
0x03FE	0x6EE9      	MOVWF       FSR0L 
0x0400	0x5001      	MOVF        R1, 0 
0x0402	0x205E      	ADDWFC      FARG_VerificarCRC_trama+1, 0 
0x0404	0x6EEA      	MOVWF       FSR0H 
0x0406	0xFFE6CFEE  	MOVFF       POSTINC0, POSTINC1
;EsclavoComunicacionMultiple.c,142 :: 		if (crcCalculado==CRCTrama) {                      //Verifica si el CRC calculado sea igual al CRC obtenido de la trama de peticion
0x040A	0x5175      	MOVF        VerificarCRC_crcCalculado_L0+1, 0, 1
0x040C	0x1977      	XORWF       VerificarCRC_crcTrama_L0+1, 0, 1
0x040E	0xE102      	BNZ         L__VerificarCRC50
0x0410	0x5176      	MOVF        VerificarCRC_crcTrama_L0, 0, 1
0x0412	0x1974      	XORWF       VerificarCRC_crcCalculado_L0, 0, 1
L__VerificarCRC50:
0x0414	0xE103      	BNZ         L_VerificarCRC12
;EsclavoComunicacionMultiple.c,143 :: 		return 1;
0x0416	0x0E01      	MOVLW       1
0x0418	0x6E00      	MOVWF       R0 
0x041A	0xD001      	BRA         L_end_VerificarCRC
;EsclavoComunicacionMultiple.c,144 :: 		} else {
L_VerificarCRC12:
;EsclavoComunicacionMultiple.c,145 :: 		return 0;
0x041C	0x6A00      	CLRF        R0 
;EsclavoComunicacionMultiple.c,147 :: 		}
L_end_VerificarCRC:
0x041E	0x0012      	RETURN      0
; end of _VerificarCRC
_EnviarACK:
;EsclavoComunicacionMultiple.c,153 :: 		void EnviarACK(unsigned char puerto){
;EsclavoComunicacionMultiple.c,154 :: 		if (puerto==1){
0x0420	0x505D      	MOVF        FARG_EnviarACK_puerto, 0 
0x0422	0x0A01      	XORLW       1
0x0424	0xE10C      	BNZ         L_EnviarACK14
;EsclavoComunicacionMultiple.c,155 :: 		RE_DE = 1;                                     //Establece el Max485 en modo escritura
0x0426	0x8A82      	BSF         RC5_bit, BitPos(RC5_bit+0) 
;EsclavoComunicacionMultiple.c,156 :: 		UART1_Write(ACK);                             //Envia el valor de la Cabecera de la trama ACK por el puerto UART1
0x0428	0x0EAA      	MOVLW       170
0x042A	0x0100      	MOVLB       0
0x042C	0x6F7A      	MOVWF       FARG_UART1_Write_data_, 1
0x042E	0xDEE7      	RCALL       _UART1_Write
;EsclavoComunicacionMultiple.c,157 :: 		while(UART1_Tx_Idle()==0);                     //Espera hasta que se haya terminado de enviar todo el dato por UART antes de continuar
L_EnviarACK15:
0x0430	0xDEAF      	RCALL       _UART1_Tx_Idle
0x0432	0x5000      	MOVF        R0, 0 
0x0434	0x0A00      	XORLW       0
0x0436	0xE101      	BNZ         L_EnviarACK16
0x0438	0xD7FB      	BRA         L_EnviarACK15
L_EnviarACK16:
;EsclavoComunicacionMultiple.c,158 :: 		RE_DE = 0;                                     //Establece el Max485-2 en modo de lectura;
0x043A	0x9A82      	BCF         RC5_bit, BitPos(RC5_bit+0) 
;EsclavoComunicacionMultiple.c,159 :: 		} else {
0x043C	0xD009      	BRA         L_EnviarACK17
L_EnviarACK14:
;EsclavoComunicacionMultiple.c,160 :: 		UART2_Write(ACK);                             //Envia el valor de la Cabecera de la trama ACK por el puerto UART2
0x043E	0x0EAA      	MOVLW       170
0x0440	0x0100      	MOVLB       0
0x0442	0x6F7A      	MOVWF       FARG_UART2_Write_data_, 1
0x0444	0xDEAA      	RCALL       _UART2_Write
;EsclavoComunicacionMultiple.c,161 :: 		while(UART2_Tx_Idle()==0);                     //Espera hasta que se haya terminado de enviar todo el dato por UART antes de continuar
L_EnviarACK18:
0x0446	0xDEE2      	RCALL       _UART2_Tx_Idle
0x0448	0x5000      	MOVF        R0, 0 
0x044A	0x0A00      	XORLW       0
0x044C	0xE101      	BNZ         L_EnviarACK19
0x044E	0xD7FB      	BRA         L_EnviarACK18
L_EnviarACK19:
;EsclavoComunicacionMultiple.c,162 :: 		}
L_EnviarACK17:
;EsclavoComunicacionMultiple.c,163 :: 		}
L_end_EnviarACK:
0x0450	0x0012      	RETURN      0
; end of _EnviarACK
_UART1_Read:
;__Lib_UART_c67b67.c,44 :: 		
;__Lib_UART_c67b67.c,47 :: 		
0x0452	0xF001CFAE  	MOVFF       RCREG, R1
;__Lib_UART_c67b67.c,48 :: 		
0x0456	0xA2AB      	BTFSS       RCSTA, 1 
0x0458	0xD002      	BRA         L_UART1_Read2
;__Lib_UART_c67b67.c,49 :: 		
0x045A	0x98AB      	BCF         RCSTA, 4 
;__Lib_UART_c67b67.c,50 :: 		
0x045C	0x88AB      	BSF         RCSTA, 4 
;__Lib_UART_c67b67.c,51 :: 		
L_UART1_Read2:
;__Lib_UART_c67b67.c,52 :: 		
0x045E	0xF000C001  	MOVFF       R1, R0
;__Lib_UART_c67b67.c,53 :: 		
L_end_UART1_Read:
0x0462	0x0012      	RETURN      0
; end of _UART1_Read
_main:
;EsclavoComunicacionMultiple.c,313 :: 		void main() {
;EsclavoComunicacionMultiple.c,315 :: 		ConfiguracionPrincipal();
0x0464	0xDF4C      	RCALL       _ConfiguracionPrincipal
;EsclavoComunicacionMultiple.c,317 :: 		RE_DE = 0;                                        //Establece el Max485-1 en modo de lectura;
0x0466	0x9A82      	BCF         RC5_bit, BitPos(RC5_bit+0) 
;EsclavoComunicacionMultiple.c,318 :: 		ENABLE = 1;                                       //Enciende el modulo APC220
0x0468	0x8A81      	BSF         RB5_bit, BitPos(RB5_bit+0) 
;EsclavoComunicacionMultiple.c,319 :: 		SET = 1;
0x046A	0x8881      	BSF         RB4_bit, BitPos(RB4_bit+0) 
;EsclavoComunicacionMultiple.c,320 :: 		i1=0;
0x046C	0x6A21      	CLRF        _i1 
;EsclavoComunicacionMultiple.c,321 :: 		banTI=0;                                          //Limpia la bandera de inicio de trama
0x046E	0x6A20      	CLRF        _banTI 
;EsclavoComunicacionMultiple.c,322 :: 		banTC=0;                                          //Limpia la bandera de trama completa
0x0470	0x6A17      	CLRF        _banTC 
;EsclavoComunicacionMultiple.c,323 :: 		banTF=0;                                          //Limpia la bandera de final de trama
0x0472	0x6A16      	CLRF        _banTF 
;EsclavoComunicacionMultiple.c,324 :: 		AUX = 0;
0x0474	0x9681      	BCF         RB3_bit, BitPos(RB3_bit+0) 
;EsclavoComunicacionMultiple.c,326 :: 		}
L_end_main:
0x0476	0xD7FF      	BRA         $+0
; end of _main
Symbol List:
//** Routines locations **
//ADDRESS    SIZE    PROCEDURE
//----------------------------------------------
0x0008     [302]    _interrupt
0x0136      [90]    _CalcularCRC
0x0190      [10]    _UART1_Tx_Idle
0x019A      [12]    _UART2_Write
0x01A6      [88]    _UART2_Init
0x01FE      [14]    _UART1_Write
0x020C      [10]    _UART2_Tx_Idle
0x0216      [88]    _UART1_Init
0x026E      [76]    _EnviarSolicitudEsclavo
0x02BA      [50]    _EnviarNACK
0x02EC      [18]    _UART2_Read
0x02FE      [92]    _ConfiguracionPrincipal
0x035A     [198]    _VerificarCRC
0x0420      [50]    _EnviarACK
0x0452      [18]    _UART1_Read
0x0464      [20]    _main
//** Variables locations ** 
//ADDRESS    SIZE    VARIABLE
//----------------------------------------------
0x0000       [1]    UART2_Init_tmp_L0
0x0000       [1]    UART1_Init_tmp_L0
0x0000       [1]    R0
0x0001       [1]    UART1_Read___tmp_UART1_Read_L0
0x0001       [1]    UART2_Read___tmp_UART2_Read_L0
0x0001       [1]    R1
0x0002       [1]    CalcularCRC_ucCounter_L0
0x0002       [1]    R2
0x0003       [2]    CalcularCRC_CRC16_L0
0x0003       [1]    R3
0x0004       [1]    R4
0x0005       [1]    R5
0x0006       [1]    R6
0x0007       [1]    R7
0x0008       [1]    R8
0x0009       [1]    R9
0x000A       [1]    R10
0x000B       [1]    R11
0x000C       [1]    R12
0x000D       [1]    R13
0x000E       [1]    R14
0x000F       [1]    R15
0x0010       [1]    R16
0x0011       [1]    R17
0x0012       [1]    R18
0x0013       [1]    R19
0x0014       [1]    R20
0x0016       [1]    _banTF
0x0017       [1]    _banTC
0x0018       [4]    _UART_Rd_Ptr
0x001C       [4]    _UART_Wr_Ptr
0x0020       [1]    _banTI
0x0021       [1]    _i1
0x0022      [50]    _tramaSerial
0x0054       [1]    _puertoTOT
0x0055       [1]    _tramaOk
0x0056       [1]    _sizeTramaPDU
0x0057       [1]    _numDatosEsc
0x0058       [1]    _byteTrama
0x0059       [4]    _UART_Rdy_Ptr
0x005D       [2]    FARG_VerificarCRC_trama
0x005D       [2]    FARG_EnviarSolicitudEsclavo_trama
0x005D       [1]    FARG_EnviarACK_puerto
0x005D       [1]    FARG_EnviarNACK_puerto
0x005F       [1]    FARG_VerificarCRC_tramaPDUSize
0x005F       [1]    FARG_EnviarSolicitudEsclavo_tramaPDUSize
0x0060       [1]    VerificarCRC_j_L0
0x0060       [1]    EnviarSolicitudEsclavo_j_L0
0x0061       [4]    _UART_Tx_Idle_Ptr
0x0065      [15]    VerificarCRC_pdu_L0
0x0074       [2]    VerificarCRC_crcCalculado_L0
0x0076       [2]    VerificarCRC_crcTrama_L0
0x0078       [2]    VerificarCRC_ptrCRCTrama_L0
0x007A       [1]    FARG_UART2_Write_data_
0x007A       [2]    FARG_CalcularCRC_trama
0x007A       [1]    FARG_UART1_Write_data_
0x007C       [1]    FARG_CalcularCRC_tramaSize
0x0F39       [1]    ANSELB
0x0F3A       [1]    ANSELC
0x0F70       [1]    BAUDCON2
0x0F71       [1]    RCSTA2
0x0F72       [1]    TXSTA2
0x0F73       [1]    TXREG2
0x0F74       [1]    RCREG2
0x0F75       [1]    SPBRG2
0x0F76       [1]    SPBRGH2
0x0F81       [0]    SET
0x0F81       [0]    RB4_bit
0x0F81       [0]    RB3_bit
0x0F81       [0]    RB5_bit
0x0F81       [0]    AUX
0x0F81       [0]    IU2
0x0F81       [0]    ENABLE
0x0F82       [0]    IU1
0x0F82       [0]    RE_DE
0x0F82       [0]    RC5_bit
0x0F82       [0]    RC4_bit
0x0F93       [0]    TRISB6_bit
0x0F93       [0]    TRISB7_bit
0x0F93       [0]    TRISB5_bit
0x0F93       [0]    TRISB4_bit
0x0F93       [0]    TRISB3_bit
0x0F94       [0]    TRISC7_bit
0x0F94       [0]    TRISC5_bit
0x0F94       [0]    TRISC4_bit
0x0F94       [0]    TRISC6_bit
0x0F9D       [1]    PIE1
0x0F9E       [1]    PIR1
0x0F9E       [0]    TMR2IF_bit
0x0FA3       [1]    PIE3
0x0FA4       [0]    RC2IF_bit
0x0FA4       [1]    PIR3
0x0FAB       [1]    RCSTA
0x0FAC       [1]    TXSTA
0x0FAD       [1]    TXREG
0x0FAE       [1]    RCREG
0x0FAF       [1]    SPBRG
0x0FB0       [1]    SPBRGH
0x0FB8       [1]    BAUDCON
0x0FBA       [1]    T2CON
0x0FBB       [1]    PR2
0x0FD8       [1]    STATUS
0x0FD9       [1]    FSR2L
0x0FDA       [1]    FSR2H
0x0FDE       [1]    POSTINC2
0x0FE0       [1]    BSR
0x0FE1       [1]    FSR1L
0x0FE2       [1]    FSR1H
0x0FE4       [1]    PREINC1
0x0FE6       [1]    POSTINC1
0x0FE7       [1]    INDF1
0x0FE8       [1]    WREG
0x0FE9       [1]    FSR0L
0x0FEA       [1]    FSR0H
0x0FEE       [1]    POSTINC0
0x0FF2       [1]    INTCON
0x0FF3       [1]    PRODL
0x0FF4       [1]    PRODH
0x0FF5       [1]    TABLAT
0x0FF6       [1]    TBLPTRL
0x0FF7       [1]    TBLPTRH
0x0FF8       [1]    TBLPTRU
