;  LST file generated by mikroListExporter - v.2.0 
; Date/Time: 31/10/2018 17:45:51
;----------------------------------------------

;Address Opcode 	ASM
0x0000	0xF003EFCC  	GOTO        1944
_interrupt:
;Splitter.c,282 :: 		void interrupt(void){
0x0008	0xF018C000  	MOVFF       R0, 24
0x000C	0xF017C00B  	MOVFF       R11, 23
0x0010	0xF016C00C  	MOVFF       R12, 22
0x0014	0xF015C00D  	MOVFF       R13, 21
;Splitter.c,290 :: 		if(PIR1.F5==1){
0x0018	0xAA9E      	BTFSS       PIR1, 5 
0x001A	0xD0A8      	BRA         L_interrupt61
;Splitter.c,292 :: 		IU1 = 1;                                        //Enciende el indicador de interrupcion por UART1
0x001C	0x8882      	BSF         RC4_bit, BitPos(RC4_bit+0) 
;Splitter.c,293 :: 		byteTrama = UART1_Read();                       //Lee el byte de la trama de peticion
0x001E	0xDBB3      	RCALL       _UART1_Read
0x0020	0xF021C000  	MOVFF       R0, _byteTrama
;Splitter.c,296 :: 		if (banTI==0){                                  //Verifica que la bandera de inicio de trama este apagada
0x0024	0x0100      	MOVLB       0
0x0026	0x5165      	MOVF        _banTI, 0, 1
0x0028	0x0A00      	XORLW       0
0x002A	0xE127      	BNZ         L_interrupt62
;Splitter.c,297 :: 		if (byteTrama==HDR){                        //Verifica si recibio una cabecera
0x002C	0x5021      	MOVF        _byteTrama, 0 
0x002E	0x0A3A      	XORLW       58
0x0030	0xE10C      	BNZ         L_interrupt63
;Splitter.c,298 :: 		tramaRS485[0]=byteTrama;                  //Guarda el primer byte de la trama en la primera posicion de la trama de peticion
0x0032	0xF066C021  	MOVFF       _byteTrama, _tramaRS485
;Splitter.c,299 :: 		banTI = 1;                                //Activa la bandera de inicio de trama
0x0036	0x0E01      	MOVLW       1
0x0038	0x6F65      	MOVWF       _banTI, 1
;Splitter.c,300 :: 		i1 = 1;                                   //Define en 1 el subindice de la trama de peticion
0x003A	0x0E01      	MOVLW       1
0x003C	0x6E28      	MOVWF       _i1 
;Splitter.c,301 :: 		tramaOk = 0;                              //Limpia la variable que indica si la trama ha llegado correctamente
0x003E	0x6A2B      	CLRF        _tramaOk 
;Splitter.c,302 :: 		puertoTOT = 1;                            //Indica al Time-Out-Trama que de ser necesario envie el NACK por el puerto UART1
0x0040	0x0E01      	MOVLW       1
0x0042	0x6F60      	MOVWF       _puertoTOT, 1
;Splitter.c,304 :: 		T2CON.TMR2ON = 1;                         //Enciende el Timer2
0x0044	0x84BA      	BSF         T2CON, 2 
;Splitter.c,305 :: 		PR2 = 249;                                //Se carga el valor del preload correspondiente al tiempo de 2ms
0x0046	0x0EF9      	MOVLW       249
0x0048	0x6EBB      	MOVWF       PR2 
;Splitter.c,306 :: 		}
L_interrupt63:
;Splitter.c,307 :: 		if (byteTrama==ACK){                         //Verifica si recibio un ACK
0x004A	0x5021      	MOVF        _byteTrama, 0 
0x004C	0x0AAA      	XORLW       170
0x004E	0xE102      	BNZ         L_interrupt64
;Splitter.c,309 :: 		T1CON.TMR1ON = 0;                         //Apaga el Timer1
0x0050	0x90CD      	BCF         T1CON, 0 
;Splitter.c,310 :: 		TMR1IF_bit = 0;                           //Limpia la bandera de interrupcion por desbordamiento del TMR1
0x0052	0x909E      	BCF         TMR1IF_bit, BitPos(TMR1IF_bit+0) 
;Splitter.c,311 :: 		}
L_interrupt64:
;Splitter.c,312 :: 		if (byteTrama==NACK){                        //Verifica si recibio un NACK
0x0054	0x5021      	MOVF        _byteTrama, 0 
0x0056	0x0AAF      	XORLW       175
0x0058	0xE110      	BNZ         L_interrupt65
;Splitter.c,314 :: 		T1CON.TMR1ON = 0;                         //Apaga el Timer1
0x005A	0x90CD      	BCF         T1CON, 0 
;Splitter.c,315 :: 		TMR1IF_bit = 0;                           //Limpia la bandera de interrupcion por desbordamiento del TMR1
0x005C	0x909E      	BCF         TMR1IF_bit, BitPos(TMR1IF_bit+0) 
;Splitter.c,316 :: 		if (contadorNACK<3){
0x005E	0x0E03      	MOVLW       3
0x0060	0x5C29      	SUBWF       _contadorNACK, 0 
0x0062	0xE20A      	BC          L_interrupt66
;Splitter.c,317 :: 		EnviarMensajeRS485(tramaRS485,sizeTramaPDU);
0x0064	0x0100      	MOVLB       0
0x0066	0x0E66      	MOVLW       _tramaRS485
0x0068	0x6F98      	MOVWF       FARG_EnviarMensajeRS485_PDU, 1
0x006A	0x0E00      	MOVLW       hi_addr(_tramaRS485)
0x006C	0x6F99      	MOVWF       FARG_EnviarMensajeRS485_PDU+1, 1
0x006E	0xF09AC05E  	MOVFF       _sizeTramaPDU, FARG_EnviarMensajeRS485_sizePDU
0x0072	0xD996      	RCALL       _EnviarMensajeRS485
;Splitter.c,318 :: 		contadorNACK++;                        //Incrrmenta en una unidad el valor del contador de NACK
0x0074	0x2A29      	INCF        _contadorNACK, 1 
;Splitter.c,319 :: 		} else {
0x0076	0xD001      	BRA         L_interrupt67
L_interrupt66:
;Splitter.c,320 :: 		contadorNACK = 0;                      //Solo puede resetear el contador de NACK por que no puede comunicarse con el dispositivo jerarquico superior (Master) para notificarle el error
0x0078	0x6A29      	CLRF        _contadorNACK 
;Splitter.c,321 :: 		}
L_interrupt67:
;Splitter.c,322 :: 		}
L_interrupt65:
;Splitter.c,323 :: 		}
L_interrupt62:
;Splitter.c,327 :: 		if (banTI==1){                                  //Verifica que la bandera de inicio de trama este activa
0x007A	0x0100      	MOVLB       0
0x007C	0x5165      	MOVF        _banTI, 0, 1
0x007E	0x0A01      	XORLW       1
0x0080	0xE12B      	BNZ         L_interrupt68
;Splitter.c,328 :: 		T2CON.TMR2ON = 0;                            //Detiene el Time-Out-Trama
0x0082	0x94BA      	BCF         T2CON, 2 
;Splitter.c,329 :: 		if (i1==1){
0x0084	0x5028      	MOVF        _i1, 0 
0x0086	0x0A01      	XORLW       1
0x0088	0xE112      	BNZ         L_interrupt69
;Splitter.c,330 :: 		tramaRS485[i1] = byteTrama;               //Guarda el byte de Direccion en la segunda posicion del vector de peticion
0x008A	0x0E66      	MOVLW       _tramaRS485
0x008C	0x6EE1      	MOVWF       FSR1L 
0x008E	0x0E00      	MOVLW       hi_addr(_tramaRS485)
0x0090	0x6EE2      	MOVWF       FSR1H 
0x0092	0x5028      	MOVF        _i1, 0 
0x0094	0x26E1      	ADDWF       FSR1L, 1 
0x0096	0x0E00      	MOVLW       0
0x0098	0xBE28      	BTFSC       _i1, 7 
0x009A	0x0EFF      	MOVLW       255
0x009C	0x22E2      	ADDWFC      FSR1H, 1 
0x009E	0xFFE6C021  	MOVFF       _byteTrama, POSTINC1
;Splitter.c,331 :: 		i1 = 2;                                   //Incrementa el subindice de la trama de peticion en una unidad
0x00A2	0x0E02      	MOVLW       2
0x00A4	0x6E28      	MOVWF       _i1 
;Splitter.c,332 :: 		T2CON.TMR2ON = 1;                         //Enciende el Time-Out-Trama
0x00A6	0x84BA      	BSF         T2CON, 2 
;Splitter.c,333 :: 		PR2 = 249;                                //Se carga el valor del preload correspondiente al tiempo de 2ms
0x00A8	0x0EF9      	MOVLW       249
0x00AA	0x6EBB      	MOVWF       PR2 
;Splitter.c,334 :: 		} else if (i1=2){
0x00AC	0xD015      	BRA         L_interrupt70
L_interrupt69:
0x00AE	0x0E02      	MOVLW       2
0x00B0	0x6E28      	MOVWF       _i1 
;Splitter.c,335 :: 		tramaRS485[i1] = byteTrama;               //Guarda el byte de #Datos en la tercera posicion del vector de peticion
0x00B2	0x0E66      	MOVLW       _tramaRS485
0x00B4	0x6EE1      	MOVWF       FSR1L 
0x00B6	0x0E00      	MOVLW       hi_addr(_tramaRS485)
0x00B8	0x6EE2      	MOVWF       FSR1H 
0x00BA	0x5028      	MOVF        _i1, 0 
0x00BC	0x26E1      	ADDWF       FSR1L, 1 
0x00BE	0x0E00      	MOVLW       0
0x00C0	0xBE28      	BTFSC       _i1, 7 
0x00C2	0x0EFF      	MOVLW       255
0x00C4	0x22E2      	ADDWFC      FSR1H, 1 
0x00C6	0xFFE6C021  	MOVFF       _byteTrama, POSTINC1
;Splitter.c,336 :: 		t1Size = byteTrama;                       //Guarda en la variable t1Size el valor del campo #Datos, este campo tiene informacion de la longitud de la trama PDU
0x00CA	0xF05FC021  	MOVFF       _byteTrama, _t1Size
;Splitter.c,337 :: 		i1 = 3;                                   //Incrementa el subindice de la trama de peticion en una unidad
0x00CE	0x0E03      	MOVLW       3
0x00D0	0x6E28      	MOVWF       _i1 
;Splitter.c,338 :: 		T2CON.TMR2ON = 1;                         //Enciende el Time-Out-Trama
0x00D2	0x84BA      	BSF         T2CON, 2 
;Splitter.c,339 :: 		PR2 = 249;                                //Se carga el valor del preload correspondiente al tiempo de 2ms
0x00D4	0x0EF9      	MOVLW       249
0x00D6	0x6EBB      	MOVWF       PR2 
;Splitter.c,349 :: 		}
L_interrupt72:
L_interrupt70:
;Splitter.c,350 :: 		}
L_interrupt68:
;Splitter.c,353 :: 		if (banTC==1){                                  //Verifica que se haya completado de llenar la trama de peticion
0x00D8	0x502A      	MOVF        _banTC, 0 
0x00DA	0x0A01      	XORLW       1
0x00DC	0xE145      	BNZ         L_interrupt77
;Splitter.c,354 :: 		tramaOk = VerificarCRC(tramaRS485,t1Size);   //Calcula y verifica el CRC de la trama de peticion
0x00DE	0x0100      	MOVLB       0
0x00E0	0x0E66      	MOVLW       _tramaRS485
0x00E2	0x6F98      	MOVWF       FARG_VerificarCRC_trama, 1
0x00E4	0x0E00      	MOVLW       hi_addr(_tramaRS485)
0x00E6	0x6F99      	MOVWF       FARG_VerificarCRC_trama+1, 1
0x00E8	0xF09AC05F  	MOVFF       _t1Size, FARG_VerificarCRC_tramaPDUSize
0x00EC	0xD9EE      	RCALL       _VerificarCRC
0x00EE	0xF02BC000  	MOVFF       R0, _tramaOk
;Splitter.c,358 :: 		if (tramaOk==1){
0x00F2	0x5000      	MOVF        R0, 0 
0x00F4	0x0A01      	XORLW       1
0x00F6	0xE136      	BNZ         L_interrupt78
;Splitter.c,359 :: 		EnviarACK(1);                            //Invoca a la funcion EnviarACK() para notificar al remitente que la trama llego sin errores
0x00F8	0x0E01      	MOVLW       1
0x00FA	0x6F98      	MOVWF       FARG_EnviarACK_puerto, 1
0x00FC	0xDB2B      	RCALL       _EnviarACK
;Splitter.c,360 :: 		if (tramaRS485[1]==DIR){                 //Verifica si la direccion es FFh para comprobar si se trata de una solicitud de sincronizacion.
0x00FE	0x0100      	MOVLB       0
0x0100	0x5167      	MOVF        _tramaRS485+1, 0, 1
0x0102	0x0AFD      	XORLW       253
0x0104	0xE125      	BNZ         L_interrupt79
;Splitter.c,361 :: 		if (tramaRS485[3]==0x01){             //Verifica el campo de Funcion para ver si se trata de una sincronizacion de segundos
0x0106	0x5169      	MOVF        _tramaRS485+3, 0, 1
0x0108	0x0A01      	XORLW       1
0x010A	0xE101      	BNZ         L_interrupt80
;Splitter.c,363 :: 		} else if (tramaRS485[3]==0x02){      //Verifica el campo de Funcion para ver si se trata de una solicitud de sincronizacion de fecha y hora
0x010C	0xD020      	BRA         L_interrupt81
L_interrupt80:
0x010E	0x5169      	MOVF        _tramaRS485+3, 0, 1
0x0110	0x0A02      	XORLW       2
0x0112	0xE101      	BNZ         L_interrupt82
;Splitter.c,365 :: 		} else if (tramaRS485[3]==0x03){      //Verifica el campo de Funcion para ver si se trata de una solicitud de configuracion del APC220
0x0114	0xD01C      	BRA         L_interrupt83
L_interrupt82:
0x0116	0x5169      	MOVF        _tramaRS485+3, 0, 1
0x0118	0x0A03      	XORLW       3
0x011A	0xE108      	BNZ         L_interrupt84
;Splitter.c,366 :: 		ConfiguracionAPC220(tramaRS485,t1Size);//Invoca a la funcion para realizar la configuracion del modulo APC con los parametros especificados en la trama
0x011C	0x0E66      	MOVLW       _tramaRS485
0x011E	0x6F98      	MOVWF       FARG_ConfiguracionAPC220_trama, 1
0x0120	0x0E00      	MOVLW       hi_addr(_tramaRS485)
0x0122	0x6F99      	MOVWF       FARG_ConfiguracionAPC220_trama+1, 1
0x0124	0xF09AC05F  	MOVFF       _t1Size, FARG_ConfiguracionAPC220_tramaSize
0x0128	0xDA69      	RCALL       _ConfiguracionAPC220
;Splitter.c,367 :: 		} else {
0x012A	0xD011      	BRA         L_interrupt85
L_interrupt84:
;Splitter.c,369 :: 		tramaPDU[1]=0xFF;
0x012C	0x0EFF      	MOVLW       255
0x012E	0x6E2D      	MOVWF       _tramaPDU+1 
;Splitter.c,370 :: 		tramaPDU[2]=0x04;                   //Establece en 10 el numero de elementos de la trama de respuesta de error
0x0130	0x0E04      	MOVLW       4
0x0132	0x6E2E      	MOVWF       _tramaPDU+2 
;Splitter.c,371 :: 		tramaPDU[3]=0xEE;                   //Cambia el campo de funcion por el codigo 0xEE para
0x0134	0x0EEE      	MOVLW       238
0x0136	0x6E2F      	MOVWF       _tramaPDU+3 
;Splitter.c,372 :: 		tramaPDU[4]=0xE1;                   //Codigo de error para funcion no disponible
0x0138	0x0EE1      	MOVLW       225
0x013A	0x6E30      	MOVWF       _tramaPDU+4 
;Splitter.c,373 :: 		sizeTramaPDU = tramaPDU[2];         //Guarda en la variable sizeTramaPDU el valor del campo #Datos de la trama PDU
0x013C	0x0E04      	MOVLW       4
0x013E	0x6E5E      	MOVWF       _sizeTramaPDU 
;Splitter.c,374 :: 		EnviarMensajeRS485(tramaRS485,sizeTramaPDU);   //Invoca a la funcion de Error pasandole como parametros el puerto, la Direccion y el tipo de error
0x0140	0x0E66      	MOVLW       _tramaRS485
0x0142	0x6F98      	MOVWF       FARG_EnviarMensajeRS485_PDU, 1
0x0144	0x0E00      	MOVLW       hi_addr(_tramaRS485)
0x0146	0x6F99      	MOVWF       FARG_EnviarMensajeRS485_PDU+1, 1
0x0148	0x0E04      	MOVLW       4
0x014A	0x6F9A      	MOVWF       FARG_EnviarMensajeRS485_sizePDU, 1
0x014C	0xD929      	RCALL       _EnviarMensajeRS485
;Splitter.c,375 :: 		}
L_interrupt85:
L_interrupt83:
L_interrupt81:
;Splitter.c,376 :: 		} else {                                  //Si la direccion es diferente de FFh renvia la trama de peticion por el puerto UART2
0x014E	0xD00A      	BRA         L_interrupt86
L_interrupt79:
;Splitter.c,377 :: 		RenviarTrama(2,tramaRS485,t1Size);        //Invoca la funcion para renviar la trama por el puerto UART2
0x0150	0x0E02      	MOVLW       2
0x0152	0x0100      	MOVLB       0
0x0154	0x6FA4      	MOVWF       FARG_RenviarTrama_puerto, 1
0x0156	0x0E66      	MOVLW       _tramaRS485
0x0158	0x6FA5      	MOVWF       FARG_RenviarTrama_trama, 1
0x015A	0x0E00      	MOVLW       hi_addr(_tramaRS485)
0x015C	0x6FA6      	MOVWF       FARG_RenviarTrama_trama+1, 1
0x015E	0xF0A7C05F  	MOVFF       _t1Size, FARG_RenviarTrama_numDatos
0x0162	0xD84E      	RCALL       _RenviarTrama
;Splitter.c,378 :: 		}
L_interrupt86:
;Splitter.c,379 :: 		}
L_interrupt78:
;Splitter.c,381 :: 		banTC = 0;                                    //Limpia la bandera de trama completa
0x0164	0x6A2A      	CLRF        _banTC 
;Splitter.c,382 :: 		i1 = 0;                                       //Incializa el subindice de la trama de peticion
0x0166	0x6A28      	CLRF        _i1 
;Splitter.c,384 :: 		}
L_interrupt77:
;Splitter.c,386 :: 		PIR1.F5 = 0;                                     //Limpia la bandera de interrupcion de UART1
0x0168	0x9A9E      	BCF         PIR1, 5 
;Splitter.c,387 :: 		IU1 = 0;                                         //Apaga el indicador de interrupcion por UART1
0x016A	0x9882      	BCF         RC4_bit, BitPos(RC4_bit+0) 
;Splitter.c,389 :: 		}
L_interrupt61:
;Splitter.c,484 :: 		if (TMR1IF_bit==1){
0x016C	0xA09E      	BTFSS       TMR1IF_bit, BitPos(TMR1IF_bit+0) 
0x016E	0xD010      	BRA         L_interrupt87
;Splitter.c,485 :: 		TMR1IF_bit = 0;                                 //Limpia la bandera de interrupcion por desbordamiento del TMR1
0x0170	0x909E      	BCF         TMR1IF_bit, BitPos(TMR1IF_bit+0) 
;Splitter.c,486 :: 		T1CON.TMR1ON = 0;                               //Apaga el Timer1
0x0172	0x90CD      	BCF         T1CON, 0 
;Splitter.c,487 :: 		if (contadorTOD<3){
0x0174	0x0E03      	MOVLW       3
0x0176	0x5C26      	SUBWF       _contadorTOD, 0 
0x0178	0xE20A      	BC          L_interrupt88
;Splitter.c,488 :: 		EnviarMensajeRS485(tramaPDU, sizeTramaPDU);  //Reenvia la trama por el bus RS485
0x017A	0x0100      	MOVLB       0
0x017C	0x0E2C      	MOVLW       _tramaPDU
0x017E	0x6F98      	MOVWF       FARG_EnviarMensajeRS485_PDU, 1
0x0180	0x0E00      	MOVLW       hi_addr(_tramaPDU)
0x0182	0x6F99      	MOVWF       FARG_EnviarMensajeRS485_PDU+1, 1
0x0184	0xF09AC05E  	MOVFF       _sizeTramaPDU, FARG_EnviarMensajeRS485_sizePDU
0x0188	0xD90B      	RCALL       _EnviarMensajeRS485
;Splitter.c,489 :: 		contadorTOD++;                               //Incrementa el contador de Time-Out-Dispositivo en una unidad
0x018A	0x2A26      	INCF        _contadorTOD, 1 
;Splitter.c,490 :: 		} else {
0x018C	0xD001      	BRA         L_interrupt89
L_interrupt88:
;Splitter.c,492 :: 		contadorTOD = 0;                             //Limpia el contador de Time-Out-Dispositivo
0x018E	0x6A26      	CLRF        _contadorTOD 
;Splitter.c,493 :: 		}
L_interrupt89:
;Splitter.c,494 :: 		}
L_interrupt87:
;Splitter.c,501 :: 		if (TMR2IF_bit==1){
0x0190	0xA29E      	BTFSS       TMR2IF_bit, BitPos(TMR2IF_bit+0) 
0x0192	0xD016      	BRA         L_interrupt90
;Splitter.c,502 :: 		TMR2IF_bit = 0;                                 //Limpia la bandera de interrupcion por desbordamiento del TMR2
0x0194	0x929E      	BCF         TMR2IF_bit, BitPos(TMR2IF_bit+0) 
;Splitter.c,503 :: 		T2CON.TMR2ON = 0;                               //Apaga el Timer2
0x0196	0x94BA      	BCF         T2CON, 2 
;Splitter.c,504 :: 		banTI = 0;                                      //Limpia la bandera de inicio de trama
0x0198	0x0100      	MOVLB       0
0x019A	0x6B65      	CLRF        _banTI, 1
;Splitter.c,505 :: 		i1 = 0;                                         //Limpia el subindice de la trama de peticion
0x019C	0x6A28      	CLRF        _i1 
;Splitter.c,506 :: 		banTC = 0;                                      //Limpia la bandera de trama completa(Por si acaso)
0x019E	0x6A2A      	CLRF        _banTC 
;Splitter.c,507 :: 		if (puertoTOT==1){
0x01A0	0x5160      	MOVF        _puertoTOT, 0, 1
0x01A2	0x0A01      	XORLW       1
0x01A4	0xE104      	BNZ         L_interrupt91
;Splitter.c,508 :: 		EnviarNACK(1);                              //Envia un NACK por el puerto UART1 para solicitar el reenvio de la trama
0x01A6	0x0E01      	MOVLW       1
0x01A8	0x6F98      	MOVWF       FARG_EnviarNACK_puerto, 1
0x01AA	0xD8E1      	RCALL       _EnviarNACK
;Splitter.c,509 :: 		} else if (puertoTOT==2) {
0x01AC	0xD007      	BRA         L_interrupt92
L_interrupt91:
0x01AE	0x0100      	MOVLB       0
0x01B0	0x5160      	MOVF        _puertoTOT, 0, 1
0x01B2	0x0A02      	XORLW       2
0x01B4	0xE103      	BNZ         L_interrupt93
;Splitter.c,510 :: 		EnviarNACK(2);                              //Envia un NACK por el puerto UART2 para solicitar el reenvio de la trama
0x01B6	0x0E02      	MOVLW       2
0x01B8	0x6F98      	MOVWF       FARG_EnviarNACK_puerto, 1
0x01BA	0xD8D9      	RCALL       _EnviarNACK
;Splitter.c,511 :: 		}
L_interrupt93:
L_interrupt92:
;Splitter.c,512 :: 		puertoTOT = 0;                                  //Encera la variable para evitar confusiones
0x01BC	0x0100      	MOVLB       0
0x01BE	0x6B60      	CLRF        _puertoTOT, 1
;Splitter.c,513 :: 		}
L_interrupt90:
;Splitter.c,515 :: 		}
L_end_interrupt:
L__interrupt108:
0x01C0	0xF000C018  	MOVFF       24, R0
0x01C4	0xF00BC017  	MOVFF       23, R11
0x01C8	0xF00CC016  	MOVFF       22, R12
0x01CC	0xF00DC015  	MOVFF       21, R13
0x01D0	0x0011      	RETFIE      1
; end of _interrupt
_UART1_Tx_Idle:
;__Lib_UART_c67b67.c,57 :: 		
;__Lib_UART_c67b67.c,58 :: 		
0x01D2	0x0E00      	MOVLW       0
0x01D4	0xB2AC      	BTFSC       TXSTA, 1 
0x01D6	0x0E01      	MOVLW       1
0x01D8	0x6E00      	MOVWF       R0 
;__Lib_UART_c67b67.c,59 :: 		
L_end_UART1_Tx_Idle:
0x01DA	0x0012      	RETURN      0
; end of _UART1_Tx_Idle
_UART1_Write:
;__Lib_UART_c67b67.c,63 :: 		
;__Lib_UART_c67b67.c,64 :: 		
L_UART1_Write3:
0x01DC	0xB2AC      	BTFSC       TXSTA, 1 
0x01DE	0xD002      	BRA         L_UART1_Write4
;__Lib_UART_c67b67.c,65 :: 		
0x01E0	0x0000      	NOP
0x01E2	0xD7FC      	BRA         L_UART1_Write3
L_UART1_Write4:
;__Lib_UART_c67b67.c,66 :: 		
0x01E4	0xFFADC0A9  	MOVFF       FARG_UART1_Write_data_, TXREG
;__Lib_UART_c67b67.c,67 :: 		
L_end_UART1_Write:
0x01E8	0x0012      	RETURN      0
; end of _UART1_Write
_UART2_Tx_Idle:
;__Lib_UART_c67b67.c,154 :: 		
;__Lib_UART_c67b67.c,155 :: 		
0x01EA	0x0E00      	MOVLW       0
0x01EC	0xB272      	BTFSC       TXSTA2, 1 
0x01EE	0x0E01      	MOVLW       1
0x01F0	0x6E00      	MOVWF       R0 
;__Lib_UART_c67b67.c,156 :: 		
L_end_UART2_Tx_Idle:
0x01F2	0x0012      	RETURN      0
; end of _UART2_Tx_Idle
_UART2_Write:
;__Lib_UART_c67b67.c,160 :: 		
;__Lib_UART_c67b67.c,161 :: 		
L_UART2_Write19:
0x01F4	0xB272      	BTFSC       TXSTA2, 1 
0x01F6	0xD001      	BRA         L_UART2_Write20
;__Lib_UART_c67b67.c,162 :: 		
0x01F8	0xD7FD      	BRA         L_UART2_Write19
L_UART2_Write20:
;__Lib_UART_c67b67.c,163 :: 		
0x01FA	0xFF73C0A9  	MOVFF       FARG_UART2_Write_data_, TXREG2
;__Lib_UART_c67b67.c,164 :: 		
L_end_UART2_Write:
0x01FE	0x0012      	RETURN      0
; end of _UART2_Write
_RenviarTrama:
;Splitter.c,186 :: 		void RenviarTrama(unsigned char puerto, unsigned char *trama, unsigned char numDatos){
;Splitter.c,188 :: 		if (puerto==1){
0x0200	0x0100      	MOVLB       0
0x0202	0x51A4      	MOVF        FARG_RenviarTrama_puerto, 0, 1
0x0204	0x0A01      	XORLW       1
0x0206	0xE118      	BNZ         L_RenviarTrama26
;Splitter.c,189 :: 		RE_DE = 1;                                     //Establece el Max485 en modo escritura
0x0208	0x8A82      	BSF         RC5_bit, BitPos(RC5_bit+0) 
;Splitter.c,190 :: 		for (i=0;i<(numDatos);i++){
0x020A	0x6BA8      	CLRF        RenviarTrama_i_L0, 1
L_RenviarTrama27:
0x020C	0x51A7      	MOVF        FARG_RenviarTrama_numDatos, 0, 1
0x020E	0x5DA8      	SUBWF       RenviarTrama_i_L0, 0, 1
0x0210	0xE20C      	BC          L_RenviarTrama28
;Splitter.c,191 :: 		UART1_Write(trama[i]);                     //Reenvia la trama de peticion a travez del UART1
0x0212	0x51A8      	MOVF        RenviarTrama_i_L0, 0, 1
0x0214	0x25A5      	ADDWF       FARG_RenviarTrama_trama, 0, 1
0x0216	0x6EE9      	MOVWF       FSR0L 
0x0218	0x0E00      	MOVLW       0
0x021A	0x21A6      	ADDWFC      FARG_RenviarTrama_trama+1, 0, 1
0x021C	0x6EEA      	MOVWF       FSR0H 
0x021E	0xF0A9CFEE  	MOVFF       POSTINC0, FARG_UART1_Write_data_
0x0222	0xDFDC      	RCALL       _UART1_Write
;Splitter.c,190 :: 		for (i=0;i<(numDatos);i++){
0x0224	0x0100      	MOVLB       0
0x0226	0x2BA8      	INCF        RenviarTrama_i_L0, 1, 1
;Splitter.c,192 :: 		}
0x0228	0xD7F1      	BRA         L_RenviarTrama27
L_RenviarTrama28:
;Splitter.c,193 :: 		while(UART1_Tx_Idle()==0);                     //Espera hasta que se haya terminado de enviar todo el dato por UART antes de continuar
L_RenviarTrama30:
0x022A	0xDFD3      	RCALL       _UART1_Tx_Idle
0x022C	0x5000      	MOVF        R0, 0 
0x022E	0x0A00      	XORLW       0
0x0230	0xE101      	BNZ         L_RenviarTrama31
0x0232	0xD7FB      	BRA         L_RenviarTrama30
L_RenviarTrama31:
;Splitter.c,194 :: 		RE_DE = 0;                                     //Establece el Max485-2 en modo de lectura;
0x0234	0x9A82      	BCF         RC5_bit, BitPos(RC5_bit+0) 
;Splitter.c,195 :: 		} else {
0x0236	0xD015      	BRA         L_RenviarTrama32
L_RenviarTrama26:
;Splitter.c,196 :: 		for (i=0;i<(numDatos);i++){
0x0238	0x6BA8      	CLRF        RenviarTrama_i_L0, 1
L_RenviarTrama33:
0x023A	0x51A7      	MOVF        FARG_RenviarTrama_numDatos, 0, 1
0x023C	0x5DA8      	SUBWF       RenviarTrama_i_L0, 0, 1
0x023E	0xE20C      	BC          L_RenviarTrama34
;Splitter.c,197 :: 		UART2_Write(trama[i]);                     //Reenvia la trama de peticion a travez del UART2
0x0240	0x51A8      	MOVF        RenviarTrama_i_L0, 0, 1
0x0242	0x25A5      	ADDWF       FARG_RenviarTrama_trama, 0, 1
0x0244	0x6EE9      	MOVWF       FSR0L 
0x0246	0x0E00      	MOVLW       0
0x0248	0x21A6      	ADDWFC      FARG_RenviarTrama_trama+1, 0, 1
0x024A	0x6EEA      	MOVWF       FSR0H 
0x024C	0xF0A9CFEE  	MOVFF       POSTINC0, FARG_UART2_Write_data_
0x0250	0xDFD1      	RCALL       _UART2_Write
;Splitter.c,196 :: 		for (i=0;i<(numDatos);i++){
0x0252	0x0100      	MOVLB       0
0x0254	0x2BA8      	INCF        RenviarTrama_i_L0, 1, 1
;Splitter.c,198 :: 		}
0x0256	0xD7F1      	BRA         L_RenviarTrama33
L_RenviarTrama34:
;Splitter.c,199 :: 		while(UART2_Tx_Idle()==0);                     //Espera hasta que se haya terminado de enviar todo el dato por UART antes de continuar
L_RenviarTrama36:
0x0258	0xDFC8      	RCALL       _UART2_Tx_Idle
0x025A	0x5000      	MOVF        R0, 0 
0x025C	0x0A00      	XORLW       0
0x025E	0xE101      	BNZ         L_RenviarTrama37
0x0260	0xD7FB      	BRA         L_RenviarTrama36
L_RenviarTrama37:
;Splitter.c,200 :: 		}
L_RenviarTrama32:
;Splitter.c,204 :: 		}
L_end_RenviarTrama:
0x0262	0x0012      	RETURN      0
; end of _RenviarTrama
_CalcularCRC:
;Splitter.c,107 :: 		unsigned int CalcularCRC(unsigned char* trama, unsigned char tramaSize){
;Splitter.c,110 :: 		for(CRC16=0xFFFF; tramaSize!=0; tramaSize --){
0x0264	0x0EFF      	MOVLW       255
0x0266	0x6E03      	MOVWF       R3 
0x0268	0x0EFF      	MOVLW       255
0x026A	0x6E04      	MOVWF       R4 
L_CalcularCRC1:
0x026C	0x0100      	MOVLB       0
0x026E	0x51A6      	MOVF        FARG_CalcularCRC_tramaSize, 0, 1
0x0270	0x0A00      	XORLW       0
0x0272	0xE020      	BZ          L_CalcularCRC2
;Splitter.c,111 :: 		CRC16 ^=*trama ++;
0x0274	0xFFD9C0A4  	MOVFF       FARG_CalcularCRC_trama, FSR2L
0x0278	0xFFDAC0A5  	MOVFF       FARG_CalcularCRC_trama+1, FSR2H
0x027C	0x50DE      	MOVF        POSTINC2, 0 
0x027E	0x1A03      	XORWF       R3, 1 
0x0280	0x0E00      	MOVLW       0
0x0282	0x1A04      	XORWF       R4, 1 
0x0284	0x4BA4      	INFSNZ      FARG_CalcularCRC_trama, 1, 1
0x0286	0x2BA5      	INCF        FARG_CalcularCRC_trama+1, 1, 1
;Splitter.c,112 :: 		for(ucCounter =0; ucCounter <8; ucCounter ++){
0x0288	0x6A02      	CLRF        R2 
L_CalcularCRC4:
0x028A	0x0E08      	MOVLW       8
0x028C	0x5C02      	SUBWF       R2, 0 
0x028E	0xE20F      	BC          L_CalcularCRC5
;Splitter.c,113 :: 		if(CRC16 & 0x0001)
0x0290	0xA003      	BTFSS       R3, 0 
0x0292	0xD008      	BRA         L_CalcularCRC7
;Splitter.c,114 :: 		CRC16 = (CRC16 >>1)^POLMODBUS;
0x0294	0x3204      	RRCF        R4, 1 
0x0296	0x3203      	RRCF        R3, 1 
0x0298	0x9E04      	BCF         R4, 7 
0x029A	0x0E01      	MOVLW       1
0x029C	0x1A03      	XORWF       R3, 1 
0x029E	0x0EA0      	MOVLW       160
0x02A0	0x1A04      	XORWF       R4, 1 
0x02A2	0xD003      	BRA         L_CalcularCRC8
L_CalcularCRC7:
;Splitter.c,116 :: 		CRC16>>=1;
0x02A4	0x3204      	RRCF        R4, 1 
0x02A6	0x3203      	RRCF        R3, 1 
0x02A8	0x9E04      	BCF         R4, 7 
L_CalcularCRC8:
;Splitter.c,112 :: 		for(ucCounter =0; ucCounter <8; ucCounter ++){
0x02AA	0x2A02      	INCF        R2, 1 
;Splitter.c,117 :: 		}
0x02AC	0xD7EE      	BRA         L_CalcularCRC4
L_CalcularCRC5:
0x02AE	0x0100      	MOVLB       0
;Splitter.c,110 :: 		for(CRC16=0xFFFF; tramaSize!=0; tramaSize --){
0x02B0	0x07A6      	DECF        FARG_CalcularCRC_tramaSize, 1, 1
;Splitter.c,118 :: 		}
0x02B2	0xD7DC      	BRA         L_CalcularCRC1
L_CalcularCRC2:
;Splitter.c,119 :: 		return CRC16;
0x02B4	0xF000C003  	MOVFF       R3, R0
0x02B8	0xF001C004  	MOVFF       R4, R1
;Splitter.c,120 :: 		}
L_end_CalcularCRC:
0x02BC	0x0012      	RETURN      0
; end of _CalcularCRC
_UART2_Init:
;__Lib_UART_c67b67.c,117 :: 		
;__Lib_UART_c67b67.c,120 :: 		
0x02BE	0x0EF4      	MOVLW       _UART2_Write
0x02C0	0x6E1D      	MOVWF       _UART_Wr_Ptr 
0x02C2	0x0E01      	MOVLW       hi_addr(_UART2_Write)
0x02C4	0x6E1E      	MOVWF       _UART_Wr_Ptr+1 
0x02C6	0x0EA9      	MOVLW       FARG_UART2_Write_data_
0x02C8	0x6E1F      	MOVWF       _UART_Wr_Ptr+2 
0x02CA	0x0E00      	MOVLW       hi_addr(FARG_UART2_Write_data_)
0x02CC	0x6E20      	MOVWF       _UART_Wr_Ptr+3 
;__Lib_UART_c67b67.c,121 :: 		
0x02CE	0x0EFF      	MOVLW       _UART2_Read
0x02D0	0x6E19      	MOVWF       _UART_Rd_Ptr 
0x02D2	0x0EFF      	MOVLW       hi_addr(_UART2_Read)
0x02D4	0x6E1A      	MOVWF       _UART_Rd_Ptr+1 
0x02D6	0x0E00      	MOVLW       0
0x02D8	0x6E1B      	MOVWF       _UART_Rd_Ptr+2 
0x02DA	0x0E00      	MOVLW       0
0x02DC	0x6E1C      	MOVWF       _UART_Rd_Ptr+3 
;__Lib_UART_c67b67.c,122 :: 		
0x02DE	0x0EFF      	MOVLW       _UART2_Data_Ready
0x02E0	0x6E22      	MOVWF       _UART_Rdy_Ptr 
0x02E2	0x0EFF      	MOVLW       hi_addr(_UART2_Data_Ready)
0x02E4	0x6E23      	MOVWF       _UART_Rdy_Ptr+1 
0x02E6	0x0E00      	MOVLW       0
0x02E8	0x6E24      	MOVWF       _UART_Rdy_Ptr+2 
0x02EA	0x0E00      	MOVLW       0
0x02EC	0x6E25      	MOVWF       _UART_Rdy_Ptr+3 
;__Lib_UART_c67b67.c,123 :: 		
0x02EE	0x0EEA      	MOVLW       _UART2_Tx_Idle
0x02F0	0x0100      	MOVLB       0
0x02F2	0x6F61      	MOVWF       _UART_Tx_Idle_Ptr, 1
0x02F4	0x0E01      	MOVLW       hi_addr(_UART2_Tx_Idle)
0x02F6	0x6F62      	MOVWF       _UART_Tx_Idle_Ptr+1, 1
0x02F8	0x0E00      	MOVLW       0
0x02FA	0x6F63      	MOVWF       _UART_Tx_Idle_Ptr+2, 1
0x02FC	0x0E00      	MOVLW       0
0x02FE	0x6F64      	MOVWF       _UART_Tx_Idle_Ptr+3, 1
;__Lib_UART_c67b67.c,125 :: 		
0x0300	0x8A72      	BSF         TXSTA2, 5 
;__Lib_UART_c67b67.c,126 :: 		
0x0302	0x0E90      	MOVLW       144
0x0304	0x6E71      	MOVWF       RCSTA2 
;__Lib_UART_c67b67.c,127 :: 		
0x0306	0x8E93      	BSF         TRISB7_bit, BitPos(TRISB7_bit+0) 
;__Lib_UART_c67b67.c,128 :: 		
0x0308	0x9C93      	BCF         TRISB6_bit, BitPos(TRISB6_bit+0) 
;__Lib_UART_c67b67.c,130 :: 		
L_UART2_Init16:
0x030A	0xAAA4      	BTFSS       RC2IF_bit, BitPos(RC2IF_bit+0) 
0x030C	0xD003      	BRA         L_UART2_Init17
;__Lib_UART_c67b67.c,131 :: 		
0x030E	0xF000CF74  	MOVFF       RCREG2, R0
0x0312	0xD7FB      	BRA         L_UART2_Init16
L_UART2_Init17:
;__Lib_UART_c67b67.c,132 :: 		
L_end_UART2_Init:
0x0314	0x0012      	RETURN      0
; end of _UART2_Init
_UART1_Init:
;__Lib_UART_c67b67.c,20 :: 		
;__Lib_UART_c67b67.c,23 :: 		
0x0316	0x0EDC      	MOVLW       _UART1_Write
0x0318	0x6E1D      	MOVWF       _UART_Wr_Ptr 
0x031A	0x0E01      	MOVLW       hi_addr(_UART1_Write)
0x031C	0x6E1E      	MOVWF       _UART_Wr_Ptr+1 
0x031E	0x0EA9      	MOVLW       FARG_UART1_Write_data_
0x0320	0x6E1F      	MOVWF       _UART_Wr_Ptr+2 
0x0322	0x0E00      	MOVLW       hi_addr(FARG_UART1_Write_data_)
0x0324	0x6E20      	MOVWF       _UART_Wr_Ptr+3 
;__Lib_UART_c67b67.c,24 :: 		
0x0326	0x0E86      	MOVLW       _UART1_Read
0x0328	0x6E19      	MOVWF       _UART_Rd_Ptr 
0x032A	0x0E07      	MOVLW       hi_addr(_UART1_Read)
0x032C	0x6E1A      	MOVWF       _UART_Rd_Ptr+1 
0x032E	0x0E00      	MOVLW       0
0x0330	0x6E1B      	MOVWF       _UART_Rd_Ptr+2 
0x0332	0x0E00      	MOVLW       0
0x0334	0x6E1C      	MOVWF       _UART_Rd_Ptr+3 
;__Lib_UART_c67b67.c,25 :: 		
0x0336	0x0EFF      	MOVLW       _UART1_Data_Ready
0x0338	0x6E22      	MOVWF       _UART_Rdy_Ptr 
0x033A	0x0EFF      	MOVLW       hi_addr(_UART1_Data_Ready)
0x033C	0x6E23      	MOVWF       _UART_Rdy_Ptr+1 
0x033E	0x0E00      	MOVLW       0
0x0340	0x6E24      	MOVWF       _UART_Rdy_Ptr+2 
0x0342	0x0E00      	MOVLW       0
0x0344	0x6E25      	MOVWF       _UART_Rdy_Ptr+3 
;__Lib_UART_c67b67.c,26 :: 		
0x0346	0x0ED2      	MOVLW       _UART1_Tx_Idle
0x0348	0x0100      	MOVLB       0
0x034A	0x6F61      	MOVWF       _UART_Tx_Idle_Ptr, 1
0x034C	0x0E01      	MOVLW       hi_addr(_UART1_Tx_Idle)
0x034E	0x6F62      	MOVWF       _UART_Tx_Idle_Ptr+1, 1
0x0350	0x0E00      	MOVLW       0
0x0352	0x6F63      	MOVWF       _UART_Tx_Idle_Ptr+2, 1
0x0354	0x0E00      	MOVLW       0
0x0356	0x6F64      	MOVWF       _UART_Tx_Idle_Ptr+3, 1
;__Lib_UART_c67b67.c,28 :: 		
0x0358	0x8AAC      	BSF         TXSTA, 5 
;__Lib_UART_c67b67.c,29 :: 		
0x035A	0x0E90      	MOVLW       144
0x035C	0x6EAB      	MOVWF       RCSTA 
;__Lib_UART_c67b67.c,30 :: 		
0x035E	0x8E94      	BSF         TRISC7_bit, BitPos(TRISC7_bit+0) 
;__Lib_UART_c67b67.c,31 :: 		
0x0360	0x9C94      	BCF         TRISC6_bit, BitPos(TRISC6_bit+0) 
;__Lib_UART_c67b67.c,33 :: 		
L_UART1_Init0:
0x0362	0xAA9E      	BTFSS       PIR1, 5 
0x0364	0xD003      	BRA         L_UART1_Init1
;__Lib_UART_c67b67.c,34 :: 		
0x0366	0xF000CFAE  	MOVFF       RCREG, R0
0x036A	0xD7FB      	BRA         L_UART1_Init0
L_UART1_Init1:
;__Lib_UART_c67b67.c,35 :: 		
L_end_UART1_Init:
0x036C	0x0012      	RETURN      0
; end of _UART1_Init
_EnviarNACK:
;Splitter.c,169 :: 		void EnviarNACK(unsigned char puerto){
;Splitter.c,171 :: 		if (puerto==1){
0x036E	0x0100      	MOVLB       0
0x0370	0x5198      	MOVF        FARG_EnviarNACK_puerto, 0, 1
0x0372	0x0A01      	XORLW       1
0x0374	0xE10B      	BNZ         L_EnviarNACK20
;Splitter.c,172 :: 		RE_DE = 1;                                     //Establece el Max485 en modo escritura
0x0376	0x8A82      	BSF         RC5_bit, BitPos(RC5_bit+0) 
;Splitter.c,173 :: 		UART1_Write(NACK);                             //Envia el valor de la Cabecera de la trama ACK por el puerto UART1
0x0378	0x0EAF      	MOVLW       175
0x037A	0x6FA9      	MOVWF       FARG_UART1_Write_data_, 1
0x037C	0xDF2F      	RCALL       _UART1_Write
;Splitter.c,174 :: 		while(UART1_Tx_Idle()==0);                     //Espera hasta que se haya terminado de enviar todo el dato por UART antes de continuar
L_EnviarNACK21:
0x037E	0xDF29      	RCALL       _UART1_Tx_Idle
0x0380	0x5000      	MOVF        R0, 0 
0x0382	0x0A00      	XORLW       0
0x0384	0xE101      	BNZ         L_EnviarNACK22
0x0386	0xD7FB      	BRA         L_EnviarNACK21
L_EnviarNACK22:
;Splitter.c,175 :: 		RE_DE = 0;                                     //Establece el Max485-2 en modo de lectura;
0x0388	0x9A82      	BCF         RC5_bit, BitPos(RC5_bit+0) 
;Splitter.c,176 :: 		} else {
0x038A	0xD009      	BRA         L_EnviarNACK23
L_EnviarNACK20:
;Splitter.c,177 :: 		UART2_Write(NACK);                             //Envia el valor de la Cabecera de la trama ACK por el puerto UART2
0x038C	0x0EAF      	MOVLW       175
0x038E	0x0100      	MOVLB       0
0x0390	0x6FA9      	MOVWF       FARG_UART2_Write_data_, 1
0x0392	0xDF30      	RCALL       _UART2_Write
;Splitter.c,178 :: 		while(UART2_Tx_Idle()==0);                     //Espera hasta que se haya terminado de enviar todo el dato por UART antes de continuar
L_EnviarNACK24:
0x0394	0xDF2A      	RCALL       _UART2_Tx_Idle
0x0396	0x5000      	MOVF        R0, 0 
0x0398	0x0A00      	XORLW       0
0x039A	0xE101      	BNZ         L_EnviarNACK25
0x039C	0xD7FB      	BRA         L_EnviarNACK24
L_EnviarNACK25:
;Splitter.c,179 :: 		}
L_EnviarNACK23:
;Splitter.c,180 :: 		}
L_end_EnviarNACK:
0x039E	0x0012      	RETURN      0
; end of _EnviarNACK
_EnviarMensajeRS485:
;Splitter.c,210 :: 		void EnviarMensajeRS485(unsigned char *PDU, unsigned char sizePDU){
;Splitter.c,214 :: 		CRCPDU = CalcularCRC(PDU, sizePDU);           //Calcula el CRC de la trama PDU
0x03A0	0xF0A4C098  	MOVFF       FARG_EnviarMensajeRS485_PDU, FARG_CalcularCRC_trama
0x03A4	0xF0A5C099  	MOVFF       FARG_EnviarMensajeRS485_PDU+1, FARG_CalcularCRC_trama+1
0x03A8	0xF0A6C09A  	MOVFF       FARG_EnviarMensajeRS485_sizePDU, FARG_CalcularCRC_tramaSize
0x03AC	0xDF5B      	RCALL       _CalcularCRC
0x03AE	0xF09CC000  	MOVFF       R0, EnviarMensajeRS485_CRCPDU_L0
0x03B2	0xF09DC001  	MOVFF       R1, EnviarMensajeRS485_CRCPDU_L0+1
;Splitter.c,215 :: 		ptrCRCPDU = &CRCPDU;                               //Asociacion del puntero CrcTramaError
0x03B6	0x0E9C      	MOVLW       EnviarMensajeRS485_CRCPDU_L0
0x03B8	0x6F9E      	MOVWF       EnviarMensajeRS485_ptrCRCPDU_L0, 1
0x03BA	0x0E00      	MOVLW       hi_addr(EnviarMensajeRS485_CRCPDU_L0)
0x03BC	0x6F9F      	MOVWF       EnviarMensajeRS485_ptrCRCPDU_L0+1, 1
;Splitter.c,217 :: 		tramaRS485[0]=HDR;                                 //Añade la cabecera a la trama a enviar
0x03BE	0x0E3A      	MOVLW       58
0x03C0	0x6F66      	MOVWF       _tramaRS485, 1
;Splitter.c,218 :: 		tramaRS485[sizePDU+2] = *ptrCrcPdu;                //Asigna al elemento CRC_LSB de la trama de respuesta el LSB de la variable crcTramaError
0x03C2	0x0E02      	MOVLW       2
0x03C4	0x259A      	ADDWF       FARG_EnviarMensajeRS485_sizePDU, 0, 1
0x03C6	0x6E00      	MOVWF       R0 
0x03C8	0x6A01      	CLRF        R1 
0x03CA	0x0E00      	MOVLW       0
0x03CC	0x2201      	ADDWFC      R1, 1 
0x03CE	0x0E66      	MOVLW       _tramaRS485
0x03D0	0x2400      	ADDWF       R0, 0 
0x03D2	0x6EE1      	MOVWF       FSR1L 
0x03D4	0x0E00      	MOVLW       hi_addr(_tramaRS485)
0x03D6	0x2001      	ADDWFC      R1, 0 
0x03D8	0x6EE2      	MOVWF       FSR1H 
0x03DA	0xFFE9C09E  	MOVFF       EnviarMensajeRS485_ptrCRCPDU_L0, FSR0L
0x03DE	0xFFEAC09F  	MOVFF       EnviarMensajeRS485_ptrCRCPDU_L0+1, FSR0H
0x03E2	0xFFE6CFEE  	MOVFF       POSTINC0, POSTINC1
;Splitter.c,219 :: 		tramaRS485[sizePDU+1] = *(ptrCrcPdu+1);            //Asigna al elemento CRC_MSB de la trama de respuesta el MSB de la variable crcTramaError
0x03E6	0x519A      	MOVF        FARG_EnviarMensajeRS485_sizePDU, 0, 1
0x03E8	0x0F01      	ADDLW       1
0x03EA	0x6E00      	MOVWF       R0 
0x03EC	0x6A01      	CLRF        R1 
0x03EE	0x0E00      	MOVLW       0
0x03F0	0x2201      	ADDWFC      R1, 1 
0x03F2	0x0E66      	MOVLW       _tramaRS485
0x03F4	0x2400      	ADDWF       R0, 0 
0x03F6	0x6EE1      	MOVWF       FSR1L 
0x03F8	0x0E00      	MOVLW       hi_addr(_tramaRS485)
0x03FA	0x2001      	ADDWFC      R1, 0 
0x03FC	0x6EE2      	MOVWF       FSR1H 
0x03FE	0x0E01      	MOVLW       1
0x0400	0x259E      	ADDWF       EnviarMensajeRS485_ptrCRCPDU_L0, 0, 1
0x0402	0x6EE9      	MOVWF       FSR0L 
0x0404	0x0E00      	MOVLW       0
0x0406	0x219F      	ADDWFC      EnviarMensajeRS485_ptrCRCPDU_L0+1, 0, 1
0x0408	0x6EEA      	MOVWF       FSR0H 
0x040A	0xFFE6CFEE  	MOVFF       POSTINC0, POSTINC1
;Splitter.c,220 :: 		tramaRS485[sizePDU+3]=END1;                        //Añade el primer delimitador de final de trama
0x040E	0x0E03      	MOVLW       3
0x0410	0x259A      	ADDWF       FARG_EnviarMensajeRS485_sizePDU, 0, 1
0x0412	0x6E00      	MOVWF       R0 
0x0414	0x6A01      	CLRF        R1 
0x0416	0x0E00      	MOVLW       0
0x0418	0x2201      	ADDWFC      R1, 1 
0x041A	0x0E66      	MOVLW       _tramaRS485
0x041C	0x2400      	ADDWF       R0, 0 
0x041E	0x6EE1      	MOVWF       FSR1L 
0x0420	0x0E00      	MOVLW       hi_addr(_tramaRS485)
0x0422	0x2001      	ADDWFC      R1, 0 
0x0424	0x6EE2      	MOVWF       FSR1H 
0x0426	0x0E0D      	MOVLW       13
0x0428	0x6EE6      	MOVWF       POSTINC1 
;Splitter.c,221 :: 		tramaRS485[sizePDU+4]=END2;                        //Añade el segundo delimitador de final de trama
0x042A	0x0E04      	MOVLW       4
0x042C	0x259A      	ADDWF       FARG_EnviarMensajeRS485_sizePDU, 0, 1
0x042E	0x6E00      	MOVWF       R0 
0x0430	0x6A01      	CLRF        R1 
0x0432	0x0E00      	MOVLW       0
0x0434	0x2201      	ADDWFC      R1, 1 
0x0436	0x0E66      	MOVLW       _tramaRS485
0x0438	0x2400      	ADDWF       R0, 0 
0x043A	0x6EE1      	MOVWF       FSR1L 
0x043C	0x0E00      	MOVLW       hi_addr(_tramaRS485)
0x043E	0x2001      	ADDWFC      R1, 0 
0x0440	0x6EE2      	MOVWF       FSR1H 
0x0442	0x0E0A      	MOVLW       10
0x0444	0x6EE6      	MOVWF       POSTINC1 
;Splitter.c,222 :: 		RE_DE = 1;                                         //Establece el Max485 en modo escritura
0x0446	0x8A82      	BSF         RC5_bit, BitPos(RC5_bit+0) 
;Splitter.c,223 :: 		for (i=0;i<(sizePDU+5);i++){
0x0448	0x6B9B      	CLRF        EnviarMensajeRS485_i_L0, 1
L_EnviarMensajeRS48538:
0x044A	0x0E05      	MOVLW       5
0x044C	0x259A      	ADDWF       FARG_EnviarMensajeRS485_sizePDU, 0, 1
0x044E	0x6E01      	MOVWF       R1 
0x0450	0x6A02      	CLRF        R2 
0x0452	0x0E00      	MOVLW       0
0x0454	0x2202      	ADDWFC      R2, 1 
0x0456	0x0E80      	MOVLW       128
0x0458	0x6E00      	MOVWF       R0 
0x045A	0x0E80      	MOVLW       128
0x045C	0x1802      	XORWF       R2, 0 
0x045E	0x5C00      	SUBWF       R0, 0 
0x0460	0xE102      	BNZ         L__EnviarMensajeRS485105
0x0462	0x5001      	MOVF        R1, 0 
0x0464	0x5D9B      	SUBWF       EnviarMensajeRS485_i_L0, 0, 1
L__EnviarMensajeRS485105:
0x0466	0xE224      	BC          L_EnviarMensajeRS48539
;Splitter.c,224 :: 		if ((i>=1)&&(i<=sizePDU)){
0x0468	0x0E01      	MOVLW       1
0x046A	0x5D9B      	SUBWF       EnviarMensajeRS485_i_L0, 0, 1
0x046C	0xE312      	BNC         L_EnviarMensajeRS48543
0x046E	0x519B      	MOVF        EnviarMensajeRS485_i_L0, 0, 1
0x0470	0x5D9A      	SUBWF       FARG_EnviarMensajeRS485_sizePDU, 0, 1
0x0472	0xE30F      	BNC         L_EnviarMensajeRS48543
L__EnviarMensajeRS48594:
;Splitter.c,225 :: 		UART1_Write(PDU[i-1]);                      //Envia el contenido de la trama PDU a travez del UART1
0x0474	0x059B      	DECF        EnviarMensajeRS485_i_L0, 0, 1
0x0476	0x6E00      	MOVWF       R0 
0x0478	0x6A01      	CLRF        R1 
0x047A	0x0E00      	MOVLW       0
0x047C	0x5A01      	SUBWFB      R1, 1 
0x047E	0x5000      	MOVF        R0, 0 
0x0480	0x2598      	ADDWF       FARG_EnviarMensajeRS485_PDU, 0, 1
0x0482	0x6EE9      	MOVWF       FSR0L 
0x0484	0x5001      	MOVF        R1, 0 
0x0486	0x2199      	ADDWFC      FARG_EnviarMensajeRS485_PDU+1, 0, 1
0x0488	0x6EEA      	MOVWF       FSR0H 
0x048A	0xF0A9CFEE  	MOVFF       POSTINC0, FARG_UART1_Write_data_
0x048E	0xDEA6      	RCALL       _UART1_Write
;Splitter.c,226 :: 		} else {
0x0490	0xD00C      	BRA         L_EnviarMensajeRS48544
L_EnviarMensajeRS48543:
;Splitter.c,227 :: 		UART1_Write(tramaRS485[i]);                 //Envia el contenido del resto de la trama de peticion a travez del UART1
0x0492	0x0E66      	MOVLW       _tramaRS485
0x0494	0x6EE9      	MOVWF       FSR0L 
0x0496	0x0E00      	MOVLW       hi_addr(_tramaRS485)
0x0498	0x6EEA      	MOVWF       FSR0H 
0x049A	0x0100      	MOVLB       0
0x049C	0x519B      	MOVF        EnviarMensajeRS485_i_L0, 0, 1
0x049E	0x26E9      	ADDWF       FSR0L, 1 
0x04A0	0xB0D8      	BTFSC       STATUS, 0 
0x04A2	0x2AEA      	INCF        FSR0H, 1 
0x04A4	0xF0A9CFEE  	MOVFF       POSTINC0, FARG_UART1_Write_data_
0x04A8	0xDE99      	RCALL       _UART1_Write
;Splitter.c,228 :: 		}
L_EnviarMensajeRS48544:
;Splitter.c,223 :: 		for (i=0;i<(sizePDU+5);i++){
0x04AA	0x0100      	MOVLB       0
0x04AC	0x2B9B      	INCF        EnviarMensajeRS485_i_L0, 1, 1
;Splitter.c,229 :: 		}
0x04AE	0xD7CD      	BRA         L_EnviarMensajeRS48538
L_EnviarMensajeRS48539:
;Splitter.c,230 :: 		while(UART1_Tx_Idle()==0);                         //Espera hasta que se haya terminado de enviar todo el dato por UART antes de continuar
L_EnviarMensajeRS48545:
0x04B0	0xDE90      	RCALL       _UART1_Tx_Idle
0x04B2	0x5000      	MOVF        R0, 0 
0x04B4	0x0A00      	XORLW       0
0x04B6	0xE101      	BNZ         L_EnviarMensajeRS48546
0x04B8	0xD7FB      	BRA         L_EnviarMensajeRS48545
L_EnviarMensajeRS48546:
;Splitter.c,231 :: 		RE_DE = 0;                                         //Establece el Max485-2 en modo de lectura;
0x04BA	0x9A82      	BCF         RC5_bit, BitPos(RC5_bit+0) 
;Splitter.c,233 :: 		T1CON.TMR1ON = 1;                                  //Enciende el Timer1
0x04BC	0x80CD      	BSF         T1CON, 0 
;Splitter.c,234 :: 		TMR1IF_bit = 0;                                    //Limpia la bandera de interrupcion por desbordamiento del TMR1
0x04BE	0x909E      	BCF         TMR1IF_bit, BitPos(TMR1IF_bit+0) 
;Splitter.c,235 :: 		TMR1H = 0x0B;                                      //Se carga el valor del preload correspondiente al tiempo de 250ms
0x04C0	0x0E0B      	MOVLW       11
0x04C2	0x6ECF      	MOVWF       TMR1H 
;Splitter.c,236 :: 		TMR1L = 0xDC;
0x04C4	0x0EDC      	MOVLW       220
0x04C6	0x6ECE      	MOVWF       TMR1L 
;Splitter.c,237 :: 		}
L_end_EnviarMensajeRS485:
0x04C8	0x0012      	RETURN      0
; end of _EnviarMensajeRS485
_VerificarCRC:
;Splitter.c,127 :: 		unsigned int VerificarCRC(unsigned char* trama, unsigned char tramaPDUSize){
;Splitter.c,132 :: 		crcCalculado = 0;                                  //Inicializa los valores del CRC obtenido y calculado con valores diferentes
0x04CA	0x0100      	MOVLB       0
0x04CC	0x6B9E      	CLRF        VerificarCRC_crcCalculado_L0, 1
0x04CE	0x6B9F      	CLRF        VerificarCRC_crcCalculado_L0+1, 1
;Splitter.c,133 :: 		crcTrama = 1;
0x04D0	0x0E01      	MOVLW       1
0x04D2	0x6FA0      	MOVWF       VerificarCRC_crcTrama_L0, 1
0x04D4	0x0E00      	MOVLW       0
0x04D6	0x6FA1      	MOVWF       VerificarCRC_crcTrama_L0+1, 1
;Splitter.c,134 :: 		for (j=0;j<=(tramaPDUSize);j++){                   //Rellena la trama de PDU con los datos de interes de la trama de peticion, es decir, obviando los ultimos 2 bytes de CRC y los 2 de End
0x04D8	0x6B9D      	CLRF        VerificarCRC_j_L0, 1
L_VerificarCRC9:
0x04DA	0x519D      	MOVF        VerificarCRC_j_L0, 0, 1
0x04DC	0x5D9A      	SUBWF       FARG_VerificarCRC_tramaPDUSize, 0, 1
0x04DE	0xE316      	BNC         L_VerificarCRC10
;Splitter.c,135 :: 		pdu[j] = trama[j+1];
0x04E0	0x519D      	MOVF        VerificarCRC_j_L0, 0, 1
0x04E2	0x259B      	ADDWF       VerificarCRC_pdu_L0, 0, 1
0x04E4	0x6EE1      	MOVWF       FSR1L 
0x04E6	0x0E00      	MOVLW       0
0x04E8	0x219C      	ADDWFC      VerificarCRC_pdu_L0+1, 0, 1
0x04EA	0x6EE2      	MOVWF       FSR1H 
0x04EC	0x519D      	MOVF        VerificarCRC_j_L0, 0, 1
0x04EE	0x0F01      	ADDLW       1
0x04F0	0x6E00      	MOVWF       R0 
0x04F2	0x6A01      	CLRF        R1 
0x04F4	0x0E00      	MOVLW       0
0x04F6	0x2201      	ADDWFC      R1, 1 
0x04F8	0x5000      	MOVF        R0, 0 
0x04FA	0x2598      	ADDWF       FARG_VerificarCRC_trama, 0, 1
0x04FC	0x6EE9      	MOVWF       FSR0L 
0x04FE	0x5001      	MOVF        R1, 0 
0x0500	0x2199      	ADDWFC      FARG_VerificarCRC_trama+1, 0, 1
0x0502	0x6EEA      	MOVWF       FSR0H 
0x0504	0xFFE6CFEE  	MOVFF       POSTINC0, POSTINC1
;Splitter.c,134 :: 		for (j=0;j<=(tramaPDUSize);j++){                   //Rellena la trama de PDU con los datos de interes de la trama de peticion, es decir, obviando los ultimos 2 bytes de CRC y los 2 de End
0x0508	0x2B9D      	INCF        VerificarCRC_j_L0, 1, 1
;Splitter.c,136 :: 		}
0x050A	0xD7E7      	BRA         L_VerificarCRC9
L_VerificarCRC10:
;Splitter.c,137 :: 		crcCalculado = CalcularCRC(pdu, tramaPDUSize);     //Invoca la funcion para el calculo del CRC de la trama PDU
0x050C	0xF0A4C09B  	MOVFF       VerificarCRC_pdu_L0, FARG_CalcularCRC_trama
0x0510	0xF0A5C09C  	MOVFF       VerificarCRC_pdu_L0+1, FARG_CalcularCRC_trama+1
0x0514	0xF0A6C09A  	MOVFF       FARG_VerificarCRC_tramaPDUSize, FARG_CalcularCRC_tramaSize
0x0518	0xDEA5      	RCALL       _CalcularCRC
0x051A	0xF09EC000  	MOVFF       R0, VerificarCRC_crcCalculado_L0
0x051E	0xF09FC001  	MOVFF       R1, VerificarCRC_crcCalculado_L0+1
;Splitter.c,138 :: 		ptrCRCTrama = &CRCTrama;                           //Asociacion del puntero CRCPDU
0x0522	0x0EA0      	MOVLW       VerificarCRC_crcTrama_L0
0x0524	0x6FA2      	MOVWF       VerificarCRC_ptrCRCTrama_L0, 1
0x0526	0x0E00      	MOVLW       hi_addr(VerificarCRC_crcTrama_L0)
0x0528	0x6FA3      	MOVWF       VerificarCRC_ptrCRCTrama_L0+1, 1
;Splitter.c,139 :: 		*ptrCRCTrama = trama[tramaPDUSize+2];              //Asigna el elemento CRC_LSB de la trama de respuesta al LSB de la variable CRCPDU
0x052A	0x0E02      	MOVLW       2
0x052C	0x259A      	ADDWF       FARG_VerificarCRC_tramaPDUSize, 0, 1
0x052E	0x6E00      	MOVWF       R0 
0x0530	0x6A01      	CLRF        R1 
0x0532	0x0E00      	MOVLW       0
0x0534	0x2201      	ADDWFC      R1, 1 
0x0536	0x5000      	MOVF        R0, 0 
0x0538	0x2598      	ADDWF       FARG_VerificarCRC_trama, 0, 1
0x053A	0x6EE9      	MOVWF       FSR0L 
0x053C	0x5001      	MOVF        R1, 0 
0x053E	0x2199      	ADDWFC      FARG_VerificarCRC_trama+1, 0, 1
0x0540	0x6EEA      	MOVWF       FSR0H 
0x0542	0xFFE1C0A2  	MOVFF       VerificarCRC_ptrCRCTrama_L0, FSR1L
0x0546	0xFFE2C0A3  	MOVFF       VerificarCRC_ptrCRCTrama_L0+1, FSR1H
0x054A	0xFFE6CFEE  	MOVFF       POSTINC0, POSTINC1
;Splitter.c,140 :: 		*(ptrCRCTrama+1) = trama[tramaPDUSize+1];          //Asigna el elemento CRC_MSB de la trama de respuesta al MSB de la variable CRCPDU
0x054E	0x0E01      	MOVLW       1
0x0550	0x25A2      	ADDWF       VerificarCRC_ptrCRCTrama_L0, 0, 1
0x0552	0x6EE1      	MOVWF       FSR1L 
0x0554	0x0E00      	MOVLW       0
0x0556	0x21A3      	ADDWFC      VerificarCRC_ptrCRCTrama_L0+1, 0, 1
0x0558	0x6EE2      	MOVWF       FSR1H 
0x055A	0x519A      	MOVF        FARG_VerificarCRC_tramaPDUSize, 0, 1
0x055C	0x0F01      	ADDLW       1
0x055E	0x6E00      	MOVWF       R0 
0x0560	0x6A01      	CLRF        R1 
0x0562	0x0E00      	MOVLW       0
0x0564	0x2201      	ADDWFC      R1, 1 
0x0566	0x5000      	MOVF        R0, 0 
0x0568	0x2598      	ADDWF       FARG_VerificarCRC_trama, 0, 1
0x056A	0x6EE9      	MOVWF       FSR0L 
0x056C	0x5001      	MOVF        R1, 0 
0x056E	0x2199      	ADDWFC      FARG_VerificarCRC_trama+1, 0, 1
0x0570	0x6EEA      	MOVWF       FSR0H 
0x0572	0xFFE6CFEE  	MOVFF       POSTINC0, POSTINC1
;Splitter.c,141 :: 		if (crcCalculado==CRCTrama) {                      //Verifica si el CRC calculado sea igual al CRC obtenido de la trama de peticion
0x0576	0x519F      	MOVF        VerificarCRC_crcCalculado_L0+1, 0, 1
0x0578	0x19A1      	XORWF       VerificarCRC_crcTrama_L0+1, 0, 1
0x057A	0xE102      	BNZ         L__VerificarCRC100
0x057C	0x51A0      	MOVF        VerificarCRC_crcTrama_L0, 0, 1
0x057E	0x199E      	XORWF       VerificarCRC_crcCalculado_L0, 0, 1
L__VerificarCRC100:
0x0580	0xE105      	BNZ         L_VerificarCRC12
;Splitter.c,142 :: 		return 1;
0x0582	0x0E01      	MOVLW       1
0x0584	0x6E00      	MOVWF       R0 
0x0586	0x0E00      	MOVLW       0
0x0588	0x6E01      	MOVWF       R1 
0x058A	0xD002      	BRA         L_end_VerificarCRC
;Splitter.c,143 :: 		} else {
L_VerificarCRC12:
;Splitter.c,144 :: 		return 0;
0x058C	0x6A00      	CLRF        R0 
0x058E	0x6A01      	CLRF        R1 
;Splitter.c,146 :: 		}
L_end_VerificarCRC:
0x0590	0x0012      	RETURN      0
; end of _VerificarCRC
_ConfiguracionPrincipal:
;Splitter.c,65 :: 		void ConfiguracionPrincipal(){
;Splitter.c,67 :: 		ANSELB = 0;                                       //Configura PORTB como digital
0x0592	0x010F      	MOVLB       15
0x0594	0x6B39      	CLRF        ANSELB, 1
;Splitter.c,68 :: 		ANSELC = 0;                                       //Configura PORTC como digital
0x0596	0x6B3A      	CLRF        ANSELC, 1
;Splitter.c,70 :: 		TRISB5_bit = 0;                                   //Configura el pin B5 como salida
0x0598	0x9A93      	BCF         TRISB5_bit, BitPos(TRISB5_bit+0) 
;Splitter.c,71 :: 		TRISC5_bit = 0;                                   //Configura el pin C5 como salida
0x059A	0x9A94      	BCF         TRISC5_bit, BitPos(TRISC5_bit+0) 
;Splitter.c,72 :: 		TRISB4_bit = 0;                                   //Configura el pin B5 como salida
0x059C	0x9893      	BCF         TRISB4_bit, BitPos(TRISB4_bit+0) 
;Splitter.c,73 :: 		TRISC4_bit = 0;                                   //Configura el pin C5 como salida
0x059E	0x9894      	BCF         TRISC4_bit, BitPos(TRISC4_bit+0) 
;Splitter.c,75 :: 		INTCON.GIE = 1;                                   //Habilita las interrupciones globales
0x05A0	0x8EF2      	BSF         INTCON, 7 
;Splitter.c,76 :: 		INTCON.PEIE = 1;                                  //Habilita las interrupciones perifericas
0x05A2	0x8CF2      	BSF         INTCON, 6 
;Splitter.c,79 :: 		PIE1.RC1IE = 1;                                   //Habilita la interrupcion en UART1 receive
0x05A4	0x8A9D      	BSF         PIE1, 5 
;Splitter.c,80 :: 		PIR1.F5 = 0;                                      //Limpia la bandera de interrupcion
0x05A6	0x9A9E      	BCF         PIR1, 5 
;Splitter.c,81 :: 		PIE3.RC2IE = 1;                                   //Habilita la interrupcion en UART2 receive
0x05A8	0x8AA3      	BSF         PIE3, 5 
;Splitter.c,82 :: 		PIR3.F5 = 0;                                      //Limpia la bandera de interrupcion
0x05AA	0x9AA4      	BCF         PIR3, 5 
;Splitter.c,83 :: 		UART1_Init(19200);                                //Inicializa el UART1 a 19200 bps
0x05AC	0x86B8      	BSF         BAUDCON, 3, 0
0x05AE	0x6AB0      	CLRF        SPBRGH 
0x05B0	0x0E67      	MOVLW       103
0x05B2	0x6EAF      	MOVWF       SPBRG 
0x05B4	0x84AC      	BSF         TXSTA, 2, 0
0x05B6	0xDEAF      	RCALL       _UART1_Init
;Splitter.c,84 :: 		UART2_Init(19200);                                //Inicializa el UART2 a 9600 bps
0x05B8	0x8670      	BSF         BAUDCON2, 3, 0
0x05BA	0x6A76      	CLRF        SPBRGH2 
0x05BC	0x0E67      	MOVLW       103
0x05BE	0x6E75      	MOVWF       SPBRG2 
0x05C0	0x8472      	BSF         TXSTA2, 2, 0
0x05C2	0xDE7D      	RCALL       _UART2_Init
;Splitter.c,87 :: 		T1CON = 0x30;
0x05C4	0x0E30      	MOVLW       48
0x05C6	0x6ECD      	MOVWF       T1CON 
;Splitter.c,88 :: 		TMR1IF_bit = 0;
0x05C8	0x909E      	BCF         TMR1IF_bit, BitPos(TMR1IF_bit+0) 
;Splitter.c,89 :: 		TMR1H = 0x0B;
0x05CA	0x0E0B      	MOVLW       11
0x05CC	0x6ECF      	MOVWF       TMR1H 
;Splitter.c,90 :: 		TMR1L = 0xDC;
0x05CE	0x0EDC      	MOVLW       220
0x05D0	0x6ECE      	MOVWF       TMR1L 
;Splitter.c,91 :: 		TMR1IE_bit = 1;
0x05D2	0x809D      	BSF         TMR1IE_bit, BitPos(TMR1IE_bit+0) 
;Splitter.c,94 :: 		T2CON = 0x78;
0x05D4	0x0E78      	MOVLW       120
0x05D6	0x6EBA      	MOVWF       T2CON 
;Splitter.c,95 :: 		TMR2IF_bit = 0;
0x05D8	0x929E      	BCF         TMR2IF_bit, BitPos(TMR2IF_bit+0) 
;Splitter.c,96 :: 		PR2 = 249;
0x05DA	0x0EF9      	MOVLW       249
0x05DC	0x6EBB      	MOVWF       PR2 
;Splitter.c,97 :: 		TMR2IE_bit	= 1;
0x05DE	0x829D      	BSF         TMR2IE_bit, BitPos(TMR2IE_bit+0) 
;Splitter.c,99 :: 		Delay_ms(100);                                    //Espera hasta que se estabilicen los cambios
0x05E0	0x0E02      	MOVLW       2
0x05E2	0x6E0B      	MOVWF       R11, 0
0x05E4	0x0E04      	MOVLW       4
0x05E6	0x6E0C      	MOVWF       R12, 0
0x05E8	0x0EBA      	MOVLW       186
0x05EA	0x6E0D      	MOVWF       R13, 0
L_ConfiguracionPrincipal0:
0x05EC	0x2E0D      	DECFSZ      R13, 1, 0
0x05EE	0xD7FE      	BRA         L_ConfiguracionPrincipal0
0x05F0	0x2E0C      	DECFSZ      R12, 1, 0
0x05F2	0xD7FC      	BRA         L_ConfiguracionPrincipal0
0x05F4	0x2E0B      	DECFSZ      R11, 1, 0
0x05F6	0xD7FA      	BRA         L_ConfiguracionPrincipal0
0x05F8	0x0000      	NOP
;Splitter.c,101 :: 		}
L_end_ConfiguracionPrincipal:
0x05FA	0x0012      	RETURN      0
; end of _ConfiguracionPrincipal
_ConfiguracionAPC220:
;Splitter.c,244 :: 		void ConfiguracionAPC220(unsigned char *trama, unsigned char tramaSize){
;Splitter.c,246 :: 		unsigned short k=0;
0x05FC	0x0100      	MOVLB       0
0x05FE	0x6B9E      	CLRF        ConfiguracionAPC220_k_L0, 1
;Splitter.c,247 :: 		unsigned short datosSize = tramaSize-8;
0x0600	0x0E08      	MOVLW       8
0x0602	0x5D9A      	SUBWF       FARG_ConfiguracionAPC220_tramaSize, 0, 1
0x0604	0x6E00      	MOVWF       R0 
0x0606	0x6A01      	CLRF        R1 
0x0608	0x0E00      	MOVLW       0
0x060A	0x5A01      	SUBWFB      R1, 1 
0x060C	0xF09DC000  	MOVFF       R0, ConfiguracionAPC220_datosSize_L0
;Splitter.c,248 :: 		while (k<=datosSize){
L_ConfiguracionAPC22047:
0x0610	0x519E      	MOVF        ConfiguracionAPC220_k_L0, 0, 1
0x0612	0x5D9D      	SUBWF       ConfiguracionAPC220_datosSize_L0, 0, 1
0x0614	0xE332      	BNC         L_ConfiguracionAPC22048
;Splitter.c,249 :: 		datos[k] = trama[k+3]+0x30;                    //Rellena la trama de datos en formato ASCII
0x0616	0x519E      	MOVF        ConfiguracionAPC220_k_L0, 0, 1
0x0618	0x259B      	ADDWF       ConfiguracionAPC220_datos_L0, 0, 1
0x061A	0x6EE1      	MOVWF       FSR1L 
0x061C	0x0E00      	MOVLW       0
0x061E	0x219C      	ADDWFC      ConfiguracionAPC220_datos_L0+1, 0, 1
0x0620	0x6EE2      	MOVWF       FSR1H 
0x0622	0x0E03      	MOVLW       3
0x0624	0x259E      	ADDWF       ConfiguracionAPC220_k_L0, 0, 1
0x0626	0x6E00      	MOVWF       R0 
0x0628	0x6A01      	CLRF        R1 
0x062A	0x0E00      	MOVLW       0
0x062C	0x2201      	ADDWFC      R1, 1 
0x062E	0x5000      	MOVF        R0, 0 
0x0630	0x2598      	ADDWF       FARG_ConfiguracionAPC220_trama, 0, 1
0x0632	0x6EE9      	MOVWF       FSR0L 
0x0634	0x5001      	MOVF        R1, 0 
0x0636	0x2199      	ADDWFC      FARG_ConfiguracionAPC220_trama+1, 0, 1
0x0638	0x6EEA      	MOVWF       FSR0H 
0x063A	0x0E30      	MOVLW       48
0x063C	0x24EE      	ADDWF       POSTINC0, 0 
0x063E	0x6E00      	MOVWF       R0 
0x0640	0xFFE6C000  	MOVFF       R0, POSTINC1
;Splitter.c,250 :: 		k++;
0x0644	0x2B9E      	INCF        ConfiguracionAPC220_k_L0, 1, 1
;Splitter.c,251 :: 		if (k==6||k==8||k==10||k==12||k==14){
0x0646	0x519E      	MOVF        ConfiguracionAPC220_k_L0, 0, 1
0x0648	0x0A06      	XORLW       6
0x064A	0xE00D      	BZ          L__ConfiguracionAPC22095
0x064C	0x519E      	MOVF        ConfiguracionAPC220_k_L0, 0, 1
0x064E	0x0A08      	XORLW       8
0x0650	0xE00A      	BZ          L__ConfiguracionAPC22095
0x0652	0x519E      	MOVF        ConfiguracionAPC220_k_L0, 0, 1
0x0654	0x0A0A      	XORLW       10
0x0656	0xE007      	BZ          L__ConfiguracionAPC22095
0x0658	0x519E      	MOVF        ConfiguracionAPC220_k_L0, 0, 1
0x065A	0x0A0C      	XORLW       12
0x065C	0xE004      	BZ          L__ConfiguracionAPC22095
0x065E	0x519E      	MOVF        ConfiguracionAPC220_k_L0, 0, 1
0x0660	0x0A0E      	XORLW       14
0x0662	0xE001      	BZ          L__ConfiguracionAPC22095
0x0664	0xD009      	BRA         L_ConfiguracionAPC22051
L__ConfiguracionAPC22095:
;Splitter.c,252 :: 		datos[k] = 0x20;                            //Coloca un codigo de espacio para dividir los datos
0x0666	0x519E      	MOVF        ConfiguracionAPC220_k_L0, 0, 1
0x0668	0x259B      	ADDWF       ConfiguracionAPC220_datos_L0, 0, 1
0x066A	0x6EE1      	MOVWF       FSR1L 
0x066C	0x0E00      	MOVLW       0
0x066E	0x219C      	ADDWFC      ConfiguracionAPC220_datos_L0+1, 0, 1
0x0670	0x6EE2      	MOVWF       FSR1H 
0x0672	0x0E20      	MOVLW       32
0x0674	0x6EE6      	MOVWF       POSTINC1 
;Splitter.c,253 :: 		k++;
0x0676	0x2B9E      	INCF        ConfiguracionAPC220_k_L0, 1, 1
;Splitter.c,254 :: 		}
L_ConfiguracionAPC22051:
;Splitter.c,255 :: 		}
0x0678	0xD7CB      	BRA         L_ConfiguracionAPC22047
L_ConfiguracionAPC22048:
;Splitter.c,256 :: 		SET = 0;                                           //Establece el modulo APC en modo configuracion
0x067A	0x9881      	BCF         RB4_bit, BitPos(RB4_bit+0) 
;Splitter.c,257 :: 		UART2_Init(9600);                                  //Establece la velocidad del puerto UART2 en 9600 para realizar la configuracion
0x067C	0x8670      	BSF         BAUDCON2, 3, 0
0x067E	0x6A76      	CLRF        SPBRGH2 
0x0680	0x0ECF      	MOVLW       207
0x0682	0x6E75      	MOVWF       SPBRG2 
0x0684	0x8472      	BSF         TXSTA2, 2, 0
0x0686	0xDE1B      	RCALL       _UART2_Init
;Splitter.c,258 :: 		Delay_ms(5);                                       //Espera hasta que se estabilicen el modulo APC
0x0688	0x0E0D      	MOVLW       13
0x068A	0x6E0C      	MOVWF       R12, 0
0x068C	0x0EFB      	MOVLW       251
0x068E	0x6E0D      	MOVWF       R13, 0
L_ConfiguracionAPC22052:
0x0690	0x2E0D      	DECFSZ      R13, 1, 0
0x0692	0xD7FE      	BRA         L_ConfiguracionAPC22052
0x0694	0x2E0C      	DECFSZ      R12, 1, 0
0x0696	0xD7FC      	BRA         L_ConfiguracionAPC22052
0x0698	0x0000      	NOP
0x069A	0x0000      	NOP
;Splitter.c,259 :: 		UART2_Write(0x57);                                 //Envia el comando WR para iniciar la configuracion
0x069C	0x0E57      	MOVLW       87
0x069E	0x6FA9      	MOVWF       FARG_UART2_Write_data_, 1
0x06A0	0xDDA9      	RCALL       _UART2_Write
;Splitter.c,260 :: 		UART2_Write(0x52);
0x06A2	0x0E52      	MOVLW       82
0x06A4	0x0100      	MOVLB       0
0x06A6	0x6FA9      	MOVWF       FARG_UART2_Write_data_, 1
0x06A8	0xDDA5      	RCALL       _UART2_Write
;Splitter.c,261 :: 		UART2_Write(0x20);
0x06AA	0x0E20      	MOVLW       32
0x06AC	0x0100      	MOVLB       0
0x06AE	0x6FA9      	MOVWF       FARG_UART2_Write_data_, 1
0x06B0	0xDDA1      	RCALL       _UART2_Write
;Splitter.c,262 :: 		for (k=0;k<(datosSize);k++){
0x06B2	0x0100      	MOVLB       0
0x06B4	0x6B9E      	CLRF        ConfiguracionAPC220_k_L0, 1
L_ConfiguracionAPC22053:
0x06B6	0x519D      	MOVF        ConfiguracionAPC220_datosSize_L0, 0, 1
0x06B8	0x5D9E      	SUBWF       ConfiguracionAPC220_k_L0, 0, 1
0x06BA	0xE20C      	BC          L_ConfiguracionAPC22054
;Splitter.c,263 :: 		UART2_Write(datos[k]);                         //Envia la trama de configuracion al modulo APC
0x06BC	0x519E      	MOVF        ConfiguracionAPC220_k_L0, 0, 1
0x06BE	0x259B      	ADDWF       ConfiguracionAPC220_datos_L0, 0, 1
0x06C0	0x6EE9      	MOVWF       FSR0L 
0x06C2	0x0E00      	MOVLW       0
0x06C4	0x219C      	ADDWFC      ConfiguracionAPC220_datos_L0+1, 0, 1
0x06C6	0x6EEA      	MOVWF       FSR0H 
0x06C8	0xF0A9CFEE  	MOVFF       POSTINC0, FARG_UART2_Write_data_
0x06CC	0xDD93      	RCALL       _UART2_Write
;Splitter.c,262 :: 		for (k=0;k<(datosSize);k++){
0x06CE	0x0100      	MOVLB       0
0x06D0	0x2B9E      	INCF        ConfiguracionAPC220_k_L0, 1, 1
;Splitter.c,264 :: 		}
0x06D2	0xD7F1      	BRA         L_ConfiguracionAPC22053
L_ConfiguracionAPC22054:
;Splitter.c,265 :: 		UART2_Write(0x0D);                                 //Envia el delimitador de final de trama
0x06D4	0x0E0D      	MOVLW       13
0x06D6	0x6FA9      	MOVWF       FARG_UART2_Write_data_, 1
0x06D8	0xDD8D      	RCALL       _UART2_Write
;Splitter.c,266 :: 		UART2_Write(0x0A);
0x06DA	0x0E0A      	MOVLW       10
0x06DC	0x0100      	MOVLB       0
0x06DE	0x6FA9      	MOVWF       FARG_UART2_Write_data_, 1
0x06E0	0xDD89      	RCALL       _UART2_Write
;Splitter.c,267 :: 		while(UART1_Tx_Idle()==0);                         //Espera hasta que se haya terminado de enviar todo el dato por UART antes de continuar
L_ConfiguracionAPC22056:
0x06E2	0xDD77      	RCALL       _UART1_Tx_Idle
0x06E4	0x5000      	MOVF        R0, 0 
0x06E6	0x0A00      	XORLW       0
0x06E8	0xE101      	BNZ         L_ConfiguracionAPC22057
0x06EA	0xD7FB      	BRA         L_ConfiguracionAPC22056
L_ConfiguracionAPC22057:
;Splitter.c,268 :: 		Delay_ms(200);                                     //Espera hasta que el modulo procese la configuracion
0x06EC	0x0E03      	MOVLW       3
0x06EE	0x6E0B      	MOVWF       R11, 0
0x06F0	0x0E08      	MOVLW       8
0x06F2	0x6E0C      	MOVWF       R12, 0
0x06F4	0x0E77      	MOVLW       119
0x06F6	0x6E0D      	MOVWF       R13, 0
L_ConfiguracionAPC22058:
0x06F8	0x2E0D      	DECFSZ      R13, 1, 0
0x06FA	0xD7FE      	BRA         L_ConfiguracionAPC22058
0x06FC	0x2E0C      	DECFSZ      R12, 1, 0
0x06FE	0xD7FC      	BRA         L_ConfiguracionAPC22058
0x0700	0x2E0B      	DECFSZ      R11, 1, 0
0x0702	0xD7FA      	BRA         L_ConfiguracionAPC22058
;Splitter.c,271 :: 		Delay_ms(5);
0x0704	0x0E0D      	MOVLW       13
0x0706	0x6E0C      	MOVWF       R12, 0
0x0708	0x0EFB      	MOVLW       251
0x070A	0x6E0D      	MOVWF       R13, 0
L_ConfiguracionAPC22059:
0x070C	0x2E0D      	DECFSZ      R13, 1, 0
0x070E	0xD7FE      	BRA         L_ConfiguracionAPC22059
0x0710	0x2E0C      	DECFSZ      R12, 1, 0
0x0712	0xD7FC      	BRA         L_ConfiguracionAPC22059
0x0714	0x0000      	NOP
0x0716	0x0000      	NOP
;Splitter.c,272 :: 		SET = 1;                                           //Establece el modulo APC en modo de funcionamiento normal
0x0718	0x8881      	BSF         RB4_bit, BitPos(RB4_bit+0) 
;Splitter.c,273 :: 		UART2_Init(19200);                                 //Vuelve a fijar la velocidad del puerto UART2 en 19200
0x071A	0x8670      	BSF         BAUDCON2, 3, 0
0x071C	0x6A76      	CLRF        SPBRGH2 
0x071E	0x0E67      	MOVLW       103
0x0720	0x6E75      	MOVWF       SPBRG2 
0x0722	0x8472      	BSF         TXSTA2, 2, 0
0x0724	0xDDCC      	RCALL       _UART2_Init
;Splitter.c,274 :: 		Delay_ms(100);                                     //Espera hasta que el puerto UART se estabilice
0x0726	0x0E02      	MOVLW       2
0x0728	0x6E0B      	MOVWF       R11, 0
0x072A	0x0E04      	MOVLW       4
0x072C	0x6E0C      	MOVWF       R12, 0
0x072E	0x0EBA      	MOVLW       186
0x0730	0x6E0D      	MOVWF       R13, 0
L_ConfiguracionAPC22060:
0x0732	0x2E0D      	DECFSZ      R13, 1, 0
0x0734	0xD7FE      	BRA         L_ConfiguracionAPC22060
0x0736	0x2E0C      	DECFSZ      R12, 1, 0
0x0738	0xD7FC      	BRA         L_ConfiguracionAPC22060
0x073A	0x2E0B      	DECFSZ      R11, 1, 0
0x073C	0xD7FA      	BRA         L_ConfiguracionAPC22060
0x073E	0x0000      	NOP
;Splitter.c,275 :: 		RenviarTrama(1,trama,tramaSize);                   //Reenvia la trama de peticion al Master paraindicar que la solicitud se ha procesado correctamente
0x0740	0x0E01      	MOVLW       1
0x0742	0x6FA4      	MOVWF       FARG_RenviarTrama_puerto, 1
0x0744	0xF0A5C098  	MOVFF       FARG_ConfiguracionAPC220_trama, FARG_RenviarTrama_trama
0x0748	0xF0A6C099  	MOVFF       FARG_ConfiguracionAPC220_trama+1, FARG_RenviarTrama_trama+1
0x074C	0xF0A7C09A  	MOVFF       FARG_ConfiguracionAPC220_tramaSize, FARG_RenviarTrama_numDatos
0x0750	0xDD57      	RCALL       _RenviarTrama
;Splitter.c,276 :: 		}
L_end_ConfiguracionAPC220:
0x0752	0x0012      	RETURN      0
; end of _ConfiguracionAPC220
_EnviarACK:
;Splitter.c,152 :: 		void EnviarACK(unsigned char puerto){
;Splitter.c,154 :: 		if (puerto==1){
0x0754	0x0100      	MOVLB       0
0x0756	0x5198      	MOVF        FARG_EnviarACK_puerto, 0, 1
0x0758	0x0A01      	XORLW       1
0x075A	0xE10B      	BNZ         L_EnviarACK14
;Splitter.c,155 :: 		RE_DE = 1;                                     //Establece el Max485 en modo escritura
0x075C	0x8A82      	BSF         RC5_bit, BitPos(RC5_bit+0) 
;Splitter.c,156 :: 		UART1_Write(ACK);                             //Envia el valor de la Cabecera de la trama ACK por el puerto UART1
0x075E	0x0EAA      	MOVLW       170
0x0760	0x6FA9      	MOVWF       FARG_UART1_Write_data_, 1
0x0762	0xDD3C      	RCALL       _UART1_Write
;Splitter.c,157 :: 		while(UART1_Tx_Idle()==0);                     //Espera hasta que se haya terminado de enviar todo el dato por UART antes de continuar
L_EnviarACK15:
0x0764	0xDD36      	RCALL       _UART1_Tx_Idle
0x0766	0x5000      	MOVF        R0, 0 
0x0768	0x0A00      	XORLW       0
0x076A	0xE101      	BNZ         L_EnviarACK16
0x076C	0xD7FB      	BRA         L_EnviarACK15
L_EnviarACK16:
;Splitter.c,158 :: 		RE_DE = 0;                                     //Establece el Max485-2 en modo de lectura;
0x076E	0x9A82      	BCF         RC5_bit, BitPos(RC5_bit+0) 
;Splitter.c,159 :: 		} else {
0x0770	0xD009      	BRA         L_EnviarACK17
L_EnviarACK14:
;Splitter.c,160 :: 		UART2_Write(ACK);                             //Envia el valor de la Cabecera de la trama ACK por el puerto UART2
0x0772	0x0EAA      	MOVLW       170
0x0774	0x0100      	MOVLB       0
0x0776	0x6FA9      	MOVWF       FARG_UART2_Write_data_, 1
0x0778	0xDD3D      	RCALL       _UART2_Write
;Splitter.c,161 :: 		while(UART2_Tx_Idle()==0);                     //Espera hasta que se haya terminado de enviar todo el dato por UART antes de continuar
L_EnviarACK18:
0x077A	0xDD37      	RCALL       _UART2_Tx_Idle
0x077C	0x5000      	MOVF        R0, 0 
0x077E	0x0A00      	XORLW       0
0x0780	0xE101      	BNZ         L_EnviarACK19
0x0782	0xD7FB      	BRA         L_EnviarACK18
L_EnviarACK19:
;Splitter.c,162 :: 		}
L_EnviarACK17:
;Splitter.c,163 :: 		}
L_end_EnviarACK:
0x0784	0x0012      	RETURN      0
; end of _EnviarACK
_UART1_Read:
;__Lib_UART_c67b67.c,44 :: 		
;__Lib_UART_c67b67.c,47 :: 		
0x0786	0xF001CFAE  	MOVFF       RCREG, R1
;__Lib_UART_c67b67.c,48 :: 		
0x078A	0xA2AB      	BTFSS       RCSTA, 1 
0x078C	0xD002      	BRA         L_UART1_Read2
;__Lib_UART_c67b67.c,49 :: 		
0x078E	0x98AB      	BCF         RCSTA, 4 
;__Lib_UART_c67b67.c,50 :: 		
0x0790	0x88AB      	BSF         RCSTA, 4 
;__Lib_UART_c67b67.c,51 :: 		
L_UART1_Read2:
;__Lib_UART_c67b67.c,52 :: 		
0x0792	0xF000C001  	MOVFF       R1, R0
;__Lib_UART_c67b67.c,53 :: 		
L_end_UART1_Read:
0x0796	0x0012      	RETURN      0
; end of _UART1_Read
_main:
;Splitter.c,519 :: 		void main() {
;Splitter.c,521 :: 		ConfiguracionPrincipal();
0x0798	0xDEFC      	RCALL       _ConfiguracionPrincipal
;Splitter.c,522 :: 		RE_DE = 0;                                        //Establece el Max485-1 en modo de lectura;
0x079A	0x9A82      	BCF         RC5_bit, BitPos(RC5_bit+0) 
;Splitter.c,523 :: 		ENABLE = 1;                                       //Enciende el modulo APC220
0x079C	0x8A81      	BSF         RB5_bit, BitPos(RB5_bit+0) 
;Splitter.c,524 :: 		SET = 1;
0x079E	0x8881      	BSF         RB4_bit, BitPos(RB4_bit+0) 
;Splitter.c,525 :: 		i1=0;
0x07A0	0x6A28      	CLRF        _i1 
;Splitter.c,526 :: 		i2=0;
0x07A2	0x6A27      	CLRF        _i2 
;Splitter.c,527 :: 		contadorTOD = 0;                                  //Inicia el contador de Time-Out-Dispositivo
0x07A4	0x6A26      	CLRF        _contadorTOD 
;Splitter.c,528 :: 		contadorNACK = 0;                                 //Inicia el contador de NACK
0x07A6	0x6A29      	CLRF        _contadorNACK 
;Splitter.c,530 :: 		}
L_end_main:
0x07A8	0xD7FF      	BRA         $+0
; end of _main
Symbol List:
//** Routines locations **
//ADDRESS    SIZE    PROCEDURE
//----------------------------------------------
0x0008     [458]    _interrupt
0x01D2      [10]    _UART1_Tx_Idle
0x01DC      [14]    _UART1_Write
0x01EA      [10]    _UART2_Tx_Idle
0x01F4      [12]    _UART2_Write
0x0200     [100]    _RenviarTrama
0x0264      [90]    _CalcularCRC
0x02BE      [88]    _UART2_Init
0x0316      [88]    _UART1_Init
0x036E      [50]    _EnviarNACK
0x03A0     [298]    _EnviarMensajeRS485
0x04CA     [200]    _VerificarCRC
0x0592     [106]    _ConfiguracionPrincipal
0x05FC     [344]    _ConfiguracionAPC220
0x0754      [50]    _EnviarACK
0x0786      [18]    _UART1_Read
0x0798      [18]    _main
//** Variables locations ** 
//ADDRESS    SIZE    VARIABLE
//----------------------------------------------
0x0000       [1]    UART2_Init_tmp_L0
0x0000       [1]    UART1_Init_tmp_L0
0x0000       [1]    R0
0x0001       [1]    UART2_Read___tmp_UART2_Read_L0
0x0001       [1]    UART1_Read___tmp_UART1_Read_L0
0x0001       [1]    R1
0x0002       [1]    R2
0x0002       [1]    CalcularCRC_ucCounter_L0
0x0003       [2]    CalcularCRC_CRC16_L0
0x0003       [1]    R3
0x0004       [1]    R4
0x0005       [1]    R5
0x0006       [1]    R6
0x0007       [1]    R7
0x0008       [1]    R8
0x0009       [1]    R9
0x000A       [1]    R10
0x000B       [1]    R11
0x000C       [1]    R12
0x000D       [1]    R13
0x000E       [1]    R14
0x000F       [1]    R15
0x0010       [1]    R16
0x0011       [1]    R17
0x0012       [1]    R18
0x0013       [1]    R19
0x0014       [1]    R20
0x0019       [4]    _UART_Rd_Ptr
0x001D       [4]    _UART_Wr_Ptr
0x0021       [1]    _byteTrama
0x0022       [4]    _UART_Rdy_Ptr
0x0026       [1]    _contadorTOD
0x0027       [1]    _i2
0x0028       [1]    _i1
0x0029       [1]    _contadorNACK
0x002A       [1]    _banTC
0x002B       [1]    _tramaOk
0x002C      [50]    _tramaPDU
0x005E       [1]    _sizeTramaPDU
0x005F       [1]    _t1Size
0x0060       [1]    _puertoTOT
0x0061       [4]    _UART_Tx_Idle_Ptr
0x0065       [1]    _banTI
0x0066      [50]    _tramaRS485
0x0098       [2]    FARG_VerificarCRC_trama
0x0098       [1]    FARG_EnviarACK_puerto
0x0098       [1]    FARG_EnviarNACK_puerto
0x0098       [2]    FARG_ConfiguracionAPC220_trama
0x0098       [2]    FARG_EnviarMensajeRS485_PDU
0x009A       [1]    FARG_ConfiguracionAPC220_tramaSize
0x009A       [1]    FARG_VerificarCRC_tramaPDUSize
0x009A       [1]    FARG_EnviarMensajeRS485_sizePDU
0x009B       [2]    ConfiguracionAPC220_datos_L0
0x009B       [1]    EnviarMensajeRS485_i_L0
0x009B       [2]    VerificarCRC_pdu_L0
0x009C       [2]    EnviarMensajeRS485_CRCPDU_L0
0x009D       [1]    ConfiguracionAPC220_datosSize_L0
0x009D       [1]    VerificarCRC_j_L0
0x009E       [2]    EnviarMensajeRS485_ptrCRCPDU_L0
0x009E       [1]    ConfiguracionAPC220_k_L0
0x009E       [2]    VerificarCRC_crcCalculado_L0
0x00A0       [2]    VerificarCRC_crcTrama_L0
0x00A2       [2]    VerificarCRC_ptrCRCTrama_L0
0x00A4       [2]    FARG_CalcularCRC_trama
0x00A4       [1]    FARG_RenviarTrama_puerto
0x00A5       [2]    FARG_RenviarTrama_trama
0x00A6       [1]    FARG_CalcularCRC_tramaSize
0x00A7       [1]    FARG_RenviarTrama_numDatos
0x00A8       [1]    RenviarTrama_i_L0
0x00A9       [1]    FARG_UART1_Write_data_
0x00A9       [1]    FARG_UART2_Write_data_
0x0F39       [1]    ANSELB
0x0F3A       [1]    ANSELC
0x0F70       [1]    BAUDCON2
0x0F71       [1]    RCSTA2
0x0F72       [1]    TXSTA2
0x0F73       [1]    TXREG2
0x0F74       [1]    RCREG2
0x0F75       [1]    SPBRG2
0x0F76       [1]    SPBRGH2
0x0F81       [0]    ENABLE
0x0F81       [0]    SET
0x0F81       [0]    RB4_bit
0x0F81       [0]    RB5_bit
0x0F82       [0]    RC5_bit
0x0F82       [0]    RC4_bit
0x0F82       [0]    RE_DE
0x0F82       [0]    IU1
0x0F93       [0]    TRISB5_bit
0x0F93       [0]    TRISB6_bit
0x0F93       [0]    TRISB7_bit
0x0F93       [0]    TRISB4_bit
0x0F94       [0]    TRISC4_bit
0x0F94       [0]    TRISC5_bit
0x0F94       [0]    TRISC7_bit
0x0F94       [0]    TRISC6_bit
0x0F9D       [0]    TMR2IE_bit
0x0F9D       [0]    TMR1IE_bit
0x0F9D       [1]    PIE1
0x0F9E       [0]    TMR1IF_bit
0x0F9E       [0]    TMR2IF_bit
0x0F9E       [1]    PIR1
0x0FA3       [1]    PIE3
0x0FA4       [0]    RC2IF_bit
0x0FA4       [1]    PIR3
0x0FAB       [1]    RCSTA
0x0FAC       [1]    TXSTA
0x0FAD       [1]    TXREG
0x0FAE       [1]    RCREG
0x0FAF       [1]    SPBRG
0x0FB0       [1]    SPBRGH
0x0FB8       [1]    BAUDCON
0x0FBA       [1]    T2CON
0x0FBB       [1]    PR2
0x0FCD       [1]    T1CON
0x0FCE       [1]    TMR1L
0x0FCF       [1]    TMR1H
0x0FD8       [1]    STATUS
0x0FD9       [1]    FSR2L
0x0FDA       [1]    FSR2H
0x0FDE       [1]    POSTINC2
0x0FE0       [1]    BSR
0x0FE1       [1]    FSR1L
0x0FE2       [1]    FSR1H
0x0FE4       [1]    PREINC1
0x0FE6       [1]    POSTINC1
0x0FE7       [1]    INDF1
0x0FE8       [1]    WREG
0x0FE9       [1]    FSR0L
0x0FEA       [1]    FSR0H
0x0FEE       [1]    POSTINC0
0x0FF2       [1]    INTCON
0x0FF3       [1]    PRODL
0x0FF4       [1]    PRODH
0x0FF5       [1]    TABLAT
0x0FF6       [1]    TBLPTRL
0x0FF7       [1]    TBLPTRH
0x0FF8       [1]    TBLPTRU
