0	1	mikroCdsPIC.exe -MSF -DBG -pP33EP256MC202 -DL -SSA -O11111114 -fo80 -N"C:\Users\Ivan\Desktop\Milton Muñoz\Proyectos\Git\Instrumentacion Presa\InstrumentacionPCh\Registro Continuo\Firmware\Acelerografo\Acelerografo.mcpds" -SP"C:\Users\Public\Documents\Mikroelektronika\mikroC PRO for dsPIC\defs\" -SP"C:\Users\Public\Documents\Mikroelektronika\mikroC PRO for dsPIC\uses\" -SP"C:\Users\Ivan\Desktop\Milton Muñoz\Proyectos\Git\Instrumentacion Presa\InstrumentacionPCh\Registro Continuo\Firmware\Acelerografo\" -IP"C:\Users\Ivan\Desktop\Milton Muñoz\Proyectos\Git\Instrumentacion Presa\InstrumentacionPCh\Registro Continuo\Firmware\Acelerografo\" "Acelerografo.c" "__Lib_Math.mcl" "__Lib_MathDouble.mcl" "__Lib_System.mcl" "__Lib_Delays.mcl" "__Lib_SPI_12.mcl"	 
diagnostics: 0	121	Loading...	 
diagnostics: 0	122	Compilation Started	adxl355_spi.c
warning: 150	1503	Result is not defined in function: ''	adxl355_spi.c
warning: 151	1503	Result is not defined in function: 'ADXL355_read_data'	adxl355_spi.c
hint: 0	1004	interrupt handler (int_1 at 0x003C)	Acelerografo.c
hint: 0	1004	interrupt handler (Timer1Int at 0x001A)	Acelerografo.c
hint: 0	1004	interrupt handler (spi_1 at 0x0028)	Acelerografo.c
warning: 206	1505	Suspicious pointer conversion	Acelerografo.c
diagnostics: 216	123	Compiled Successfully	Acelerografo.c
warning: 210	1519	Logical expression is always: 'False'	Acelerografo.c
hint: 120	1164	Variable 'value' has been eliminated by optimizer	Acelerografo.c
diagnostics: 0	127	All files Compiled in 141 ms	 
hint: 0	1144	Used RX (bytes): 27 (84%)   Free RX (bytes): 5 (16%)	Used RX (bytes): 27 (84%)   Free RX (bytes): 5 (16%)
hint: 0	1144	Static RAM (bytes): 55   Dynamic RAM (bytes): 28616	Static RAM (bytes): 55   Dynamic RAM (bytes): 28616
hint: 0	1144	Used ROM (bytes): 1660 (1%)  Free ROM (bytes): 174448 (99%)	Used ROM (bytes): 1660 (1%)  Free ROM (bytes): 174448 (99%)
diagnostics: 0	125	Project Linked Successfully	Acelerografo.mcpds
diagnostics: 0	128	Linked in 187 ms	 
diagnostics: 0	129	Project 'Acelerografo.mcpds' completed: 515 ms	 
diagnostics: 0	103	Finished successfully: 05 abr. 2019, 15:48:25	Acelerografo.mcpds
